SF:/home/weiss/git/World-Office/server/core/crates/wo-txt/src/lib.rs
FN:23,_RNvCs5fJiNs3qkz5_6wo_txt11is_txt_file
FN:59,_RNvNtCs5fJiNs3qkz5_6wo_txt5testss_17test_is_txt_empty
FN:39,_RNvNtCs5fJiNs3qkz5_6wo_txt5testss_18test_is_txt_simple
FN:44,_RNvNtCs5fJiNs3qkz5_6wo_txt5testss_19test_is_txt_not_pdf
FN:49,_RNvNtCs5fJiNs3qkz5_6wo_txt5testss_19test_is_txt_not_rtf
FN:54,_RNvNtCs5fJiNs3qkz5_6wo_txt5testss_20test_is_txt_not_null
FN:64,_RNvNtCs5fJiNs3qkz5_6wo_txt5testss_26test_is_txt_null_in_middle
FN:69,_RNvNtCs5fJiNs3qkz5_6wo_txt5testss_27test_is_txt_long_plain_text
FNDA:7,_RNvCs5fJiNs3qkz5_6wo_txt11is_txt_file
FNDA:1,_RNvNtCs5fJiNs3qkz5_6wo_txt5testss_17test_is_txt_empty
FNDA:1,_RNvNtCs5fJiNs3qkz5_6wo_txt5testss_18test_is_txt_simple
FNDA:1,_RNvNtCs5fJiNs3qkz5_6wo_txt5testss_19test_is_txt_not_pdf
FNDA:1,_RNvNtCs5fJiNs3qkz5_6wo_txt5testss_19test_is_txt_not_rtf
FNDA:1,_RNvNtCs5fJiNs3qkz5_6wo_txt5testss_20test_is_txt_not_null
FNDA:1,_RNvNtCs5fJiNs3qkz5_6wo_txt5testss_26test_is_txt_null_in_middle
FNDA:1,_RNvNtCs5fJiNs3qkz5_6wo_txt5testss_27test_is_txt_long_plain_text
FNF:8
FNH:8
DA:23,7
DA:25,7
DA:26,2
DA:27,5
DA:30,5
DA:31,5
DA:32,7
DA:39,1
DA:40,1
DA:41,1
DA:44,1
DA:45,1
DA:46,1
DA:49,1
DA:50,1
DA:51,1
DA:54,1
DA:55,1
DA:56,1
DA:59,1
DA:60,1
DA:61,1
DA:64,1
DA:65,1
DA:66,1
DA:69,1
DA:70,1
DA:71,1
DA:72,1
BRF:0
BRH:0
LF:29
LH:29
end_of_record
SF:/home/weiss/git/World-Office/server/core/crates/wo-txt/src/parser.rs
FN:136,_RNCNvMs_NtCsdSaSFa03ms5_6wo_txt6parserNtB6_9TxtParser17parse_to_document0B8_
FN:78,_RNCNvMs_NtCsdSaSFa03ms5_6wo_txt6parserNtB6_9TxtParser5parse0B8_
FN:88,_RNCNvMs_NtCsdSaSFa03ms5_6wo_txt6parserNtB6_9TxtParser5parses0_0B8_
FN:95,_RNCNvMs_NtCsdSaSFa03ms5_6wo_txt6parserNtB6_9TxtParser5parses1_0B8_
FN:98,_RNCNvMs_NtCsdSaSFa03ms5_6wo_txt6parserNtB6_9TxtParser5parses2_0B8_
FN:108,_RNCNvMs_NtCsdSaSFa03ms5_6wo_txt6parserNtB6_9TxtParser5parses3_0B8_
FN:120,_RNCNvMs_NtCsdSaSFa03ms5_6wo_txt6parserNtB6_9TxtParser5parses4_0B8_
FN:85,_RNCNvMs_NtCsdSaSFa03ms5_6wo_txt6parserNtB6_9TxtParser5parses_0B8_
FN:44,_RNvMs_NtCsdSaSFa03ms5_6wo_txt6parserNtB4_9TxtParser13with_encoding
FN:131,_RNvMs_NtCsdSaSFa03ms5_6wo_txt6parserNtB4_9TxtParser17parse_to_document
FN:39,_RNvMs_NtCsdSaSFa03ms5_6wo_txt6parserNtB4_9TxtParser3new
FN:52,_RNvMs_NtCsdSaSFa03ms5_6wo_txt6parserNtB4_9TxtParser5parse
FN:29,_RNvXNtCsdSaSFa03ms5_6wo_txt6parserNtB2_9TxtParserNtNtCsbwefsVELSfr_4core7default7Default7default
FN:44,_RNvMs_NtCs5fJiNs3qkz5_6wo_txt6parserNtB4_9TxtParser13with_encoding
FN:131,_RNvMs_NtCs5fJiNs3qkz5_6wo_txt6parserNtB4_9TxtParser17parse_to_document
FN:39,_RNvMs_NtCs5fJiNs3qkz5_6wo_txt6parserNtB4_9TxtParser3new
FN:52,_RNvMs_NtCs5fJiNs3qkz5_6wo_txt6parserNtB4_9TxtParser5parse
FN:29,_RNvXNtCs5fJiNs3qkz5_6wo_txt6parserNtB2_9TxtParserNtNtCsbwefsVELSfr_4core7default7Default7default
FN:136,_RNCNvMs_NtCs5fJiNs3qkz5_6wo_txt6parserNtB6_9TxtParser17parse_to_document0B8_
FN:78,_RNCNvMs_NtCs5fJiNs3qkz5_6wo_txt6parserNtB6_9TxtParser5parse0B8_
FN:88,_RNCNvMs_NtCs5fJiNs3qkz5_6wo_txt6parserNtB6_9TxtParser5parses0_0B8_
FN:95,_RNCNvMs_NtCs5fJiNs3qkz5_6wo_txt6parserNtB6_9TxtParser5parses1_0B8_
FN:98,_RNCNvMs_NtCs5fJiNs3qkz5_6wo_txt6parserNtB6_9TxtParser5parses2_0B8_
FN:108,_RNCNvMs_NtCs5fJiNs3qkz5_6wo_txt6parserNtB6_9TxtParser5parses3_0B8_
FN:120,_RNCNvMs_NtCs5fJiNs3qkz5_6wo_txt6parserNtB6_9TxtParser5parses4_0B8_
FN:85,_RNCNvMs_NtCs5fJiNs3qkz5_6wo_txt6parserNtB6_9TxtParser5parses_0B8_
FN:195,_RNvNtNtCs5fJiNs3qkz5_6wo_txt6parser5testss_15test_parse_crlf
FN:157,_RNvNtNtCs5fJiNs3qkz5_6wo_txt6parser5testss_15test_parse_utf8
FN:209,_RNvNtNtCs5fJiNs3qkz5_6wo_txt6parser5testss_16test_parse_empty
FN:234,_RNvNtNtCs5fJiNs3qkz5_6wo_txt6parser5testss_17test_parse_latin1
FN:202,_RNvNtNtCs5fJiNs3qkz5_6wo_txt6parser5testss_18test_parse_cr_only
FN:166,_RNvNtNtCs5fJiNs3qkz5_6wo_txt6parser5testss_19test_parse_utf8_bom
FN:223,_RNvNtNtCs5fJiNs3qkz5_6wo_txt6parser5testss_22test_parse_to_document
FN:185,_RNvNtNtCs5fJiNs3qkz5_6wo_txt6parser5testss_22test_parse_utf16be_bom
FN:175,_RNvNtNtCs5fJiNs3qkz5_6wo_txt6parser5testss_22test_parse_utf16le_bom
FN:271,_RNvNtNtCs5fJiNs3qkz5_6wo_txt6parser5testss_27test_parse_bom_not_stripped
FN:255,_RNvNtNtCs5fJiNs3qkz5_6wo_txt6parser5testss_27test_parse_whitespace_lines
FN:288,_RNvNtNtCs5fJiNs3qkz5_6wo_txt6parser5testss_28test_parse_to_document_empty
FN:216,_RNvNtNtCs5fJiNs3qkz5_6wo_txt6parser5testss_33test_parse_single_line_no_newline
FN:281,_RNvNtNtCs5fJiNs3qkz5_6wo_txt6parser5testss_33test_parse_to_document_word_count
FN:244,_RNvNtNtCs5fJiNs3qkz5_6wo_txt6parser5testss_36test_parse_utf8_multibyte_characters
FN:264,_RNvNtNtCs5fJiNs3qkz5_6wo_txt6parser5testss_40test_parse_with_encoding_forces_encoding
FNDA:0,_RNCNvMs_NtCsdSaSFa03ms5_6wo_txt6parserNtB6_9TxtParser17parse_to_document0B8_
FNDA:0,_RNCNvMs_NtCsdSaSFa03ms5_6wo_txt6parserNtB6_9TxtParser5parse0B8_
FNDA:0,_RNCNvMs_NtCsdSaSFa03ms5_6wo_txt6parserNtB6_9TxtParser5parses0_0B8_
FNDA:0,_RNCNvMs_NtCsdSaSFa03ms5_6wo_txt6parserNtB6_9TxtParser5parses1_0B8_
FNDA:0,_RNCNvMs_NtCsdSaSFa03ms5_6wo_txt6parserNtB6_9TxtParser5parses2_0B8_
FNDA:0,_RNCNvMs_NtCsdSaSFa03ms5_6wo_txt6parserNtB6_9TxtParser5parses3_0B8_
FNDA:0,_RNCNvMs_NtCsdSaSFa03ms5_6wo_txt6parserNtB6_9TxtParser5parses4_0B8_
FNDA:0,_RNCNvMs_NtCsdSaSFa03ms5_6wo_txt6parserNtB6_9TxtParser5parses_0B8_
FNDA:0,_RNvMs_NtCsdSaSFa03ms5_6wo_txt6parserNtB4_9TxtParser13with_encoding
FNDA:0,_RNvMs_NtCsdSaSFa03ms5_6wo_txt6parserNtB4_9TxtParser17parse_to_document
FNDA:0,_RNvMs_NtCsdSaSFa03ms5_6wo_txt6parserNtB4_9TxtParser3new
FNDA:0,_RNvMs_NtCsdSaSFa03ms5_6wo_txt6parserNtB4_9TxtParser5parse
FNDA:0,_RNvXNtCsdSaSFa03ms5_6wo_txt6parserNtB2_9TxtParserNtNtCsbwefsVELSfr_4core7default7Default7default
FNDA:2,_RNvMs_NtCs5fJiNs3qkz5_6wo_txt6parserNtB4_9TxtParser13with_encoding
FNDA:3,_RNvMs_NtCs5fJiNs3qkz5_6wo_txt6parserNtB4_9TxtParser17parse_to_document
FNDA:24,_RNvMs_NtCs5fJiNs3qkz5_6wo_txt6parserNtB4_9TxtParser3new
FNDA:29,_RNvMs_NtCs5fJiNs3qkz5_6wo_txt6parserNtB4_9TxtParser5parse
FNDA:24,_RNvXNtCs5fJiNs3qkz5_6wo_txt6parserNtB2_9TxtParserNtNtCsbwefsVELSfr_4core7default7Default7default
FNDA:4,_RNCNvMs_NtCs5fJiNs3qkz5_6wo_txt6parserNtB6_9TxtParser17parse_to_document0B8_
FNDA:0,_RNCNvMs_NtCs5fJiNs3qkz5_6wo_txt6parserNtB6_9TxtParser5parse0B8_
FNDA:0,_RNCNvMs_NtCs5fJiNs3qkz5_6wo_txt6parserNtB6_9TxtParser5parses0_0B8_
FNDA:16,_RNCNvMs_NtCs5fJiNs3qkz5_6wo_txt6parserNtB6_9TxtParser5parses1_0B8_
FNDA:0,_RNCNvMs_NtCs5fJiNs3qkz5_6wo_txt6parserNtB6_9TxtParser5parses2_0B8_
FNDA:4,_RNCNvMs_NtCs5fJiNs3qkz5_6wo_txt6parserNtB6_9TxtParser5parses3_0B8_
FNDA:58,_RNCNvMs_NtCs5fJiNs3qkz5_6wo_txt6parserNtB6_9TxtParser5parses4_0B8_
FNDA:16,_RNCNvMs_NtCs5fJiNs3qkz5_6wo_txt6parserNtB6_9TxtParser5parses_0B8_
FNDA:1,_RNvNtNtCs5fJiNs3qkz5_6wo_txt6parser5testss_15test_parse_crlf
FNDA:1,_RNvNtNtCs5fJiNs3qkz5_6wo_txt6parser5testss_15test_parse_utf8
FNDA:1,_RNvNtNtCs5fJiNs3qkz5_6wo_txt6parser5testss_16test_parse_empty
FNDA:1,_RNvNtNtCs5fJiNs3qkz5_6wo_txt6parser5testss_17test_parse_latin1
FNDA:1,_RNvNtNtCs5fJiNs3qkz5_6wo_txt6parser5testss_18test_parse_cr_only
FNDA:1,_RNvNtNtCs5fJiNs3qkz5_6wo_txt6parser5testss_19test_parse_utf8_bom
FNDA:1,_RNvNtNtCs5fJiNs3qkz5_6wo_txt6parser5testss_22test_parse_to_document
FNDA:1,_RNvNtNtCs5fJiNs3qkz5_6wo_txt6parser5testss_22test_parse_utf16be_bom
FNDA:1,_RNvNtNtCs5fJiNs3qkz5_6wo_txt6parser5testss_22test_parse_utf16le_bom
FNDA:1,_RNvNtNtCs5fJiNs3qkz5_6wo_txt6parser5testss_27test_parse_bom_not_stripped
FNDA:1,_RNvNtNtCs5fJiNs3qkz5_6wo_txt6parser5testss_27test_parse_whitespace_lines
FNDA:1,_RNvNtNtCs5fJiNs3qkz5_6wo_txt6parser5testss_28test_parse_to_document_empty
FNDA:1,_RNvNtNtCs5fJiNs3qkz5_6wo_txt6parser5testss_33test_parse_single_line_no_newline
FNDA:1,_RNvNtNtCs5fJiNs3qkz5_6wo_txt6parser5testss_33test_parse_to_document_word_count
FNDA:1,_RNvNtNtCs5fJiNs3qkz5_6wo_txt6parser5testss_36test_parse_utf8_multibyte_characters
FNDA:1,_RNvNtNtCs5fJiNs3qkz5_6wo_txt6parser5testss_40test_parse_with_encoding_forces_encoding
FNF:29
FNH:26
DA:29,24
DA:30,24
DA:31,24
DA:32,24
DA:33,24
DA:34,24
DA:39,24
DA:40,24
DA:41,24
DA:44,2
DA:45,2
DA:46,2
DA:47,2
DA:48,2
DA:49,2
DA:52,29
DA:53,29
DA:54,2
DA:55,2
DA:56,2
DA:57,2
DA:58,2
DA:59,27
DA:61,27
DA:62,27
DA:63,27
DA:64,4
DA:65,2
DA:66,2
DA:67,19
DA:70,27
DA:71,27
DA:74,27
DA:77,22
DA:78,0
DA:79,0
DA:80,0
DA:83,2
DA:84,2
DA:85,16
DA:86,2
DA:87,2
DA:88,0
DA:89,0
DA:90,0
DA:93,2
DA:94,2
DA:95,16
DA:96,2
DA:97,2
DA:98,0
DA:99,0
DA:100,0
DA:104,1
DA:105,0
DA:106,1
DA:107,1
DA:108,4
DA:110,4
DA:111,4
DA:112,1
DA:118,27
DA:119,27
DA:120,58
DA:121,27
DA:123,27
DA:124,27
DA:125,27
DA:126,27
DA:127,27
DA:128,29
DA:131,3
DA:132,3
DA:133,3
DA:134,3
DA:135,3
DA:136,4
DA:137,3
DA:139,3
DA:140,3
DA:141,3
DA:142,3
DA:143,3
DA:144,3
DA:145,3
DA:146,3
DA:147,3
DA:148,3
DA:149,3
DA:157,1
DA:158,1
DA:159,1
DA:160,1
DA:161,1
DA:162,1
DA:163,1
DA:166,1
DA:167,1
DA:168,1
DA:169,1
DA:170,1
DA:171,1
DA:172,1
DA:175,1
DA:176,1
DA:178,1
DA:179,1
DA:180,1
DA:181,1
DA:182,1
DA:185,1
DA:186,1
DA:188,1
DA:189,1
DA:190,1
DA:191,1
DA:192,1
DA:195,1
DA:196,1
DA:197,1
DA:198,1
DA:199,1
DA:202,1
DA:203,1
DA:204,1
DA:205,1
DA:206,1
DA:209,1
DA:210,1
DA:211,1
DA:212,1
DA:213,1
DA:216,1
DA:217,1
DA:218,1
DA:219,1
DA:220,1
DA:223,1
DA:224,1
DA:225,1
DA:226,1
DA:227,1
DA:228,1
DA:229,1
DA:230,1
DA:231,1
DA:234,1
DA:235,1
DA:237,1
DA:238,1
DA:239,1
DA:240,1
DA:241,1
DA:244,1
DA:245,1
DA:246,1
DA:247,1
DA:248,1
DA:249,1
DA:250,1
DA:251,1
DA:252,1
DA:255,1
DA:256,1
DA:257,1
DA:258,1
DA:259,1
DA:260,1
DA:261,1
DA:264,1
DA:265,1
DA:266,1
DA:267,1
DA:268,1
DA:271,1
DA:272,1
DA:273,1
DA:274,1
DA:275,1
DA:277,1
DA:278,1
DA:281,1
DA:282,1
DA:283,1
DA:284,1
DA:285,1
DA:288,1
DA:289,1
DA:290,1
DA:291,1
DA:292,1
DA:293,1
BRF:0
BRH:0
LF:200
LH:187
end_of_record
SF:/home/weiss/git/World-Office/server/core/crates/wo-txt/src/roundtrip.rs
FN:39,_RNCNvXs0_NtCsdSaSFa03ms5_6wo_txt9roundtripNtB7_12TxtRoundtripNtNtCs5lji8KZmICr_9wo_common12test_harness15FormatRoundtrip5parse0B9_
FN:49,_RNCNvXs0_NtCsdSaSFa03ms5_6wo_txt9roundtripNtB7_12TxtRoundtripNtNtCs5lji8KZmICr_9wo_common12test_harness15FormatRoundtrip9serialize0B9_
FN:39,_RNCNvXs0_NtCs5fJiNs3qkz5_6wo_txt9roundtripNtB7_12TxtRoundtripNtNtCsiDKnaJ7pGfC_9wo_common12test_harness15FormatRoundtrip5parse0B9_
FN:49,_RNCNvXs0_NtCs5fJiNs3qkz5_6wo_txt9roundtripNtB7_12TxtRoundtripNtNtCsiDKnaJ7pGfC_9wo_common12test_harness15FormatRoundtrip9serialize0B9_
FN:79,_RNvNtNtCs5fJiNs3qkz5_6wo_txt9roundtrip5testss_19test_roundtrip_crlf
FN:58,_RNvNtNtCs5fJiNs3qkz5_6wo_txt9roundtrip5testss_20test_roundtrip_ascii
FN:67,_RNvNtNtCs5fJiNs3qkz5_6wo_txt9roundtrip5testss_23test_roundtrip_utf8_bom
FN:23,_RNvMNtCs5fJiNs3qkz5_6wo_txt9roundtripNtB2_12TxtRoundtrip3new
FN:37,_RNvXs0_NtCs5fJiNs3qkz5_6wo_txt9roundtripNtB5_12TxtRoundtripNtNtCsiDKnaJ7pGfC_9wo_common12test_harness15FormatRoundtrip5parse
FN:44,_RNvXs0_NtCs5fJiNs3qkz5_6wo_txt9roundtripNtB5_12TxtRoundtripNtNtCsiDKnaJ7pGfC_9wo_common12test_harness15FormatRoundtrip9serialize
FN:31,_RNvXs_NtCs5fJiNs3qkz5_6wo_txt9roundtripNtB4_12TxtRoundtripNtNtCsbwefsVELSfr_4core7default7Default7default
FNDA:0,_RNCNvXs0_NtCsdSaSFa03ms5_6wo_txt9roundtripNtB7_12TxtRoundtripNtNtCs5lji8KZmICr_9wo_common12test_harness15FormatRoundtrip5parse0B9_
FNDA:0,_RNCNvXs0_NtCsdSaSFa03ms5_6wo_txt9roundtripNtB7_12TxtRoundtripNtNtCs5lji8KZmICr_9wo_common12test_harness15FormatRoundtrip9serialize0B9_
FNDA:0,_RNCNvXs0_NtCs5fJiNs3qkz5_6wo_txt9roundtripNtB7_12TxtRoundtripNtNtCsiDKnaJ7pGfC_9wo_common12test_harness15FormatRoundtrip5parse0B9_
FNDA:0,_RNCNvXs0_NtCs5fJiNs3qkz5_6wo_txt9roundtripNtB7_12TxtRoundtripNtNtCsiDKnaJ7pGfC_9wo_common12test_harness15FormatRoundtrip9serialize0B9_
FNDA:1,_RNvNtNtCs5fJiNs3qkz5_6wo_txt9roundtrip5testss_19test_roundtrip_crlf
FNDA:1,_RNvNtNtCs5fJiNs3qkz5_6wo_txt9roundtrip5testss_20test_roundtrip_ascii
FNDA:1,_RNvNtNtCs5fJiNs3qkz5_6wo_txt9roundtrip5testss_23test_roundtrip_utf8_bom
FNDA:3,_RNvMNtCs5fJiNs3qkz5_6wo_txt9roundtripNtB2_12TxtRoundtrip3new
FNDA:3,_RNvXs0_NtCs5fJiNs3qkz5_6wo_txt9roundtripNtB5_12TxtRoundtripNtNtCsiDKnaJ7pGfC_9wo_common12test_harness15FormatRoundtrip5parse
FNDA:3,_RNvXs0_NtCs5fJiNs3qkz5_6wo_txt9roundtripNtB5_12TxtRoundtripNtNtCsiDKnaJ7pGfC_9wo_common12test_harness15FormatRoundtrip9serialize
FNDA:0,_RNvXs_NtCs5fJiNs3qkz5_6wo_txt9roundtripNtB4_12TxtRoundtripNtNtCsbwefsVELSfr_4core7default7Default7default
FNF:9
FNH:6
DA:23,3
DA:24,3
DA:25,3
DA:26,3
DA:27,3
DA:31,0
DA:32,0
DA:33,0
DA:37,3
DA:38,3
DA:39,3
DA:40,3
DA:41,3
DA:42,3
DA:44,3
DA:45,3
DA:46,3
DA:48,3
DA:49,3
DA:50,3
DA:58,1
DA:59,1
DA:60,1
DA:61,1
DA:62,1
DA:63,1
DA:64,1
DA:67,1
DA:68,1
DA:69,1
DA:70,1
DA:71,1
DA:73,1
DA:75,1
DA:76,1
DA:79,1
DA:80,1
DA:81,1
DA:82,1
DA:83,1
DA:85,1
DA:86,1
DA:87,1
BRF:0
BRH:0
LF:45
LH:40
end_of_record
SF:/home/weiss/git/World-Office/server/core/crates/wo-txt/src/serializer.rs
FN:112,_RNvMs1_NtCsdSaSFa03ms5_6wo_txt10serializerNtB5_13TxtSerializer12with_options
FN:129,_RNvMs1_NtCsdSaSFa03ms5_6wo_txt10serializerNtB5_13TxtSerializer14serialize_utf8
FN:182,_RNvMs1_NtCsdSaSFa03ms5_6wo_txt10serializerNtB5_13TxtSerializer17serialize_utf16be
FN:150,_RNvMs1_NtCsdSaSFa03ms5_6wo_txt10serializerNtB5_13TxtSerializer17serialize_utf16le
FN:105,_RNvMs1_NtCsdSaSFa03ms5_6wo_txt10serializerNtB5_13TxtSerializer3new
FN:117,_RNvMs1_NtCsdSaSFa03ms5_6wo_txt10serializerNtB5_13TxtSerializer9serialize
FN:49,_RNvMs_NtCsdSaSFa03ms5_6wo_txt10serializerNtB4_16SerializeOptions11utf8_no_bom
FN:83,_RNvMs_NtCsdSaSFa03ms5_6wo_txt10serializerNtB4_16SerializeOptions17line_ending_bytes
FN:75,_RNvMs_NtCsdSaSFa03ms5_6wo_txt10serializerNtB4_16SerializeOptions4unix
FN:44,_RNvMs_NtCsdSaSFa03ms5_6wo_txt10serializerNtB4_16SerializeOptions4utf8
FN:66,_RNvMs_NtCsdSaSFa03ms5_6wo_txt10serializerNtB4_16SerializeOptions7utf16be
FN:57,_RNvMs_NtCsdSaSFa03ms5_6wo_txt10serializerNtB4_16SerializeOptions7utf16le
FN:33,_RNvXNtCsdSaSFa03ms5_6wo_txt10serializerNtB2_16SerializeOptionsNtNtCsbwefsVELSfr_4core7default7Default7default
FN:98,_RNvXs0_NtCsdSaSFa03ms5_6wo_txt10serializerNtB5_13TxtSerializerNtNtCsbwefsVELSfr_4core7default7Default7default
FN:279,_RNCNvNtNtCs5fJiNs3qkz5_6wo_txt10serializer5testss_19test_serialize_crlf0B7_
FN:530,_RNCNvNtNtCs5fJiNs3qkz5_6wo_txt10serializer5testss_22test_utf16le_lf_ending0B7_
FN:513,_RNCNvNtNtCs5fJiNs3qkz5_6wo_txt10serializer5testss_24test_utf16le_crlf_ending0B7_
FN:416,_RNCNvNtNtCs5fJiNs3qkz5_6wo_txt10serializer5testss_32test_serialize_utf16be_cr_ending0B7_
FN:434,_RNCNvNtNtCs5fJiNs3qkz5_6wo_txt10serializer5testss_32test_serialize_utf16be_lf_ending0B7_
FN:396,_RNCNvNtNtCs5fJiNs3qkz5_6wo_txt10serializer5testss_32test_serialize_utf16le_cr_ending0B7_
FN:397,_RNCNvNtNtCs5fJiNs3qkz5_6wo_txt10serializer5testss_32test_serialize_utf16le_cr_endings_0B7_
FN:452,_RNCNvNtNtCs5fJiNs3qkz5_6wo_txt10serializer5testss_34test_serialize_utf16be_crlf_ending0B7_
FN:283,_RNvNtNtCs5fJiNs3qkz5_6wo_txt10serializer5testss_17test_serialize_lf
FN:221,_RNvNtNtCs5fJiNs3qkz5_6wo_txt10serializer5testss_19test_roundtrip_utf8
FN:267,_RNvNtNtCs5fJiNs3qkz5_6wo_txt10serializer5testss_19test_serialize_crlf
FN:299,_RNvNtNtCs5fJiNs3qkz5_6wo_txt10serializer5testss_20test_serialize_empty
FN:249,_RNvNtNtCs5fJiNs3qkz5_6wo_txt10serializer5testss_22test_roundtrip_utf16le
FN:328,_RNvNtNtCs5fJiNs3qkz5_6wo_txt10serializer5testss_22test_serialize_utf16be
FN:517,_RNvNtNtCs5fJiNs3qkz5_6wo_txt10serializer5testss_22test_utf16le_lf_ending
FN:233,_RNvNtNtCs5fJiNs3qkz5_6wo_txt10serializer5testss_23test_roundtrip_utf8_bom
FN:486,_RNvNtNtCs5fJiNs3qkz5_6wo_txt10serializer5testss_23test_serializer_default
FN:364,_RNvNtNtCs5fJiNs3qkz5_6wo_txt10serializer5testss_24test_serialize_cr_ending
FN:500,_RNvNtNtCs5fJiNs3qkz5_6wo_txt10serializer5testss_24test_utf16le_crlf_ending
FN:456,_RNvNtNtCs5fJiNs3qkz5_6wo_txt10serializer5testss_26test_serialize_utf8_no_bom
FN:346,_RNvNtNtCs5fJiNs3qkz5_6wo_txt10serializer5testss_29test_serialize_utf16le_no_bom
FN:469,_RNvNtNtCs5fJiNs3qkz5_6wo_txt10serializer5testss_32test_serialize_fallback_encoding
FN:401,_RNvNtNtCs5fJiNs3qkz5_6wo_txt10serializer5testss_32test_serialize_utf16be_cr_ending
FN:420,_RNvNtNtCs5fJiNs3qkz5_6wo_txt10serializer5testss_32test_serialize_utf16be_lf_ending
FN:381,_RNvNtNtCs5fJiNs3qkz5_6wo_txt10serializer5testss_32test_serialize_utf16le_cr_ending
FN:438,_RNvNtNtCs5fJiNs3qkz5_6wo_txt10serializer5testss_34test_serialize_utf16be_crlf_ending
FN:313,_RNvNtNtCs5fJiNs3qkz5_6wo_txt10serializer5testss_46test_serialize_single_line_no_trailing_newline
FN:112,_RNvMs1_NtCs5fJiNs3qkz5_6wo_txt10serializerNtB5_13TxtSerializer12with_options
FN:129,_RNvMs1_NtCs5fJiNs3qkz5_6wo_txt10serializerNtB5_13TxtSerializer14serialize_utf8
FN:182,_RNvMs1_NtCs5fJiNs3qkz5_6wo_txt10serializerNtB5_13TxtSerializer17serialize_utf16be
FN:150,_RNvMs1_NtCs5fJiNs3qkz5_6wo_txt10serializerNtB5_13TxtSerializer17serialize_utf16le
FN:105,_RNvMs1_NtCs5fJiNs3qkz5_6wo_txt10serializerNtB5_13TxtSerializer3new
FN:117,_RNvMs1_NtCs5fJiNs3qkz5_6wo_txt10serializerNtB5_13TxtSerializer9serialize
FN:49,_RNvMs_NtCs5fJiNs3qkz5_6wo_txt10serializerNtB4_16SerializeOptions11utf8_no_bom
FN:83,_RNvMs_NtCs5fJiNs3qkz5_6wo_txt10serializerNtB4_16SerializeOptions17line_ending_bytes
FN:75,_RNvMs_NtCs5fJiNs3qkz5_6wo_txt10serializerNtB4_16SerializeOptions4unix
FN:44,_RNvMs_NtCs5fJiNs3qkz5_6wo_txt10serializerNtB4_16SerializeOptions4utf8
FN:66,_RNvMs_NtCs5fJiNs3qkz5_6wo_txt10serializerNtB4_16SerializeOptions7utf16be
FN:57,_RNvMs_NtCs5fJiNs3qkz5_6wo_txt10serializerNtB4_16SerializeOptions7utf16le
FN:33,_RNvXNtCs5fJiNs3qkz5_6wo_txt10serializerNtB2_16SerializeOptionsNtNtCsbwefsVELSfr_4core7default7Default7default
FN:98,_RNvXs0_NtCs5fJiNs3qkz5_6wo_txt10serializerNtB5_13TxtSerializerNtNtCsbwefsVELSfr_4core7default7Default7default
FNDA:0,_RNvMs1_NtCsdSaSFa03ms5_6wo_txt10serializerNtB5_13TxtSerializer12with_options
FNDA:0,_RNvMs1_NtCsdSaSFa03ms5_6wo_txt10serializerNtB5_13TxtSerializer14serialize_utf8
FNDA:0,_RNvMs1_NtCsdSaSFa03ms5_6wo_txt10serializerNtB5_13TxtSerializer17serialize_utf16be
FNDA:0,_RNvMs1_NtCsdSaSFa03ms5_6wo_txt10serializerNtB5_13TxtSerializer17serialize_utf16le
FNDA:0,_RNvMs1_NtCsdSaSFa03ms5_6wo_txt10serializerNtB5_13TxtSerializer3new
FNDA:0,_RNvMs1_NtCsdSaSFa03ms5_6wo_txt10serializerNtB5_13TxtSerializer9serialize
FNDA:0,_RNvMs_NtCsdSaSFa03ms5_6wo_txt10serializerNtB4_16SerializeOptions11utf8_no_bom
FNDA:0,_RNvMs_NtCsdSaSFa03ms5_6wo_txt10serializerNtB4_16SerializeOptions17line_ending_bytes
FNDA:0,_RNvMs_NtCsdSaSFa03ms5_6wo_txt10serializerNtB4_16SerializeOptions4unix
FNDA:0,_RNvMs_NtCsdSaSFa03ms5_6wo_txt10serializerNtB4_16SerializeOptions4utf8
FNDA:0,_RNvMs_NtCsdSaSFa03ms5_6wo_txt10serializerNtB4_16SerializeOptions7utf16be
FNDA:0,_RNvMs_NtCsdSaSFa03ms5_6wo_txt10serializerNtB4_16SerializeOptions7utf16le
FNDA:0,_RNvXNtCsdSaSFa03ms5_6wo_txt10serializerNtB2_16SerializeOptionsNtNtCsbwefsVELSfr_4core7default7Default7default
FNDA:0,_RNvXs0_NtCsdSaSFa03ms5_6wo_txt10serializerNtB5_13TxtSerializerNtNtCsbwefsVELSfr_4core7default7Default7default
FNDA:2,_RNCNvNtNtCs5fJiNs3qkz5_6wo_txt10serializer5testss_19test_serialize_crlf0B7_
FNDA:3,_RNCNvNtNtCs5fJiNs3qkz5_6wo_txt10serializer5testss_22test_utf16le_lf_ending0B7_
FNDA:3,_RNCNvNtNtCs5fJiNs3qkz5_6wo_txt10serializer5testss_24test_utf16le_crlf_ending0B7_
FNDA:3,_RNCNvNtNtCs5fJiNs3qkz5_6wo_txt10serializer5testss_32test_serialize_utf16be_cr_ending0B7_
FNDA:3,_RNCNvNtNtCs5fJiNs3qkz5_6wo_txt10serializer5testss_32test_serialize_utf16be_lf_ending0B7_
FNDA:3,_RNCNvNtNtCs5fJiNs3qkz5_6wo_txt10serializer5testss_32test_serialize_utf16le_cr_ending0B7_
FNDA:5,_RNCNvNtNtCs5fJiNs3qkz5_6wo_txt10serializer5testss_32test_serialize_utf16le_cr_endings_0B7_
FNDA:3,_RNCNvNtNtCs5fJiNs3qkz5_6wo_txt10serializer5testss_34test_serialize_utf16be_crlf_ending0B7_
FNDA:1,_RNvNtNtCs5fJiNs3qkz5_6wo_txt10serializer5testss_17test_serialize_lf
FNDA:1,_RNvNtNtCs5fJiNs3qkz5_6wo_txt10serializer5testss_19test_roundtrip_utf8
FNDA:1,_RNvNtNtCs5fJiNs3qkz5_6wo_txt10serializer5testss_19test_serialize_crlf
FNDA:1,_RNvNtNtCs5fJiNs3qkz5_6wo_txt10serializer5testss_20test_serialize_empty
FNDA:1,_RNvNtNtCs5fJiNs3qkz5_6wo_txt10serializer5testss_22test_roundtrip_utf16le
FNDA:1,_RNvNtNtCs5fJiNs3qkz5_6wo_txt10serializer5testss_22test_serialize_utf16be
FNDA:1,_RNvNtNtCs5fJiNs3qkz5_6wo_txt10serializer5testss_22test_utf16le_lf_ending
FNDA:1,_RNvNtNtCs5fJiNs3qkz5_6wo_txt10serializer5testss_23test_roundtrip_utf8_bom
FNDA:1,_RNvNtNtCs5fJiNs3qkz5_6wo_txt10serializer5testss_23test_serializer_default
FNDA:1,_RNvNtNtCs5fJiNs3qkz5_6wo_txt10serializer5testss_24test_serialize_cr_ending
FNDA:1,_RNvNtNtCs5fJiNs3qkz5_6wo_txt10serializer5testss_24test_utf16le_crlf_ending
FNDA:1,_RNvNtNtCs5fJiNs3qkz5_6wo_txt10serializer5testss_26test_serialize_utf8_no_bom
FNDA:1,_RNvNtNtCs5fJiNs3qkz5_6wo_txt10serializer5testss_29test_serialize_utf16le_no_bom
FNDA:1,_RNvNtNtCs5fJiNs3qkz5_6wo_txt10serializer5testss_32test_serialize_fallback_encoding
FNDA:1,_RNvNtNtCs5fJiNs3qkz5_6wo_txt10serializer5testss_32test_serialize_utf16be_cr_ending
FNDA:1,_RNvNtNtCs5fJiNs3qkz5_6wo_txt10serializer5testss_32test_serialize_utf16be_lf_ending
FNDA:1,_RNvNtNtCs5fJiNs3qkz5_6wo_txt10serializer5testss_32test_serialize_utf16le_cr_ending
FNDA:1,_RNvNtNtCs5fJiNs3qkz5_6wo_txt10serializer5testss_34test_serialize_utf16be_crlf_ending
FNDA:1,_RNvNtNtCs5fJiNs3qkz5_6wo_txt10serializer5testss_46test_serialize_single_line_no_trailing_newline
FNDA:20,_RNvMs1_NtCs5fJiNs3qkz5_6wo_txt10serializerNtB5_13TxtSerializer12with_options
FNDA:14,_RNvMs1_NtCs5fJiNs3qkz5_6wo_txt10serializerNtB5_13TxtSerializer14serialize_utf8
FNDA:4,_RNvMs1_NtCs5fJiNs3qkz5_6wo_txt10serializerNtB5_13TxtSerializer17serialize_utf16be
FNDA:5,_RNvMs1_NtCs5fJiNs3qkz5_6wo_txt10serializerNtB5_13TxtSerializer17serialize_utf16le
FNDA:3,_RNvMs1_NtCs5fJiNs3qkz5_6wo_txt10serializerNtB5_13TxtSerializer3new
FNDA:23,_RNvMs1_NtCs5fJiNs3qkz5_6wo_txt10serializerNtB5_13TxtSerializer9serialize
FNDA:1,_RNvMs_NtCs5fJiNs3qkz5_6wo_txt10serializerNtB4_16SerializeOptions11utf8_no_bom
FNDA:14,_RNvMs_NtCs5fJiNs3qkz5_6wo_txt10serializerNtB4_16SerializeOptions17line_ending_bytes
FNDA:4,_RNvMs_NtCs5fJiNs3qkz5_6wo_txt10serializerNtB4_16SerializeOptions4unix
FNDA:1,_RNvMs_NtCs5fJiNs3qkz5_6wo_txt10serializerNtB4_16SerializeOptions4utf8
FNDA:1,_RNvMs_NtCs5fJiNs3qkz5_6wo_txt10serializerNtB4_16SerializeOptions7utf16be
FNDA:1,_RNvMs_NtCs5fJiNs3qkz5_6wo_txt10serializerNtB4_16SerializeOptions7utf16le
FNDA:23,_RNvXNtCs5fJiNs3qkz5_6wo_txt10serializerNtB2_16SerializeOptionsNtNtCsbwefsVELSfr_4core7default7Default7default
FNDA:1,_RNvXs0_NtCs5fJiNs3qkz5_6wo_txt10serializerNtB5_13TxtSerializerNtNtCsbwefsVELSfr_4core7default7Default7default
FNF:41
FNH:41
DA:33,23
DA:34,23
DA:35,23
DA:36,23
DA:37,23
DA:38,23
DA:39,23
DA:44,1
DA:45,1
DA:46,1
DA:49,1
DA:50,1
DA:51,1
DA:52,1
DA:53,1
DA:54,1
DA:57,1
DA:58,1
DA:59,1
DA:60,1
DA:61,1
DA:62,1
DA:63,1
DA:66,1
DA:67,1
DA:68,1
DA:69,1
DA:70,1
DA:71,1
DA:72,1
DA:75,4
DA:76,4
DA:77,4
DA:78,4
DA:79,4
DA:80,4
DA:81,4
DA:83,14
DA:84,14
DA:85,5
DA:86,8
DA:87,1
DA:89,14
DA:98,1
DA:99,1
DA:100,1
DA:105,3
DA:106,3
DA:107,3
DA:108,3
DA:109,3
DA:112,20
DA:113,20
DA:114,20
DA:117,23
DA:118,23
DA:119,13
DA:120,5
DA:121,4
DA:124,1
DA:127,23
DA:129,14
DA:130,14
DA:133,14
DA:134,4
DA:135,10
DA:137,14
DA:139,25
DA:140,25
DA:142,25
DA:143,12
DA:144,13
DA:147,14
DA:148,14
DA:150,5
DA:151,5
DA:154,5
DA:155,1
DA:156,4
DA:158,5
DA:159,1
DA:160,3
DA:161,1
DA:164,9
DA:165,21
DA:166,21
DA:167,21
DA:168,21
DA:169,21
DA:170,21
DA:172,9
DA:173,6
DA:174,6
DA:175,6
DA:176,5
DA:179,5
DA:180,5
DA:182,4
DA:183,4
DA:186,4
DA:187,1
DA:188,3
DA:190,4
DA:191,1
DA:192,2
DA:193,1
DA:196,8
DA:197,16
DA:198,16
DA:199,16
DA:200,16
DA:201,16
DA:202,16
DA:204,8
DA:205,6
DA:206,6
DA:207,6
DA:208,4
DA:211,4
DA:212,4
DA:221,1
DA:222,1
DA:223,1
DA:225,1
DA:226,1
DA:227,1
DA:229,1
DA:230,1
DA:233,1
DA:234,1
DA:235,1
DA:237,1
DA:238,1
DA:239,1
DA:242,1
DA:244,1
DA:245,1
DA:246,1
DA:249,1
DA:250,1
DA:251,1
DA:253,1
DA:254,1
DA:255,1
DA:258,1
DA:261,1
DA:262,1
DA:263,1
DA:264,1
DA:267,1
DA:268,1
DA:269,1
DA:270,1
DA:271,1
DA:272,1
DA:273,1
DA:275,1
DA:276,1
DA:279,2
DA:280,1
DA:283,1
DA:284,1
DA:285,1
DA:286,1
DA:287,1
DA:288,1
DA:289,1
DA:291,1
DA:292,1
DA:295,1
DA:296,1
DA:299,1
DA:300,1
DA:301,1
DA:302,1
DA:303,1
DA:304,1
DA:305,1
DA:306,1
DA:309,1
DA:310,1
DA:313,1
DA:314,1
DA:315,1
DA:316,1
DA:317,1
DA:318,1
DA:319,1
DA:320,1
DA:321,1
DA:322,1
DA:323,1
DA:324,1
DA:325,1
DA:328,1
DA:329,1
DA:330,1
DA:332,1
DA:333,1
DA:334,1
DA:337,1
DA:340,1
DA:341,1
DA:342,1
DA:343,1
DA:346,1
DA:347,1
DA:348,1
DA:349,1
DA:350,1
DA:351,1
DA:352,1
DA:354,1
DA:355,1
DA:358,1
DA:360,1
DA:361,1
DA:364,1
DA:365,1
DA:366,1
DA:367,1
DA:368,1
DA:369,1
DA:371,1
DA:372,1
DA:373,1
DA:374,1
DA:375,1
DA:376,1
DA:377,1
DA:378,1
DA:381,1
DA:382,1
DA:383,1
DA:384,1
DA:385,1
DA:386,1
DA:387,1
DA:389,1
DA:390,1
DA:391,1
DA:392,1
DA:393,1
DA:394,1
DA:396,3
DA:397,5
DA:398,1
DA:401,1
DA:402,1
DA:403,1
DA:404,1
DA:405,1
DA:406,1
DA:407,1
DA:409,1
DA:410,1
DA:411,1
DA:412,1
DA:413,1
DA:414,1
DA:416,3
DA:417,1
DA:420,1
DA:421,1
DA:422,1
DA:423,1
DA:424,1
DA:425,1
DA:426,1
DA:428,1
DA:429,1
DA:430,1
DA:431,1
DA:432,1
DA:433,1
DA:434,3
DA:435,1
DA:438,1
DA:439,1
DA:440,1
DA:441,1
DA:442,1
DA:443,1
DA:444,1
DA:446,1
DA:447,1
DA:448,1
DA:449,1
DA:450,1
DA:451,1
DA:452,3
DA:453,1
DA:456,1
DA:457,1
DA:458,1
DA:459,1
DA:460,1
DA:461,1
DA:462,1
DA:463,1
DA:464,1
DA:465,1
DA:466,1
DA:469,1
DA:471,1
DA:472,1
DA:473,1
DA:474,1
DA:475,1
DA:476,1
DA:477,1
DA:478,1
DA:479,1
DA:480,1
DA:481,1
DA:482,1
DA:483,1
DA:486,1
DA:487,1
DA:488,1
DA:489,1
DA:490,1
DA:491,1
DA:492,1
DA:493,1
DA:494,1
DA:495,1
DA:496,1
DA:497,1
DA:500,1
DA:501,1
DA:502,1
DA:503,1
DA:504,1
DA:505,1
DA:506,1
DA:507,1
DA:508,1
DA:509,1
DA:510,1
DA:511,1
DA:512,1
DA:513,3
DA:514,1
DA:517,1
DA:518,1
DA:519,1
DA:520,1
DA:521,1
DA:522,1
DA:523,1
DA:524,1
DA:525,1
DA:526,1
DA:527,1
DA:528,1
DA:529,1
DA:530,3
DA:531,1
BRF:0
BRH:0
LF:367
LH:367
end_of_record