SF:/home/weiss/git/World-Office/server/core/crates/wo-html/src/lib.rs
FN:20,_RNvCsiaNfYHak1Ar_7wo_html12is_html_file
FNDA:10,_RNvCsiaNfYHak1Ar_7wo_html12is_html_file
FNF:1
FNH:1
DA:20,10
DA:21,10
DA:22,2
DA:23,8
DA:24,8
DA:25,8
DA:26,8
DA:27,7
DA:28,6
DA:29,5
DA:30,4
DA:31,3
DA:32,2
DA:33,10
BRF:0
BRH:0
LF:14
LH:14
end_of_record
SF:/home/weiss/git/World-Office/server/core/crates/wo-html/src/parser.rs
FN:224,_RNvMNtCs6xWu4OsQ3C8_7wo_html6parserNtB2_10HtmlParser10parse_body
FN:186,_RNvMNtCs6xWu4OsQ3C8_7wo_html6parserNtB2_10HtmlParser10parse_head
FN:488,_RNvMNtCs6xWu4OsQ3C8_7wo_html6parserNtB2_10HtmlParser11parse_table
FN:508,_RNvMNtCs6xWu4OsQ3C8_7wo_html6parserNtB2_10HtmlParser15parse_table_row
FN:478,_RNvMNtCs6xWu4OsQ3C8_7wo_html6parserNtB2_10HtmlParser16parse_list_items
FN:153,_RNvMNtCs6xWu4OsQ3C8_7wo_html6parserNtB2_10HtmlParser17escape_ampersands
FN:532,_RNvMNtCs6xWu4OsQ3C8_7wo_html6parserNtB2_10HtmlParser17parse_to_document
FN:557,_RNvMNtCs6xWu4OsQ3C8_7wo_html6parserNtB2_10HtmlParser20count_words_in_block
FN:230,_RNvMNtCs6xWu4OsQ3C8_7wo_html6parserNtB2_10HtmlParser20parse_block_elements
FN:583,_RNvMNtCs6xWu4OsQ3C8_7wo_html6parserNtB2_10HtmlParser21count_words_in_inline
FN:332,_RNvMNtCs6xWu4OsQ3C8_7wo_html6parserNtB2_10HtmlParser21parse_inline_elements
FN:108,_RNvMNtCs6xWu4OsQ3C8_7wo_html6parserNtB2_10HtmlParser22html_to_xml_compatible
FN:55,_RNvMNtCs6xWu4OsQ3C8_7wo_html6parserNtB2_10HtmlParser3new
FN:59,_RNvMNtCs6xWu4OsQ3C8_7wo_html6parserNtB2_10HtmlParser5parse
FN:19,_RNvNtCs6xWu4OsQ3C8_7wo_html6parser11direct_text
FN:36,_RNvNtCs6xWu4OsQ3C8_7wo_html6parser17children_with_tag
FN:43,_RNvNtCs6xWu4OsQ3C8_7wo_html6parser4attr
FN:7,_RNvNtCs6xWu4OsQ3C8_7wo_html6parser9node_text
FN:610,_RNvXs_NtCs6xWu4OsQ3C8_7wo_html6parserNtB4_10HtmlParserNtNtCsbwefsVELSfr_4core7default7Default7default
FN:196,_RNCNvMNtCs6xWu4OsQ3C8_7wo_html6parserNtB4_10HtmlParser10parse_head0B6_
FN:509,_RNCNvMNtCs6xWu4OsQ3C8_7wo_html6parserNtB4_10HtmlParser15parse_table_row0B6_
FN:519,_RNCNvMNtCs6xWu4OsQ3C8_7wo_html6parserNtB4_10HtmlParser15parse_table_rows0_0B6_
FN:516,_RNCNvMNtCs6xWu4OsQ3C8_7wo_html6parserNtB4_10HtmlParser15parse_table_rows_0B6_
FN:161,_RNCNvMNtCs6xWu4OsQ3C8_7wo_html6parserNtB4_10HtmlParser17escape_ampersands0B6_
FN:171,_RNCNvMNtCs6xWu4OsQ3C8_7wo_html6parserNtB4_10HtmlParser17escape_ampersandss0_0B6_
FN:162,_RNCNvMNtCs6xWu4OsQ3C8_7wo_html6parserNtB4_10HtmlParser17escape_ampersandss_0B6_
FN:541,_RNCNvMNtCs6xWu4OsQ3C8_7wo_html6parserNtB4_10HtmlParser17parse_to_document0B6_
FN:562,_RNCNvMNtCs6xWu4OsQ3C8_7wo_html6parserNtB4_10HtmlParser20count_words_in_block0B6_
FN:572,_RNCNvMNtCs6xWu4OsQ3C8_7wo_html6parserNtB4_10HtmlParser20count_words_in_blocks0_0B6_
FN:573,_RNCNvMNtCs6xWu4OsQ3C8_7wo_html6parserNtB4_10HtmlParser20count_words_in_blocks1_0B6_
FN:576,_RNCNvMNtCs6xWu4OsQ3C8_7wo_html6parserNtB4_10HtmlParser20count_words_in_blocks2_0B6_
FN:567,_RNCNvMNtCs6xWu4OsQ3C8_7wo_html6parserNtB4_10HtmlParser20count_words_in_blocks_0B6_
FN:284,_RNCNvMNtCs6xWu4OsQ3C8_7wo_html6parserNtB4_10HtmlParser20parse_block_elements0B6_
FN:121,_RNCNvMNtCs6xWu4OsQ3C8_7wo_html6parserNtB4_10HtmlParser22html_to_xml_compatible0B6_
FN:137,_RNCNvMNtCs6xWu4OsQ3C8_7wo_html6parserNtB4_10HtmlParser22html_to_xml_compatibles_0B6_
FN:61,_RNCNvMNtCs6xWu4OsQ3C8_7wo_html6parserNtB4_10HtmlParser5parse0B6_
FN:76,_RNCNvMNtCs6xWu4OsQ3C8_7wo_html6parserNtB4_10HtmlParser5parses0_0B6_
FN:77,_RNCNvMNtCs6xWu4OsQ3C8_7wo_html6parserNtB4_10HtmlParser5parses1_0B6_
FN:67,_RNCNvMNtCs6xWu4OsQ3C8_7wo_html6parserNtB4_10HtmlParser5parses_0B6_
FN:21,_RNCNvNtCs6xWu4OsQ3C8_7wo_html6parser11direct_text0B5_
FN:22,_RNCNvNtCs6xWu4OsQ3C8_7wo_html6parser11direct_texts_0B5_
FN:40,_RNCNvNtCs6xWu4OsQ3C8_7wo_html6parser17children_with_tag0B5_
FN:44,_RNCNvNtCs6xWu4OsQ3C8_7wo_html6parser4attr0B5_
FN:196,_RNCNvMNtCs5bnmrxaVbhV_7wo_html6parserNtB4_10HtmlParser10parse_head0B6_
FN:509,_RNCNvMNtCs5bnmrxaVbhV_7wo_html6parserNtB4_10HtmlParser15parse_table_row0B6_
FN:519,_RNCNvMNtCs5bnmrxaVbhV_7wo_html6parserNtB4_10HtmlParser15parse_table_rows0_0B6_
FN:516,_RNCNvMNtCs5bnmrxaVbhV_7wo_html6parserNtB4_10HtmlParser15parse_table_rows_0B6_
FN:161,_RNCNvMNtCs5bnmrxaVbhV_7wo_html6parserNtB4_10HtmlParser17escape_ampersands0B6_
FN:171,_RNCNvMNtCs5bnmrxaVbhV_7wo_html6parserNtB4_10HtmlParser17escape_ampersandss0_0B6_
FN:162,_RNCNvMNtCs5bnmrxaVbhV_7wo_html6parserNtB4_10HtmlParser17escape_ampersandss_0B6_
FN:541,_RNCNvMNtCs5bnmrxaVbhV_7wo_html6parserNtB4_10HtmlParser17parse_to_document0B6_
FN:562,_RNCNvMNtCs5bnmrxaVbhV_7wo_html6parserNtB4_10HtmlParser20count_words_in_block0B6_
FN:572,_RNCNvMNtCs5bnmrxaVbhV_7wo_html6parserNtB4_10HtmlParser20count_words_in_blocks0_0B6_
FN:573,_RNCNvMNtCs5bnmrxaVbhV_7wo_html6parserNtB4_10HtmlParser20count_words_in_blocks1_0B6_
FN:576,_RNCNvMNtCs5bnmrxaVbhV_7wo_html6parserNtB4_10HtmlParser20count_words_in_blocks2_0B6_
FN:567,_RNCNvMNtCs5bnmrxaVbhV_7wo_html6parserNtB4_10HtmlParser20count_words_in_blocks_0B6_
FN:284,_RNCNvMNtCs5bnmrxaVbhV_7wo_html6parserNtB4_10HtmlParser20parse_block_elements0B6_
FN:121,_RNCNvMNtCs5bnmrxaVbhV_7wo_html6parserNtB4_10HtmlParser22html_to_xml_compatible0B6_
FN:137,_RNCNvMNtCs5bnmrxaVbhV_7wo_html6parserNtB4_10HtmlParser22html_to_xml_compatibles_0B6_
FN:61,_RNCNvMNtCs5bnmrxaVbhV_7wo_html6parserNtB4_10HtmlParser5parse0B6_
FN:76,_RNCNvMNtCs5bnmrxaVbhV_7wo_html6parserNtB4_10HtmlParser5parses0_0B6_
FN:77,_RNCNvMNtCs5bnmrxaVbhV_7wo_html6parserNtB4_10HtmlParser5parses1_0B6_
FN:67,_RNCNvMNtCs5bnmrxaVbhV_7wo_html6parserNtB4_10HtmlParser5parses_0B6_
FN:21,_RNCNvNtCs5bnmrxaVbhV_7wo_html6parser11direct_text0B5_
FN:22,_RNCNvNtCs5bnmrxaVbhV_7wo_html6parser11direct_texts_0B5_
FN:40,_RNCNvNtCs5bnmrxaVbhV_7wo_html6parser17children_with_tag0B5_
FN:44,_RNCNvNtCs5bnmrxaVbhV_7wo_html6parser4attr0B5_
FN:224,_RNvMNtCs5bnmrxaVbhV_7wo_html6parserNtB2_10HtmlParser10parse_body
FN:186,_RNvMNtCs5bnmrxaVbhV_7wo_html6parserNtB2_10HtmlParser10parse_head
FN:488,_RNvMNtCs5bnmrxaVbhV_7wo_html6parserNtB2_10HtmlParser11parse_table
FN:508,_RNvMNtCs5bnmrxaVbhV_7wo_html6parserNtB2_10HtmlParser15parse_table_row
FN:478,_RNvMNtCs5bnmrxaVbhV_7wo_html6parserNtB2_10HtmlParser16parse_list_items
FN:153,_RNvMNtCs5bnmrxaVbhV_7wo_html6parserNtB2_10HtmlParser17escape_ampersands
FN:532,_RNvMNtCs5bnmrxaVbhV_7wo_html6parserNtB2_10HtmlParser17parse_to_document
FN:557,_RNvMNtCs5bnmrxaVbhV_7wo_html6parserNtB2_10HtmlParser20count_words_in_block
FN:230,_RNvMNtCs5bnmrxaVbhV_7wo_html6parserNtB2_10HtmlParser20parse_block_elements
FN:583,_RNvMNtCs5bnmrxaVbhV_7wo_html6parserNtB2_10HtmlParser21count_words_in_inline
FN:332,_RNvMNtCs5bnmrxaVbhV_7wo_html6parserNtB2_10HtmlParser21parse_inline_elements
FN:108,_RNvMNtCs5bnmrxaVbhV_7wo_html6parserNtB2_10HtmlParser22html_to_xml_compatible
FN:55,_RNvMNtCs5bnmrxaVbhV_7wo_html6parserNtB2_10HtmlParser3new
FN:59,_RNvMNtCs5bnmrxaVbhV_7wo_html6parserNtB2_10HtmlParser5parse
FN:19,_RNvNtCs5bnmrxaVbhV_7wo_html6parser11direct_text
FN:36,_RNvNtCs5bnmrxaVbhV_7wo_html6parser17children_with_tag
FN:43,_RNvNtCs5bnmrxaVbhV_7wo_html6parser4attr
FN:7,_RNvNtCs5bnmrxaVbhV_7wo_html6parser9node_text
FN:610,_RNvXs_NtCs5bnmrxaVbhV_7wo_html6parserNtB4_10HtmlParserNtNtCsbwefsVELSfr_4core7default7Default7default
FN:33,_RNCNvNtCsiaNfYHak1Ar_7wo_html6parser5child0B5_
FN:29,_RNvNtCsiaNfYHak1Ar_7wo_html6parser5child
FN:610,_RNvXs_NtCsiaNfYHak1Ar_7wo_html6parserNtB4_10HtmlParserNtNtCsbwefsVELSfr_4core7default7Default7default
FN:196,_RNCNvMNtCsiaNfYHak1Ar_7wo_html6parserNtB4_10HtmlParser10parse_head0B6_
FN:509,_RNCNvMNtCsiaNfYHak1Ar_7wo_html6parserNtB4_10HtmlParser15parse_table_row0B6_
FN:519,_RNCNvMNtCsiaNfYHak1Ar_7wo_html6parserNtB4_10HtmlParser15parse_table_rows0_0B6_
FN:516,_RNCNvMNtCsiaNfYHak1Ar_7wo_html6parserNtB4_10HtmlParser15parse_table_rows_0B6_
FN:161,_RNCNvMNtCsiaNfYHak1Ar_7wo_html6parserNtB4_10HtmlParser17escape_ampersands0B6_
FN:171,_RNCNvMNtCsiaNfYHak1Ar_7wo_html6parserNtB4_10HtmlParser17escape_ampersandss0_0B6_
FN:162,_RNCNvMNtCsiaNfYHak1Ar_7wo_html6parserNtB4_10HtmlParser17escape_ampersandss_0B6_
FN:541,_RNCNvMNtCsiaNfYHak1Ar_7wo_html6parserNtB4_10HtmlParser17parse_to_document0B6_
FN:562,_RNCNvMNtCsiaNfYHak1Ar_7wo_html6parserNtB4_10HtmlParser20count_words_in_block0B6_
FN:572,_RNCNvMNtCsiaNfYHak1Ar_7wo_html6parserNtB4_10HtmlParser20count_words_in_blocks0_0B6_
FN:573,_RNCNvMNtCsiaNfYHak1Ar_7wo_html6parserNtB4_10HtmlParser20count_words_in_blocks1_0B6_
FN:576,_RNCNvMNtCsiaNfYHak1Ar_7wo_html6parserNtB4_10HtmlParser20count_words_in_blocks2_0B6_
FN:567,_RNCNvMNtCsiaNfYHak1Ar_7wo_html6parserNtB4_10HtmlParser20count_words_in_blocks_0B6_
FN:284,_RNCNvMNtCsiaNfYHak1Ar_7wo_html6parserNtB4_10HtmlParser20parse_block_elements0B6_
FN:121,_RNCNvMNtCsiaNfYHak1Ar_7wo_html6parserNtB4_10HtmlParser22html_to_xml_compatible0B6_
FN:137,_RNCNvMNtCsiaNfYHak1Ar_7wo_html6parserNtB4_10HtmlParser22html_to_xml_compatibles_0B6_
FN:61,_RNCNvMNtCsiaNfYHak1Ar_7wo_html6parserNtB4_10HtmlParser5parse0B6_
FN:76,_RNCNvMNtCsiaNfYHak1Ar_7wo_html6parserNtB4_10HtmlParser5parses0_0B6_
FN:77,_RNCNvMNtCsiaNfYHak1Ar_7wo_html6parserNtB4_10HtmlParser5parses1_0B6_
FN:67,_RNCNvMNtCsiaNfYHak1Ar_7wo_html6parserNtB4_10HtmlParser5parses_0B6_
FN:21,_RNCNvNtCsiaNfYHak1Ar_7wo_html6parser11direct_text0B5_
FN:22,_RNCNvNtCsiaNfYHak1Ar_7wo_html6parser11direct_texts_0B5_
FN:40,_RNCNvNtCsiaNfYHak1Ar_7wo_html6parser17children_with_tag0B5_
FN:44,_RNCNvNtCsiaNfYHak1Ar_7wo_html6parser4attr0B5_
FN:643,_RNvNtNtCsiaNfYHak1Ar_7wo_html6parser5testss_15test_parse_list
FN:670,_RNvNtNtCsiaNfYHak1Ar_7wo_html6parser5testss_16test_parse_table
FN:861,_RNvNtNtCsiaNfYHak1Ar_7wo_html6parser5testss_17test_is_html_file
FN:727,_RNvNtNtCsiaNfYHak1Ar_7wo_html6parser5testss_19test_parse_headings
FN:763,_RNvNtNtCsiaNfYHak1Ar_7wo_html6parser5testss_19test_parse_pre_code
FN:747,_RNvNtNtCsiaNfYHak1Ar_7wo_html6parser5testss_21test_parse_blockquote
FN:1065,_RNvNtNtCsiaNfYHak1Ar_7wo_html6parser5testss_21test_parse_empty_body
FN:1011,_RNvNtNtCsiaNfYHak1Ar_7wo_html6parser5testss_22test_parse_code_inline
FN:968,_RNvNtNtCsiaNfYHak1Ar_7wo_html6parser5testss_22test_parse_nested_divs
FN:621,_RNvNtNtCsiaNfYHak1Ar_7wo_html6parser5testss_22test_parse_simple_html
FN:875,_RNvNtNtCsiaNfYHak1Ar_7wo_html6parser5testss_22test_parse_to_document
FN:845,_RNvNtNtCsiaNfYHak1Ar_7wo_html6parser5testss_23test_parse_meta_charset
FN:809,_RNvNtNtCsiaNfYHak1Ar_7wo_html6parser5testss_24test_parse_void_elements
FN:890,_RNvNtNtCsiaNfYHak1Ar_7wo_html6parser5testss_24test_serialize_roundtrip
FN:931,_RNvNtNtCsiaNfYHak1Ar_7wo_html6parser5testss_25test_parse_div_with_class
FN:912,_RNvNtNtCsiaNfYHak1Ar_7wo_html6parser5testss_25test_parse_malformed_html
FN:692,_RNvNtNtCsiaNfYHak1Ar_7wo_html6parser5testss_27test_parse_links_and_images
FN:781,_RNvNtNtCsiaNfYHak1Ar_7wo_html6parser5testss_28test_parse_nested_formatting
FN:953,_RNvNtNtCsiaNfYHak1Ar_7wo_html6parser5testss_30test_parse_html_with_link_tags
FN:1074,_RNvNtNtCsiaNfYHak1Ar_7wo_html6parser5testss_31test_parse_html_with_attributes
FN:1055,_RNvNtNtCsiaNfYHak1Ar_7wo_html6parser5testss_31test_parse_html_without_doctype
FN:1033,_RNvNtNtCsiaNfYHak1Ar_7wo_html6parser5testss_37test_parse_table_with_colspan_rowspan
FN:987,_RNvNtNtCsiaNfYHak1Ar_7wo_html6parser5testss_50test_parse_strikethrough_and_subscript_superscript
FN:1022,_RNCNvNtNtCsiaNfYHak1Ar_7wo_html6parser5testss_22test_parse_code_inline0B7_
FN:824,_RNCNvNtNtCsiaNfYHak1Ar_7wo_html6parser5testss_24test_parse_void_elements0B7_
FN:838,_RNCNvNtNtCsiaNfYHak1Ar_7wo_html6parser5testss_24test_parse_void_elementss_0B7_
FN:1083,_RNCNvNtNtCsiaNfYHak1Ar_7wo_html6parser5testss_31test_parse_html_with_attributes0B7_
FN:998,_RNCNvNtNtCsiaNfYHak1Ar_7wo_html6parser5testss_50test_parse_strikethrough_and_subscript_superscript0B7_
FN:1004,_RNCNvNtNtCsiaNfYHak1Ar_7wo_html6parser5testss_50test_parse_strikethrough_and_subscript_superscripts0_0B7_
FN:1001,_RNCNvNtNtCsiaNfYHak1Ar_7wo_html6parser5testss_50test_parse_strikethrough_and_subscript_superscripts_0B7_
FN:224,_RNvMNtCsiaNfYHak1Ar_7wo_html6parserNtB2_10HtmlParser10parse_body
FN:186,_RNvMNtCsiaNfYHak1Ar_7wo_html6parserNtB2_10HtmlParser10parse_head
FN:488,_RNvMNtCsiaNfYHak1Ar_7wo_html6parserNtB2_10HtmlParser11parse_table
FN:508,_RNvMNtCsiaNfYHak1Ar_7wo_html6parserNtB2_10HtmlParser15parse_table_row
FN:478,_RNvMNtCsiaNfYHak1Ar_7wo_html6parserNtB2_10HtmlParser16parse_list_items
FN:153,_RNvMNtCsiaNfYHak1Ar_7wo_html6parserNtB2_10HtmlParser17escape_ampersands
FN:532,_RNvMNtCsiaNfYHak1Ar_7wo_html6parserNtB2_10HtmlParser17parse_to_document
FN:557,_RNvMNtCsiaNfYHak1Ar_7wo_html6parserNtB2_10HtmlParser20count_words_in_block
FN:230,_RNvMNtCsiaNfYHak1Ar_7wo_html6parserNtB2_10HtmlParser20parse_block_elements
FN:583,_RNvMNtCsiaNfYHak1Ar_7wo_html6parserNtB2_10HtmlParser21count_words_in_inline
FN:332,_RNvMNtCsiaNfYHak1Ar_7wo_html6parserNtB2_10HtmlParser21parse_inline_elements
FN:108,_RNvMNtCsiaNfYHak1Ar_7wo_html6parserNtB2_10HtmlParser22html_to_xml_compatible
FN:55,_RNvMNtCsiaNfYHak1Ar_7wo_html6parserNtB2_10HtmlParser3new
FN:59,_RNvMNtCsiaNfYHak1Ar_7wo_html6parserNtB2_10HtmlParser5parse
FN:19,_RNvNtCsiaNfYHak1Ar_7wo_html6parser11direct_text
FN:36,_RNvNtCsiaNfYHak1Ar_7wo_html6parser17children_with_tag
FN:43,_RNvNtCsiaNfYHak1Ar_7wo_html6parser4attr
FN:7,_RNvNtCsiaNfYHak1Ar_7wo_html6parser9node_text
FNDA:0,_RNvMNtCs6xWu4OsQ3C8_7wo_html6parserNtB2_10HtmlParser10parse_body
FNDA:0,_RNvMNtCs6xWu4OsQ3C8_7wo_html6parserNtB2_10HtmlParser10parse_head
FNDA:0,_RNvMNtCs6xWu4OsQ3C8_7wo_html6parserNtB2_10HtmlParser11parse_table
FNDA:0,_RNvMNtCs6xWu4OsQ3C8_7wo_html6parserNtB2_10HtmlParser15parse_table_row
FNDA:0,_RNvMNtCs6xWu4OsQ3C8_7wo_html6parserNtB2_10HtmlParser16parse_list_items
FNDA:0,_RNvMNtCs6xWu4OsQ3C8_7wo_html6parserNtB2_10HtmlParser17escape_ampersands
FNDA:0,_RNvMNtCs6xWu4OsQ3C8_7wo_html6parserNtB2_10HtmlParser17parse_to_document
FNDA:0,_RNvMNtCs6xWu4OsQ3C8_7wo_html6parserNtB2_10HtmlParser20count_words_in_block
FNDA:0,_RNvMNtCs6xWu4OsQ3C8_7wo_html6parserNtB2_10HtmlParser20parse_block_elements
FNDA:0,_RNvMNtCs6xWu4OsQ3C8_7wo_html6parserNtB2_10HtmlParser21count_words_in_inline
FNDA:0,_RNvMNtCs6xWu4OsQ3C8_7wo_html6parserNtB2_10HtmlParser21parse_inline_elements
FNDA:0,_RNvMNtCs6xWu4OsQ3C8_7wo_html6parserNtB2_10HtmlParser22html_to_xml_compatible
FNDA:0,_RNvMNtCs6xWu4OsQ3C8_7wo_html6parserNtB2_10HtmlParser3new
FNDA:0,_RNvMNtCs6xWu4OsQ3C8_7wo_html6parserNtB2_10HtmlParser5parse
FNDA:0,_RNvNtCs6xWu4OsQ3C8_7wo_html6parser11direct_text
FNDA:0,_RNvNtCs6xWu4OsQ3C8_7wo_html6parser17children_with_tag
FNDA:0,_RNvNtCs6xWu4OsQ3C8_7wo_html6parser4attr
FNDA:0,_RNvNtCs6xWu4OsQ3C8_7wo_html6parser9node_text
FNDA:0,_RNvXs_NtCs6xWu4OsQ3C8_7wo_html6parserNtB4_10HtmlParserNtNtCsbwefsVELSfr_4core7default7Default7default
FNDA:0,_RNCNvMNtCs6xWu4OsQ3C8_7wo_html6parserNtB4_10HtmlParser10parse_head0B6_
FNDA:0,_RNCNvMNtCs6xWu4OsQ3C8_7wo_html6parserNtB4_10HtmlParser15parse_table_row0B6_
FNDA:0,_RNCNvMNtCs6xWu4OsQ3C8_7wo_html6parserNtB4_10HtmlParser15parse_table_rows0_0B6_
FNDA:0,_RNCNvMNtCs6xWu4OsQ3C8_7wo_html6parserNtB4_10HtmlParser15parse_table_rows_0B6_
FNDA:0,_RNCNvMNtCs6xWu4OsQ3C8_7wo_html6parserNtB4_10HtmlParser17escape_ampersands0B6_
FNDA:0,_RNCNvMNtCs6xWu4OsQ3C8_7wo_html6parserNtB4_10HtmlParser17escape_ampersandss0_0B6_
FNDA:0,_RNCNvMNtCs6xWu4OsQ3C8_7wo_html6parserNtB4_10HtmlParser17escape_ampersandss_0B6_
FNDA:0,_RNCNvMNtCs6xWu4OsQ3C8_7wo_html6parserNtB4_10HtmlParser17parse_to_document0B6_
FNDA:0,_RNCNvMNtCs6xWu4OsQ3C8_7wo_html6parserNtB4_10HtmlParser20count_words_in_block0B6_
FNDA:0,_RNCNvMNtCs6xWu4OsQ3C8_7wo_html6parserNtB4_10HtmlParser20count_words_in_blocks0_0B6_
FNDA:0,_RNCNvMNtCs6xWu4OsQ3C8_7wo_html6parserNtB4_10HtmlParser20count_words_in_blocks1_0B6_
FNDA:0,_RNCNvMNtCs6xWu4OsQ3C8_7wo_html6parserNtB4_10HtmlParser20count_words_in_blocks2_0B6_
FNDA:0,_RNCNvMNtCs6xWu4OsQ3C8_7wo_html6parserNtB4_10HtmlParser20count_words_in_blocks_0B6_
FNDA:0,_RNCNvMNtCs6xWu4OsQ3C8_7wo_html6parserNtB4_10HtmlParser20parse_block_elements0B6_
FNDA:0,_RNCNvMNtCs6xWu4OsQ3C8_7wo_html6parserNtB4_10HtmlParser22html_to_xml_compatible0B6_
FNDA:0,_RNCNvMNtCs6xWu4OsQ3C8_7wo_html6parserNtB4_10HtmlParser22html_to_xml_compatibles_0B6_
FNDA:0,_RNCNvMNtCs6xWu4OsQ3C8_7wo_html6parserNtB4_10HtmlParser5parse0B6_
FNDA:0,_RNCNvMNtCs6xWu4OsQ3C8_7wo_html6parserNtB4_10HtmlParser5parses0_0B6_
FNDA:0,_RNCNvMNtCs6xWu4OsQ3C8_7wo_html6parserNtB4_10HtmlParser5parses1_0B6_
FNDA:0,_RNCNvMNtCs6xWu4OsQ3C8_7wo_html6parserNtB4_10HtmlParser5parses_0B6_
FNDA:0,_RNCNvNtCs6xWu4OsQ3C8_7wo_html6parser11direct_text0B5_
FNDA:0,_RNCNvNtCs6xWu4OsQ3C8_7wo_html6parser11direct_texts_0B5_
FNDA:0,_RNCNvNtCs6xWu4OsQ3C8_7wo_html6parser17children_with_tag0B5_
FNDA:0,_RNCNvNtCs6xWu4OsQ3C8_7wo_html6parser4attr0B5_
FNDA:0,_RNCNvMNtCs5bnmrxaVbhV_7wo_html6parserNtB4_10HtmlParser10parse_head0B6_
FNDA:0,_RNCNvMNtCs5bnmrxaVbhV_7wo_html6parserNtB4_10HtmlParser15parse_table_row0B6_
FNDA:0,_RNCNvMNtCs5bnmrxaVbhV_7wo_html6parserNtB4_10HtmlParser15parse_table_rows0_0B6_
FNDA:0,_RNCNvMNtCs5bnmrxaVbhV_7wo_html6parserNtB4_10HtmlParser15parse_table_rows_0B6_
FNDA:0,_RNCNvMNtCs5bnmrxaVbhV_7wo_html6parserNtB4_10HtmlParser17escape_ampersands0B6_
FNDA:0,_RNCNvMNtCs5bnmrxaVbhV_7wo_html6parserNtB4_10HtmlParser17escape_ampersandss0_0B6_
FNDA:0,_RNCNvMNtCs5bnmrxaVbhV_7wo_html6parserNtB4_10HtmlParser17escape_ampersandss_0B6_
FNDA:0,_RNCNvMNtCs5bnmrxaVbhV_7wo_html6parserNtB4_10HtmlParser17parse_to_document0B6_
FNDA:0,_RNCNvMNtCs5bnmrxaVbhV_7wo_html6parserNtB4_10HtmlParser20count_words_in_block0B6_
FNDA:0,_RNCNvMNtCs5bnmrxaVbhV_7wo_html6parserNtB4_10HtmlParser20count_words_in_blocks0_0B6_
FNDA:0,_RNCNvMNtCs5bnmrxaVbhV_7wo_html6parserNtB4_10HtmlParser20count_words_in_blocks1_0B6_
FNDA:0,_RNCNvMNtCs5bnmrxaVbhV_7wo_html6parserNtB4_10HtmlParser20count_words_in_blocks2_0B6_
FNDA:0,_RNCNvMNtCs5bnmrxaVbhV_7wo_html6parserNtB4_10HtmlParser20count_words_in_blocks_0B6_
FNDA:0,_RNCNvMNtCs5bnmrxaVbhV_7wo_html6parserNtB4_10HtmlParser20parse_block_elements0B6_
FNDA:0,_RNCNvMNtCs5bnmrxaVbhV_7wo_html6parserNtB4_10HtmlParser22html_to_xml_compatible0B6_
FNDA:0,_RNCNvMNtCs5bnmrxaVbhV_7wo_html6parserNtB4_10HtmlParser22html_to_xml_compatibles_0B6_
FNDA:0,_RNCNvMNtCs5bnmrxaVbhV_7wo_html6parserNtB4_10HtmlParser5parse0B6_
FNDA:0,_RNCNvMNtCs5bnmrxaVbhV_7wo_html6parserNtB4_10HtmlParser5parses0_0B6_
FNDA:0,_RNCNvMNtCs5bnmrxaVbhV_7wo_html6parserNtB4_10HtmlParser5parses1_0B6_
FNDA:0,_RNCNvMNtCs5bnmrxaVbhV_7wo_html6parserNtB4_10HtmlParser5parses_0B6_
FNDA:0,_RNCNvNtCs5bnmrxaVbhV_7wo_html6parser11direct_text0B5_
FNDA:0,_RNCNvNtCs5bnmrxaVbhV_7wo_html6parser11direct_texts_0B5_
FNDA:0,_RNCNvNtCs5bnmrxaVbhV_7wo_html6parser17children_with_tag0B5_
FNDA:0,_RNCNvNtCs5bnmrxaVbhV_7wo_html6parser4attr0B5_
FNDA:0,_RNvMNtCs5bnmrxaVbhV_7wo_html6parserNtB2_10HtmlParser10parse_body
FNDA:0,_RNvMNtCs5bnmrxaVbhV_7wo_html6parserNtB2_10HtmlParser10parse_head
FNDA:0,_RNvMNtCs5bnmrxaVbhV_7wo_html6parserNtB2_10HtmlParser11parse_table
FNDA:0,_RNvMNtCs5bnmrxaVbhV_7wo_html6parserNtB2_10HtmlParser15parse_table_row
FNDA:0,_RNvMNtCs5bnmrxaVbhV_7wo_html6parserNtB2_10HtmlParser16parse_list_items
FNDA:0,_RNvMNtCs5bnmrxaVbhV_7wo_html6parserNtB2_10HtmlParser17escape_ampersands
FNDA:0,_RNvMNtCs5bnmrxaVbhV_7wo_html6parserNtB2_10HtmlParser17parse_to_document
FNDA:0,_RNvMNtCs5bnmrxaVbhV_7wo_html6parserNtB2_10HtmlParser20count_words_in_block
FNDA:0,_RNvMNtCs5bnmrxaVbhV_7wo_html6parserNtB2_10HtmlParser20parse_block_elements
FNDA:0,_RNvMNtCs5bnmrxaVbhV_7wo_html6parserNtB2_10HtmlParser21count_words_in_inline
FNDA:0,_RNvMNtCs5bnmrxaVbhV_7wo_html6parserNtB2_10HtmlParser21parse_inline_elements
FNDA:0,_RNvMNtCs5bnmrxaVbhV_7wo_html6parserNtB2_10HtmlParser22html_to_xml_compatible
FNDA:0,_RNvMNtCs5bnmrxaVbhV_7wo_html6parserNtB2_10HtmlParser3new
FNDA:0,_RNvMNtCs5bnmrxaVbhV_7wo_html6parserNtB2_10HtmlParser5parse
FNDA:0,_RNvNtCs5bnmrxaVbhV_7wo_html6parser11direct_text
FNDA:0,_RNvNtCs5bnmrxaVbhV_7wo_html6parser17children_with_tag
FNDA:0,_RNvNtCs5bnmrxaVbhV_7wo_html6parser4attr
FNDA:0,_RNvNtCs5bnmrxaVbhV_7wo_html6parser9node_text
FNDA:0,_RNvXs_NtCs5bnmrxaVbhV_7wo_html6parserNtB4_10HtmlParserNtNtCsbwefsVELSfr_4core7default7Default7default
FNDA:0,_RNCNvNtCsiaNfYHak1Ar_7wo_html6parser5child0B5_
FNDA:0,_RNvNtCsiaNfYHak1Ar_7wo_html6parser5child
FNDA:0,_RNvXs_NtCsiaNfYHak1Ar_7wo_html6parserNtB4_10HtmlParserNtNtCsbwefsVELSfr_4core7default7Default7default
FNDA:2,_RNCNvMNtCsiaNfYHak1Ar_7wo_html6parserNtB4_10HtmlParser10parse_head0B6_
FNDA:6,_RNCNvMNtCsiaNfYHak1Ar_7wo_html6parserNtB4_10HtmlParser15parse_table_row0B6_
FNDA:1,_RNCNvMNtCsiaNfYHak1Ar_7wo_html6parserNtB4_10HtmlParser15parse_table_rows0_0B6_
FNDA:1,_RNCNvMNtCsiaNfYHak1Ar_7wo_html6parserNtB4_10HtmlParser15parse_table_rows_0B6_
FNDA:0,_RNCNvMNtCsiaNfYHak1Ar_7wo_html6parserNtB4_10HtmlParser17escape_ampersands0B6_
FNDA:0,_RNCNvMNtCsiaNfYHak1Ar_7wo_html6parserNtB4_10HtmlParser17escape_ampersandss0_0B6_
FNDA:0,_RNCNvMNtCsiaNfYHak1Ar_7wo_html6parserNtB4_10HtmlParser17escape_ampersandss_0B6_
FNDA:1,_RNCNvMNtCsiaNfYHak1Ar_7wo_html6parserNtB4_10HtmlParser17parse_to_document0B6_
FNDA:0,_RNCNvMNtCsiaNfYHak1Ar_7wo_html6parserNtB4_10HtmlParser20count_words_in_block0B6_
FNDA:0,_RNCNvMNtCsiaNfYHak1Ar_7wo_html6parserNtB4_10HtmlParser20count_words_in_blocks0_0B6_
FNDA:0,_RNCNvMNtCsiaNfYHak1Ar_7wo_html6parserNtB4_10HtmlParser20count_words_in_blocks1_0B6_
FNDA:0,_RNCNvMNtCsiaNfYHak1Ar_7wo_html6parserNtB4_10HtmlParser20count_words_in_blocks2_0B6_
FNDA:0,_RNCNvMNtCsiaNfYHak1Ar_7wo_html6parserNtB4_10HtmlParser20count_words_in_blocks_0B6_
FNDA:1,_RNCNvMNtCsiaNfYHak1Ar_7wo_html6parserNtB4_10HtmlParser20parse_block_elements0B6_
FNDA:0,_RNCNvMNtCsiaNfYHak1Ar_7wo_html6parserNtB4_10HtmlParser22html_to_xml_compatible0B6_
FNDA:10,_RNCNvMNtCsiaNfYHak1Ar_7wo_html6parserNtB4_10HtmlParser22html_to_xml_compatibles_0B6_
FNDA:0,_RNCNvMNtCsiaNfYHak1Ar_7wo_html6parserNtB4_10HtmlParser5parse0B6_
FNDA:103,_RNCNvMNtCsiaNfYHak1Ar_7wo_html6parserNtB4_10HtmlParser5parses0_0B6_
FNDA:4,_RNCNvMNtCsiaNfYHak1Ar_7wo_html6parserNtB4_10HtmlParser5parses1_0B6_
FNDA:0,_RNCNvMNtCsiaNfYHak1Ar_7wo_html6parserNtB4_10HtmlParser5parses_0B6_
FNDA:0,_RNCNvNtCsiaNfYHak1Ar_7wo_html6parser11direct_text0B5_
FNDA:0,_RNCNvNtCsiaNfYHak1Ar_7wo_html6parser11direct_texts_0B5_
FNDA:8,_RNCNvNtCsiaNfYHak1Ar_7wo_html6parser17children_with_tag0B5_
FNDA:23,_RNCNvNtCsiaNfYHak1Ar_7wo_html6parser4attr0B5_
FNDA:1,_RNvNtNtCsiaNfYHak1Ar_7wo_html6parser5testss_15test_parse_list
FNDA:1,_RNvNtNtCsiaNfYHak1Ar_7wo_html6parser5testss_16test_parse_table
FNDA:1,_RNvNtNtCsiaNfYHak1Ar_7wo_html6parser5testss_17test_is_html_file
FNDA:1,_RNvNtNtCsiaNfYHak1Ar_7wo_html6parser5testss_19test_parse_headings
FNDA:1,_RNvNtNtCsiaNfYHak1Ar_7wo_html6parser5testss_19test_parse_pre_code
FNDA:1,_RNvNtNtCsiaNfYHak1Ar_7wo_html6parser5testss_21test_parse_blockquote
FNDA:1,_RNvNtNtCsiaNfYHak1Ar_7wo_html6parser5testss_21test_parse_empty_body
FNDA:1,_RNvNtNtCsiaNfYHak1Ar_7wo_html6parser5testss_22test_parse_code_inline
FNDA:1,_RNvNtNtCsiaNfYHak1Ar_7wo_html6parser5testss_22test_parse_nested_divs
FNDA:1,_RNvNtNtCsiaNfYHak1Ar_7wo_html6parser5testss_22test_parse_simple_html
FNDA:1,_RNvNtNtCsiaNfYHak1Ar_7wo_html6parser5testss_22test_parse_to_document
FNDA:1,_RNvNtNtCsiaNfYHak1Ar_7wo_html6parser5testss_23test_parse_meta_charset
FNDA:1,_RNvNtNtCsiaNfYHak1Ar_7wo_html6parser5testss_24test_parse_void_elements
FNDA:1,_RNvNtNtCsiaNfYHak1Ar_7wo_html6parser5testss_24test_serialize_roundtrip
FNDA:1,_RNvNtNtCsiaNfYHak1Ar_7wo_html6parser5testss_25test_parse_div_with_class
FNDA:1,_RNvNtNtCsiaNfYHak1Ar_7wo_html6parser5testss_25test_parse_malformed_html
FNDA:1,_RNvNtNtCsiaNfYHak1Ar_7wo_html6parser5testss_27test_parse_links_and_images
FNDA:1,_RNvNtNtCsiaNfYHak1Ar_7wo_html6parser5testss_28test_parse_nested_formatting
FNDA:1,_RNvNtNtCsiaNfYHak1Ar_7wo_html6parser5testss_30test_parse_html_with_link_tags
FNDA:1,_RNvNtNtCsiaNfYHak1Ar_7wo_html6parser5testss_31test_parse_html_with_attributes
FNDA:1,_RNvNtNtCsiaNfYHak1Ar_7wo_html6parser5testss_31test_parse_html_without_doctype
FNDA:1,_RNvNtNtCsiaNfYHak1Ar_7wo_html6parser5testss_37test_parse_table_with_colspan_rowspan
FNDA:1,_RNvNtNtCsiaNfYHak1Ar_7wo_html6parser5testss_50test_parse_strikethrough_and_subscript_superscript
FNDA:2,_RNCNvNtNtCsiaNfYHak1Ar_7wo_html6parser5testss_22test_parse_code_inline0B7_
FNDA:2,_RNCNvNtNtCsiaNfYHak1Ar_7wo_html6parser5testss_24test_parse_void_elements0B7_
FNDA:1,_RNCNvNtNtCsiaNfYHak1Ar_7wo_html6parser5testss_24test_parse_void_elementss_0B7_
FNDA:1,_RNCNvNtNtCsiaNfYHak1Ar_7wo_html6parser5testss_31test_parse_html_with_attributes0B7_
FNDA:1,_RNCNvNtNtCsiaNfYHak1Ar_7wo_html6parser5testss_50test_parse_strikethrough_and_subscript_superscript0B7_
FNDA:5,_RNCNvNtNtCsiaNfYHak1Ar_7wo_html6parser5testss_50test_parse_strikethrough_and_subscript_superscripts0_0B7_
FNDA:3,_RNCNvNtNtCsiaNfYHak1Ar_7wo_html6parser5testss_50test_parse_strikethrough_and_subscript_superscripts_0B7_
FNDA:25,_RNvMNtCsiaNfYHak1Ar_7wo_html6parserNtB2_10HtmlParser10parse_body
FNDA:25,_RNvMNtCsiaNfYHak1Ar_7wo_html6parserNtB2_10HtmlParser10parse_head
FNDA:3,_RNvMNtCsiaNfYHak1Ar_7wo_html6parserNtB2_10HtmlParser11parse_table
FNDA:6,_RNvMNtCsiaNfYHak1Ar_7wo_html6parserNtB2_10HtmlParser15parse_table_row
FNDA:3,_RNvMNtCsiaNfYHak1Ar_7wo_html6parserNtB2_10HtmlParser16parse_list_items
FNDA:25,_RNvMNtCsiaNfYHak1Ar_7wo_html6parserNtB2_10HtmlParser17escape_ampersands
FNDA:1,_RNvMNtCsiaNfYHak1Ar_7wo_html6parserNtB2_10HtmlParser17parse_to_document
FNDA:1,_RNvMNtCsiaNfYHak1Ar_7wo_html6parserNtB2_10HtmlParser20count_words_in_block
FNDA:29,_RNvMNtCsiaNfYHak1Ar_7wo_html6parserNtB2_10HtmlParser20parse_block_elements
FNDA:1,_RNvMNtCsiaNfYHak1Ar_7wo_html6parserNtB2_10HtmlParser21count_words_in_inline
FNDA:54,_RNvMNtCsiaNfYHak1Ar_7wo_html6parserNtB2_10HtmlParser21parse_inline_elements
FNDA:25,_RNvMNtCsiaNfYHak1Ar_7wo_html6parserNtB2_10HtmlParser22html_to_xml_compatible
FNDA:25,_RNvMNtCsiaNfYHak1Ar_7wo_html6parserNtB2_10HtmlParser3new
FNDA:25,_RNvMNtCsiaNfYHak1Ar_7wo_html6parserNtB2_10HtmlParser5parse
FNDA:0,_RNvNtCsiaNfYHak1Ar_7wo_html6parser11direct_text
FNDA:5,_RNvNtCsiaNfYHak1Ar_7wo_html6parser17children_with_tag
FNDA:91,_RNvNtCsiaNfYHak1Ar_7wo_html6parser4attr
FNDA:13,_RNvNtCsiaNfYHak1Ar_7wo_html6parser9node_text
FNF:75
FNH:58
DA:7,13
DA:8,13
DA:9,24
DA:10,24
DA:11,11
DA:12,11
DA:13,11
DA:14,13
DA:16,13
DA:17,13
DA:19,0
DA:20,0
DA:21,0
DA:22,0
DA:23,0
DA:24,0
DA:25,0
DA:26,0
DA:29,0
DA:30,0
DA:31,0
DA:32,0
DA:33,0
DA:34,0
DA:36,5
DA:37,5
DA:38,5
DA:39,5
DA:40,8
DA:41,5
DA:43,91
DA:44,91
DA:45,91
DA:55,25
DA:56,25
DA:57,25
DA:59,25
DA:60,25
DA:61,0
DA:62,0
DA:63,0
DA:65,25
DA:66,25
DA:67,0
DA:68,0
DA:69,0
DA:71,25
DA:72,25
DA:74,25
DA:75,25
DA:76,103
DA:77,25
DA:78,4
DA:79,4
DA:80,4
DA:81,4
DA:82,4
DA:84,25
DA:85,25
DA:86,2
DA:87,2
DA:89,25
DA:90,25
DA:92,57
DA:93,57
DA:94,57
DA:95,32
DA:96,7
DA:100,25
DA:101,25
DA:102,25
DA:103,25
DA:104,25
DA:105,25
DA:106,25
DA:108,25
DA:111,25
DA:113,25
DA:114,25
DA:116,25
DA:117,25
DA:119,25
DA:120,25
DA:121,25
DA:122,0
DA:123,0
DA:124,0
DA:125,25
DA:127,25
DA:128,25
DA:130,375
DA:131,350
DA:132,350
DA:133,350
DA:134,350
DA:135,350
DA:136,350
DA:137,350
DA:138,10
DA:139,10
DA:140,7
DA:142,3
DA:144,10
DA:145,350
DA:148,25
DA:150,25
DA:151,25
DA:153,25
DA:154,25
DA:155,25
DA:156,25
DA:157,3242
DA:158,3217
DA:159,0
DA:160,0
DA:161,0
DA:162,0
DA:163,0
DA:165,0
DA:166,0
DA:167,0
DA:168,0
DA:169,0
DA:170,0
DA:171,0
DA:172,0
DA:173,0
DA:174,0
DA:175,0
DA:176,0
DA:177,0
DA:178,3217
DA:179,3217
DA:180,3217
DA:181,3217
DA:183,25
DA:184,25
DA:186,25
DA:187,25
DA:189,25
DA:190,21
DA:191,21
DA:192,9
DA:193,9
DA:194,12
DA:195,3
DA:196,3
DA:197,3
DA:198,3
DA:199,3
DA:200,3
DA:201,3
DA:202,3
DA:204,9
DA:205,0
DA:206,0
DA:207,0
DA:208,0
DA:210,9
DA:211,2
DA:212,2
DA:213,2
DA:214,2
DA:215,2
DA:216,2
DA:217,7
DA:221,25
DA:222,25
DA:224,25
DA:225,25
DA:226,25
DA:227,25
DA:228,25
DA:230,29
DA:231,29
DA:233,86
DA:234,86
DA:235,44
DA:236,44
DA:237,44
DA:238,0
DA:239,0
DA:240,0
DA:241,0
DA:242,0
DA:243,0
DA:244,44
DA:245,44
DA:246,42
DA:248,42
DA:249,0
DA:250,42
DA:252,42
DA:253,42
DA:255,42
DA:256,42
DA:257,9
DA:258,9
DA:259,9
DA:260,9
DA:261,9
DA:262,9
DA:263,9
DA:264,33
DA:265,18
DA:266,18
DA:267,18
DA:268,18
DA:269,18
DA:270,15
DA:271,3
DA:272,3
DA:273,3
DA:274,3
DA:275,3
DA:276,3
DA:277,12
DA:278,2
DA:279,2
DA:280,2
DA:281,2
DA:282,2
DA:283,10
DA:284,1
DA:285,1
DA:286,1
DA:287,1
DA:288,1
DA:289,1
DA:291,9
DA:292,3
DA:293,3
DA:294,3
DA:295,3
DA:296,3
DA:297,6
DA:298,1
DA:299,1
DA:300,1
DA:301,1
DA:302,1
DA:303,5
DA:304,1
DA:305,1
DA:306,1
DA:307,4
DA:308,2
DA:309,2
DA:310,2
DA:311,0
DA:312,0
DA:313,0
DA:314,0
DA:315,0
DA:316,0
DA:318,2
DA:319,2
DA:320,0
DA:321,0
DA:322,0
DA:323,0
DA:324,2
DA:329,29
DA:330,29
DA:332,54
DA:333,54
DA:335,69
DA:336,69
DA:337,54
DA:338,54
DA:339,54
DA:340,54
DA:341,54
DA:342,54
DA:343,0
DA:344,54
DA:345,15
DA:347,15
DA:348,0
DA:349,15
DA:351,15
DA:353,15
DA:354,15
DA:355,4
DA:356,4
DA:357,4
DA:358,4
DA:359,0
DA:360,0
DA:361,0
DA:362,0
DA:363,0
DA:364,0
DA:367,11
DA:368,2
DA:369,2
DA:370,2
DA:371,2
DA:372,0
DA:373,0
DA:374,0
DA:375,0
DA:376,0
DA:377,0
DA:380,9
DA:381,1
DA:382,1
DA:383,1
DA:384,1
DA:385,0
DA:386,0
DA:387,0
DA:388,0
DA:389,0
DA:390,0
DA:393,8
DA:394,1
DA:395,1
DA:396,1
DA:397,1
DA:398,0
DA:399,0
DA:400,0
DA:401,0
DA:402,0
DA:403,0
DA:406,7
DA:407,1
DA:408,1
DA:409,1
DA:410,1
DA:411,0
DA:412,0
DA:413,0
DA:414,0
DA:415,0
DA:416,0
DA:419,6
DA:420,1
DA:421,1
DA:422,1
DA:423,1
DA:424,0
DA:425,0
DA:426,0
DA:427,0
DA:428,0
DA:429,0
DA:432,5
DA:433,1
DA:434,1
DA:435,1
DA:436,4
DA:437,1
DA:438,1
DA:439,1
DA:440,1
DA:441,1
DA:442,1
DA:443,1
DA:444,1
DA:445,1
DA:446,1
DA:447,0
DA:448,0
DA:449,0
DA:450,0
DA:451,0
DA:452,0
DA:453,0
DA:454,0
DA:457,3
DA:458,2
DA:459,2
DA:460,2
DA:461,2
DA:462,2
DA:463,1
DA:464,1
DA:465,1
DA:467,0
DA:468,0
DA:469,0
DA:470,0
DA:475,54
DA:476,54
DA:478,3
DA:479,3
DA:480,6
DA:481,6
DA:482,6
DA:483,6
DA:484,6
DA:485,3
DA:486,3
DA:488,3
DA:489,3
DA:491,13
DA:492,13
DA:493,13
DA:494,2
DA:495,2
DA:496,2
DA:498,11
DA:499,4
DA:500,4
DA:501,7
DA:505,3
DA:506,3
DA:508,6
DA:509,6
DA:510,6
DA:512,10
DA:513,10
DA:514,10
DA:515,10
DA:516,10
DA:517,10
DA:518,10
DA:519,10
DA:520,10
DA:521,10
DA:522,10
DA:523,10
DA:524,10
DA:525,10
DA:526,0
DA:529,6
DA:530,6
DA:532,1
DA:533,1
DA:535,1
DA:537,1
DA:538,1
DA:539,1
DA:540,1
DA:541,1
DA:542,1
DA:544,1
DA:545,1
DA:546,1
DA:547,1
DA:548,1
DA:549,1
DA:550,1
DA:551,1
DA:552,1
DA:553,1
DA:554,1
DA:555,1
DA:557,1
DA:558,1
DA:559,0
DA:560,1
DA:561,0
DA:562,0
DA:564,0
DA:565,0
DA:566,0
DA:567,0
DA:568,0
DA:570,0
DA:571,0
DA:572,0
DA:573,0
DA:574,0
DA:575,0
DA:576,0
DA:578,0
DA:579,0
DA:581,1
DA:583,1
DA:584,1
DA:585,2
DA:586,1
DA:587,1
DA:588,1
DA:589,1
DA:590,0
DA:591,0
DA:592,0
DA:593,0
DA:594,0
DA:595,0
DA:596,0
DA:597,0
DA:598,0
DA:599,0
DA:600,0
DA:601,0
DA:602,0
DA:605,1
DA:606,1
DA:610,0
DA:611,0
DA:612,0
DA:621,1
DA:622,1
DA:623,1
DA:624,1
DA:625,1
DA:626,1
DA:627,1
DA:628,1
DA:629,1
DA:630,1
DA:631,1
DA:632,1
DA:633,1
DA:636,1
DA:637,1
DA:640,1
DA:643,1
DA:644,1
DA:645,1
DA:646,1
DA:647,1
DA:648,1
DA:649,1
DA:650,1
DA:651,1
DA:653,1
DA:654,1
DA:655,1
DA:657,0
DA:660,1
DA:661,1
DA:662,1
DA:663,1
DA:665,0
DA:667,1
DA:670,1
DA:671,1
DA:672,1
DA:673,1
DA:674,1
DA:675,1
DA:676,1
DA:677,1
DA:678,1
DA:679,1
DA:680,1
DA:681,1
DA:682,1
DA:683,1
DA:684,1
DA:685,1
DA:687,0
DA:689,1
DA:692,1
DA:693,1
DA:694,1
DA:695,1
DA:696,1
DA:697,1
DA:698,1
DA:699,1
DA:700,1
DA:702,1
DA:703,1
DA:704,1
DA:705,1
DA:706,1
DA:708,0
DA:710,0
DA:713,1
DA:714,1
DA:715,1
DA:716,1
DA:717,1
DA:718,1
DA:720,0
DA:722,0
DA:724,1
DA:727,1
DA:728,1
DA:729,1
DA:730,1
DA:731,1
DA:732,1
DA:733,1
DA:734,1
DA:735,1
DA:736,6
DA:737,6
DA:738,6
DA:739,6
DA:741,0
DA:744,1
DA:747,1
DA:748,1
DA:749,1
DA:750,1
DA:751,1
DA:752,1
DA:753,1
DA:754,1
DA:755,1
DA:756,1
DA:758,0
DA:760,1
DA:763,1
DA:764,1
DA:765,1
DA:766,1
DA:767,1
DA:768,1
DA:769,1
DA:770,1
DA:771,1
DA:772,1
DA:773,1
DA:774,1
DA:776,0
DA:778,1
DA:781,1
DA:782,1
DA:783,1
DA:784,1
DA:785,1
DA:786,1
DA:787,1
DA:788,1
DA:789,1
DA:790,1
DA:791,1
DA:792,1
DA:793,1
DA:794,1
DA:795,1
DA:796,1
DA:798,0
DA:801,0
DA:804,0
DA:806,1
DA:809,1
DA:810,1
DA:811,1
DA:812,1
DA:813,1
DA:814,1
DA:815,1
DA:816,1
DA:817,1
DA:818,1
DA:820,1
DA:821,1
DA:822,1
DA:823,1
DA:824,2
DA:826,0
DA:829,1
DA:830,1
DA:834,1
DA:835,1
DA:836,1
DA:837,1
DA:838,1
DA:840,0
DA:842,1
DA:845,1
DA:846,1
DA:847,1
DA:848,1
DA:849,1
DA:850,1
DA:851,1
DA:852,1
DA:853,1
DA:854,1
DA:855,1
DA:856,1
DA:857,1
DA:858,1
DA:861,1
DA:862,1
DA:863,1
DA:864,1
DA:865,1
DA:866,1
DA:867,1
DA:868,1
DA:869,1
DA:870,1
DA:871,1
DA:872,1
DA:875,1
DA:876,1
DA:877,1
DA:878,1
DA:879,1
DA:880,1
DA:881,1
DA:882,1
DA:883,1
DA:884,1
DA:885,1
DA:886,1
DA:887,1
DA:890,1
DA:891,1
DA:892,1
DA:893,1
DA:894,1
DA:895,1
DA:896,1
DA:897,1
DA:898,1
DA:899,1
DA:901,1
DA:902,1
DA:904,1
DA:905,1
DA:906,1
DA:907,1
DA:908,1
DA:909,1
DA:912,1
DA:913,1
DA:914,1
DA:915,1
DA:916,1
DA:917,1
DA:918,1
DA:919,1
DA:920,1
DA:921,1
DA:922,1
DA:923,1
DA:924,1
DA:925,1
DA:926,1
DA:927,1
DA:928,1
DA:931,1
DA:932,1
DA:933,1
DA:934,1
DA:935,1
DA:936,1
DA:937,1
DA:938,1
DA:940,1
DA:941,1
DA:942,1
DA:944,1
DA:945,1
DA:946,1
DA:948,0
DA:950,1
DA:953,1
DA:954,1
DA:955,1
DA:956,1
DA:957,1
DA:958,1
DA:959,1
DA:960,1
DA:961,1
DA:962,1
DA:963,1
DA:964,1
DA:965,1
DA:968,1
DA:969,1
DA:970,1
DA:971,1
DA:972,1
DA:973,1
DA:974,1
DA:975,1
DA:976,1
DA:977,1
DA:978,1
DA:980,0
DA:982,0
DA:984,1
DA:987,1
DA:988,1
DA:989,1
DA:990,1
DA:991,1
DA:992,1
DA:993,1
DA:994,1
DA:995,1
DA:996,1
DA:997,1
DA:998,1
DA:999,1
DA:1000,1
DA:1001,3
DA:1002,1
DA:1003,1
DA:1004,5
DA:1006,0
DA:1008,1
DA:1011,1
DA:1012,1
DA:1013,1
DA:1014,1
DA:1015,1
DA:1016,1
DA:1017,1
DA:1018,1
DA:1019,1
DA:1020,1
DA:1021,1
DA:1022,2
DA:1023,1
DA:1024,1
DA:1025,1
DA:1026,0
DA:1028,0
DA:1030,1
DA:1033,1
DA:1034,1
DA:1035,1
DA:1036,1
DA:1037,1
DA:1038,1
DA:1039,1
DA:1040,1
DA:1041,1
DA:1042,1
DA:1043,1
DA:1044,1
DA:1045,1
DA:1046,1
DA:1047,1
DA:1048,1
DA:1050,0
DA:1052,1
DA:1055,1
DA:1056,1
DA:1057,1
DA:1058,1
DA:1059,1
DA:1060,1
DA:1061,1
DA:1062,1
DA:1065,1
DA:1066,1
DA:1067,1
DA:1068,1
DA:1069,1
DA:1070,1
DA:1071,1
DA:1074,1
DA:1075,1
DA:1076,1
DA:1077,1
DA:1078,1
DA:1079,1
DA:1080,1
DA:1081,1
DA:1082,1
DA:1083,1
DA:1084,1
DA:1085,1
BRF:0
BRH:0
LF:892
LH:710
end_of_record
SF:/home/weiss/git/World-Office/server/core/crates/wo-html/src/roundtrip.rs
FN:39,_RNCNvXs0_NtCs6xWu4OsQ3C8_7wo_html9roundtripNtB7_13HtmlRoundtripNtNtCs5lji8KZmICr_9wo_common12test_harness15FormatRoundtrip5parse0B9_
FN:23,_RNvMNtCs5bnmrxaVbhV_7wo_html9roundtripNtB2_13HtmlRoundtrip3new
FN:37,_RNvXs0_NtCs5bnmrxaVbhV_7wo_html9roundtripNtB5_13HtmlRoundtripNtNtCsiDKnaJ7pGfC_9wo_common12test_harness15FormatRoundtrip5parse
FN:44,_RNvXs0_NtCs5bnmrxaVbhV_7wo_html9roundtripNtB5_13HtmlRoundtripNtNtCsiDKnaJ7pGfC_9wo_common12test_harness15FormatRoundtrip9serialize
FN:31,_RNvXs_NtCs5bnmrxaVbhV_7wo_html9roundtripNtB4_13HtmlRoundtripNtNtCsbwefsVELSfr_4core7default7Default7default
FN:39,_RNCNvXs0_NtCs5bnmrxaVbhV_7wo_html9roundtripNtB7_13HtmlRoundtripNtNtCsiDKnaJ7pGfC_9wo_common12test_harness15FormatRoundtrip5parse0B9_
FN:31,_RNvXs_NtCsiaNfYHak1Ar_7wo_html9roundtripNtB4_13HtmlRoundtripNtNtCsbwefsVELSfr_4core7default7Default7default
FN:39,_RNCNvXs0_NtCsiaNfYHak1Ar_7wo_html9roundtripNtB7_13HtmlRoundtripNtNtCsiDKnaJ7pGfC_9wo_common12test_harness15FormatRoundtrip5parse0B9_
FN:23,_RNvMNtCsiaNfYHak1Ar_7wo_html9roundtripNtB2_13HtmlRoundtrip3new
FN:37,_RNvXs0_NtCsiaNfYHak1Ar_7wo_html9roundtripNtB5_13HtmlRoundtripNtNtCsiDKnaJ7pGfC_9wo_common12test_harness15FormatRoundtrip5parse
FN:44,_RNvXs0_NtCsiaNfYHak1Ar_7wo_html9roundtripNtB5_13HtmlRoundtripNtNtCsiDKnaJ7pGfC_9wo_common12test_harness15FormatRoundtrip9serialize
FN:58,_RNvNtNtCsiaNfYHak1Ar_7wo_html9roundtrip5testss_21test_roundtrip_simple
FN:78,_RNvNtNtCsiaNfYHak1Ar_7wo_html9roundtrip5testss_25test_roundtrip_with_table
FN:69,_RNvNtNtCsiaNfYHak1Ar_7wo_html9roundtrip5testss_30test_roundtrip_with_formatting
FNDA:0,_RNCNvXs0_NtCs6xWu4OsQ3C8_7wo_html9roundtripNtB7_13HtmlRoundtripNtNtCs5lji8KZmICr_9wo_common12test_harness15FormatRoundtrip5parse0B9_
FNDA:0,_RNvMNtCs5bnmrxaVbhV_7wo_html9roundtripNtB2_13HtmlRoundtrip3new
FNDA:0,_RNvXs0_NtCs5bnmrxaVbhV_7wo_html9roundtripNtB5_13HtmlRoundtripNtNtCsiDKnaJ7pGfC_9wo_common12test_harness15FormatRoundtrip5parse
FNDA:0,_RNvXs0_NtCs5bnmrxaVbhV_7wo_html9roundtripNtB5_13HtmlRoundtripNtNtCsiDKnaJ7pGfC_9wo_common12test_harness15FormatRoundtrip9serialize
FNDA:0,_RNvXs_NtCs5bnmrxaVbhV_7wo_html9roundtripNtB4_13HtmlRoundtripNtNtCsbwefsVELSfr_4core7default7Default7default
FNDA:0,_RNCNvXs0_NtCs5bnmrxaVbhV_7wo_html9roundtripNtB7_13HtmlRoundtripNtNtCsiDKnaJ7pGfC_9wo_common12test_harness15FormatRoundtrip5parse0B9_
FNDA:0,_RNvXs_NtCsiaNfYHak1Ar_7wo_html9roundtripNtB4_13HtmlRoundtripNtNtCsbwefsVELSfr_4core7default7Default7default
FNDA:0,_RNCNvXs0_NtCsiaNfYHak1Ar_7wo_html9roundtripNtB7_13HtmlRoundtripNtNtCsiDKnaJ7pGfC_9wo_common12test_harness15FormatRoundtrip5parse0B9_
FNDA:3,_RNvMNtCsiaNfYHak1Ar_7wo_html9roundtripNtB2_13HtmlRoundtrip3new
FNDA:3,_RNvXs0_NtCsiaNfYHak1Ar_7wo_html9roundtripNtB5_13HtmlRoundtripNtNtCsiDKnaJ7pGfC_9wo_common12test_harness15FormatRoundtrip5parse
FNDA:3,_RNvXs0_NtCsiaNfYHak1Ar_7wo_html9roundtripNtB5_13HtmlRoundtripNtNtCsiDKnaJ7pGfC_9wo_common12test_harness15FormatRoundtrip9serialize
FNDA:1,_RNvNtNtCsiaNfYHak1Ar_7wo_html9roundtrip5testss_21test_roundtrip_simple
FNDA:1,_RNvNtNtCsiaNfYHak1Ar_7wo_html9roundtrip5testss_25test_roundtrip_with_table
FNDA:1,_RNvNtNtCsiaNfYHak1Ar_7wo_html9roundtrip5testss_30test_roundtrip_with_formatting
FNF:8
FNH:6
DA:23,3
DA:24,3
DA:25,3
DA:26,3
DA:27,3
DA:31,0
DA:32,0
DA:33,0
DA:37,3
DA:38,3
DA:39,3
DA:40,3
DA:41,3
DA:42,3
DA:44,3
DA:45,3
DA:46,3
DA:47,3
DA:48,3
DA:49,3
DA:50,3
DA:58,1
DA:59,1
DA:60,1
DA:61,1
DA:62,1
DA:64,1
DA:65,1
DA:66,1
DA:69,1
DA:70,1
DA:71,1
DA:72,1
DA:73,1
DA:74,1
DA:75,1
DA:78,1
DA:79,1
DA:80,1
DA:81,1
DA:82,1
DA:83,1
DA:84,1
BRF:0
BRH:0
LF:44
LH:40
end_of_record
SF:/home/weiss/git/World-Office/server/core/crates/wo-html/src/serializer.rs
FN:102,_RNvMNtCs6xWu4OsQ3C8_7wo_html10serializerNtB2_14HtmlSerializer14serialize_body
FN:60,_RNvMNtCs6xWu4OsQ3C8_7wo_html10serializerNtB2_14HtmlSerializer14serialize_head
FN:112,_RNvMNtCs6xWu4OsQ3C8_7wo_html10serializerNtB2_14HtmlSerializer15serialize_block
FN:261,_RNvMNtCs6xWu4OsQ3C8_7wo_html10serializerNtB2_14HtmlSerializer16serialize_inline
FN:40,_RNvMNtCs6xWu4OsQ3C8_7wo_html10serializerNtB2_14HtmlSerializer3new
FN:44,_RNvMNtCs6xWu4OsQ3C8_7wo_html10serializerNtB2_14HtmlSerializer9serialize
FN:5,_RNvNtCs6xWu4OsQ3C8_7wo_html10serializer11escape_attr
FN:21,_RNvNtCs6xWu4OsQ3C8_7wo_html10serializer11escape_text
FN:340,_RNvXs_NtCs6xWu4OsQ3C8_7wo_html10serializerNtB4_14HtmlSerializerNtNtCsbwefsVELSfr_4core7default7Default7default
FN:102,_RNvMNtCs5bnmrxaVbhV_7wo_html10serializerNtB2_14HtmlSerializer14serialize_body
FN:60,_RNvMNtCs5bnmrxaVbhV_7wo_html10serializerNtB2_14HtmlSerializer14serialize_head
FN:112,_RNvMNtCs5bnmrxaVbhV_7wo_html10serializerNtB2_14HtmlSerializer15serialize_block
FN:261,_RNvMNtCs5bnmrxaVbhV_7wo_html10serializerNtB2_14HtmlSerializer16serialize_inline
FN:40,_RNvMNtCs5bnmrxaVbhV_7wo_html10serializerNtB2_14HtmlSerializer3new
FN:44,_RNvMNtCs5bnmrxaVbhV_7wo_html10serializerNtB2_14HtmlSerializer9serialize
FN:5,_RNvNtCs5bnmrxaVbhV_7wo_html10serializer11escape_attr
FN:21,_RNvNtCs5bnmrxaVbhV_7wo_html10serializer11escape_text
FN:340,_RNvXs_NtCs5bnmrxaVbhV_7wo_html10serializerNtB4_14HtmlSerializerNtNtCsbwefsVELSfr_4core7default7Default7default
FN:102,_RNvMNtCsiaNfYHak1Ar_7wo_html10serializerNtB2_14HtmlSerializer14serialize_body
FN:60,_RNvMNtCsiaNfYHak1Ar_7wo_html10serializerNtB2_14HtmlSerializer14serialize_head
FN:112,_RNvMNtCsiaNfYHak1Ar_7wo_html10serializerNtB2_14HtmlSerializer15serialize_block
FN:261,_RNvMNtCsiaNfYHak1Ar_7wo_html10serializerNtB2_14HtmlSerializer16serialize_inline
FN:40,_RNvMNtCsiaNfYHak1Ar_7wo_html10serializerNtB2_14HtmlSerializer3new
FN:44,_RNvMNtCsiaNfYHak1Ar_7wo_html10serializerNtB2_14HtmlSerializer9serialize
FN:5,_RNvNtCsiaNfYHak1Ar_7wo_html10serializer11escape_attr
FN:21,_RNvNtCsiaNfYHak1Ar_7wo_html10serializer11escape_text
FN:340,_RNvXs_NtCsiaNfYHak1Ar_7wo_html10serializerNtB4_14HtmlSerializerNtNtCsbwefsVELSfr_4core7default7Default7default
FN:919,_RNvNtNtCsiaNfYHak1Ar_7wo_html10serializer5testss_19test_serialize_bold
FN:939,_RNvNtNtCsiaNfYHak1Ar_7wo_html10serializer5testss_21test_serialize_italic
FN:360,_RNvNtNtCsiaNfYHak1Ar_7wo_html10serializer5testss_22test_escape_attr_empty
FN:1113,_RNvNtNtCsiaNfYHak1Ar_7wo_html10serializer5testss_24test_serialize_div_plain
FN:679,_RNvNtNtCsiaNfYHak1Ar_7wo_html10serializer5testss_24test_serialize_head_link
FN:1358,_RNvNtNtCsiaNfYHak1Ar_7wo_html10serializer5testss_24test_serialize_link_bare
FN:1385,_RNvNtNtCsiaNfYHak1Ar_7wo_html10serializer5testss_24test_serialize_meta_bare
FN:1249,_RNvNtNtCsiaNfYHak1Ar_7wo_html10serializer5testss_24test_serialize_pre_plain
FN:999,_RNvNtNtCsiaNfYHak1Ar_7wo_html10serializer5testss_24test_serialize_subscript
FN:959,_RNvNtNtCsiaNfYHak1Ar_7wo_html10serializer5testss_24test_serialize_underline
FN:858,_RNvNtNtCsiaNfYHak1Ar_7wo_html10serializer5testss_25test_serialize_blockquote
FN:659,_RNvNtNtCsiaNfYHak1Ar_7wo_html10serializer5testss_25test_serialize_head_style
FN:1330,_RNvNtNtCsiaNfYHak1Ar_7wo_html10serializer5testss_25test_serialize_image_bare
FN:1039,_RNvNtNtCsiaNfYHak1Ar_7wo_html10serializer5testss_25test_serialize_line_break
FN:1057,_RNvNtNtCsiaNfYHak1Ar_7wo_html10serializer5testss_25test_serialize_no_doctype
FN:355,_RNvNtNtCsiaNfYHak1Ar_7wo_html10serializer5testss_26test_escape_attr_no_change
FN:370,_RNvNtNtCsiaNfYHak1Ar_7wo_html10serializer5testss_26test_escape_text_no_change
FN:896,_RNvNtNtCsiaNfYHak1Ar_7wo_html10serializer5testss_26test_serialize_pre_with_id
FN:1019,_RNvNtNtCsiaNfYHak1Ar_7wo_html10serializer5testss_26test_serialize_superscript
FN:1194,_RNvNtNtCsiaNfYHak1Ar_7wo_html10serializer5testss_26test_serialize_table_plain
FN:1071,_RNvNtNtCsiaNfYHak1Ar_7wo_html10serializer5testss_27test_serialize_default_impl
FN:1411,_RNvNtNtCsiaNfYHak1Ar_7wo_html10serializer5testss_28test_serialize_nested_inline
FN:979,_RNvNtNtCsiaNfYHak1Ar_7wo_html10serializer5testss_28test_serialize_strikethrough
FN:747,_RNvNtNtCsiaNfYHak1Ar_7wo_html10serializer5testss_29test_serialize_div_with_class
FN:1439,_RNvNtNtCsiaNfYHak1Ar_7wo_html10serializer5testss_29test_serialize_heading_level1
FN:773,_RNvNtNtCsiaNfYHak1Ar_7wo_html10serializer5testss_29test_serialize_unordered_list
FN:728,_RNvNtNtCsiaNfYHak1Ar_7wo_html10serializer5testss_30test_serialize_heading_with_id
FN:881,_RNvNtNtCsiaNfYHak1Ar_7wo_html10serializer5testss_30test_serialize_horizontal_rule
FN:1225,_RNvNtNtCsiaNfYHak1Ar_7wo_html10serializer5testss_31test_serialize_blockquote_plain
FN:350,_RNvNtNtCsiaNfYHak1Ar_7wo_html10serializer5testss_32test_escape_attr_amps_and_quotes
FN:471,_RNvNtNtCsiaNfYHak1Ar_7wo_html10serializer5testss_32test_serialize_escapes_image_src
FN:435,_RNvNtNtCsiaNfYHak1Ar_7wo_html10serializer5testss_32test_serialize_escapes_link_href
FN:614,_RNvNtNtCsiaNfYHak1Ar_7wo_html10serializer5testss_32test_serialize_head_meta_charset
FN:1089,_RNvNtNtCsiaNfYHak1Ar_7wo_html10serializer5testss_32test_serialize_paragraph_with_id
FN:818,_RNvNtNtCsiaNfYHak1Ar_7wo_html10serializer5testss_32test_serialize_table_with_header
FN:707,_RNvNtNtCsiaNfYHak1Ar_7wo_html10serializer5testss_33test_serialize_heading_without_id
FN:1273,_RNvNtNtCsiaNfYHak1Ar_7wo_html10serializer5testss_33test_serialize_link_without_title
FN:1512,_RNvNtNtCsiaNfYHak1Ar_7wo_html10serializer5testss_33test_serialize_ordered_list_plain
FN:557,_RNvNtNtCsiaNfYHak1Ar_7wo_html10serializer5testss_34test_serialize_escapes_inline_code
FN:531,_RNvNtNtCsiaNfYHak1Ar_7wo_html10serializer5testss_34test_serialize_escapes_pre_content
FN:375,_RNvNtNtCsiaNfYHak1Ar_7wo_html10serializer5testss_35test_serialize_escapes_id_attribute
FN:407,_RNvNtNtCsiaNfYHak1Ar_7wo_html10serializer5testss_35test_serialize_escapes_text_content
FN:1141,_RNvNtNtCsiaNfYHak1Ar_7wo_html10serializer5testss_35test_serialize_unordered_list_plain
FN:365,_RNvNtNtCsiaNfYHak1Ar_7wo_html10serializer5testss_36test_escape_text_amps_angle_brackets
FN:636,_RNvNtNtCsiaNfYHak1Ar_7wo_html10serializer5testss_37test_serialize_head_meta_name_content
FN:505,_RNvNtNtCsiaNfYHak1Ar_7wo_html10serializer5testss_38test_serialize_does_not_escape_rawhtml
FN:585,_RNvNtNtCsiaNfYHak1Ar_7wo_html10serializer5testss_38test_serialize_escapes_html_attributes
FN:1301,_RNvNtNtCsiaNfYHak1Ar_7wo_html10serializer5testss_38test_serialize_image_with_title_no_alt
FN:797,_RNvNtNtCsiaNfYHak1Ar_7wo_html10serializer5testss_38test_serialize_ordered_list_with_start
FN:1491,_RNvNtNtCsiaNfYHak1Ar_7wo_html10serializer5testss_39test_serialize_multiple_html_attributes
FN:1167,_RNvNtNtCsiaNfYHak1Ar_7wo_html10serializer5testss_40test_serialize_ordered_list_with_id_only
FN:1462,_RNvNtNtCsiaNfYHak1Ar_7wo_html10serializer5testss_43test_serialize_blockquote_with_paragraph_id
FNDA:0,_RNvMNtCs6xWu4OsQ3C8_7wo_html10serializerNtB2_14HtmlSerializer14serialize_body
FNDA:0,_RNvMNtCs6xWu4OsQ3C8_7wo_html10serializerNtB2_14HtmlSerializer14serialize_head
FNDA:0,_RNvMNtCs6xWu4OsQ3C8_7wo_html10serializerNtB2_14HtmlSerializer15serialize_block
FNDA:0,_RNvMNtCs6xWu4OsQ3C8_7wo_html10serializerNtB2_14HtmlSerializer16serialize_inline
FNDA:0,_RNvMNtCs6xWu4OsQ3C8_7wo_html10serializerNtB2_14HtmlSerializer3new
FNDA:0,_RNvMNtCs6xWu4OsQ3C8_7wo_html10serializerNtB2_14HtmlSerializer9serialize
FNDA:0,_RNvNtCs6xWu4OsQ3C8_7wo_html10serializer11escape_attr
FNDA:0,_RNvNtCs6xWu4OsQ3C8_7wo_html10serializer11escape_text
FNDA:0,_RNvXs_NtCs6xWu4OsQ3C8_7wo_html10serializerNtB4_14HtmlSerializerNtNtCsbwefsVELSfr_4core7default7Default7default
FNDA:0,_RNvMNtCs5bnmrxaVbhV_7wo_html10serializerNtB2_14HtmlSerializer14serialize_body
FNDA:0,_RNvMNtCs5bnmrxaVbhV_7wo_html10serializerNtB2_14HtmlSerializer14serialize_head
FNDA:0,_RNvMNtCs5bnmrxaVbhV_7wo_html10serializerNtB2_14HtmlSerializer15serialize_block
FNDA:0,_RNvMNtCs5bnmrxaVbhV_7wo_html10serializerNtB2_14HtmlSerializer16serialize_inline
FNDA:0,_RNvMNtCs5bnmrxaVbhV_7wo_html10serializerNtB2_14HtmlSerializer3new
FNDA:0,_RNvMNtCs5bnmrxaVbhV_7wo_html10serializerNtB2_14HtmlSerializer9serialize
FNDA:0,_RNvNtCs5bnmrxaVbhV_7wo_html10serializer11escape_attr
FNDA:0,_RNvNtCs5bnmrxaVbhV_7wo_html10serializer11escape_text
FNDA:0,_RNvXs_NtCs5bnmrxaVbhV_7wo_html10serializerNtB4_14HtmlSerializerNtNtCsbwefsVELSfr_4core7default7Default7default
FNDA:52,_RNvMNtCsiaNfYHak1Ar_7wo_html10serializerNtB2_14HtmlSerializer14serialize_body
FNDA:52,_RNvMNtCsiaNfYHak1Ar_7wo_html10serializerNtB2_14HtmlSerializer14serialize_head
FNDA:48,_RNvMNtCsiaNfYHak1Ar_7wo_html10serializerNtB2_14HtmlSerializer15serialize_block
FNDA:53,_RNvMNtCsiaNfYHak1Ar_7wo_html10serializerNtB2_14HtmlSerializer16serialize_inline
FNDA:52,_RNvMNtCsiaNfYHak1Ar_7wo_html10serializerNtB2_14HtmlSerializer3new
FNDA:52,_RNvMNtCsiaNfYHak1Ar_7wo_html10serializerNtB2_14HtmlSerializer9serialize
FNDA:34,_RNvNtCsiaNfYHak1Ar_7wo_html10serializer11escape_attr
FNDA:51,_RNvNtCsiaNfYHak1Ar_7wo_html10serializer11escape_text
FNDA:1,_RNvXs_NtCsiaNfYHak1Ar_7wo_html10serializerNtB4_14HtmlSerializerNtNtCsbwefsVELSfr_4core7default7Default7default
FNDA:1,_RNvNtNtCsiaNfYHak1Ar_7wo_html10serializer5testss_19test_serialize_bold
FNDA:1,_RNvNtNtCsiaNfYHak1Ar_7wo_html10serializer5testss_21test_serialize_italic
FNDA:1,_RNvNtNtCsiaNfYHak1Ar_7wo_html10serializer5testss_22test_escape_attr_empty
FNDA:1,_RNvNtNtCsiaNfYHak1Ar_7wo_html10serializer5testss_24test_serialize_div_plain
FNDA:1,_RNvNtNtCsiaNfYHak1Ar_7wo_html10serializer5testss_24test_serialize_head_link
FNDA:1,_RNvNtNtCsiaNfYHak1Ar_7wo_html10serializer5testss_24test_serialize_link_bare
FNDA:1,_RNvNtNtCsiaNfYHak1Ar_7wo_html10serializer5testss_24test_serialize_meta_bare
FNDA:1,_RNvNtNtCsiaNfYHak1Ar_7wo_html10serializer5testss_24test_serialize_pre_plain
FNDA:1,_RNvNtNtCsiaNfYHak1Ar_7wo_html10serializer5testss_24test_serialize_subscript
FNDA:1,_RNvNtNtCsiaNfYHak1Ar_7wo_html10serializer5testss_24test_serialize_underline
FNDA:1,_RNvNtNtCsiaNfYHak1Ar_7wo_html10serializer5testss_25test_serialize_blockquote
FNDA:1,_RNvNtNtCsiaNfYHak1Ar_7wo_html10serializer5testss_25test_serialize_head_style
FNDA:1,_RNvNtNtCsiaNfYHak1Ar_7wo_html10serializer5testss_25test_serialize_image_bare
FNDA:1,_RNvNtNtCsiaNfYHak1Ar_7wo_html10serializer5testss_25test_serialize_line_break
FNDA:1,_RNvNtNtCsiaNfYHak1Ar_7wo_html10serializer5testss_25test_serialize_no_doctype
FNDA:1,_RNvNtNtCsiaNfYHak1Ar_7wo_html10serializer5testss_26test_escape_attr_no_change
FNDA:1,_RNvNtNtCsiaNfYHak1Ar_7wo_html10serializer5testss_26test_escape_text_no_change
FNDA:1,_RNvNtNtCsiaNfYHak1Ar_7wo_html10serializer5testss_26test_serialize_pre_with_id
FNDA:1,_RNvNtNtCsiaNfYHak1Ar_7wo_html10serializer5testss_26test_serialize_superscript
FNDA:1,_RNvNtNtCsiaNfYHak1Ar_7wo_html10serializer5testss_26test_serialize_table_plain
FNDA:1,_RNvNtNtCsiaNfYHak1Ar_7wo_html10serializer5testss_27test_serialize_default_impl
FNDA:1,_RNvNtNtCsiaNfYHak1Ar_7wo_html10serializer5testss_28test_serialize_nested_inline
FNDA:1,_RNvNtNtCsiaNfYHak1Ar_7wo_html10serializer5testss_28test_serialize_strikethrough
FNDA:1,_RNvNtNtCsiaNfYHak1Ar_7wo_html10serializer5testss_29test_serialize_div_with_class
FNDA:1,_RNvNtNtCsiaNfYHak1Ar_7wo_html10serializer5testss_29test_serialize_heading_level1
FNDA:1,_RNvNtNtCsiaNfYHak1Ar_7wo_html10serializer5testss_29test_serialize_unordered_list
FNDA:1,_RNvNtNtCsiaNfYHak1Ar_7wo_html10serializer5testss_30test_serialize_heading_with_id
FNDA:1,_RNvNtNtCsiaNfYHak1Ar_7wo_html10serializer5testss_30test_serialize_horizontal_rule
FNDA:1,_RNvNtNtCsiaNfYHak1Ar_7wo_html10serializer5testss_31test_serialize_blockquote_plain
FNDA:1,_RNvNtNtCsiaNfYHak1Ar_7wo_html10serializer5testss_32test_escape_attr_amps_and_quotes
FNDA:1,_RNvNtNtCsiaNfYHak1Ar_7wo_html10serializer5testss_32test_serialize_escapes_image_src
FNDA:1,_RNvNtNtCsiaNfYHak1Ar_7wo_html10serializer5testss_32test_serialize_escapes_link_href
FNDA:1,_RNvNtNtCsiaNfYHak1Ar_7wo_html10serializer5testss_32test_serialize_head_meta_charset
FNDA:1,_RNvNtNtCsiaNfYHak1Ar_7wo_html10serializer5testss_32test_serialize_paragraph_with_id
FNDA:1,_RNvNtNtCsiaNfYHak1Ar_7wo_html10serializer5testss_32test_serialize_table_with_header
FNDA:1,_RNvNtNtCsiaNfYHak1Ar_7wo_html10serializer5testss_33test_serialize_heading_without_id
FNDA:1,_RNvNtNtCsiaNfYHak1Ar_7wo_html10serializer5testss_33test_serialize_link_without_title
FNDA:1,_RNvNtNtCsiaNfYHak1Ar_7wo_html10serializer5testss_33test_serialize_ordered_list_plain
FNDA:1,_RNvNtNtCsiaNfYHak1Ar_7wo_html10serializer5testss_34test_serialize_escapes_inline_code
FNDA:1,_RNvNtNtCsiaNfYHak1Ar_7wo_html10serializer5testss_34test_serialize_escapes_pre_content
FNDA:1,_RNvNtNtCsiaNfYHak1Ar_7wo_html10serializer5testss_35test_serialize_escapes_id_attribute
FNDA:1,_RNvNtNtCsiaNfYHak1Ar_7wo_html10serializer5testss_35test_serialize_escapes_text_content
FNDA:1,_RNvNtNtCsiaNfYHak1Ar_7wo_html10serializer5testss_35test_serialize_unordered_list_plain
FNDA:1,_RNvNtNtCsiaNfYHak1Ar_7wo_html10serializer5testss_36test_escape_text_amps_angle_brackets
FNDA:1,_RNvNtNtCsiaNfYHak1Ar_7wo_html10serializer5testss_37test_serialize_head_meta_name_content
FNDA:1,_RNvNtNtCsiaNfYHak1Ar_7wo_html10serializer5testss_38test_serialize_does_not_escape_rawhtml
FNDA:1,_RNvNtNtCsiaNfYHak1Ar_7wo_html10serializer5testss_38test_serialize_escapes_html_attributes
FNDA:1,_RNvNtNtCsiaNfYHak1Ar_7wo_html10serializer5testss_38test_serialize_image_with_title_no_alt
FNDA:1,_RNvNtNtCsiaNfYHak1Ar_7wo_html10serializer5testss_38test_serialize_ordered_list_with_start
FNDA:1,_RNvNtNtCsiaNfYHak1Ar_7wo_html10serializer5testss_39test_serialize_multiple_html_attributes
FNDA:1,_RNvNtNtCsiaNfYHak1Ar_7wo_html10serializer5testss_40test_serialize_ordered_list_with_id_only
FNDA:1,_RNvNtNtCsiaNfYHak1Ar_7wo_html10serializer5testss_43test_serialize_blockquote_with_paragraph_id
FNF:61
FNH:61
DA:5,34
DA:6,34
DA:7,247
DA:8,247
DA:9,3
DA:10,7
DA:11,2
DA:12,2
DA:13,233
DA:16,34
DA:17,34
DA:21,51
DA:22,51
DA:23,294
DA:24,294
DA:25,4
DA:26,5
DA:27,5
DA:28,280
DA:31,51
DA:32,51
DA:40,52
DA:41,52
DA:42,52
DA:44,52
DA:45,52
DA:46,52
DA:47,18
DA:48,34
DA:49,52
DA:50,55
DA:51,3
DA:52,3
DA:53,52
DA:54,52
DA:55,52
DA:56,52
DA:57,52
DA:58,52
DA:60,52
DA:61,52
DA:62,52
DA:63,52
DA:64,5
DA:65,47
DA:66,55
DA:67,3
DA:68,1
DA:69,1
DA:70,2
DA:71,2
DA:72,1
DA:73,1
DA:74,2
DA:75,1
DA:76,1
DA:77,2
DA:80,53
DA:81,1
DA:82,1
DA:83,1
DA:84,1
DA:85,54
DA:86,2
DA:87,2
DA:88,1
DA:89,1
DA:90,2
DA:91,1
DA:92,1
DA:93,2
DA:94,1
DA:95,1
DA:96,2
DA:98,52
DA:99,52
DA:100,52
DA:102,52
DA:103,52
DA:104,52
DA:105,95
DA:106,43
DA:107,43
DA:108,52
DA:109,52
DA:110,52
DA:112,48
DA:113,48
DA:114,48
DA:116,48
DA:117,4
DA:118,4
DA:119,4
DA:120,2
DA:121,2
DA:122,2
DA:123,2
DA:124,4
DA:125,4
DA:127,24
DA:128,24
DA:129,24
DA:130,3
DA:131,21
DA:132,21
DA:133,21
DA:134,24
DA:135,24
DA:138,2
DA:139,2
DA:140,2
DA:142,2
DA:143,2
DA:144,2
DA:145,1
DA:146,1
DA:147,2
DA:148,1
DA:149,1
DA:150,2
DA:151,4
DA:152,2
DA:153,2
DA:154,2
DA:155,2
DA:157,3
DA:158,3
DA:159,3
DA:160,1
DA:161,2
DA:162,2
DA:163,2
DA:164,8
DA:165,5
DA:166,5
DA:167,5
DA:168,5
DA:169,5
DA:170,3
DA:171,3
DA:173,3
DA:174,3
DA:175,3
DA:176,3
DA:177,1
DA:178,2
DA:179,3
DA:180,1
DA:181,2
DA:182,3
DA:183,6
DA:184,3
DA:185,3
DA:186,3
DA:187,3
DA:188,3
DA:189,3
DA:190,3
DA:192,3
DA:193,3
DA:194,3
DA:195,1
DA:196,2
DA:197,2
DA:198,2
DA:199,7
DA:200,4
DA:201,4
DA:202,9
DA:203,5
DA:204,5
DA:205,5
DA:206,1
DA:207,4
DA:208,4
DA:209,4
DA:210,5
DA:211,5
DA:212,1
DA:213,4
DA:214,4
DA:215,4
DA:217,4
DA:218,4
DA:220,3
DA:221,3
DA:223,3
DA:224,3
DA:225,3
DA:226,2
DA:227,2
DA:228,1
DA:229,1
DA:230,6
DA:231,3
DA:232,3
DA:233,3
DA:234,3
DA:236,3
DA:237,3
DA:238,3
DA:239,1
DA:240,2
DA:241,2
DA:242,2
DA:243,3
DA:244,3
DA:246,2
DA:247,2
DA:248,2
DA:249,2
DA:250,1
DA:251,1
DA:252,1
DA:253,1
DA:254,1
DA:255,1
DA:258,48
DA:259,48
DA:261,53
DA:262,53
DA:263,109
DA:264,56
DA:265,39
DA:266,39
DA:267,39
DA:268,4
DA:269,4
DA:270,4
DA:271,4
DA:272,4
DA:273,2
DA:274,2
DA:275,2
DA:276,2
DA:277,2
DA:278,1
DA:279,1
DA:280,1
DA:281,1
DA:282,1
DA:283,1
DA:284,1
DA:285,1
DA:286,1
DA:287,1
DA:288,1
DA:289,1
DA:290,1
DA:291,1
DA:292,1
DA:293,1
DA:294,1
DA:295,1
DA:296,1
DA:297,1
DA:298,1
DA:299,1
DA:300,1
DA:301,1
DA:302,1
DA:304,2
DA:305,2
DA:306,2
DA:308,2
DA:309,2
DA:310,2
DA:311,2
DA:312,1
DA:313,1
DA:314,2
DA:315,2
DA:316,2
DA:318,3
DA:319,3
DA:320,3
DA:321,3
DA:322,3
DA:323,1
DA:324,2
DA:325,3
DA:326,1
DA:327,2
DA:328,3
DA:330,1
DA:331,1
DA:332,1
DA:335,53
DA:336,53
DA:340,1
DA:341,1
DA:342,1
DA:350,1
DA:351,1
DA:352,1
DA:355,1
DA:356,1
DA:357,1
DA:360,1
DA:361,1
DA:362,1
DA:365,1
DA:366,1
DA:367,1
DA:370,1
DA:371,1
DA:372,1
DA:375,1
DA:376,1
DA:377,1
DA:378,1
DA:379,1
DA:380,1
DA:381,1
DA:382,1
DA:383,1
DA:384,1
DA:385,1
DA:386,1
DA:387,1
DA:388,1
DA:389,1
DA:390,1
DA:391,1
DA:392,1
DA:393,1
DA:394,1
DA:395,1
DA:396,1
DA:397,1
DA:398,0
DA:400,1
DA:401,1
DA:402,0
DA:404,1
DA:407,1
DA:408,1
DA:409,1
DA:410,1
DA:411,1
DA:412,1
DA:413,1
DA:414,1
DA:415,1
DA:416,1
DA:417,1
DA:418,1
DA:419,1
DA:420,1
DA:421,1
DA:422,1
DA:423,1
DA:424,1
DA:425,1
DA:426,1
DA:427,1
DA:428,1
DA:429,1
DA:430,0
DA:432,1
DA:435,1
DA:436,1
DA:437,1
DA:438,1
DA:439,1
DA:440,1
DA:441,1
DA:442,1
DA:443,1
DA:444,1
DA:445,1
DA:446,1
DA:447,1
DA:448,1
DA:449,1
DA:450,1
DA:451,1
DA:452,1
DA:453,1
DA:454,1
DA:455,1
DA:456,1
DA:457,1
DA:458,1
DA:459,1
DA:460,1
DA:461,1
DA:462,0
DA:464,1
DA:465,1
DA:466,0
DA:468,1
DA:471,1
DA:472,1
DA:473,1
DA:474,1
DA:475,1
DA:476,1
DA:477,1
DA:478,1
DA:479,1
DA:480,1
DA:481,1
DA:482,1
DA:483,1
DA:484,1
DA:485,1
DA:486,1
DA:487,1
DA:488,1
DA:489,1
DA:490,1
DA:491,1
DA:492,1
DA:493,1
DA:494,1
DA:495,1
DA:496,0
DA:498,1
DA:499,1
DA:500,0
DA:502,1
DA:505,1
DA:506,1
DA:507,1
DA:508,1
DA:509,1
DA:510,1
DA:511,1
DA:512,1
DA:513,1
DA:514,1
DA:515,1
DA:516,1
DA:517,1
DA:518,1
DA:519,1
DA:520,1
DA:521,1
DA:522,1
DA:523,1
DA:524,1
DA:525,1
DA:526,0
DA:528,1
DA:531,1
DA:532,1
DA:533,1
DA:534,1
DA:535,1
DA:536,1
DA:537,1
DA:538,1
DA:539,1
DA:540,1
DA:541,1
DA:542,1
DA:543,1
DA:544,1
DA:545,1
DA:546,1
DA:547,1
DA:548,1
DA:549,1
DA:550,1
DA:551,1
DA:552,0
DA:554,1
DA:557,1
DA:558,1
DA:559,1
DA:560,1
DA:561,1
DA:562,1
DA:563,1
DA:564,1
DA:565,1
DA:566,1
DA:567,1
DA:568,1
DA:569,1
DA:570,1
DA:571,1
DA:572,1
DA:573,1
DA:574,1
DA:575,1
DA:576,1
DA:577,1
DA:578,1
DA:579,1
DA:580,0
DA:582,1
DA:585,1
DA:586,1
DA:587,1
DA:588,1
DA:589,1
DA:590,1
DA:591,1
DA:592,1
DA:593,1
DA:594,1
DA:595,1
DA:596,1
DA:597,1
DA:598,1
DA:599,1
DA:600,1
DA:601,0
DA:603,1
DA:604,1
DA:605,0
DA:607,1
DA:614,1
DA:615,1
DA:616,1
DA:617,1
DA:618,1
DA:619,1
DA:620,1
DA:621,1
DA:622,1
DA:623,1
DA:624,1
DA:625,1
DA:626,1
DA:627,1
DA:628,1
DA:629,1
DA:630,1
DA:631,1
DA:632,1
DA:633,1
DA:636,1
DA:637,1
DA:638,1
DA:639,1
DA:640,1
DA:641,1
DA:642,1
DA:643,1
DA:644,1
DA:645,1
DA:646,1
DA:647,1
DA:648,1
DA:649,1
DA:650,1
DA:651,1
DA:652,1
DA:653,1
DA:654,1
DA:655,1
DA:656,1
DA:659,1
DA:660,1
DA:661,1
DA:662,1
DA:663,1
DA:664,1
DA:665,1
DA:666,1
DA:667,1
DA:668,1
DA:669,1
DA:670,1
DA:671,1
DA:672,1
DA:673,1
DA:674,1
DA:675,1
DA:676,1
DA:679,1
DA:680,1
DA:681,1
DA:682,1
DA:683,1
DA:684,1
DA:685,1
DA:686,1
DA:687,1
DA:688,1
DA:689,1
DA:690,1
DA:691,1
DA:692,1
DA:693,1
DA:694,1
DA:695,1
DA:696,1
DA:697,1
DA:698,1
DA:699,1
DA:700,1
DA:707,1
DA:708,1
DA:709,1
DA:710,1
DA:711,1
DA:712,1
DA:713,1
DA:714,1
DA:715,1
DA:716,1
DA:717,1
DA:718,1
DA:719,1
DA:720,1
DA:721,1
DA:722,1
DA:723,1
DA:724,1
DA:725,1
DA:728,1
DA:729,1
DA:730,1
DA:731,1
DA:732,1
DA:733,1
DA:734,1
DA:735,1
DA:736,1
DA:737,1
DA:738,1
DA:739,1
DA:740,1
DA:741,1
DA:742,1
DA:743,1
DA:744,1
DA:747,1
DA:748,1
DA:749,1
DA:750,1
DA:751,1
DA:752,1
DA:753,1
DA:754,1
DA:755,1
DA:756,1
DA:757,1
DA:758,1
DA:759,1
DA:760,1
DA:761,1
DA:762,1
DA:763,1
DA:764,1
DA:765,1
DA:766,1
DA:767,1
DA:768,1
DA:769,1
DA:770,1
DA:773,1
DA:774,1
DA:775,1
DA:776,1
DA:777,1
DA:778,1
DA:779,1
DA:780,1
DA:781,1
DA:782,1
DA:783,1
DA:784,1
DA:785,1
DA:786,1
DA:787,1
DA:788,1
DA:789,1
DA:790,1
DA:791,1
DA:792,1
DA:793,1
DA:794,1
DA:797,1
DA:798,1
DA:799,1
DA:800,1
DA:801,1
DA:802,1
DA:803,1
DA:804,1
DA:805,1
DA:806,1
DA:807,1
DA:808,1
DA:809,1
DA:810,1
DA:811,1
DA:812,1
DA:813,1
DA:814,1
DA:815,1
DA:818,1
DA:819,1
DA:820,1
DA:821,1
DA:822,1
DA:823,1
DA:824,1
DA:825,1
DA:826,1
DA:827,1
DA:828,1
DA:829,1
DA:830,1
DA:831,1
DA:832,1
DA:833,1
DA:834,1
DA:835,1
DA:836,1
DA:837,1
DA:838,1
DA:839,1
DA:840,1
DA:841,1
DA:842,1
DA:843,1
DA:844,1
DA:845,1
DA:846,1
DA:847,1
DA:848,1
DA:849,1
DA:850,1
DA:851,1
DA:852,1
DA:853,1
DA:854,1
DA:855,1
DA:858,1
DA:859,1
DA:860,1
DA:861,1
DA:862,1
DA:863,1
DA:864,1
DA:865,1
DA:866,1
DA:867,1
DA:868,1
DA:869,1
DA:870,1
DA:871,1
DA:872,1
DA:873,1
DA:874,1
DA:875,1
DA:876,1
DA:877,1
DA:878,1
DA:881,1
DA:882,1
DA:883,1
DA:884,1
DA:885,1
DA:886,1
DA:887,1
DA:888,1
DA:889,1
DA:890,1
DA:891,1
DA:892,1
DA:893,1
DA:896,1
DA:897,1
DA:898,1
DA:899,1
DA:900,1
DA:901,1
DA:902,1
DA:903,1
DA:904,1
DA:905,1
DA:906,1
DA:907,1
DA:908,1
DA:909,1
DA:910,1
DA:911,1
DA:912,1
DA:919,1
DA:920,1
DA:921,1
DA:922,1
DA:923,1
DA:924,1
DA:925,1
DA:926,1
DA:927,1
DA:928,1
DA:929,1
DA:930,1
DA:931,1
DA:932,1
DA:933,1
DA:934,1
DA:935,1
DA:936,1
DA:939,1
DA:940,1
DA:941,1
DA:942,1
DA:943,1
DA:944,1
DA:945,1
DA:946,1
DA:947,1
DA:948,1
DA:949,1
DA:950,1
DA:951,1
DA:952,1
DA:953,1
DA:954,1
DA:955,1
DA:956,1
DA:959,1
DA:960,1
DA:961,1
DA:962,1
DA:963,1
DA:964,1
DA:965,1
DA:966,1
DA:967,1
DA:968,1
DA:969,1
DA:970,1
DA:971,1
DA:972,1
DA:973,1
DA:974,1
DA:975,1
DA:976,1
DA:979,1
DA:980,1
DA:981,1
DA:982,1
DA:983,1
DA:984,1
DA:985,1
DA:986,1
DA:987,1
DA:988,1
DA:989,1
DA:990,1
DA:991,1
DA:992,1
DA:993,1
DA:994,1
DA:995,1
DA:996,1
DA:999,1
DA:1000,1
DA:1001,1
DA:1002,1
DA:1003,1
DA:1004,1
DA:1005,1
DA:1006,1
DA:1007,1
DA:1008,1
DA:1009,1
DA:1010,1
DA:1011,1
DA:1012,1
DA:1013,1
DA:1014,1
DA:1015,1
DA:1016,1
DA:1019,1
DA:1020,1
DA:1021,1
DA:1022,1
DA:1023,1
DA:1024,1
DA:1025,1
DA:1026,1
DA:1027,1
DA:1028,1
DA:1029,1
DA:1030,1
DA:1031,1
DA:1032,1
DA:1033,1
DA:1034,1
DA:1035,1
DA:1036,1
DA:1039,1
DA:1040,1
DA:1041,1
DA:1042,1
DA:1043,1
DA:1044,1
DA:1045,1
DA:1046,1
DA:1047,1
DA:1048,1
DA:1049,1
DA:1050,1
DA:1051,1
DA:1052,1
DA:1053,1
DA:1054,1
DA:1057,1
DA:1058,1
DA:1059,1
DA:1060,1
DA:1061,1
DA:1062,1
DA:1063,1
DA:1064,1
DA:1065,1
DA:1066,1
DA:1067,1
DA:1068,1
DA:1071,1
DA:1072,1
DA:1073,1
DA:1075,1
DA:1076,1
DA:1077,1
DA:1078,1
DA:1079,1
DA:1080,1
DA:1081,1
DA:1082,1
DA:1089,1
DA:1090,1
DA:1091,1
DA:1092,1
DA:1093,1
DA:1094,1
DA:1095,1
DA:1096,1
DA:1097,1
DA:1098,1
DA:1099,1
DA:1100,1
DA:1101,1
DA:1102,1
DA:1103,1
DA:1104,1
DA:1105,1
DA:1106,1
DA:1113,1
DA:1114,1
DA:1115,1
DA:1116,1
DA:1117,1
DA:1118,1
DA:1119,1
DA:1120,1
DA:1121,1
DA:1122,1
DA:1123,1
DA:1124,1
DA:1125,1
DA:1126,1
DA:1127,1
DA:1128,1
DA:1129,1
DA:1130,1
DA:1131,1
DA:1132,1
DA:1133,1
DA:1134,1
DA:1141,1
DA:1142,1
DA:1143,1
DA:1144,1
DA:1145,1
DA:1146,1
DA:1147,1
DA:1148,1
DA:1149,1
DA:1150,1
DA:1151,1
DA:1152,1
DA:1153,1
DA:1154,1
DA:1155,1
DA:1156,1
DA:1157,1
DA:1158,1
DA:1159,1
DA:1160,1
DA:1167,1
DA:1168,1
DA:1169,1
DA:1170,1
DA:1171,1
DA:1172,1
DA:1173,1
DA:1174,1
DA:1175,1
DA:1176,1
DA:1177,1
DA:1178,1
DA:1179,1
DA:1180,1
DA:1181,1
DA:1182,1
DA:1183,1
DA:1184,1
DA:1185,1
DA:1186,1
DA:1187,1
DA:1194,1
DA:1195,1
DA:1196,1
DA:1197,1
DA:1198,1
DA:1199,1
DA:1200,1
DA:1201,1
DA:1202,1
DA:1203,1
DA:1204,1
DA:1205,1
DA:1206,1
DA:1207,1
DA:1208,1
DA:1209,1
DA:1210,1
DA:1211,1
DA:1212,1
DA:1213,1
DA:1214,1
DA:1215,1
DA:1216,1
DA:1217,1
DA:1218,1
DA:1225,1
DA:1226,1
DA:1227,1
DA:1228,1
DA:1229,1
DA:1230,1
DA:1231,1
DA:1232,1
DA:1233,1
DA:1234,1
DA:1235,1
DA:1236,1
DA:1237,1
DA:1238,1
DA:1239,1
DA:1240,1
DA:1241,1
DA:1242,1
DA:1249,1
DA:1250,1
DA:1251,1
DA:1252,1
DA:1253,1
DA:1254,1
DA:1255,1
DA:1256,1
DA:1257,1
DA:1258,1
DA:1259,1
DA:1260,1
DA:1261,1
DA:1262,1
DA:1263,1
DA:1264,1
DA:1265,1
DA:1266,1
DA:1273,1
DA:1274,1
DA:1275,1
DA:1276,1
DA:1277,1
DA:1278,1
DA:1279,1
DA:1280,1
DA:1281,1
DA:1282,1
DA:1283,1
DA:1284,1
DA:1285,1
DA:1286,1
DA:1287,1
DA:1288,1
DA:1289,1
DA:1290,1
DA:1291,1
DA:1292,1
DA:1293,1
DA:1294,1
DA:1301,1
DA:1302,1
DA:1303,1
DA:1304,1
DA:1305,1
DA:1306,1
DA:1307,1
DA:1308,1
DA:1309,1
DA:1310,1
DA:1311,1
DA:1312,1
DA:1313,1
DA:1314,1
DA:1315,1
DA:1316,1
DA:1317,1
DA:1318,1
DA:1319,1
DA:1320,1
DA:1321,1
DA:1322,1
DA:1323,1
DA:1330,1
DA:1331,1
DA:1332,1
DA:1333,1
DA:1334,1
DA:1335,1
DA:1336,1
DA:1337,1
DA:1338,1
DA:1339,1
DA:1340,1
DA:1341,1
DA:1342,1
DA:1343,1
DA:1344,1
DA:1345,1
DA:1346,1
DA:1347,1
DA:1348,1
DA:1349,1
DA:1350,1
DA:1351,1
DA:1358,1
DA:1359,1
DA:1360,1
DA:1361,1
DA:1362,1
DA:1363,1
DA:1364,1
DA:1365,1
DA:1366,1
DA:1367,1
DA:1368,1
DA:1369,1
DA:1370,1
DA:1371,1
DA:1372,1
DA:1373,1
DA:1374,1
DA:1375,1
DA:1377,1
DA:1378,1
DA:1385,1
DA:1386,1
DA:1387,1
DA:1388,1
DA:1389,1
DA:1390,1
DA:1391,1
DA:1392,1
DA:1393,1
DA:1394,1
DA:1395,1
DA:1396,1
DA:1397,1
DA:1398,1
DA:1399,1
DA:1400,1
DA:1401,1
DA:1402,1
DA:1403,1
DA:1404,1
DA:1411,1
DA:1412,1
DA:1413,1
DA:1414,1
DA:1415,1
DA:1416,1
DA:1417,1
DA:1418,1
DA:1419,1
DA:1420,1
DA:1421,1
DA:1422,1
DA:1423,1
DA:1424,1
DA:1425,1
DA:1426,1
DA:1427,1
DA:1428,1
DA:1429,1
DA:1430,1
DA:1431,1
DA:1432,1
DA:1439,1
DA:1440,1
DA:1441,1
DA:1442,1
DA:1443,1
DA:1444,1
DA:1445,1
DA:1446,1
DA:1447,1
DA:1448,1
DA:1449,1
DA:1450,1
DA:1451,1
DA:1452,1
DA:1453,1
DA:1454,1
DA:1455,1
DA:1462,1
DA:1463,1
DA:1464,1
DA:1465,1
DA:1466,1
DA:1467,1
DA:1468,1
DA:1469,1
DA:1470,1
DA:1471,1
DA:1472,1
DA:1473,1
DA:1474,1
DA:1475,1
DA:1476,1
DA:1477,1
DA:1478,1
DA:1479,1
DA:1480,1
DA:1481,1
DA:1482,1
DA:1483,1
DA:1484,1
DA:1491,1
DA:1492,1
DA:1493,1
DA:1494,1
DA:1495,1
DA:1496,1
DA:1497,1
DA:1498,1
DA:1499,1
DA:1500,1
DA:1501,1
DA:1502,1
DA:1503,1
DA:1504,1
DA:1505,1
DA:1512,1
DA:1513,1
DA:1514,1
DA:1515,1
DA:1516,1
DA:1517,1
DA:1518,1
DA:1519,1
DA:1520,1
DA:1521,1
DA:1522,1
DA:1523,1
DA:1524,1
DA:1525,1
DA:1526,1
DA:1527,1
DA:1528,1
DA:1529,1
DA:1530,1
DA:1531,1
BRF:0
BRH:0
LF:1278
LH:1266
end_of_record