SF:/home/weiss/git/World-Office/server/core/crates/wo-msbinary/src/detector.rs
FN:174,_RNvNtNtCs4osMQQ8uuoY_11wo_msbinary8detector5tests13make_ole_data
FN:144,_RNvNtNtCs4osMQQ8uuoY_11wo_msbinary8detector5testss_21test_detect_ole_magic
FN:166,_RNvNtNtCs4osMQQ8uuoY_11wo_msbinary8detector5testss_22test_rejects_too_small
FN:158,_RNvNtNtCs4osMQQ8uuoY_11wo_msbinary8detector5testss_23test_parse_metadata_ole
FN:316,_RNvNtNtCs4osMQQ8uuoY_11wo_msbinary8detector5testss_25test_parse_metadata_empty
FN:278,_RNvNtNtCs4osMQQ8uuoY_11wo_msbinary8detector5testss_25test_parse_metadata_excel
FN:152,_RNvNtNtCs4osMQQ8uuoY_11wo_msbinary8detector5testss_26test_detect_format_unknown
FN:261,_RNvNtNtCs4osMQQ8uuoY_11wo_msbinary8detector5testss_26test_parse_metadata_word95
FN:249,_RNvNtNtCs4osMQQ8uuoY_11wo_msbinary8detector5testss_26test_parse_metadata_word97
FN:182,_RNvNtNtCs4osMQQ8uuoY_11wo_msbinary8detector5testss_27test_extract_ole_class_word
FN:306,_RNvNtNtCs4osMQQ8uuoY_11wo_msbinary8detector5testss_27test_parse_metadata_non_ole
FN:222,_RNvNtNtCs4osMQQ8uuoY_11wo_msbinary8detector5testss_30test_extract_ole_class_unknown
FN:298,_RNvNtNtCs4osMQQ8uuoY_11wo_msbinary8detector5testss_30test_parse_metadata_powerpoint
FN:324,_RNvNtNtCs4osMQQ8uuoY_11wo_msbinary8detector5testss_31test_is_msbinary_file_ole_exact
FN:232,_RNvNtNtCs4osMQQ8uuoY_11wo_msbinary8detector5testss_32test_extract_ole_class_too_small
FN:270,_RNvNtNtCs4osMQQ8uuoY_11wo_msbinary8detector5testss_32test_parse_metadata_word_unknown
FN:212,_RNvNtNtCs4osMQQ8uuoY_11wo_msbinary8detector5testss_33test_extract_ole_class_powerpoint
FN:192,_RNvNtNtCs4osMQQ8uuoY_11wo_msbinary8detector5testss_34test_extract_ole_class_excel_sheet
FN:202,_RNvNtNtCs4osMQQ8uuoY_11wo_msbinary8detector5testss_38test_extract_ole_class_excel_worksheet
FN:286,_RNvNtNtCs4osMQQ8uuoY_11wo_msbinary8detector5testss_43test_parse_metadata_excel_worksheet_no_biff
FN:132,_RNvNtCs4osMQQ8uuoY_11wo_msbinary8detector16is_msbinary_file
FN:33,_RNvNtCs4osMQQ8uuoY_11wo_msbinary8detector17extract_ole_class
FN:122,_RNvNtCs4osMQQ8uuoY_11wo_msbinary8detector18detect_ppt_version
FN:90,_RNvNtCs4osMQQ8uuoY_11wo_msbinary8detector19detect_word_version
FN:12,_RNvNtCs4osMQQ8uuoY_11wo_msbinary8detector20detect_binary_format
FN:105,_RNvNtCs4osMQQ8uuoY_11wo_msbinary8detector20detect_excel_version
FN:59,_RNvNtCs4osMQQ8uuoY_11wo_msbinary8detector21parse_binary_metadata
FNDA:10,_RNvNtNtCs4osMQQ8uuoY_11wo_msbinary8detector5tests13make_ole_data
FNDA:1,_RNvNtNtCs4osMQQ8uuoY_11wo_msbinary8detector5testss_21test_detect_ole_magic
FNDA:1,_RNvNtNtCs4osMQQ8uuoY_11wo_msbinary8detector5testss_22test_rejects_too_small
FNDA:1,_RNvNtNtCs4osMQQ8uuoY_11wo_msbinary8detector5testss_23test_parse_metadata_ole
FNDA:1,_RNvNtNtCs4osMQQ8uuoY_11wo_msbinary8detector5testss_25test_parse_metadata_empty
FNDA:1,_RNvNtNtCs4osMQQ8uuoY_11wo_msbinary8detector5testss_25test_parse_metadata_excel
FNDA:1,_RNvNtNtCs4osMQQ8uuoY_11wo_msbinary8detector5testss_26test_detect_format_unknown
FNDA:1,_RNvNtNtCs4osMQQ8uuoY_11wo_msbinary8detector5testss_26test_parse_metadata_word95
FNDA:1,_RNvNtNtCs4osMQQ8uuoY_11wo_msbinary8detector5testss_26test_parse_metadata_word97
FNDA:1,_RNvNtNtCs4osMQQ8uuoY_11wo_msbinary8detector5testss_27test_extract_ole_class_word
FNDA:1,_RNvNtNtCs4osMQQ8uuoY_11wo_msbinary8detector5testss_27test_parse_metadata_non_ole
FNDA:1,_RNvNtNtCs4osMQQ8uuoY_11wo_msbinary8detector5testss_30test_extract_ole_class_unknown
FNDA:1,_RNvNtNtCs4osMQQ8uuoY_11wo_msbinary8detector5testss_30test_parse_metadata_powerpoint
FNDA:1,_RNvNtNtCs4osMQQ8uuoY_11wo_msbinary8detector5testss_31test_is_msbinary_file_ole_exact
FNDA:1,_RNvNtNtCs4osMQQ8uuoY_11wo_msbinary8detector5testss_32test_extract_ole_class_too_small
FNDA:1,_RNvNtNtCs4osMQQ8uuoY_11wo_msbinary8detector5testss_32test_parse_metadata_word_unknown
FNDA:1,_RNvNtNtCs4osMQQ8uuoY_11wo_msbinary8detector5testss_33test_extract_ole_class_powerpoint
FNDA:1,_RNvNtNtCs4osMQQ8uuoY_11wo_msbinary8detector5testss_34test_extract_ole_class_excel_sheet
FNDA:1,_RNvNtNtCs4osMQQ8uuoY_11wo_msbinary8detector5testss_38test_extract_ole_class_excel_worksheet
FNDA:1,_RNvNtNtCs4osMQQ8uuoY_11wo_msbinary8detector5testss_43test_parse_metadata_excel_worksheet_no_biff
FNDA:5,_RNvNtCs4osMQQ8uuoY_11wo_msbinary8detector16is_msbinary_file
FNDA:30,_RNvNtCs4osMQQ8uuoY_11wo_msbinary8detector17extract_ole_class
FNDA:1,_RNvNtCs4osMQQ8uuoY_11wo_msbinary8detector18detect_ppt_version
FNDA:3,_RNvNtCs4osMQQ8uuoY_11wo_msbinary8detector19detect_word_version
FNDA:20,_RNvNtCs4osMQQ8uuoY_11wo_msbinary8detector20detect_binary_format
FNDA:2,_RNvNtCs4osMQQ8uuoY_11wo_msbinary8detector20detect_excel_version
FNDA:12,_RNvNtCs4osMQQ8uuoY_11wo_msbinary8detector21parse_binary_metadata
FNF:27
FNH:27
DA:12,20
DA:13,20
DA:14,2
DA:15,18
DA:18,18
DA:20,15
DA:21,15
DA:22,15
DA:23,11
DA:24,7
DA:25,5
DA:28,3
DA:30,20
DA:33,30
DA:34,30
DA:35,3
DA:36,27
DA:39,27
DA:40,27
DA:42,27
DA:43,27
DA:44,27
DA:45,27
DA:46,27
DA:47,27
DA:49,71
DA:50,66
DA:51,22
DA:52,44
DA:55,5
DA:56,30
DA:59,12
DA:60,12
DA:61,12
DA:62,12
DA:63,9
DA:64,9
DA:65,3
DA:67,6
DA:70,3
DA:73,12
DA:74,3
DA:75,2
DA:76,1
DA:77,6
DA:80,12
DA:81,12
DA:82,12
DA:83,12
DA:84,12
DA:85,12
DA:86,12
DA:87,12
DA:88,12
DA:90,3
DA:93,3
DA:94,3
DA:95,0
DA:96,3
DA:97,0
DA:98,3
DA:99,3
DA:101,0
DA:103,3
DA:105,2
DA:108,2
DA:109,2
DA:111,2
DA:113,2
DA:115,0
DA:118,0
DA:120,2
DA:122,1
DA:123,1
DA:124,1
DA:125,1
DA:127,0
DA:129,1
DA:132,5
DA:133,5
DA:134,3
DA:135,2
DA:136,2
DA:137,5
DA:144,1
DA:145,1
DA:146,1
DA:147,1
DA:148,1
DA:149,1
DA:152,1
DA:153,1
DA:154,1
DA:155,1
DA:158,1
DA:159,1
DA:160,1
DA:161,1
DA:162,1
DA:163,1
DA:166,1
DA:167,1
DA:168,1
DA:174,10
DA:175,10
DA:176,10
DA:177,10
DA:178,10
DA:179,10
DA:182,1
DA:183,1
DA:184,1
DA:185,1
DA:187,0
DA:189,1
DA:192,1
DA:193,1
DA:194,1
DA:195,1
DA:197,0
DA:199,1
DA:202,1
DA:203,1
DA:204,1
DA:205,1
DA:207,0
DA:209,1
DA:212,1
DA:213,1
DA:214,1
DA:215,1
DA:217,0
DA:219,1
DA:222,1
DA:223,1
DA:224,1
DA:225,1
DA:227,0
DA:229,1
DA:232,1
DA:234,1
DA:235,1
DA:237,1
DA:238,1
DA:240,0
DA:242,1
DA:249,1
DA:250,1
DA:251,1
DA:252,1
DA:253,1
DA:255,1
DA:257,1
DA:258,1
DA:261,1
DA:262,1
DA:263,1
DA:264,1
DA:266,1
DA:267,1
DA:270,1
DA:271,1
DA:272,1
DA:273,1
DA:274,1
DA:275,1
DA:278,1
DA:279,1
DA:280,1
DA:281,1
DA:282,1
DA:283,1
DA:286,1
DA:289,1
DA:290,1
DA:291,1
DA:292,1
DA:293,1
DA:294,1
DA:295,1
DA:298,1
DA:299,1
DA:300,1
DA:301,1
DA:302,1
DA:303,1
DA:306,1
DA:307,1
DA:308,1
DA:309,1
DA:310,1
DA:311,1
DA:312,1
DA:313,1
DA:316,1
DA:317,1
DA:318,1
DA:319,1
DA:320,1
DA:321,1
DA:324,1
DA:325,1
DA:326,1
DA:327,1
BRF:0
BRH:0
LF:204
LH:192
end_of_record
SF:/home/weiss/git/World-Office/server/core/crates/wo-msbinary/src/ole.rs
FN:1144,_RNCNvNtNtCs4osMQQ8uuoY_11wo_msbinary3ole5testss_24test_fat_chain_following0B7_
FN:1145,_RNCNvNtNtCs4osMQQ8uuoY_11wo_msbinary3ole5testss_24test_fat_chain_followings_0B7_
FN:1088,_RNCNvNtNtCs4osMQQ8uuoY_11wo_msbinary3ole5testss_28test_directory_entries_count0B7_
FN:1159,_RNCNvNtNtCs4osMQQ8uuoY_11wo_msbinary3ole5testss_30test_directory_tree_navigation0B7_
FN:1297,_RNCNvNtNtCs4osMQQ8uuoY_11wo_msbinary3ole5testss_35test_property_set_stream_extraction0B7_
FN:875,_RNvNtNtCs4osMQQ8uuoY_11wo_msbinary3ole5tests14encode_utf16le
FN:742,_RNvNtNtCs4osMQQ8uuoY_11wo_msbinary3ole5tests17build_minimal_ole
FN:968,_RNvNtNtCs4osMQQ8uuoY_11wo_msbinary3ole5tests24build_ole_with_fat_chain
FN:890,_RNvNtNtCs4osMQQ8uuoY_11wo_msbinary3ole5tests26build_ole_with_mini_stream
FN:1208,_RNvNtNtCs4osMQQ8uuoY_11wo_msbinary3ole5testss_14test_get_entry
FN:1104,_RNvNtNtCs4osMQQ8uuoY_11wo_msbinary3ole5testss_17test_list_streams
FN:1064,_RNvNtNtCs4osMQQ8uuoY_11wo_msbinary3ole5testss_21test_reject_too_small
FN:1223,_RNvNtNtCs4osMQQ8uuoY_11wo_msbinary3ole5testss_22test_empty_stream_size
FN:1245,_RNvNtNtCs4osMQQ8uuoY_11wo_msbinary3ole5testss_22test_header_byte_order
FN:1167,_RNvNtNtCs4osMQQ8uuoY_11wo_msbinary3ole5testss_23test_difat_chain_single
FN:1070,_RNvNtNtCs4osMQQ8uuoY_11wo_msbinary3ole5testss_23test_reject_wrong_magic
FN:1135,_RNvNtNtCs4osMQQ8uuoY_11wo_msbinary3ole5testss_24test_fat_chain_following
FN:1188,_RNvNtNtCs4osMQQ8uuoY_11wo_msbinary3ole5testss_24test_mini_stream_reading
FN:1114,_RNvNtNtCs4osMQQ8uuoY_11wo_msbinary3ole5testss_24test_read_stream_by_name
FN:1177,_RNvNtNtCs4osMQQ8uuoY_11wo_msbinary3ole5testss_25test_difat_chain_extended
FN:1126,_RNvNtNtCs4osMQQ8uuoY_11wo_msbinary3ole5testss_26test_read_stream_not_found
FN:1252,_RNvNtNtCs4osMQQ8uuoY_11wo_msbinary3ole5testss_27test_mini_sector_size_power
FN:1080,_RNvNtNtCs4osMQQ8uuoY_11wo_msbinary3ole5testss_28test_directory_entries_count
FN:1053,_RNvNtNtCs4osMQQ8uuoY_11wo_msbinary3ole5testss_28test_parse_minimal_valid_ole
FN:1237,_RNvNtNtCs4osMQQ8uuoY_11wo_msbinary3ole5testss_29test_special_sector_constants
FN:1149,_RNvNtNtCs4osMQQ8uuoY_11wo_msbinary3ole5testss_30test_directory_tree_navigation
FN:1199,_RNvNtNtCs4osMQQ8uuoY_11wo_msbinary3ole5testss_31test_header_difat_entries_count
FN:1094,_RNvNtNtCs4osMQQ8uuoY_11wo_msbinary3ole5testss_31test_root_entry_is_root_storage
FN:1287,_RNvNtNtCs4osMQQ8uuoY_11wo_msbinary3ole5testss_35test_property_set_stream_extraction
FN:1259,_RNvNtNtCs4osMQQ8uuoY_11wo_msbinary3ole5testss_36test_directory_entry_parse_internals
FN:711,_RNvMs_NtCs4osMQQ8uuoY_11wo_msbinary3oleNtNtB6_5model17OleDirectoryEntry5empty
FN:233,_RNvMNtCs4osMQQ8uuoY_11wo_msbinary3oleNtB2_14OleCompoundDoc10root_entry
FN:240,_RNvMNtCs4osMQQ8uuoY_11wo_msbinary3oleNtB2_14OleCompoundDoc11children_of
FN:84,_RNvMNtCs4osMQQ8uuoY_11wo_msbinary3oleNtB2_14OleCompoundDoc11sector_size
FN:89,_RNvMNtCs4osMQQ8uuoY_11wo_msbinary3oleNtB2_14OleCompoundDoc12list_streams
FN:182,_RNvMNtCs4osMQQ8uuoY_11wo_msbinary3oleNtB2_14OleCompoundDoc16read_mini_stream
FN:119,_RNvMNtCs4osMQQ8uuoY_11wo_msbinary3oleNtB2_14OleCompoundDoc17read_entry_stream
FN:101,_RNvMNtCs4osMQQ8uuoY_11wo_msbinary3oleNtB2_14OleCompoundDoc19read_stream_by_name
FN:140,_RNvMNtCs4osMQQ8uuoY_11wo_msbinary3oleNtB2_14OleCompoundDoc22read_stream_from_chain
FN:37,_RNvMNtCs4osMQQ8uuoY_11wo_msbinary3oleNtB2_14OleCompoundDoc5parse
FN:74,_RNvMNtCs4osMQQ8uuoY_11wo_msbinary3oleNtB2_14OleCompoundDoc6header
FN:79,_RNvMNtCs4osMQQ8uuoY_11wo_msbinary3oleNtB2_14OleCompoundDoc7entries
FN:112,_RNvMNtCs4osMQQ8uuoY_11wo_msbinary3oleNtB2_14OleCompoundDoc9get_entry
FN:352,_RNvNtCs4osMQQ8uuoY_11wo_msbinary3ole11parse_difat
FN:277,_RNvNtCs4osMQQ8uuoY_11wo_msbinary3ole12parse_header
FN:596,_RNvNtCs4osMQQ8uuoY_11wo_msbinary3ole14parse_mini_fat
FN:454,_RNvNtCs4osMQQ8uuoY_11wo_msbinary3ole15parse_directory
FN:641,_RNvNtCs4osMQQ8uuoY_11wo_msbinary3ole19extract_mini_stream
FN:503,_RNvNtCs4osMQQ8uuoY_11wo_msbinary3ole21parse_directory_entry
FN:689,_RNvNtCs4osMQQ8uuoY_11wo_msbinary3ole8read_u16
FN:697,_RNvNtCs4osMQQ8uuoY_11wo_msbinary3ole8read_u32
FN:426,_RNvNtCs4osMQQ8uuoY_11wo_msbinary3ole9parse_fat
FN:236,_RNCNvMNtCs4osMQQ8uuoY_11wo_msbinary3oleNtB4_14OleCompoundDoc10root_entry0B6_
FN:92,_RNCNvMNtCs4osMQQ8uuoY_11wo_msbinary3oleNtB4_14OleCompoundDoc12list_streams0B6_
FN:93,_RNCNvMNtCs4osMQQ8uuoY_11wo_msbinary3oleNtB4_14OleCompoundDoc12list_streamss_0B6_
FN:105,_RNCNvMNtCs4osMQQ8uuoY_11wo_msbinary3oleNtB4_14OleCompoundDoc19read_stream_by_name0B6_
FN:106,_RNCNvMNtCs4osMQQ8uuoY_11wo_msbinary3oleNtB4_14OleCompoundDoc19read_stream_by_names_0B6_
FN:115,_RNCNvMNtCs4osMQQ8uuoY_11wo_msbinary3oleNtB4_14OleCompoundDoc9get_entry0B6_
FN:649,_RNCNvNtCs4osMQQ8uuoY_11wo_msbinary3ole19extract_mini_stream0B5_
FN:693,_RNCNvNtCs4osMQQ8uuoY_11wo_msbinary3ole8read_u160B5_
FN:701,_RNCNvNtCs4osMQQ8uuoY_11wo_msbinary3ole8read_u320B5_
FNDA:512,_RNCNvNtNtCs4osMQQ8uuoY_11wo_msbinary3ole5testss_24test_fat_chain_following0B7_
FNDA:512,_RNCNvNtNtCs4osMQQ8uuoY_11wo_msbinary3ole5testss_24test_fat_chain_followings_0B7_
FNDA:4,_RNCNvNtNtCs4osMQQ8uuoY_11wo_msbinary3ole5testss_28test_directory_entries_count0B7_
FNDA:1,_RNCNvNtNtCs4osMQQ8uuoY_11wo_msbinary3ole5testss_30test_directory_tree_navigation0B7_
FNDA:2,_RNCNvNtNtCs4osMQQ8uuoY_11wo_msbinary3ole5testss_35test_property_set_stream_extraction0B7_
FNDA:35,_RNvNtNtCs4osMQQ8uuoY_11wo_msbinary3ole5tests14encode_utf16le
FNDA:12,_RNvNtNtCs4osMQQ8uuoY_11wo_msbinary3ole5tests17build_minimal_ole
FNDA:2,_RNvNtNtCs4osMQQ8uuoY_11wo_msbinary3ole5tests24build_ole_with_fat_chain
FNDA:3,_RNvNtNtCs4osMQQ8uuoY_11wo_msbinary3ole5tests26build_ole_with_mini_stream
FNDA:1,_RNvNtNtCs4osMQQ8uuoY_11wo_msbinary3ole5testss_14test_get_entry
FNDA:1,_RNvNtNtCs4osMQQ8uuoY_11wo_msbinary3ole5testss_17test_list_streams
FNDA:1,_RNvNtNtCs4osMQQ8uuoY_11wo_msbinary3ole5testss_21test_reject_too_small
FNDA:1,_RNvNtNtCs4osMQQ8uuoY_11wo_msbinary3ole5testss_22test_empty_stream_size
FNDA:1,_RNvNtNtCs4osMQQ8uuoY_11wo_msbinary3ole5testss_22test_header_byte_order
FNDA:1,_RNvNtNtCs4osMQQ8uuoY_11wo_msbinary3ole5testss_23test_difat_chain_single
FNDA:1,_RNvNtNtCs4osMQQ8uuoY_11wo_msbinary3ole5testss_23test_reject_wrong_magic
FNDA:1,_RNvNtNtCs4osMQQ8uuoY_11wo_msbinary3ole5testss_24test_fat_chain_following
FNDA:1,_RNvNtNtCs4osMQQ8uuoY_11wo_msbinary3ole5testss_24test_mini_stream_reading
FNDA:1,_RNvNtNtCs4osMQQ8uuoY_11wo_msbinary3ole5testss_24test_read_stream_by_name
FNDA:1,_RNvNtNtCs4osMQQ8uuoY_11wo_msbinary3ole5testss_25test_difat_chain_extended
FNDA:1,_RNvNtNtCs4osMQQ8uuoY_11wo_msbinary3ole5testss_26test_read_stream_not_found
FNDA:1,_RNvNtNtCs4osMQQ8uuoY_11wo_msbinary3ole5testss_27test_mini_sector_size_power
FNDA:1,_RNvNtNtCs4osMQQ8uuoY_11wo_msbinary3ole5testss_28test_directory_entries_count
FNDA:1,_RNvNtNtCs4osMQQ8uuoY_11wo_msbinary3ole5testss_28test_parse_minimal_valid_ole
FNDA:1,_RNvNtNtCs4osMQQ8uuoY_11wo_msbinary3ole5testss_29test_special_sector_constants
FNDA:1,_RNvNtNtCs4osMQQ8uuoY_11wo_msbinary3ole5testss_30test_directory_tree_navigation
FNDA:1,_RNvNtNtCs4osMQQ8uuoY_11wo_msbinary3ole5testss_31test_header_difat_entries_count
FNDA:1,_RNvNtNtCs4osMQQ8uuoY_11wo_msbinary3ole5testss_31test_root_entry_is_root_storage
FNDA:1,_RNvNtNtCs4osMQQ8uuoY_11wo_msbinary3ole5testss_35test_property_set_stream_extraction
FNDA:1,_RNvNtNtCs4osMQQ8uuoY_11wo_msbinary3ole5testss_36test_directory_entry_parse_internals
FNDA:0,_RNvMs_NtCs4osMQQ8uuoY_11wo_msbinary3oleNtNtB6_5model17OleDirectoryEntry5empty
FNDA:2,_RNvMNtCs4osMQQ8uuoY_11wo_msbinary3oleNtB2_14OleCompoundDoc10root_entry
FNDA:1,_RNvMNtCs4osMQQ8uuoY_11wo_msbinary3oleNtB2_14OleCompoundDoc11children_of
FNDA:2,_RNvMNtCs4osMQQ8uuoY_11wo_msbinary3oleNtB2_14OleCompoundDoc11sector_size
FNDA:2,_RNvMNtCs4osMQQ8uuoY_11wo_msbinary3oleNtB2_14OleCompoundDoc12list_streams
FNDA:3,_RNvMNtCs4osMQQ8uuoY_11wo_msbinary3oleNtB2_14OleCompoundDoc16read_mini_stream
FNDA:5,_RNvMNtCs4osMQQ8uuoY_11wo_msbinary3oleNtB2_14OleCompoundDoc17read_entry_stream
FNDA:6,_RNvMNtCs4osMQQ8uuoY_11wo_msbinary3oleNtB2_14OleCompoundDoc19read_stream_by_name
FNDA:1,_RNvMNtCs4osMQQ8uuoY_11wo_msbinary3oleNtB2_14OleCompoundDoc22read_stream_from_chain
FNDA:21,_RNvMNtCs4osMQQ8uuoY_11wo_msbinary3oleNtB2_14OleCompoundDoc5parse
FNDA:5,_RNvMNtCs4osMQQ8uuoY_11wo_msbinary3oleNtB2_14OleCompoundDoc6header
FNDA:2,_RNvMNtCs4osMQQ8uuoY_11wo_msbinary3oleNtB2_14OleCompoundDoc7entries
FNDA:2,_RNvMNtCs4osMQQ8uuoY_11wo_msbinary3oleNtB2_14OleCompoundDoc9get_entry
FNDA:19,_RNvNtCs4osMQQ8uuoY_11wo_msbinary3ole11parse_difat
FNDA:20,_RNvNtCs4osMQQ8uuoY_11wo_msbinary3ole12parse_header
FNDA:19,_RNvNtCs4osMQQ8uuoY_11wo_msbinary3ole14parse_mini_fat
FNDA:19,_RNvNtCs4osMQQ8uuoY_11wo_msbinary3ole15parse_directory
FNDA:19,_RNvNtCs4osMQQ8uuoY_11wo_msbinary3ole19extract_mini_stream
FNDA:77,_RNvNtCs4osMQQ8uuoY_11wo_msbinary3ole21parse_directory_entry
FNDA:95,_RNvNtCs4osMQQ8uuoY_11wo_msbinary3ole8read_u16
FNDA:171,_RNvNtCs4osMQQ8uuoY_11wo_msbinary3ole8read_u32
FNDA:19,_RNvNtCs4osMQQ8uuoY_11wo_msbinary3ole9parse_fat
FNDA:2,_RNCNvMNtCs4osMQQ8uuoY_11wo_msbinary3oleNtB4_14OleCompoundDoc10root_entry0B6_
FNDA:8,_RNCNvMNtCs4osMQQ8uuoY_11wo_msbinary3oleNtB4_14OleCompoundDoc12list_streams0B6_
FNDA:4,_RNCNvMNtCs4osMQQ8uuoY_11wo_msbinary3oleNtB4_14OleCompoundDoc12list_streamss_0B6_
FNDA:14,_RNCNvMNtCs4osMQQ8uuoY_11wo_msbinary3oleNtB4_14OleCompoundDoc19read_stream_by_name0B6_
FNDA:1,_RNCNvMNtCs4osMQQ8uuoY_11wo_msbinary3oleNtB4_14OleCompoundDoc19read_stream_by_names_0B6_
FNDA:6,_RNCNvMNtCs4osMQQ8uuoY_11wo_msbinary3oleNtB4_14OleCompoundDoc9get_entry0B6_
FNDA:19,_RNCNvNtCs4osMQQ8uuoY_11wo_msbinary3ole19extract_mini_stream0B5_
FNDA:0,_RNCNvNtCs4osMQQ8uuoY_11wo_msbinary3ole8read_u160B5_
FNDA:0,_RNCNvNtCs4osMQQ8uuoY_11wo_msbinary3ole8read_u320B5_
FNF:61
FNH:58
DA:37,21
DA:38,21
DA:39,1
DA:40,20
DA:43,20
DA:45,19
DA:48,19
DA:51,19
DA:54,19
DA:57,19
DA:60,19
DA:62,19
DA:63,19
DA:64,19
DA:65,19
DA:66,19
DA:67,19
DA:68,19
DA:69,19
DA:70,19
DA:71,21
DA:74,5
DA:75,5
DA:76,5
DA:79,2
DA:80,2
DA:81,2
DA:84,2
DA:85,2
DA:86,2
DA:89,2
DA:90,2
DA:91,2
DA:92,8
DA:93,4
DA:94,2
DA:95,2
DA:101,6
DA:102,6
DA:103,6
DA:104,6
DA:105,14
DA:106,6
DA:108,5
DA:109,6
DA:112,2
DA:113,2
DA:114,2
DA:115,6
DA:116,2
DA:119,5
DA:120,5
DA:121,1
DA:122,4
DA:126,4
DA:127,1
DA:129,3
DA:132,4
DA:133,3
DA:135,1
DA:137,5
DA:140,1
DA:141,1
DA:142,1
DA:143,1
DA:144,1
DA:147,3
DA:148,1
DA:149,2
DA:150,2
DA:151,0
DA:152,0
DA:153,0
DA:154,0
DA:155,0
DA:156,2
DA:158,2
DA:159,2
DA:160,2
DA:161,0
DA:162,0
DA:163,0
DA:164,0
DA:165,0
DA:166,0
DA:167,2
DA:169,2
DA:170,2
DA:172,2
DA:173,2
DA:177,1
DA:178,1
DA:179,1
DA:182,3
DA:183,3
DA:184,3
DA:185,3
DA:186,3
DA:187,3
DA:188,3
DA:189,3
DA:190,3
DA:193,3
DA:194,0
DA:195,3
DA:196,3
DA:200,3
DA:201,3
DA:202,3
DA:203,3
DA:204,3
DA:205,3
DA:206,3
DA:207,0
DA:209,0
DA:210,0
DA:211,0
DA:212,0
DA:213,0
DA:214,0
DA:215,0
DA:216,0
DA:217,0
DA:218,0
DA:219,0
DA:221,0
DA:222,0
DA:224,0
DA:225,0
DA:228,3
DA:229,3
DA:230,3
DA:233,2
DA:234,2
DA:235,2
DA:236,2
DA:237,2
DA:240,1
DA:241,1
DA:242,1
DA:243,0
DA:245,1
DA:246,0
DA:247,1
DA:248,1
DA:249,1
DA:250,1
DA:251,6
DA:252,5
DA:253,3
DA:254,2
DA:255,2
DA:256,2
DA:257,2
DA:258,2
DA:259,2
DA:260,2
DA:261,2
DA:262,2
DA:263,2
DA:264,2
DA:265,0
DA:267,1
DA:268,1
DA:269,1
DA:270,1
DA:277,20
DA:278,20
DA:280,20
DA:281,20
DA:282,20
DA:283,20
DA:285,20
DA:286,1
DA:287,1
DA:288,1
DA:289,1
DA:290,19
DA:293,19
DA:294,19
DA:295,19
DA:297,19
DA:298,19
DA:299,19
DA:302,19
DA:303,19
DA:306,19
DA:307,19
DA:308,19
DA:310,19
DA:311,19
DA:312,19
DA:313,19
DA:316,19
DA:319,19
DA:322,0
DA:325,19
DA:326,19
DA:327,19
DA:328,19
DA:330,19
DA:331,19
DA:332,19
DA:333,19
DA:334,19
DA:335,19
DA:336,19
DA:337,19
DA:338,19
DA:339,19
DA:340,19
DA:341,19
DA:342,19
DA:343,19
DA:344,19
DA:345,19
DA:346,20
DA:352,19
DA:353,19
DA:354,19
DA:357,40
DA:358,40
DA:359,19
DA:360,21
DA:361,21
DA:362,21
DA:363,0
DA:364,21
DA:365,21
DA:366,21
DA:367,21
DA:368,21
DA:369,21
DA:370,21
DA:371,21
DA:372,0
DA:373,21
DA:374,21
DA:378,19
DA:379,0
DA:380,0
DA:382,0
DA:383,0
DA:384,0
DA:386,0
DA:387,0
DA:389,0
DA:390,0
DA:391,0
DA:392,0
DA:393,0
DA:394,0
DA:395,0
DA:396,0
DA:397,0
DA:398,0
DA:399,0
DA:400,0
DA:401,0
DA:402,0
DA:406,0
DA:407,0
DA:408,0
DA:409,0
DA:410,0
DA:411,0
DA:412,0
DA:413,0
DA:414,0
DA:415,0
DA:417,19
DA:419,19
DA:420,19
DA:426,19
DA:427,19
DA:428,0
DA:429,19
DA:431,19
DA:432,19
DA:434,40
DA:435,21
DA:436,2688
DA:437,2688
DA:438,2688
DA:439,0
DA:440,2688
DA:441,2688
DA:442,2688
DA:443,2688
DA:447,19
DA:448,19
DA:454,19
DA:455,19
DA:456,19
DA:457,19
DA:458,19
DA:459,19
DA:460,19
DA:461,0
DA:462,19
DA:464,19
DA:465,19
DA:466,19
DA:467,19
DA:469,38
DA:470,19
DA:471,19
DA:473,19
DA:474,0
DA:475,19
DA:477,19
DA:478,19
DA:479,0
DA:480,19
DA:482,76
DA:483,76
DA:484,76
DA:485,0
DA:486,76
DA:487,76
DA:488,76
DA:489,76
DA:490,0
DA:491,0
DA:492,0
DA:493,0
DA:497,19
DA:500,19
DA:501,19
DA:503,77
DA:504,77
DA:505,0
DA:506,77
DA:509,77
DA:510,77
DA:511,39
DA:512,39
DA:513,337
DA:514,337
DA:515,337
DA:516,337
DA:517,337
DA:518,0
DA:519,337
DA:520,337
DA:521,337
DA:522,337
DA:523,0
DA:525,39
DA:527,38
DA:531,77
DA:532,38
DA:533,0
DA:534,20
DA:535,19
DA:536,0
DA:540,77
DA:541,38
DA:542,39
DA:543,0
DA:547,77
DA:548,77
DA:549,77
DA:552,77
DA:553,77
DA:556,77
DA:559,77
DA:560,77
DA:561,77
DA:564,77
DA:565,77
DA:566,77
DA:569,77
DA:572,77
DA:573,77
DA:574,77
DA:576,77
DA:577,77
DA:578,77
DA:579,77
DA:580,77
DA:581,77
DA:582,77
DA:583,77
DA:584,77
DA:585,77
DA:586,77
DA:587,77
DA:588,77
DA:589,77
DA:590,77
DA:596,19
DA:597,19
DA:598,19
DA:599,19
DA:600,19
DA:601,19
DA:602,19
DA:603,19
DA:604,0
DA:606,0
DA:607,0
DA:608,0
DA:609,0
DA:611,0
DA:612,0
DA:613,0
DA:615,0
DA:616,0
DA:617,0
DA:619,0
DA:620,0
DA:621,0
DA:622,0
DA:624,0
DA:625,0
DA:626,0
DA:627,0
DA:628,0
DA:629,0
DA:631,0
DA:634,0
DA:635,19
DA:641,19
DA:642,19
DA:643,19
DA:644,19
DA:645,19
DA:646,19
DA:647,19
DA:648,19
DA:649,19
DA:650,19
DA:651,16
DA:652,3
DA:653,3
DA:654,0
DA:655,3
DA:657,3
DA:658,3
DA:659,3
DA:662,6
DA:663,3
DA:664,3
DA:665,3
DA:666,0
DA:667,3
DA:669,3
DA:670,3
DA:671,3
DA:672,3
DA:673,0
DA:674,3
DA:676,3
DA:677,3
DA:678,3
DA:681,3
DA:682,3
DA:683,19
DA:689,95
DA:690,95
DA:691,95
DA:692,95
DA:693,95
DA:694,95
DA:695,95
DA:697,171
DA:698,171
DA:699,171
DA:700,171
DA:701,171
DA:702,171
DA:703,171
DA:711,0
DA:712,0
DA:713,0
DA:714,0
DA:715,0
DA:716,0
DA:717,0
DA:718,0
DA:719,0
DA:720,0
DA:721,0
DA:722,0
DA:723,0
DA:724,0
DA:725,0
DA:726,0
DA:742,12
DA:743,12
DA:744,12
DA:746,12
DA:748,12
DA:752,12
DA:754,12
DA:755,12
DA:757,12
DA:758,12
DA:760,12
DA:761,12
DA:763,12
DA:764,12
DA:766,12
DA:767,12
DA:775,12
DA:778,12
DA:781,12
DA:782,12
DA:785,12
DA:786,12
DA:787,12
DA:788,12
DA:794,12
DA:795,12
DA:796,12
DA:797,12
DA:803,12
DA:804,12
DA:805,12
DA:806,12
DA:809,12
DA:811,12
DA:812,12
DA:813,12
DA:814,12
DA:816,12
DA:817,12
DA:818,12
DA:819,12
DA:821,12
DA:822,12
DA:823,12
DA:824,12
DA:827,12
DA:830,12
DA:831,12
DA:833,12
DA:834,12
DA:836,12
DA:838,12
DA:840,12
DA:842,12
DA:843,12
DA:844,12
DA:845,12
DA:848,12
DA:849,12
DA:850,12
DA:851,12
DA:853,12
DA:854,12
DA:855,12
DA:857,12
DA:859,12
DA:861,12
DA:863,12
DA:864,12
DA:867,12
DA:868,12
DA:869,12
DA:871,12
DA:872,12
DA:875,35
DA:876,35
DA:877,297
DA:878,297
DA:879,297
DA:880,297
DA:881,297
DA:882,35
DA:883,35
DA:890,3
DA:891,3
DA:892,3
DA:894,3
DA:896,3
DA:899,3
DA:900,3
DA:901,3
DA:902,3
DA:903,3
DA:904,3
DA:905,3
DA:906,3
DA:907,3
DA:908,3
DA:909,3
DA:910,3
DA:911,3
DA:913,3
DA:915,3
DA:917,3
DA:920,3
DA:922,12
DA:923,9
DA:924,9
DA:927,3
DA:930,3
DA:931,3
DA:932,3
DA:933,3
DA:934,3
DA:935,3
DA:936,3
DA:937,3
DA:938,3
DA:940,3
DA:942,3
DA:943,3
DA:946,3
DA:947,3
DA:948,3
DA:949,3
DA:950,3
DA:951,3
DA:952,3
DA:953,3
DA:954,3
DA:956,3
DA:957,3
DA:960,3
DA:961,3
DA:962,3
DA:964,3
DA:965,3
DA:968,2
DA:969,2
DA:970,2
DA:972,2
DA:973,2
DA:976,2
DA:977,2
DA:978,2
DA:979,2
DA:980,2
DA:981,2
DA:982,2
DA:983,2
DA:984,2
DA:985,2
DA:986,2
DA:988,2
DA:989,2
DA:990,2
DA:991,2
DA:993,2
DA:994,2
DA:997,2
DA:998,2
DA:1001,2
DA:1003,2
DA:1005,2
DA:1008,2
DA:1009,258
DA:1010,256
DA:1011,256
DA:1014,2
DA:1016,2
DA:1017,2
DA:1018,2
DA:1019,2
DA:1020,2
DA:1021,2
DA:1022,2
DA:1023,2
DA:1024,2
DA:1025,2
DA:1026,2
DA:1029,2
DA:1030,2
DA:1031,2
DA:1032,2
DA:1033,2
DA:1034,2
DA:1035,2
DA:1036,2
DA:1037,2
DA:1038,2
DA:1039,2
DA:1042,2
DA:1043,2
DA:1044,1026
DA:1045,1024
DA:1046,1024
DA:1047,1024
DA:1049,2
DA:1050,2
DA:1053,1
DA:1054,1
DA:1055,1
DA:1057,1
DA:1058,1
DA:1059,1
DA:1060,1
DA:1061,1
DA:1064,1
DA:1065,1
DA:1066,1
DA:1067,1
DA:1070,1
DA:1071,1
DA:1073,1
DA:1074,1
DA:1075,1
DA:1076,1
DA:1077,1
DA:1080,1
DA:1081,1
DA:1082,1
DA:1085,1
DA:1086,1
DA:1087,1
DA:1088,4
DA:1089,1
DA:1090,1
DA:1091,1
DA:1094,1
DA:1095,1
DA:1096,1
DA:1098,1
DA:1099,1
DA:1100,1
DA:1101,1
DA:1104,1
DA:1105,1
DA:1106,1
DA:1108,1
DA:1109,1
DA:1110,1
DA:1111,1
DA:1114,1
DA:1115,1
DA:1116,1
DA:1117,1
DA:1119,1
DA:1120,1
DA:1121,1
DA:1122,1
DA:1123,1
DA:1126,1
DA:1127,1
DA:1128,1
DA:1130,1
DA:1131,1
DA:1132,1
DA:1135,1
DA:1136,1
DA:1137,1
DA:1139,1
DA:1140,1
DA:1141,1
DA:1143,1
DA:1144,512
DA:1145,512
DA:1146,1
DA:1149,1
DA:1150,1
DA:1151,1
DA:1153,1
DA:1154,1
DA:1156,1
DA:1157,1
DA:1158,1
DA:1159,1
DA:1160,1
DA:1162,1
DA:1163,1
DA:1164,1
DA:1167,1
DA:1168,1
DA:1169,1
DA:1172,1
DA:1173,1
DA:1174,1
DA:1177,1
DA:1178,1
DA:1179,1
DA:1182,1
DA:1183,1
DA:1184,1
DA:1185,1
DA:1188,1
DA:1189,1
DA:1190,1
DA:1191,1
DA:1194,1
DA:1195,1
DA:1196,1
DA:1199,1
DA:1201,1
DA:1202,1
DA:1204,1
DA:1205,1
DA:1208,1
DA:1209,1
DA:1210,1
DA:1212,1
DA:1213,1
DA:1214,1
DA:1215,1
DA:1216,0
DA:1219,1
DA:1220,1
DA:1223,1
DA:1225,1
DA:1227,1
DA:1228,1
DA:1229,1
DA:1231,1
DA:1232,1
DA:1233,1
DA:1234,1
DA:1237,1
DA:1238,1
DA:1239,1
DA:1240,1
DA:1241,1
DA:1242,1
DA:1245,1
DA:1246,1
DA:1247,1
DA:1248,1
DA:1249,1
DA:1252,1
DA:1253,1
DA:1254,1
DA:1255,1
DA:1256,1
DA:1259,1
DA:1261,1
DA:1262,1
DA:1263,1
DA:1264,1
DA:1265,1
DA:1266,1
DA:1267,1
DA:1269,1
DA:1270,1
DA:1272,1
DA:1274,1
DA:1276,1
DA:1278,1
DA:1279,1
DA:1280,1
DA:1281,1
DA:1282,1
DA:1283,1
DA:1284,1
DA:1287,1
DA:1289,1
DA:1290,1
DA:1291,1
DA:1293,1
DA:1296,1
DA:1297,2
DA:1299,1
DA:1300,1
DA:1301,1
BRF:0
BRH:0
LF:873
LH:747
end_of_record
SF:/home/weiss/git/World-Office/server/core/crates/wo-msbinary/src/roundtrip.rs
FN:167,_RNvNtNtCs4osMQQ8uuoY_11wo_msbinary9roundtrip5tests14encode_utf16le
FN:73,_RNvNtNtCs4osMQQ8uuoY_11wo_msbinary9roundtrip5tests18create_minimal_ole
FN:178,_RNvNtNtCs4osMQQ8uuoY_11wo_msbinary9roundtrip5testss_21test_roundtrip_simple
FN:207,_RNvNtNtCs4osMQQ8uuoY_11wo_msbinary9roundtrip5testss_22test_roundtrip_non_ole
FN:193,_RNvNtNtCs4osMQQ8uuoY_11wo_msbinary9roundtrip5testss_28test_roundtrip_ole_detection
FN:220,_RNvNtNtCs4osMQQ8uuoY_11wo_msbinary9roundtrip5testss_28test_serialize_without_parse
FN:43,_RNCNvXs0_NtCs4osMQQ8uuoY_11wo_msbinary9roundtripNtB7_17MsbinaryRoundtripNtNtCsiDKnaJ7pGfC_9wo_common12test_harness15FormatRoundtrip5parse0B9_
FN:63,_RNCNvXs0_NtCs4osMQQ8uuoY_11wo_msbinary9roundtripNtB7_17MsbinaryRoundtripNtNtCsiDKnaJ7pGfC_9wo_common12test_harness15FormatRoundtrip9serialize0B9_
FN:32,_RNvXs_NtCs4osMQQ8uuoY_11wo_msbinary9roundtripNtB4_17MsbinaryRoundtripNtNtCsbwefsVELSfr_4core7default7Default7default
FN:24,_RNvMNtCs4osMQQ8uuoY_11wo_msbinary9roundtripNtB2_17MsbinaryRoundtrip3new
FN:38,_RNvXs0_NtCs4osMQQ8uuoY_11wo_msbinary9roundtripNtB5_17MsbinaryRoundtripNtNtCsiDKnaJ7pGfC_9wo_common12test_harness15FormatRoundtrip5parse
FN:57,_RNvXs0_NtCs4osMQQ8uuoY_11wo_msbinary9roundtripNtB5_17MsbinaryRoundtripNtNtCsiDKnaJ7pGfC_9wo_common12test_harness15FormatRoundtrip9serialize
FNDA:4,_RNvNtNtCs4osMQQ8uuoY_11wo_msbinary9roundtrip5tests14encode_utf16le
FNDA:2,_RNvNtNtCs4osMQQ8uuoY_11wo_msbinary9roundtrip5tests18create_minimal_ole
FNDA:1,_RNvNtNtCs4osMQQ8uuoY_11wo_msbinary9roundtrip5testss_21test_roundtrip_simple
FNDA:1,_RNvNtNtCs4osMQQ8uuoY_11wo_msbinary9roundtrip5testss_22test_roundtrip_non_ole
FNDA:1,_RNvNtNtCs4osMQQ8uuoY_11wo_msbinary9roundtrip5testss_28test_roundtrip_ole_detection
FNDA:1,_RNvNtNtCs4osMQQ8uuoY_11wo_msbinary9roundtrip5testss_28test_serialize_without_parse
FNDA:0,_RNCNvXs0_NtCs4osMQQ8uuoY_11wo_msbinary9roundtripNtB7_17MsbinaryRoundtripNtNtCsiDKnaJ7pGfC_9wo_common12test_harness15FormatRoundtrip5parse0B9_
FNDA:0,_RNCNvXs0_NtCs4osMQQ8uuoY_11wo_msbinary9roundtripNtB7_17MsbinaryRoundtripNtNtCsiDKnaJ7pGfC_9wo_common12test_harness15FormatRoundtrip9serialize0B9_
FNDA:0,_RNvXs_NtCs4osMQQ8uuoY_11wo_msbinary9roundtripNtB4_17MsbinaryRoundtripNtNtCsbwefsVELSfr_4core7default7Default7default
FNDA:4,_RNvMNtCs4osMQQ8uuoY_11wo_msbinary9roundtripNtB2_17MsbinaryRoundtrip3new
FNDA:3,_RNvXs0_NtCs4osMQQ8uuoY_11wo_msbinary9roundtripNtB5_17MsbinaryRoundtripNtNtCsiDKnaJ7pGfC_9wo_common12test_harness15FormatRoundtrip5parse
FNDA:4,_RNvXs0_NtCs4osMQQ8uuoY_11wo_msbinary9roundtripNtB5_17MsbinaryRoundtripNtNtCsiDKnaJ7pGfC_9wo_common12test_harness15FormatRoundtrip9serialize
FNF:12
FNH:9
DA:24,4
DA:25,4
DA:26,4
DA:27,4
DA:28,4
DA:32,0
DA:33,0
DA:34,0
DA:38,3
DA:40,3
DA:42,2
DA:43,2
DA:46,2
DA:47,2
DA:48,2
DA:51,1
DA:52,1
DA:53,1
DA:55,3
DA:57,4
DA:58,4
DA:59,4
DA:63,3
DA:64,4
DA:73,2
DA:74,2
DA:75,2
DA:76,2
DA:77,2
DA:80,2
DA:81,2
DA:84,2
DA:85,2
DA:88,2
DA:89,2
DA:92,2
DA:93,2
DA:96,2
DA:97,2
DA:100,2
DA:101,2
DA:104,2
DA:107,2
DA:110,2
DA:111,2
DA:114,2
DA:117,2
DA:120,2
DA:123,2
DA:125,2
DA:127,2
DA:129,2
DA:132,2
DA:135,2
DA:136,2
DA:137,2
DA:138,2
DA:139,2
DA:140,2
DA:141,2
DA:142,2
DA:145,2
DA:146,2
DA:147,2
DA:148,2
DA:149,2
DA:150,2
DA:151,2
DA:152,2
DA:153,2
DA:154,2
DA:155,2
DA:156,2
DA:157,2
DA:160,2
DA:161,2
DA:162,2
DA:164,2
DA:165,2
DA:167,4
DA:168,4
DA:169,40
DA:170,40
DA:171,40
DA:172,40
DA:173,40
DA:174,4
DA:175,4
DA:178,1
DA:179,1
DA:180,1
DA:182,1
DA:183,1
DA:186,1
DA:187,1
DA:188,1
DA:189,1
DA:190,1
DA:193,1
DA:194,1
DA:195,1
DA:197,1
DA:198,1
DA:199,1
DA:202,1
DA:203,1
DA:204,1
DA:207,1
DA:208,1
DA:209,1
DA:211,1
DA:212,1
DA:215,1
DA:216,1
DA:217,1
DA:220,1
DA:221,1
DA:222,1
DA:223,1
DA:224,1
DA:225,1
BRF:0
BRH:0
LF:123
LH:118
end_of_record