SF:/home/weiss/git/World-Office/server/core/crates/wo-rtf/src/lib.rs
FN:19,_RNvCs42vtsR9C6eJ_6wo_rtf11is_rtf_file
FNDA:6,_RNvCs42vtsR9C6eJ_6wo_rtf11is_rtf_file
FNF:1
FNH:1
DA:19,6
DA:20,6
DA:21,2
DA:22,4
DA:23,4
DA:24,4
DA:25,4
DA:26,6
BRF:0
BRH:0
LF:8
LH:8
end_of_record
SF:/home/weiss/git/World-Office/server/core/crates/wo-rtf/src/parser.rs
FN:592,_RNCNCNvMNtCsi6lZP5qTas_6wo_rtf6parserNtB6_9RtfParser17parse_to_documents0_00B8_
FN:578,_RNCNvMNtCsi6lZP5qTas_6wo_rtf6parserNtB4_9RtfParser17parse_to_document0B6_
FN:589,_RNCNvMNtCsi6lZP5qTas_6wo_rtf6parserNtB4_9RtfParser17parse_to_documents0_0B6_
FN:583,_RNCNvMNtCsi6lZP5qTas_6wo_rtf6parserNtB4_9RtfParser17parse_to_documents_0B6_
FN:208,_RNCNvMNtCsi6lZP5qTas_6wo_rtf6parserNtB4_9RtfParser18parse_body_content0B6_
FN:278,_RNCNvMNtCsi6lZP5qTas_6wo_rtf6parserNtB4_9RtfParser23flush_control_word_text0B6_
FN:280,_RNCNvMNtCsi6lZP5qTas_6wo_rtf6parserNtB4_9RtfParser23flush_control_word_texts0_0B6_
FN:279,_RNCNvMNtCsi6lZP5qTas_6wo_rtf6parserNtB4_9RtfParser23flush_control_word_texts_0B6_
FN:53,_RNCNvMNtCsi6lZP5qTas_6wo_rtf6parserNtB4_9RtfParser5parse0B6_
FN:513,_RNvMNtCsi6lZP5qTas_6wo_rtf6parserNtB2_9RtfParser10parse_info
FN:555,_RNvMNtCsi6lZP5qTas_6wo_rtf6parserNtB2_9RtfParser11group_depth
FN:60,_RNvMNtCsi6lZP5qTas_6wo_rtf6parserNtB2_9RtfParser12parse_tokens
FN:382,_RNvMNtCsi6lZP5qTas_6wo_rtf6parserNtB2_9RtfParser15flush_paragraph
FN:397,_RNvMNtCsi6lZP5qTas_6wo_rtf6parserNtB2_9RtfParser16parse_font_table
FN:453,_RNvMNtCsi6lZP5qTas_6wo_rtf6parserNtB2_9RtfParser17parse_color_table
FN:572,_RNvMNtCsi6lZP5qTas_6wo_rtf6parserNtB2_9RtfParser17parse_to_document
FN:148,_RNvMNtCsi6lZP5qTas_6wo_rtf6parserNtB2_9RtfParser18parse_body_content
FN:247,_RNvMNtCsi6lZP5qTas_6wo_rtf6parserNtB2_9RtfParser23flush_control_word_text
FN:326,_RNvMNtCsi6lZP5qTas_6wo_rtf6parserNtB2_9RtfParser25wrap_text_with_formatting
FN:46,_RNvMNtCsi6lZP5qTas_6wo_rtf6parserNtB2_9RtfParser3new
FN:51,_RNvMNtCsi6lZP5qTas_6wo_rtf6parserNtB2_9RtfParser5parse
FN:621,_RNvNtCsi6lZP5qTas_6wo_rtf6parser8tokenize
FN:615,_RNvXs_NtCsi6lZP5qTas_6wo_rtf6parserNtB4_9RtfParserNtNtCsbwefsVELSfr_4core7default7Default7default
FN:513,_RNvMNtCsbCXmeRoOS2h_6wo_rtf6parserNtB2_9RtfParser10parse_info
FN:555,_RNvMNtCsbCXmeRoOS2h_6wo_rtf6parserNtB2_9RtfParser11group_depth
FN:60,_RNvMNtCsbCXmeRoOS2h_6wo_rtf6parserNtB2_9RtfParser12parse_tokens
FN:382,_RNvMNtCsbCXmeRoOS2h_6wo_rtf6parserNtB2_9RtfParser15flush_paragraph
FN:397,_RNvMNtCsbCXmeRoOS2h_6wo_rtf6parserNtB2_9RtfParser16parse_font_table
FN:453,_RNvMNtCsbCXmeRoOS2h_6wo_rtf6parserNtB2_9RtfParser17parse_color_table
FN:572,_RNvMNtCsbCXmeRoOS2h_6wo_rtf6parserNtB2_9RtfParser17parse_to_document
FN:148,_RNvMNtCsbCXmeRoOS2h_6wo_rtf6parserNtB2_9RtfParser18parse_body_content
FN:247,_RNvMNtCsbCXmeRoOS2h_6wo_rtf6parserNtB2_9RtfParser23flush_control_word_text
FN:326,_RNvMNtCsbCXmeRoOS2h_6wo_rtf6parserNtB2_9RtfParser25wrap_text_with_formatting
FN:46,_RNvMNtCsbCXmeRoOS2h_6wo_rtf6parserNtB2_9RtfParser3new
FN:51,_RNvMNtCsbCXmeRoOS2h_6wo_rtf6parserNtB2_9RtfParser5parse
FN:621,_RNvNtCsbCXmeRoOS2h_6wo_rtf6parser8tokenize
FN:615,_RNvXs_NtCsbCXmeRoOS2h_6wo_rtf6parserNtB4_9RtfParserNtNtCsbwefsVELSfr_4core7default7Default7default
FN:592,_RNCNCNvMNtCsbCXmeRoOS2h_6wo_rtf6parserNtB6_9RtfParser17parse_to_documents0_00B8_
FN:578,_RNCNvMNtCsbCXmeRoOS2h_6wo_rtf6parserNtB4_9RtfParser17parse_to_document0B6_
FN:589,_RNCNvMNtCsbCXmeRoOS2h_6wo_rtf6parserNtB4_9RtfParser17parse_to_documents0_0B6_
FN:583,_RNCNvMNtCsbCXmeRoOS2h_6wo_rtf6parserNtB4_9RtfParser17parse_to_documents_0B6_
FN:208,_RNCNvMNtCsbCXmeRoOS2h_6wo_rtf6parserNtB4_9RtfParser18parse_body_content0B6_
FN:278,_RNCNvMNtCsbCXmeRoOS2h_6wo_rtf6parserNtB4_9RtfParser23flush_control_word_text0B6_
FN:280,_RNCNvMNtCsbCXmeRoOS2h_6wo_rtf6parserNtB4_9RtfParser23flush_control_word_texts0_0B6_
FN:279,_RNCNvMNtCsbCXmeRoOS2h_6wo_rtf6parserNtB4_9RtfParser23flush_control_word_texts_0B6_
FN:53,_RNCNvMNtCsbCXmeRoOS2h_6wo_rtf6parserNtB4_9RtfParser5parse0B6_
FN:615,_RNvXs_NtCs42vtsR9C6eJ_6wo_rtf6parserNtB4_9RtfParserNtNtCsbwefsVELSfr_4core7default7Default7default
FN:513,_RNvMNtCs42vtsR9C6eJ_6wo_rtf6parserNtB2_9RtfParser10parse_info
FN:555,_RNvMNtCs42vtsR9C6eJ_6wo_rtf6parserNtB2_9RtfParser11group_depth
FN:60,_RNvMNtCs42vtsR9C6eJ_6wo_rtf6parserNtB2_9RtfParser12parse_tokens
FN:382,_RNvMNtCs42vtsR9C6eJ_6wo_rtf6parserNtB2_9RtfParser15flush_paragraph
FN:397,_RNvMNtCs42vtsR9C6eJ_6wo_rtf6parserNtB2_9RtfParser16parse_font_table
FN:453,_RNvMNtCs42vtsR9C6eJ_6wo_rtf6parserNtB2_9RtfParser17parse_color_table
FN:572,_RNvMNtCs42vtsR9C6eJ_6wo_rtf6parserNtB2_9RtfParser17parse_to_document
FN:148,_RNvMNtCs42vtsR9C6eJ_6wo_rtf6parserNtB2_9RtfParser18parse_body_content
FN:247,_RNvMNtCs42vtsR9C6eJ_6wo_rtf6parserNtB2_9RtfParser23flush_control_word_text
FN:326,_RNvMNtCs42vtsR9C6eJ_6wo_rtf6parserNtB2_9RtfParser25wrap_text_with_formatting
FN:46,_RNvMNtCs42vtsR9C6eJ_6wo_rtf6parserNtB2_9RtfParser3new
FN:51,_RNvMNtCs42vtsR9C6eJ_6wo_rtf6parserNtB2_9RtfParser5parse
FN:621,_RNvNtCs42vtsR9C6eJ_6wo_rtf6parser8tokenize
FN:592,_RNCNCNvMNtCs42vtsR9C6eJ_6wo_rtf6parserNtB6_9RtfParser17parse_to_documents0_00B8_
FN:578,_RNCNvMNtCs42vtsR9C6eJ_6wo_rtf6parserNtB4_9RtfParser17parse_to_document0B6_
FN:589,_RNCNvMNtCs42vtsR9C6eJ_6wo_rtf6parserNtB4_9RtfParser17parse_to_documents0_0B6_
FN:583,_RNCNvMNtCs42vtsR9C6eJ_6wo_rtf6parserNtB4_9RtfParser17parse_to_documents_0B6_
FN:208,_RNCNvMNtCs42vtsR9C6eJ_6wo_rtf6parserNtB4_9RtfParser18parse_body_content0B6_
FN:278,_RNCNvMNtCs42vtsR9C6eJ_6wo_rtf6parserNtB4_9RtfParser23flush_control_word_text0B6_
FN:280,_RNCNvMNtCs42vtsR9C6eJ_6wo_rtf6parserNtB4_9RtfParser23flush_control_word_texts0_0B6_
FN:279,_RNCNvMNtCs42vtsR9C6eJ_6wo_rtf6parserNtB4_9RtfParser23flush_control_word_texts_0B6_
FN:53,_RNCNvMNtCs42vtsR9C6eJ_6wo_rtf6parserNtB4_9RtfParser5parse0B6_
FN:1216,_RNCNCNvNtNtCs42vtsR9C6eJ_6wo_rtf6parser5testss_15test_page_break00B9_
FN:716,_RNCNvNtNtCs42vtsR9C6eJ_6wo_rtf6parser5tests10inlines_eq0B7_
FN:779,_RNCNvNtNtCs42vtsR9C6eJ_6wo_rtf6parser5tests9blocks_eq0B7_
FN:1205,_RNCNvNtNtCs42vtsR9C6eJ_6wo_rtf6parser5testss_15test_line_break0B7_
FN:1214,_RNCNvNtNtCs42vtsR9C6eJ_6wo_rtf6parser5testss_15test_page_break0B7_
FN:1084,_RNCNvNtNtCs42vtsR9C6eJ_6wo_rtf6parser5testss_17test_color_change0B7_
FN:1040,_RNCNvNtNtCs42vtsR9C6eJ_6wo_rtf6parser5testss_28test_bold_italic_combination0B7_
FN:1046,_RNCNvNtNtCs42vtsR9C6eJ_6wo_rtf6parser5testss_28test_bold_italic_combinations0_0B7_
FN:1042,_RNCNvNtNtCs42vtsR9C6eJ_6wo_rtf6parser5testss_28test_bold_italic_combinations_0B7_
FN:1431,_RNCNvNtNtCs42vtsR9C6eJ_6wo_rtf6parser5testss_28test_plain_resets_formatting0B7_
FN:1432,_RNCNvNtNtCs42vtsR9C6eJ_6wo_rtf6parser5testss_28test_plain_resets_formattings_0B7_
FN:1229,_RNCNvNtNtCs42vtsR9C6eJ_6wo_rtf6parser5testss_8test_tab0B7_
FN:715,_RNvNtNtCs42vtsR9C6eJ_6wo_rtf6parser5tests10inlines_eq
FN:802,_RNvNtNtCs42vtsR9C6eJ_6wo_rtf6parser5tests10parse_body
FN:809,_RNvNtNtCs42vtsR9C6eJ_6wo_rtf6parser5tests12extract_text
FN:830,_RNvNtNtCs42vtsR9C6eJ_6wo_rtf6parser5tests13count_variant
FN:782,_RNvNtNtCs42vtsR9C6eJ_6wo_rtf6parser5tests8block_eq
FN:778,_RNvNtNtCs42vtsR9C6eJ_6wo_rtf6parser5tests9blocks_eq
FN:719,_RNvNtNtCs42vtsR9C6eJ_6wo_rtf6parser5tests9inline_eq
FN:986,_RNvNtNtCs42vtsR9C6eJ_6wo_rtf6parser5testss_14test_bold_text
FN:1067,_RNvNtNtCs42vtsR9C6eJ_6wo_rtf6parser5testss_14test_font_size
FN:951,_RNvNtNtCs42vtsR9C6eJ_6wo_rtf6parser5testss_15test_hex_escape
FN:1201,_RNvNtNtCs42vtsR9C6eJ_6wo_rtf6parser5testss_15test_line_break
FN:1211,_RNvNtNtCs42vtsR9C6eJ_6wo_rtf6parser5testss_15test_page_break
FN:1103,_RNvNtNtCs42vtsR9C6eJ_6wo_rtf6parser5testss_16test_font_family
FN:868,_RNvNtNtCs42vtsR9C6eJ_6wo_rtf6parser5testss_16test_is_rtf_file
FN:1005,_RNvNtNtCs42vtsR9C6eJ_6wo_rtf6parser5testss_16test_italic_text
FN:1076,_RNvNtNtCs42vtsR9C6eJ_6wo_rtf6parser5testss_17test_color_change
FN:1413,_RNvNtNtCs42vtsR9C6eJ_6wo_rtf6parser5testss_18test_parse_ansicpg
FN:1094,_RNvNtNtCs42vtsR9C6eJ_6wo_rtf6parser5testss_18test_strikethrough
FN:1017,_RNvNtNtCs42vtsR9C6eJ_6wo_rtf6parser5testss_19test_underline_text
FN:1142,_RNvNtNtCs42vtsR9C6eJ_6wo_rtf6parser5testss_20test_alignment_right
FN:937,_RNvNtNtCs42vtsR9C6eJ_6wo_rtf6parser5testss_20test_rejects_non_rtf
FN:1129,_RNvNtNtCs42vtsR9C6eJ_6wo_rtf6parser5testss_21test_alignment_center
FN:887,_RNvNtNtCs42vtsR9C6eJ_6wo_rtf6parser5testss_21test_parse_font_table
FN:878,_RNvNtNtCs42vtsR9C6eJ_6wo_rtf6parser5testss_21test_parse_simple_rtf
FN:1150,_RNvNtNtCs42vtsR9C6eJ_6wo_rtf6parser5testss_22test_alignment_justify
FN:1053,_RNvNtNtCs42vtsR9C6eJ_6wo_rtf6parser5testss_22test_mixed_bold_italic
FN:896,_RNvNtNtCs42vtsR9C6eJ_6wo_rtf6parser5testss_22test_parse_color_table
FN:944,_RNvNtNtCs42vtsR9C6eJ_6wo_rtf6parser5testss_22test_parse_rtf_version
FN:928,_RNvNtNtCs42vtsR9C6eJ_6wo_rtf6parser5testss_22test_parse_to_document
FN:1026,_RNvNtNtCs42vtsR9C6eJ_6wo_rtf6parser5testss_23test_underline_with_ul0
FN:920,_RNvNtNtCs42vtsR9C6eJ_6wo_rtf6parser5testss_24test_parse_document_info
FN:1158,_RNvNtNtCs42vtsR9C6eJ_6wo_rtf6parser5testss_26test_paragraph_indentation
FN:1173,_RNvNtNtCs42vtsR9C6eJ_6wo_rtf6parser5testss_26test_pard_resets_paragraph
FN:1446,_RNvNtNtCs42vtsR9C6eJ_6wo_rtf6parser5testss_26test_superscript_subscript
FN:1405,_RNvNtNtCs42vtsR9C6eJ_6wo_rtf6parser5testss_27test_parse_empty_font_table
FN:1035,_RNvNtNtCs42vtsR9C6eJ_6wo_rtf6parser5testss_28test_bold_italic_combination
FN:1113,_RNvNtNtCs42vtsR9C6eJ_6wo_rtf6parser5testss_28test_group_scoped_formatting
FN:1421,_RNvNtNtCs42vtsR9C6eJ_6wo_rtf6parser5testss_28test_plain_resets_formatting
FN:958,_RNvNtNtCs42vtsR9C6eJ_6wo_rtf6parser5testss_28test_tokenizer_control_words
FN:1438,_RNvNtNtCs42vtsR9C6eJ_6wo_rtf6parser5testss_30test_parse_rtf_version_default
FN:1280,_RNvNtNtCs42vtsR9C6eJ_6wo_rtf6parser5testss_30test_roundtrip_font_size_color
FN:972,_RNvNtNtCs42vtsR9C6eJ_6wo_rtf6parser5testss_30test_tokenizer_control_symbols
FN:1367,_RNvNtNtCs42vtsR9C6eJ_6wo_rtf6parser5testss_31test_roundtrip_special_elements
FN:1328,_RNvNtNtCs42vtsR9C6eJ_6wo_rtf6parser5testss_35test_roundtrip_alignment_and_indent
FN:1237,_RNvNtNtCs42vtsR9C6eJ_6wo_rtf6parser5testss_38test_nested_formatting_font_color_size
FN:1259,_RNvNtNtCs42vtsR9C6eJ_6wo_rtf6parser5testss_50test_multiple_paragraphs_with_different_formatting
FN:1225,_RNvNtNtCs42vtsR9C6eJ_6wo_rtf6parser5testss_8test_tab
FNDA:0,_RNCNCNvMNtCsi6lZP5qTas_6wo_rtf6parserNtB6_9RtfParser17parse_to_documents0_00B8_
FNDA:0,_RNCNvMNtCsi6lZP5qTas_6wo_rtf6parserNtB4_9RtfParser17parse_to_document0B6_
FNDA:0,_RNCNvMNtCsi6lZP5qTas_6wo_rtf6parserNtB4_9RtfParser17parse_to_documents0_0B6_
FNDA:0,_RNCNvMNtCsi6lZP5qTas_6wo_rtf6parserNtB4_9RtfParser17parse_to_documents_0B6_
FNDA:0,_RNCNvMNtCsi6lZP5qTas_6wo_rtf6parserNtB4_9RtfParser18parse_body_content0B6_
FNDA:0,_RNCNvMNtCsi6lZP5qTas_6wo_rtf6parserNtB4_9RtfParser23flush_control_word_text0B6_
FNDA:0,_RNCNvMNtCsi6lZP5qTas_6wo_rtf6parserNtB4_9RtfParser23flush_control_word_texts0_0B6_
FNDA:0,_RNCNvMNtCsi6lZP5qTas_6wo_rtf6parserNtB4_9RtfParser23flush_control_word_texts_0B6_
FNDA:0,_RNCNvMNtCsi6lZP5qTas_6wo_rtf6parserNtB4_9RtfParser5parse0B6_
FNDA:0,_RNvMNtCsi6lZP5qTas_6wo_rtf6parserNtB2_9RtfParser10parse_info
FNDA:0,_RNvMNtCsi6lZP5qTas_6wo_rtf6parserNtB2_9RtfParser11group_depth
FNDA:0,_RNvMNtCsi6lZP5qTas_6wo_rtf6parserNtB2_9RtfParser12parse_tokens
FNDA:0,_RNvMNtCsi6lZP5qTas_6wo_rtf6parserNtB2_9RtfParser15flush_paragraph
FNDA:0,_RNvMNtCsi6lZP5qTas_6wo_rtf6parserNtB2_9RtfParser16parse_font_table
FNDA:0,_RNvMNtCsi6lZP5qTas_6wo_rtf6parserNtB2_9RtfParser17parse_color_table
FNDA:0,_RNvMNtCsi6lZP5qTas_6wo_rtf6parserNtB2_9RtfParser17parse_to_document
FNDA:0,_RNvMNtCsi6lZP5qTas_6wo_rtf6parserNtB2_9RtfParser18parse_body_content
FNDA:0,_RNvMNtCsi6lZP5qTas_6wo_rtf6parserNtB2_9RtfParser23flush_control_word_text
FNDA:0,_RNvMNtCsi6lZP5qTas_6wo_rtf6parserNtB2_9RtfParser25wrap_text_with_formatting
FNDA:0,_RNvMNtCsi6lZP5qTas_6wo_rtf6parserNtB2_9RtfParser3new
FNDA:0,_RNvMNtCsi6lZP5qTas_6wo_rtf6parserNtB2_9RtfParser5parse
FNDA:0,_RNvNtCsi6lZP5qTas_6wo_rtf6parser8tokenize
FNDA:0,_RNvXs_NtCsi6lZP5qTas_6wo_rtf6parserNtB4_9RtfParserNtNtCsbwefsVELSfr_4core7default7Default7default
FNDA:0,_RNvMNtCsbCXmeRoOS2h_6wo_rtf6parserNtB2_9RtfParser10parse_info
FNDA:0,_RNvMNtCsbCXmeRoOS2h_6wo_rtf6parserNtB2_9RtfParser11group_depth
FNDA:0,_RNvMNtCsbCXmeRoOS2h_6wo_rtf6parserNtB2_9RtfParser12parse_tokens
FNDA:0,_RNvMNtCsbCXmeRoOS2h_6wo_rtf6parserNtB2_9RtfParser15flush_paragraph
FNDA:0,_RNvMNtCsbCXmeRoOS2h_6wo_rtf6parserNtB2_9RtfParser16parse_font_table
FNDA:0,_RNvMNtCsbCXmeRoOS2h_6wo_rtf6parserNtB2_9RtfParser17parse_color_table
FNDA:0,_RNvMNtCsbCXmeRoOS2h_6wo_rtf6parserNtB2_9RtfParser17parse_to_document
FNDA:0,_RNvMNtCsbCXmeRoOS2h_6wo_rtf6parserNtB2_9RtfParser18parse_body_content
FNDA:0,_RNvMNtCsbCXmeRoOS2h_6wo_rtf6parserNtB2_9RtfParser23flush_control_word_text
FNDA:0,_RNvMNtCsbCXmeRoOS2h_6wo_rtf6parserNtB2_9RtfParser25wrap_text_with_formatting
FNDA:0,_RNvMNtCsbCXmeRoOS2h_6wo_rtf6parserNtB2_9RtfParser3new
FNDA:0,_RNvMNtCsbCXmeRoOS2h_6wo_rtf6parserNtB2_9RtfParser5parse
FNDA:0,_RNvNtCsbCXmeRoOS2h_6wo_rtf6parser8tokenize
FNDA:0,_RNvXs_NtCsbCXmeRoOS2h_6wo_rtf6parserNtB4_9RtfParserNtNtCsbwefsVELSfr_4core7default7Default7default
FNDA:0,_RNCNCNvMNtCsbCXmeRoOS2h_6wo_rtf6parserNtB6_9RtfParser17parse_to_documents0_00B8_
FNDA:0,_RNCNvMNtCsbCXmeRoOS2h_6wo_rtf6parserNtB4_9RtfParser17parse_to_document0B6_
FNDA:0,_RNCNvMNtCsbCXmeRoOS2h_6wo_rtf6parserNtB4_9RtfParser17parse_to_documents0_0B6_
FNDA:0,_RNCNvMNtCsbCXmeRoOS2h_6wo_rtf6parserNtB4_9RtfParser17parse_to_documents_0B6_
FNDA:0,_RNCNvMNtCsbCXmeRoOS2h_6wo_rtf6parserNtB4_9RtfParser18parse_body_content0B6_
FNDA:0,_RNCNvMNtCsbCXmeRoOS2h_6wo_rtf6parserNtB4_9RtfParser23flush_control_word_text0B6_
FNDA:0,_RNCNvMNtCsbCXmeRoOS2h_6wo_rtf6parserNtB4_9RtfParser23flush_control_word_texts0_0B6_
FNDA:0,_RNCNvMNtCsbCXmeRoOS2h_6wo_rtf6parserNtB4_9RtfParser23flush_control_word_texts_0B6_
FNDA:0,_RNCNvMNtCsbCXmeRoOS2h_6wo_rtf6parserNtB4_9RtfParser5parse0B6_
FNDA:0,_RNvXs_NtCs42vtsR9C6eJ_6wo_rtf6parserNtB4_9RtfParserNtNtCsbwefsVELSfr_4core7default7Default7default
FNDA:2,_RNvMNtCs42vtsR9C6eJ_6wo_rtf6parserNtB2_9RtfParser10parse_info
FNDA:5,_RNvMNtCs42vtsR9C6eJ_6wo_rtf6parserNtB2_9RtfParser11group_depth
FNDA:39,_RNvMNtCs42vtsR9C6eJ_6wo_rtf6parserNtB2_9RtfParser12parse_tokens
FNDA:78,_RNvMNtCs42vtsR9C6eJ_6wo_rtf6parserNtB2_9RtfParser15flush_paragraph
FNDA:2,_RNvMNtCs42vtsR9C6eJ_6wo_rtf6parserNtB2_9RtfParser16parse_font_table
FNDA:3,_RNvMNtCs42vtsR9C6eJ_6wo_rtf6parserNtB2_9RtfParser17parse_color_table
FNDA:1,_RNvMNtCs42vtsR9C6eJ_6wo_rtf6parserNtB2_9RtfParser17parse_to_document
FNDA:38,_RNvMNtCs42vtsR9C6eJ_6wo_rtf6parserNtB2_9RtfParser18parse_body_content
FNDA:119,_RNvMNtCs42vtsR9C6eJ_6wo_rtf6parserNtB2_9RtfParser23flush_control_word_text
FNDA:117,_RNvMNtCs42vtsR9C6eJ_6wo_rtf6parserNtB2_9RtfParser25wrap_text_with_formatting
FNDA:39,_RNvMNtCs42vtsR9C6eJ_6wo_rtf6parserNtB2_9RtfParser3new
FNDA:39,_RNvMNtCs42vtsR9C6eJ_6wo_rtf6parserNtB2_9RtfParser5parse
FNDA:42,_RNvNtCs42vtsR9C6eJ_6wo_rtf6parser8tokenize
FNDA:1,_RNCNCNvMNtCs42vtsR9C6eJ_6wo_rtf6parserNtB6_9RtfParser17parse_to_documents0_00B8_
FNDA:1,_RNCNvMNtCs42vtsR9C6eJ_6wo_rtf6parserNtB4_9RtfParser17parse_to_document0B6_
FNDA:1,_RNCNvMNtCs42vtsR9C6eJ_6wo_rtf6parserNtB4_9RtfParser17parse_to_documents0_0B6_
FNDA:1,_RNCNvMNtCs42vtsR9C6eJ_6wo_rtf6parserNtB4_9RtfParser17parse_to_documents_0B6_
FNDA:452,_RNCNvMNtCs42vtsR9C6eJ_6wo_rtf6parserNtB4_9RtfParser18parse_body_content0B6_
FNDA:8,_RNCNvMNtCs42vtsR9C6eJ_6wo_rtf6parserNtB4_9RtfParser23flush_control_word_text0B6_
FNDA:4,_RNCNvMNtCs42vtsR9C6eJ_6wo_rtf6parserNtB4_9RtfParser23flush_control_word_texts0_0B6_
FNDA:11,_RNCNvMNtCs42vtsR9C6eJ_6wo_rtf6parserNtB4_9RtfParser23flush_control_word_texts_0B6_
FNDA:0,_RNCNvMNtCs42vtsR9C6eJ_6wo_rtf6parserNtB4_9RtfParser5parse0B6_
FNDA:2,_RNCNCNvNtNtCs42vtsR9C6eJ_6wo_rtf6parser5testss_15test_page_break00B9_
FNDA:6,_RNCNvNtNtCs42vtsR9C6eJ_6wo_rtf6parser5tests10inlines_eq0B7_
FNDA:3,_RNCNvNtNtCs42vtsR9C6eJ_6wo_rtf6parser5tests9blocks_eq0B7_
FNDA:2,_RNCNvNtNtCs42vtsR9C6eJ_6wo_rtf6parser5testss_15test_line_break0B7_
FNDA:2,_RNCNvNtNtCs42vtsR9C6eJ_6wo_rtf6parser5testss_15test_page_break0B7_
FNDA:3,_RNCNvNtNtCs42vtsR9C6eJ_6wo_rtf6parser5testss_17test_color_change0B7_
FNDA:3,_RNCNvNtNtCs42vtsR9C6eJ_6wo_rtf6parser5testss_28test_bold_italic_combination0B7_
FNDA:1,_RNCNvNtNtCs42vtsR9C6eJ_6wo_rtf6parser5testss_28test_bold_italic_combinations0_0B7_
FNDA:3,_RNCNvNtNtCs42vtsR9C6eJ_6wo_rtf6parser5testss_28test_bold_italic_combinations_0B7_
FNDA:1,_RNCNvNtNtCs42vtsR9C6eJ_6wo_rtf6parser5testss_28test_plain_resets_formatting0B7_
FNDA:1,_RNCNvNtNtCs42vtsR9C6eJ_6wo_rtf6parser5testss_28test_plain_resets_formattings_0B7_
FNDA:2,_RNCNvNtNtCs42vtsR9C6eJ_6wo_rtf6parser5testss_8test_tab0B7_
FNDA:3,_RNvNtNtCs42vtsR9C6eJ_6wo_rtf6parser5tests10inlines_eq
FNDA:23,_RNvNtNtCs42vtsR9C6eJ_6wo_rtf6parser5tests10parse_body
FNDA:38,_RNvNtNtCs42vtsR9C6eJ_6wo_rtf6parser5tests12extract_text
FNDA:94,_RNvNtNtCs42vtsR9C6eJ_6wo_rtf6parser5tests13count_variant
FNDA:3,_RNvNtNtCs42vtsR9C6eJ_6wo_rtf6parser5tests8block_eq
FNDA:2,_RNvNtNtCs42vtsR9C6eJ_6wo_rtf6parser5tests9blocks_eq
FNDA:6,_RNvNtNtCs42vtsR9C6eJ_6wo_rtf6parser5tests9inline_eq
FNDA:1,_RNvNtNtCs42vtsR9C6eJ_6wo_rtf6parser5testss_14test_bold_text
FNDA:1,_RNvNtNtCs42vtsR9C6eJ_6wo_rtf6parser5testss_14test_font_size
FNDA:1,_RNvNtNtCs42vtsR9C6eJ_6wo_rtf6parser5testss_15test_hex_escape
FNDA:1,_RNvNtNtCs42vtsR9C6eJ_6wo_rtf6parser5testss_15test_line_break
FNDA:1,_RNvNtNtCs42vtsR9C6eJ_6wo_rtf6parser5testss_15test_page_break
FNDA:1,_RNvNtNtCs42vtsR9C6eJ_6wo_rtf6parser5testss_16test_font_family
FNDA:1,_RNvNtNtCs42vtsR9C6eJ_6wo_rtf6parser5testss_16test_is_rtf_file
FNDA:1,_RNvNtNtCs42vtsR9C6eJ_6wo_rtf6parser5testss_16test_italic_text
FNDA:1,_RNvNtNtCs42vtsR9C6eJ_6wo_rtf6parser5testss_17test_color_change
FNDA:1,_RNvNtNtCs42vtsR9C6eJ_6wo_rtf6parser5testss_18test_parse_ansicpg
FNDA:1,_RNvNtNtCs42vtsR9C6eJ_6wo_rtf6parser5testss_18test_strikethrough
FNDA:1,_RNvNtNtCs42vtsR9C6eJ_6wo_rtf6parser5testss_19test_underline_text
FNDA:1,_RNvNtNtCs42vtsR9C6eJ_6wo_rtf6parser5testss_20test_alignment_right
FNDA:1,_RNvNtNtCs42vtsR9C6eJ_6wo_rtf6parser5testss_20test_rejects_non_rtf
FNDA:1,_RNvNtNtCs42vtsR9C6eJ_6wo_rtf6parser5testss_21test_alignment_center
FNDA:1,_RNvNtNtCs42vtsR9C6eJ_6wo_rtf6parser5testss_21test_parse_font_table
FNDA:1,_RNvNtNtCs42vtsR9C6eJ_6wo_rtf6parser5testss_21test_parse_simple_rtf
FNDA:1,_RNvNtNtCs42vtsR9C6eJ_6wo_rtf6parser5testss_22test_alignment_justify
FNDA:1,_RNvNtNtCs42vtsR9C6eJ_6wo_rtf6parser5testss_22test_mixed_bold_italic
FNDA:1,_RNvNtNtCs42vtsR9C6eJ_6wo_rtf6parser5testss_22test_parse_color_table
FNDA:1,_RNvNtNtCs42vtsR9C6eJ_6wo_rtf6parser5testss_22test_parse_rtf_version
FNDA:1,_RNvNtNtCs42vtsR9C6eJ_6wo_rtf6parser5testss_22test_parse_to_document
FNDA:1,_RNvNtNtCs42vtsR9C6eJ_6wo_rtf6parser5testss_23test_underline_with_ul0
FNDA:1,_RNvNtNtCs42vtsR9C6eJ_6wo_rtf6parser5testss_24test_parse_document_info
FNDA:1,_RNvNtNtCs42vtsR9C6eJ_6wo_rtf6parser5testss_26test_paragraph_indentation
FNDA:1,_RNvNtNtCs42vtsR9C6eJ_6wo_rtf6parser5testss_26test_pard_resets_paragraph
FNDA:1,_RNvNtNtCs42vtsR9C6eJ_6wo_rtf6parser5testss_26test_superscript_subscript
FNDA:1,_RNvNtNtCs42vtsR9C6eJ_6wo_rtf6parser5testss_27test_parse_empty_font_table
FNDA:1,_RNvNtNtCs42vtsR9C6eJ_6wo_rtf6parser5testss_28test_bold_italic_combination
FNDA:1,_RNvNtNtCs42vtsR9C6eJ_6wo_rtf6parser5testss_28test_group_scoped_formatting
FNDA:1,_RNvNtNtCs42vtsR9C6eJ_6wo_rtf6parser5testss_28test_plain_resets_formatting
FNDA:1,_RNvNtNtCs42vtsR9C6eJ_6wo_rtf6parser5testss_28test_tokenizer_control_words
FNDA:1,_RNvNtNtCs42vtsR9C6eJ_6wo_rtf6parser5testss_30test_parse_rtf_version_default
FNDA:1,_RNvNtNtCs42vtsR9C6eJ_6wo_rtf6parser5testss_30test_roundtrip_font_size_color
FNDA:1,_RNvNtNtCs42vtsR9C6eJ_6wo_rtf6parser5testss_30test_tokenizer_control_symbols
FNDA:1,_RNvNtNtCs42vtsR9C6eJ_6wo_rtf6parser5testss_31test_roundtrip_special_elements
FNDA:1,_RNvNtNtCs42vtsR9C6eJ_6wo_rtf6parser5testss_35test_roundtrip_alignment_and_indent
FNDA:1,_RNvNtNtCs42vtsR9C6eJ_6wo_rtf6parser5testss_38test_nested_formatting_font_color_size
FNDA:1,_RNvNtNtCs42vtsR9C6eJ_6wo_rtf6parser5testss_50test_multiple_paragraphs_with_different_formatting
FNDA:1,_RNvNtNtCs42vtsR9C6eJ_6wo_rtf6parser5testss_8test_tab
FNF:82
FNH:80
DA:46,39
DA:47,39
DA:48,39
DA:51,39
DA:52,39
DA:53,0
DA:54,0
DA:55,0
DA:56,39
DA:57,39
DA:58,39
DA:60,39
DA:61,39
DA:62,0
DA:63,0
DA:64,0
DA:65,0
DA:66,39
DA:68,39
DA:69,39
DA:70,39
DA:71,39
DA:72,39
DA:73,39
DA:74,39
DA:75,39
DA:78,39
DA:79,1
DA:80,1
DA:81,1
DA:82,1
DA:83,38
DA:86,38
DA:87,38
DA:88,38
DA:89,38
DA:90,0
DA:93,38
DA:94,38
DA:95,375
DA:96,337
DA:98,12
DA:99,12
DA:100,12
DA:101,2
DA:102,2
DA:103,2
DA:104,2
DA:106,10
DA:107,3
DA:108,3
DA:109,3
DA:110,3
DA:112,7
DA:113,2
DA:114,2
DA:115,2
DA:116,2
DA:118,5
DA:120,0
DA:121,5
DA:123,45
DA:124,45
DA:125,45
DA:126,155
DA:127,155
DA:128,35
DA:129,35
DA:130,120
DA:131,120
DA:132,120
DA:134,125
DA:135,125
DA:136,125
DA:138,330
DA:142,38
DA:144,38
DA:145,39
DA:148,38
DA:149,38
DA:150,38
DA:151,38
DA:152,38
DA:153,38
DA:154,38
DA:156,291
DA:157,290
DA:160,5
DA:161,5
DA:162,5
DA:163,5
DA:164,0
DA:165,0
DA:166,0
DA:167,0
DA:168,0
DA:169,0
DA:170,0
DA:172,0
DA:174,0
DA:175,0
DA:177,5
DA:179,0
DA:181,5
DA:182,5
DA:185,42
DA:186,42
DA:188,37
DA:189,5
DA:190,5
DA:191,5
DA:192,5
DA:194,119
DA:195,119
DA:196,119
DA:197,119
DA:198,119
DA:199,119
DA:200,119
DA:201,119
DA:202,119
DA:203,119
DA:204,119
DA:205,82
DA:206,82
DA:207,75
DA:208,452
DA:209,75
DA:210,75
DA:211,75
DA:212,75
DA:213,75
DA:214,7
DA:216,0
DA:217,0
DA:218,0
DA:219,0
DA:220,0
DA:221,0
DA:222,42
DA:223,42
DA:224,42
DA:225,0
DA:226,0
DA:227,0
DA:228,0
DA:230,42
DA:231,42
DA:232,42
DA:233,42
DA:234,42
DA:237,253
DA:241,38
DA:243,38
DA:244,38
DA:247,119
DA:248,119
DA:249,119
DA:250,119
DA:251,119
DA:252,119
DA:253,119
DA:254,119
DA:255,119
DA:257,119
DA:259,119
DA:260,106
DA:261,98
DA:262,95
DA:263,94
DA:264,92
DA:265,1
DA:266,1
DA:267,1
DA:268,91
DA:269,1
DA:270,1
DA:271,1
DA:272,90
DA:273,2
DA:274,2
DA:275,2
DA:278,88
DA:279,80
DA:280,69
DA:281,65
DA:284,65
DA:285,2
DA:286,2
DA:289,63
DA:290,6
DA:291,6
DA:292,6
DA:293,57
DA:294,33
DA:295,33
DA:296,24
DA:297,21
DA:298,19
DA:299,18
DA:300,17
DA:301,14
DA:302,14
DA:305,12
DA:306,10
DA:307,1
DA:308,1
DA:309,1
DA:310,1
DA:311,1
DA:312,1
DA:313,1
DA:314,1
DA:315,9
DA:316,7
DA:317,0
DA:318,0
DA:321,7
DA:323,119
DA:326,117
DA:327,117
DA:329,117
DA:330,1
DA:331,1
DA:332,1
DA:333,116
DA:334,117
DA:335,1
DA:336,1
DA:337,1
DA:338,116
DA:339,117
DA:340,1
DA:341,1
DA:342,1
DA:343,116
DA:344,117
DA:345,2
DA:346,2
DA:347,2
DA:348,115
DA:349,117
DA:350,4
DA:351,4
DA:352,4
DA:353,113
DA:354,117
DA:355,13
DA:356,13
DA:357,13
DA:358,104
DA:359,117
DA:360,8
DA:361,8
DA:362,8
DA:363,8
DA:364,109
DA:365,117
DA:366,23
DA:367,23
DA:368,23
DA:369,23
DA:370,94
DA:371,117
DA:372,15
DA:373,15
DA:374,15
DA:375,15
DA:376,102
DA:378,117
DA:379,117
DA:382,78
DA:383,78
DA:384,78
DA:385,78
DA:386,78
DA:387,78
DA:388,39
DA:389,39
DA:390,39
DA:391,39
DA:392,39
DA:393,39
DA:394,39
DA:395,78
DA:397,2
DA:398,2
DA:399,2
DA:400,2
DA:401,2
DA:402,2
DA:403,2
DA:404,2
DA:405,2
DA:407,8
DA:408,7
DA:409,1
DA:410,1
DA:411,1
DA:412,1
DA:413,1
DA:414,1
DA:415,1
DA:416,1
DA:417,1
DA:420,3
DA:421,1
DA:422,2
DA:425,3
DA:426,3
DA:427,1
DA:428,1
DA:429,2
DA:431,2
DA:432,2
DA:433,1
DA:434,0
DA:435,0
DA:436,1
DA:438,1
DA:440,1
DA:441,1
DA:442,1
DA:443,1
DA:445,0
DA:447,6
DA:450,2
DA:451,2
DA:453,3
DA:454,3
DA:455,3
DA:456,3
DA:457,3
DA:458,3
DA:459,3
DA:461,22
DA:462,22
DA:463,0
DA:464,0
DA:465,0
DA:467,3
DA:469,3
DA:470,3
DA:471,3
DA:472,3
DA:473,3
DA:474,3
DA:475,3
DA:476,0
DA:477,0
DA:479,12
DA:480,12
DA:481,8
DA:482,4
DA:483,0
DA:485,7
DA:486,7
DA:487,7
DA:488,7
DA:489,7
DA:490,7
DA:491,7
DA:492,7
DA:493,7
DA:494,7
DA:495,0
DA:496,0
DA:497,0
DA:498,0
DA:499,0
DA:500,0
DA:501,0
DA:502,0
DA:503,0
DA:504,0
DA:505,0
DA:507,19
DA:510,3
DA:511,3
DA:513,2
DA:514,2
DA:515,2
DA:516,2
DA:518,8
DA:519,8
DA:522,2
DA:523,2
DA:524,2
DA:525,0
DA:526,0
DA:529,2
DA:530,2
DA:531,2
DA:532,0
DA:533,0
DA:535,2
DA:536,2
DA:537,2
DA:538,2
DA:539,0
DA:540,0
DA:541,0
DA:542,0
DA:543,0
DA:546,2
DA:548,6
DA:551,2
DA:552,2
DA:553,2
DA:555,5
DA:556,5
DA:557,16
DA:558,5
DA:559,5
DA:560,5
DA:562,16
DA:563,3
DA:564,6
DA:565,7
DA:568,5
DA:569,5
DA:572,1
DA:573,1
DA:575,1
DA:576,1
DA:577,1
DA:578,1
DA:579,1
DA:580,1
DA:581,1
DA:582,1
DA:583,1
DA:584,1
DA:586,1
DA:587,1
DA:588,1
DA:589,1
DA:590,1
DA:591,1
DA:592,1
DA:593,1
DA:594,0
DA:595,1
DA:596,1
DA:597,0
DA:598,1
DA:599,1
DA:601,1
DA:602,1
DA:603,1
DA:604,1
DA:605,1
DA:606,1
DA:607,1
DA:608,1
DA:609,1
DA:610,1
DA:611,1
DA:615,0
DA:616,0
DA:617,0
DA:621,42
DA:622,42
DA:623,42
DA:625,514
DA:626,472
DA:627,54
DA:628,54
DA:631,266
DA:632,266
DA:634,219
DA:635,918
DA:636,918
DA:637,699
DA:638,699
DA:639,699
DA:640,219
DA:644,219
DA:645,219
DA:646,219
DA:647,219
DA:648,1
DA:649,1
DA:650,1
DA:651,218
DA:652,0
DA:653,348
DA:654,348
DA:655,129
DA:656,129
DA:657,129
DA:658,219
DA:662,219
DA:663,219
DA:664,57
DA:665,162
DA:666,0
DA:667,219
DA:668,125
DA:670,94
DA:672,219
DA:673,47
DA:674,2
DA:675,2
DA:676,2
DA:677,2
DA:678,2
DA:679,2
DA:680,2
DA:681,45
DA:682,45
DA:683,45
DA:684,45
DA:685,45
DA:686,0
DA:690,98
DA:691,98
DA:692,523
DA:693,520
DA:694,95
DA:695,425
DA:696,425
DA:697,425
DA:699,98
DA:704,42
DA:705,42
DA:715,3
DA:716,6
DA:717,3
DA:719,6
DA:720,6
DA:721,4
DA:722,0
DA:723,0
DA:725,0
DA:726,0
DA:728,0
DA:729,0
DA:732,0
DA:733,0
DA:734,0
DA:735,0
DA:736,0
DA:738,0
DA:739,0
DA:743,0
DA:744,0
DA:747,0
DA:748,0
DA:750,0
DA:753,0
DA:754,0
DA:757,0
DA:758,0
DA:760,0
DA:763,0
DA:764,0
DA:767,0
DA:768,0
DA:770,0
DA:771,1
DA:772,0
DA:773,1
DA:774,0
DA:776,6
DA:778,2
DA:779,3
DA:780,2
DA:782,3
DA:783,3
DA:786,3
DA:787,3
DA:788,3
DA:789,3
DA:792,3
DA:793,3
DA:794,3
DA:795,3
DA:797,3
DA:798,0
DA:800,3
DA:802,23
DA:803,23
DA:804,23
DA:805,23
DA:806,23
DA:809,38
DA:810,38
DA:811,103
DA:812,65
DA:813,37
DA:814,8
DA:815,1
DA:816,0
DA:817,0
DA:818,1
DA:819,1
DA:820,4
DA:821,8
DA:822,5
DA:823,0
DA:826,38
DA:827,38
DA:830,94
DA:831,94
DA:832,176
DA:833,17
DA:834,82
DA:835,82
DA:836,60
DA:837,54
DA:838,42
DA:839,36
DA:840,26
DA:841,16
DA:842,8
DA:843,0
DA:844,17
DA:845,17
DA:846,65
DA:848,82
DA:849,4
DA:850,1
DA:851,2
DA:852,1
DA:853,2
DA:854,2
DA:855,4
DA:856,9
DA:857,25
DA:858,57
DA:860,82
DA:862,94
DA:863,94
DA:868,1
DA:869,1
DA:870,1
DA:871,1
DA:872,1
DA:873,1
DA:874,1
DA:875,1
DA:878,1
DA:879,1
DA:880,1
DA:881,1
DA:882,1
DA:883,1
DA:884,1
DA:887,1
DA:888,1
DA:889,1
DA:890,1
DA:891,1
DA:892,1
DA:893,1
DA:896,1
DA:897,1
DA:898,1
DA:899,1
DA:900,1
DA:901,1
DA:902,1
DA:909,1
DA:910,1
DA:917,1
DA:920,1
DA:921,1
DA:922,1
DA:923,1
DA:924,1
DA:925,1
DA:928,1
DA:929,1
DA:930,1
DA:931,1
DA:932,1
DA:933,1
DA:934,1
DA:937,1
DA:938,1
DA:939,1
DA:940,1
DA:941,1
DA:944,1
DA:945,1
DA:946,1
DA:947,1
DA:948,1
DA:951,1
DA:952,1
DA:953,1
DA:954,1
DA:955,1
DA:958,1
DA:959,1
DA:960,1
DA:961,1
DA:962,1
DA:963,1
DA:964,1
DA:965,1
DA:966,1
DA:967,1
DA:968,1
DA:969,1
DA:972,1
DA:973,1
DA:974,1
DA:975,1
DA:976,1
DA:977,1
DA:986,1
DA:988,1
DA:989,1
DA:990,1
DA:991,1
DA:992,1
DA:993,1
DA:994,1
DA:995,1
DA:996,0
DA:997,1
DA:998,1
DA:1000,0
DA:1002,1
DA:1005,1
DA:1006,1
DA:1007,1
DA:1008,1
DA:1009,1
DA:1010,1
DA:1011,1
DA:1012,0
DA:1013,0
DA:1014,1
DA:1017,1
DA:1018,1
DA:1019,1
DA:1020,1
DA:1021,1
DA:1022,0
DA:1023,1
DA:1026,1
DA:1027,1
DA:1028,1
DA:1029,1
DA:1030,1
DA:1031,0
DA:1032,1
DA:1035,1
DA:1036,1
DA:1037,1
DA:1038,1
DA:1040,3
DA:1041,1
DA:1042,3
DA:1043,1
DA:1044,1
DA:1045,1
DA:1046,1
DA:1047,1
DA:1048,0
DA:1049,0
DA:1050,1
DA:1053,1
DA:1054,1
DA:1055,1
DA:1056,1
DA:1057,1
DA:1059,1
DA:1060,1
DA:1061,1
DA:1062,1
DA:1063,0
DA:1064,1
DA:1067,1
DA:1068,1
DA:1069,1
DA:1070,1
DA:1071,1
DA:1072,0
DA:1073,1
DA:1076,1
DA:1077,1
DA:1078,1
DA:1080,1
DA:1081,1
DA:1082,1
DA:1083,1
DA:1084,3
DA:1085,1
DA:1086,1
DA:1087,1
DA:1088,1
DA:1089,0
DA:1090,0
DA:1091,1
DA:1094,1
DA:1095,1
DA:1096,1
DA:1097,1
DA:1098,1
DA:1099,0
DA:1100,1
DA:1103,1
DA:1105,1
DA:1106,1
DA:1107,1
DA:1108,1
DA:1109,0
DA:1110,1
DA:1113,1
DA:1114,1
DA:1115,1
DA:1116,1
DA:1118,1
DA:1119,1
DA:1120,1
DA:1121,1
DA:1122,1
DA:1123,0
DA:1124,1
DA:1129,1
DA:1130,1
DA:1131,1
DA:1133,1
DA:1134,1
DA:1136,1
DA:1137,1
DA:1138,0
DA:1139,1
DA:1142,1
DA:1143,1
DA:1144,1
DA:1145,1
DA:1146,0
DA:1147,1
DA:1150,1
DA:1151,1
DA:1152,1
DA:1153,1
DA:1154,0
DA:1155,1
DA:1158,1
DA:1159,1
DA:1160,1
DA:1162,1
DA:1163,1
DA:1165,1
DA:1167,1
DA:1168,1
DA:1169,0
DA:1170,1
DA:1173,1
DA:1174,1
DA:1175,1
DA:1177,1
DA:1178,1
DA:1180,1
DA:1182,1
DA:1183,1
DA:1184,0
DA:1186,1
DA:1187,1
DA:1188,1
DA:1190,1
DA:1192,1
DA:1193,1
DA:1194,1
DA:1195,0
DA:1196,1
DA:1201,1
DA:1202,1
DA:1203,1
DA:1204,1
DA:1205,2
DA:1206,1
DA:1207,0
DA:1208,1
DA:1211,1
DA:1212,1
DA:1213,1
DA:1214,2
DA:1215,2
DA:1216,2
DA:1218,0
DA:1220,2
DA:1221,1
DA:1222,1
DA:1225,1
DA:1226,1
DA:1227,1
DA:1228,1
DA:1229,2
DA:1230,1
DA:1231,0
DA:1232,1
DA:1237,1
DA:1238,1
DA:1239,1
DA:1241,1
DA:1242,1
DA:1243,1
DA:1244,1
DA:1245,1
DA:1246,0
DA:1249,1
DA:1250,1
DA:1251,0
DA:1254,1
DA:1255,0
DA:1256,1
DA:1259,1
DA:1260,1
DA:1261,1
DA:1262,1
DA:1263,1
DA:1264,1
DA:1265,0
DA:1266,1
DA:1267,1
DA:1268,0
DA:1270,1
DA:1271,1
DA:1272,0
DA:1273,1
DA:1280,1
DA:1284,1
DA:1285,1
DA:1286,1
DA:1287,1
DA:1288,1
DA:1289,1
DA:1290,1
DA:1291,1
DA:1292,1
DA:1293,1
DA:1294,1
DA:1295,1
DA:1296,1
DA:1297,1
DA:1298,1
DA:1299,1
DA:1300,1
DA:1301,1
DA:1302,1
DA:1303,1
DA:1304,1
DA:1305,1
DA:1306,1
DA:1307,1
DA:1308,1
DA:1311,1
DA:1312,1
DA:1313,1
DA:1314,1
DA:1315,1
DA:1318,1
DA:1319,1
DA:1320,1
DA:1321,1
DA:1322,1
DA:1323,1
DA:1324,0
DA:1325,1
DA:1328,1
DA:1329,1
DA:1330,1
DA:1331,1
DA:1332,1
DA:1333,1
DA:1334,1
DA:1335,1
DA:1336,1
DA:1337,1
DA:1338,1
DA:1339,1
DA:1340,1
DA:1341,1
DA:1342,1
DA:1343,1
DA:1344,1
DA:1345,1
DA:1346,1
DA:1347,1
DA:1348,1
DA:1349,1
DA:1350,1
DA:1351,1
DA:1352,1
DA:1353,1
DA:1354,1
DA:1355,1
DA:1356,1
DA:1357,1
DA:1358,1
DA:1359,1
DA:1360,0
DA:1364,1
DA:1367,1
DA:1368,1
DA:1369,1
DA:1370,1
DA:1371,1
DA:1372,1
DA:1373,1
DA:1374,1
DA:1375,1
DA:1376,1
DA:1377,1
DA:1378,1
DA:1379,1
DA:1380,1
DA:1381,1
DA:1382,1
DA:1383,1
DA:1384,1
DA:1385,1
DA:1386,1
DA:1387,1
DA:1388,1
DA:1389,1
DA:1390,1
DA:1391,1
DA:1392,1
DA:1393,1
DA:1394,1
DA:1395,1
DA:1396,0
DA:1400,1
DA:1405,1
DA:1406,1
DA:1407,1
DA:1408,1
DA:1409,1
DA:1410,1
DA:1413,1
DA:1414,1
DA:1415,1
DA:1416,1
DA:1417,1
DA:1418,1
DA:1421,1
DA:1422,1
DA:1423,1
DA:1424,1
DA:1425,1
DA:1426,1
DA:1427,1
DA:1429,1
DA:1430,1
DA:1431,2
DA:1432,1
DA:1433,1
DA:1434,0
DA:1435,1
DA:1438,1
DA:1440,1
DA:1441,1
DA:1442,1
DA:1443,1
DA:1446,1
DA:1447,1
DA:1448,1
DA:1450,1
DA:1451,1
DA:1452,1
DA:1453,1
DA:1454,1
DA:1455,1
DA:1456,1
DA:1457,0
DA:1458,1
BRF:0
BRH:0
LF:1095
LH:955
end_of_record
SF:/home/weiss/git/World-Office/server/core/crates/wo-rtf/src/roundtrip.rs
FN:39,_RNCNvXs0_NtCsi6lZP5qTas_6wo_rtf9roundtripNtB7_12RtfRoundtripNtNtCs5lji8KZmICr_9wo_common12test_harness15FormatRoundtrip5parse0B9_
FN:39,_RNCNvXs0_NtCsbCXmeRoOS2h_6wo_rtf9roundtripNtB7_12RtfRoundtripNtNtCsiDKnaJ7pGfC_9wo_common12test_harness15FormatRoundtrip5parse0B9_
FN:31,_RNvXs_NtCs42vtsR9C6eJ_6wo_rtf9roundtripNtB4_12RtfRoundtripNtNtCsbwefsVELSfr_4core7default7Default7default
FN:23,_RNvMNtCs42vtsR9C6eJ_6wo_rtf9roundtripNtB2_12RtfRoundtrip3new
FN:37,_RNvXs0_NtCs42vtsR9C6eJ_6wo_rtf9roundtripNtB5_12RtfRoundtripNtNtCsiDKnaJ7pGfC_9wo_common12test_harness15FormatRoundtrip5parse
FN:44,_RNvXs0_NtCs42vtsR9C6eJ_6wo_rtf9roundtripNtB5_12RtfRoundtripNtNtCsiDKnaJ7pGfC_9wo_common12test_harness15FormatRoundtrip9serialize
FN:39,_RNCNvXs0_NtCs42vtsR9C6eJ_6wo_rtf9roundtripNtB7_12RtfRoundtripNtNtCsiDKnaJ7pGfC_9wo_common12test_harness15FormatRoundtrip5parse0B9_
FN:58,_RNvNtNtCs42vtsR9C6eJ_6wo_rtf9roundtrip5testss_21test_roundtrip_simple
FN:79,_RNvNtNtCs42vtsR9C6eJ_6wo_rtf9roundtrip5testss_26test_roundtrip_with_italic
FN:69,_RNvNtNtCs42vtsR9C6eJ_6wo_rtf9roundtrip5testss_30test_roundtrip_with_formatting
FNDA:0,_RNCNvXs0_NtCsi6lZP5qTas_6wo_rtf9roundtripNtB7_12RtfRoundtripNtNtCs5lji8KZmICr_9wo_common12test_harness15FormatRoundtrip5parse0B9_
FNDA:0,_RNCNvXs0_NtCsbCXmeRoOS2h_6wo_rtf9roundtripNtB7_12RtfRoundtripNtNtCsiDKnaJ7pGfC_9wo_common12test_harness15FormatRoundtrip5parse0B9_
FNDA:0,_RNvXs_NtCs42vtsR9C6eJ_6wo_rtf9roundtripNtB4_12RtfRoundtripNtNtCsbwefsVELSfr_4core7default7Default7default
FNDA:3,_RNvMNtCs42vtsR9C6eJ_6wo_rtf9roundtripNtB2_12RtfRoundtrip3new
FNDA:3,_RNvXs0_NtCs42vtsR9C6eJ_6wo_rtf9roundtripNtB5_12RtfRoundtripNtNtCsiDKnaJ7pGfC_9wo_common12test_harness15FormatRoundtrip5parse
FNDA:3,_RNvXs0_NtCs42vtsR9C6eJ_6wo_rtf9roundtripNtB5_12RtfRoundtripNtNtCsiDKnaJ7pGfC_9wo_common12test_harness15FormatRoundtrip9serialize
FNDA:0,_RNCNvXs0_NtCs42vtsR9C6eJ_6wo_rtf9roundtripNtB7_12RtfRoundtripNtNtCsiDKnaJ7pGfC_9wo_common12test_harness15FormatRoundtrip5parse0B9_
FNDA:1,_RNvNtNtCs42vtsR9C6eJ_6wo_rtf9roundtrip5testss_21test_roundtrip_simple
FNDA:1,_RNvNtNtCs42vtsR9C6eJ_6wo_rtf9roundtrip5testss_26test_roundtrip_with_italic
FNDA:1,_RNvNtNtCs42vtsR9C6eJ_6wo_rtf9roundtrip5testss_30test_roundtrip_with_formatting
FNF:8
FNH:6
DA:23,3
DA:24,3
DA:25,3
DA:26,3
DA:27,3
DA:31,0
DA:32,0
DA:33,0
DA:37,3
DA:38,3
DA:39,3
DA:40,3
DA:41,3
DA:42,3
DA:44,3
DA:45,3
DA:46,3
DA:47,3
DA:48,3
DA:49,3
DA:50,3
DA:58,1
DA:59,1
DA:60,1
DA:61,1
DA:62,1
DA:64,1
DA:65,1
DA:66,1
DA:69,1
DA:70,1
DA:71,1
DA:72,1
DA:73,1
DA:74,1
DA:75,1
DA:76,1
DA:79,1
DA:80,1
DA:81,1
DA:82,1
DA:83,1
DA:84,1
DA:85,1
DA:86,1
BRF:0
BRH:0
LF:46
LH:42
end_of_record
SF:/home/weiss/git/World-Office/server/core/crates/wo-rtf/src/serializer.rs
FN:82,_RNvMNtCsi6lZP5qTas_6wo_rtf10serializerNtB2_13RtfSerializer15serialize_block
FN:142,_RNvMNtCsi6lZP5qTas_6wo_rtf10serializerNtB2_13RtfSerializer16serialize_inline
FN:9,_RNvMNtCsi6lZP5qTas_6wo_rtf10serializerNtB2_13RtfSerializer3new
FN:14,_RNvMNtCsi6lZP5qTas_6wo_rtf10serializerNtB2_13RtfSerializer9serialize
FN:231,_RNvNtCsi6lZP5qTas_6wo_rtf10serializer15escape_rtf_text
FN:225,_RNvXs_NtCsi6lZP5qTas_6wo_rtf10serializerNtB4_13RtfSerializerNtNtCsbwefsVELSfr_4core7default7Default7default
FN:82,_RNvMNtCsbCXmeRoOS2h_6wo_rtf10serializerNtB2_13RtfSerializer15serialize_block
FN:142,_RNvMNtCsbCXmeRoOS2h_6wo_rtf10serializerNtB2_13RtfSerializer16serialize_inline
FN:9,_RNvMNtCsbCXmeRoOS2h_6wo_rtf10serializerNtB2_13RtfSerializer3new
FN:14,_RNvMNtCsbCXmeRoOS2h_6wo_rtf10serializerNtB2_13RtfSerializer9serialize
FN:231,_RNvNtCsbCXmeRoOS2h_6wo_rtf10serializer15escape_rtf_text
FN:225,_RNvXs_NtCsbCXmeRoOS2h_6wo_rtf10serializerNtB4_13RtfSerializerNtNtCsbwefsVELSfr_4core7default7Default7default
FN:82,_RNvMNtCs42vtsR9C6eJ_6wo_rtf10serializerNtB2_13RtfSerializer15serialize_block
FN:142,_RNvMNtCs42vtsR9C6eJ_6wo_rtf10serializerNtB2_13RtfSerializer16serialize_inline
FN:9,_RNvMNtCs42vtsR9C6eJ_6wo_rtf10serializerNtB2_13RtfSerializer3new
FN:14,_RNvMNtCs42vtsR9C6eJ_6wo_rtf10serializerNtB2_13RtfSerializer9serialize
FN:231,_RNvNtCs42vtsR9C6eJ_6wo_rtf10serializer15escape_rtf_text
FN:225,_RNvXs_NtCs42vtsR9C6eJ_6wo_rtf10serializerNtB4_13RtfSerializerNtNtCsbwefsVELSfr_4core7default7Default7default
FN:403,_RNvNtNtCs42vtsR9C6eJ_6wo_rtf10serializer5tests9make_para
FN:533,_RNvNtNtCs42vtsR9C6eJ_6wo_rtf10serializer5testss_18test_serialize_tab
FN:420,_RNvNtNtCs42vtsR9C6eJ_6wo_rtf10serializer5testss_19test_serialize_bold
FN:486,_RNvNtNtCs42vtsR9C6eJ_6wo_rtf10serializer5testss_19test_serialize_font
FN:310,_RNvNtNtCs42vtsR9C6eJ_6wo_rtf10serializer5testss_20test_escape_rtf_text
FN:508,_RNvNtNtCs42vtsR9C6eJ_6wo_rtf10serializer5testss_20test_serialize_color
FN:663,_RNvNtNtCs42vtsR9C6eJ_6wo_rtf10serializer5testss_20test_serialize_table
FN:431,_RNvNtNtCs42vtsR9C6eJ_6wo_rtf10serializer5testss_21test_serialize_italic
FN:249,_RNvNtNtCs42vtsR9C6eJ_6wo_rtf10serializer5testss_21test_serialize_simple
FN:715,_RNvNtNtCs42vtsR9C6eJ_6wo_rtf10serializer5testss_23test_serializer_default
FN:497,_RNvNtNtCs42vtsR9C6eJ_6wo_rtf10serializer5testss_24test_serialize_font_size
FN:519,_RNvNtNtCs42vtsR9C6eJ_6wo_rtf10serializer5testss_24test_serialize_linebreak
FN:526,_RNvNtNtCs42vtsR9C6eJ_6wo_rtf10serializer5testss_24test_serialize_pagebreak
FN:275,_RNvNtNtCs42vtsR9C6eJ_6wo_rtf10serializer5testss_24test_serialize_roundtrip
FN:475,_RNvNtNtCs42vtsR9C6eJ_6wo_rtf10serializer5testss_24test_serialize_subscript
FN:442,_RNvNtNtCs42vtsR9C6eJ_6wo_rtf10serializer5testss_24test_serialize_underline
FN:321,_RNvNtNtCs42vtsR9C6eJ_6wo_rtf10serializer5testss_26test_escape_rtf_text_empty
FN:316,_RNvNtNtCs42vtsR9C6eJ_6wo_rtf10serializer5testss_26test_escape_rtf_text_plain
FN:363,_RNvNtNtCs42vtsR9C6eJ_6wo_rtf10serializer5testss_26test_serialize_color_table
FN:464,_RNvNtNtCs42vtsR9C6eJ_6wo_rtf10serializer5testss_26test_serialize_superscript
FN:453,_RNvNtNtCs42vtsR9C6eJ_6wo_rtf10serializer5testss_28test_serialize_strikethrough
FN:381,_RNvNtNtCs42vtsR9C6eJ_6wo_rtf10serializer5testss_31test_serialize_info_with_author
FN:344,_RNvNtNtCs42vtsR9C6eJ_6wo_rtf10serializer5testss_32test_serialize_font_with_charset
FN:330,_RNvNtNtCs42vtsR9C6eJ_6wo_rtf10serializer5testss_33test_serialize_with_ansi_codepage
FN:688,_RNvNtNtCs42vtsR9C6eJ_6wo_rtf10serializer5testss_34test_serialize_table_cell_no_width
FN:544,_RNvNtNtCs42vtsR9C6eJ_6wo_rtf10serializer5testss_36test_serialize_paragraph_indent_left
FN:564,_RNvNtNtCs42vtsR9C6eJ_6wo_rtf10serializer5testss_37test_serialize_paragraph_indent_first
FN:583,_RNvNtNtCs42vtsR9C6eJ_6wo_rtf10serializer5testss_39test_serialize_paragraph_alignment_left
FN:621,_RNvNtNtCs42vtsR9C6eJ_6wo_rtf10serializer5testss_40test_serialize_paragraph_alignment_right
FN:602,_RNvNtNtCs42vtsR9C6eJ_6wo_rtf10serializer5testss_41test_serialize_paragraph_alignment_center
FN:640,_RNvNtNtCs42vtsR9C6eJ_6wo_rtf10serializer5testss_42test_serialize_paragraph_alignment_justify
FNDA:0,_RNvMNtCsi6lZP5qTas_6wo_rtf10serializerNtB2_13RtfSerializer15serialize_block
FNDA:0,_RNvMNtCsi6lZP5qTas_6wo_rtf10serializerNtB2_13RtfSerializer16serialize_inline
FNDA:0,_RNvMNtCsi6lZP5qTas_6wo_rtf10serializerNtB2_13RtfSerializer3new
FNDA:0,_RNvMNtCsi6lZP5qTas_6wo_rtf10serializerNtB2_13RtfSerializer9serialize
FNDA:0,_RNvNtCsi6lZP5qTas_6wo_rtf10serializer15escape_rtf_text
FNDA:0,_RNvXs_NtCsi6lZP5qTas_6wo_rtf10serializerNtB4_13RtfSerializerNtNtCsbwefsVELSfr_4core7default7Default7default
FNDA:0,_RNvMNtCsbCXmeRoOS2h_6wo_rtf10serializerNtB2_13RtfSerializer15serialize_block
FNDA:0,_RNvMNtCsbCXmeRoOS2h_6wo_rtf10serializerNtB2_13RtfSerializer16serialize_inline
FNDA:0,_RNvMNtCsbCXmeRoOS2h_6wo_rtf10serializerNtB2_13RtfSerializer3new
FNDA:0,_RNvMNtCsbCXmeRoOS2h_6wo_rtf10serializerNtB2_13RtfSerializer9serialize
FNDA:0,_RNvNtCsbCXmeRoOS2h_6wo_rtf10serializer15escape_rtf_text
FNDA:0,_RNvXs_NtCsbCXmeRoOS2h_6wo_rtf10serializerNtB4_13RtfSerializerNtNtCsbwefsVELSfr_4core7default7Default7default
FNDA:29,_RNvMNtCs42vtsR9C6eJ_6wo_rtf10serializerNtB2_13RtfSerializer15serialize_block
FNDA:58,_RNvMNtCs42vtsR9C6eJ_6wo_rtf10serializerNtB2_13RtfSerializer16serialize_inline
FNDA:34,_RNvMNtCs42vtsR9C6eJ_6wo_rtf10serializerNtB2_13RtfSerializer3new
FNDA:34,_RNvMNtCs42vtsR9C6eJ_6wo_rtf10serializerNtB2_13RtfSerializer9serialize
FNDA:39,_RNvNtCs42vtsR9C6eJ_6wo_rtf10serializer15escape_rtf_text
FNDA:1,_RNvXs_NtCs42vtsR9C6eJ_6wo_rtf10serializerNtB4_13RtfSerializerNtNtCsbwefsVELSfr_4core7default7Default7default
FNDA:12,_RNvNtNtCs42vtsR9C6eJ_6wo_rtf10serializer5tests9make_para
FNDA:1,_RNvNtNtCs42vtsR9C6eJ_6wo_rtf10serializer5testss_18test_serialize_tab
FNDA:1,_RNvNtNtCs42vtsR9C6eJ_6wo_rtf10serializer5testss_19test_serialize_bold
FNDA:1,_RNvNtNtCs42vtsR9C6eJ_6wo_rtf10serializer5testss_19test_serialize_font
FNDA:1,_RNvNtNtCs42vtsR9C6eJ_6wo_rtf10serializer5testss_20test_escape_rtf_text
FNDA:1,_RNvNtNtCs42vtsR9C6eJ_6wo_rtf10serializer5testss_20test_serialize_color
FNDA:1,_RNvNtNtCs42vtsR9C6eJ_6wo_rtf10serializer5testss_20test_serialize_table
FNDA:1,_RNvNtNtCs42vtsR9C6eJ_6wo_rtf10serializer5testss_21test_serialize_italic
FNDA:1,_RNvNtNtCs42vtsR9C6eJ_6wo_rtf10serializer5testss_21test_serialize_simple
FNDA:1,_RNvNtNtCs42vtsR9C6eJ_6wo_rtf10serializer5testss_23test_serializer_default
FNDA:1,_RNvNtNtCs42vtsR9C6eJ_6wo_rtf10serializer5testss_24test_serialize_font_size
FNDA:1,_RNvNtNtCs42vtsR9C6eJ_6wo_rtf10serializer5testss_24test_serialize_linebreak
FNDA:1,_RNvNtNtCs42vtsR9C6eJ_6wo_rtf10serializer5testss_24test_serialize_pagebreak
FNDA:1,_RNvNtNtCs42vtsR9C6eJ_6wo_rtf10serializer5testss_24test_serialize_roundtrip
FNDA:1,_RNvNtNtCs42vtsR9C6eJ_6wo_rtf10serializer5testss_24test_serialize_subscript
FNDA:1,_RNvNtNtCs42vtsR9C6eJ_6wo_rtf10serializer5testss_24test_serialize_underline
FNDA:1,_RNvNtNtCs42vtsR9C6eJ_6wo_rtf10serializer5testss_26test_escape_rtf_text_empty
FNDA:1,_RNvNtNtCs42vtsR9C6eJ_6wo_rtf10serializer5testss_26test_escape_rtf_text_plain
FNDA:1,_RNvNtNtCs42vtsR9C6eJ_6wo_rtf10serializer5testss_26test_serialize_color_table
FNDA:1,_RNvNtNtCs42vtsR9C6eJ_6wo_rtf10serializer5testss_26test_serialize_superscript
FNDA:1,_RNvNtNtCs42vtsR9C6eJ_6wo_rtf10serializer5testss_28test_serialize_strikethrough
FNDA:1,_RNvNtNtCs42vtsR9C6eJ_6wo_rtf10serializer5testss_31test_serialize_info_with_author
FNDA:1,_RNvNtNtCs42vtsR9C6eJ_6wo_rtf10serializer5testss_32test_serialize_font_with_charset
FNDA:1,_RNvNtNtCs42vtsR9C6eJ_6wo_rtf10serializer5testss_33test_serialize_with_ansi_codepage
FNDA:1,_RNvNtNtCs42vtsR9C6eJ_6wo_rtf10serializer5testss_34test_serialize_table_cell_no_width
FNDA:1,_RNvNtNtCs42vtsR9C6eJ_6wo_rtf10serializer5testss_36test_serialize_paragraph_indent_left
FNDA:1,_RNvNtNtCs42vtsR9C6eJ_6wo_rtf10serializer5testss_37test_serialize_paragraph_indent_first
FNDA:1,_RNvNtNtCs42vtsR9C6eJ_6wo_rtf10serializer5testss_39test_serialize_paragraph_alignment_left
FNDA:1,_RNvNtNtCs42vtsR9C6eJ_6wo_rtf10serializer5testss_40test_serialize_paragraph_alignment_right
FNDA:1,_RNvNtNtCs42vtsR9C6eJ_6wo_rtf10serializer5testss_41test_serialize_paragraph_alignment_center
FNDA:1,_RNvNtNtCs42vtsR9C6eJ_6wo_rtf10serializer5testss_42test_serialize_paragraph_alignment_justify
FNF:37
FNH:37
DA:9,34
DA:10,34
DA:11,34
DA:14,34
DA:15,34
DA:16,34
DA:17,34
DA:19,34
DA:20,4
DA:21,4
DA:22,30
DA:23,34
DA:26,34
DA:27,2
DA:28,4
DA:29,2
DA:30,2
DA:31,2
DA:32,1
DA:33,1
DA:34,1
DA:35,2
DA:36,2
DA:37,2
DA:39,2
DA:40,32
DA:43,34
DA:44,1
DA:45,1
DA:46,1
DA:47,1
DA:48,1
DA:49,1
DA:50,1
DA:51,1
DA:52,1
DA:53,1
DA:54,1
DA:55,33
DA:58,34
DA:59,2
DA:60,2
DA:61,2
DA:62,2
DA:63,2
DA:64,2
DA:65,2
DA:66,1
DA:67,1
DA:68,1
DA:69,1
DA:70,2
DA:71,32
DA:74,63
DA:75,29
DA:76,29
DA:78,34
DA:79,34
DA:80,34
DA:82,29
DA:83,29
DA:85,27
DA:86,27
DA:87,27
DA:88,27
DA:90,27
DA:92,27
DA:93,27
DA:94,2
DA:95,2
DA:96,2
DA:97,25
DA:98,27
DA:99,2
DA:100,2
DA:101,2
DA:102,25
DA:103,27
DA:104,6
DA:105,2
DA:106,2
DA:107,1
DA:108,1
DA:110,21
DA:111,60
DA:112,33
DA:113,33
DA:114,27
DA:115,27
DA:117,2
DA:118,2
DA:119,4
DA:120,2
DA:121,4
DA:122,2
DA:123,1
DA:124,1
DA:125,1
DA:126,1
DA:128,2
DA:129,4
DA:130,2
DA:131,4
DA:132,2
DA:133,2
DA:135,2
DA:137,2
DA:140,29
DA:142,58
DA:143,58
DA:144,30
DA:145,2
DA:146,2
DA:147,4
DA:148,2
DA:149,2
DA:150,2
DA:151,2
DA:153,2
DA:154,2
DA:155,4
DA:156,2
DA:157,2
DA:158,2
DA:159,2
DA:161,1
DA:162,1
DA:163,2
DA:164,1
DA:165,1
DA:166,1
DA:167,1
DA:169,1
DA:170,1
DA:171,2
DA:172,1
DA:173,1
DA:174,1
DA:175,1
DA:177,1
DA:178,1
DA:179,2
DA:180,1
DA:181,1
DA:182,1
DA:183,1
DA:185,1
DA:186,1
DA:187,2
DA:188,1
DA:189,1
DA:190,1
DA:191,1
DA:193,6
DA:194,6
DA:195,12
DA:196,6
DA:197,6
DA:198,6
DA:201,7
DA:202,7
DA:204,7
DA:205,14
DA:206,7
DA:207,7
DA:208,7
DA:210,2
DA:211,2
DA:212,4
DA:213,2
DA:214,2
DA:215,2
DA:217,2
DA:218,1
DA:219,2
DA:221,58
DA:225,1
DA:226,1
DA:227,1
DA:231,39
DA:232,39
DA:233,194
DA:234,194
DA:235,1
DA:236,1
DA:237,1
DA:238,191
DA:241,39
DA:242,39
DA:249,1
DA:250,1
DA:251,1
DA:252,1
DA:253,1
DA:254,1
DA:255,1
DA:256,1
DA:257,1
DA:258,1
DA:259,1
DA:260,1
DA:261,1
DA:262,1
DA:263,1
DA:264,1
DA:265,1
DA:266,1
DA:267,1
DA:268,1
DA:269,1
DA:270,1
DA:271,1
DA:272,1
DA:275,1
DA:276,1
DA:277,1
DA:278,1
DA:279,1
DA:280,1
DA:281,1
DA:282,1
DA:283,1
DA:284,1
DA:285,1
DA:286,1
DA:287,1
DA:288,1
DA:289,1
DA:290,1
DA:291,1
DA:292,1
DA:293,1
DA:294,1
DA:295,1
DA:296,1
DA:297,1
DA:298,1
DA:299,1
DA:300,1
DA:301,1
DA:302,1
DA:303,1
DA:304,1
DA:305,1
DA:306,1
DA:307,1
DA:310,1
DA:311,1
DA:312,1
DA:313,1
DA:316,1
DA:317,1
DA:318,1
DA:321,1
DA:322,1
DA:323,1
DA:330,1
DA:331,1
DA:332,1
DA:333,1
DA:334,1
DA:335,1
DA:336,1
DA:337,1
DA:338,1
DA:339,1
DA:340,1
DA:341,1
DA:344,1
DA:345,1
DA:346,1
DA:347,1
DA:348,1
DA:349,1
DA:350,1
DA:351,1
DA:352,1
DA:353,1
DA:354,1
DA:355,1
DA:356,1
DA:357,1
DA:358,1
DA:359,1
DA:360,1
DA:363,1
DA:364,1
DA:365,1
DA:366,1
DA:367,1
DA:368,1
DA:369,1
DA:370,1
DA:371,1
DA:372,1
DA:373,1
DA:374,1
DA:375,1
DA:376,1
DA:377,1
DA:378,1
DA:381,1
DA:382,1
DA:383,1
DA:384,1
DA:385,1
DA:386,1
DA:387,1
DA:388,1
DA:389,1
DA:390,1
DA:391,1
DA:392,1
DA:393,1
DA:394,1
DA:395,1
DA:396,1
DA:397,1
DA:403,12
DA:404,12
DA:405,12
DA:406,12
DA:407,12
DA:408,12
DA:409,12
DA:410,12
DA:411,12
DA:412,12
DA:413,12
DA:414,12
DA:415,12
DA:416,12
DA:417,12
DA:420,1
DA:421,1
DA:422,1
DA:423,1
DA:424,1
DA:425,1
DA:426,1
DA:427,1
DA:428,1
DA:431,1
DA:432,1
DA:433,1
DA:434,1
DA:435,1
DA:436,1
DA:437,1
DA:438,1
DA:439,1
DA:442,1
DA:443,1
DA:444,1
DA:445,1
DA:446,1
DA:447,1
DA:448,1
DA:449,1
DA:450,1
DA:453,1
DA:454,1
DA:455,1
DA:456,1
DA:457,1
DA:458,1
DA:459,1
DA:460,1
DA:461,1
DA:464,1
DA:465,1
DA:466,1
DA:467,1
DA:468,1
DA:469,1
DA:470,1
DA:471,1
DA:472,1
DA:475,1
DA:476,1
DA:477,1
DA:478,1
DA:479,1
DA:480,1
DA:481,1
DA:482,1
DA:483,1
DA:486,1
DA:487,1
DA:488,1
DA:489,1
DA:490,1
DA:491,1
DA:492,1
DA:493,1
DA:494,1
DA:497,1
DA:498,1
DA:499,1
DA:500,1
DA:501,1
DA:502,1
DA:503,1
DA:504,1
DA:505,1
DA:508,1
DA:509,1
DA:510,1
DA:511,1
DA:512,1
DA:513,1
DA:514,1
DA:515,1
DA:516,1
DA:519,1
DA:520,1
DA:521,1
DA:522,1
DA:523,1
DA:526,1
DA:527,1
DA:528,1
DA:529,1
DA:530,1
DA:533,1
DA:534,1
DA:535,1
DA:536,1
DA:537,1
DA:544,1
DA:545,1
DA:546,1
DA:547,1
DA:548,1
DA:549,1
DA:550,1
DA:551,1
DA:552,1
DA:553,1
DA:554,1
DA:555,1
DA:556,1
DA:557,1
DA:558,1
DA:559,1
DA:560,1
DA:561,1
DA:564,1
DA:565,1
DA:566,1
DA:567,1
DA:568,1
DA:569,1
DA:570,1
DA:571,1
DA:572,1
DA:573,1
DA:574,1
DA:575,1
DA:576,1
DA:577,1
DA:578,1
DA:579,1
DA:580,1
DA:583,1
DA:584,1
DA:585,1
DA:586,1
DA:587,1
DA:588,1
DA:589,1
DA:590,1
DA:591,1
DA:592,1
DA:593,1
DA:594,1
DA:595,1
DA:596,1
DA:597,1
DA:598,1
DA:599,1
DA:602,1
DA:603,1
DA:604,1
DA:605,1
DA:606,1
DA:607,1
DA:608,1
DA:609,1
DA:610,1
DA:611,1
DA:612,1
DA:613,1
DA:614,1
DA:615,1
DA:616,1
DA:617,1
DA:618,1
DA:621,1
DA:622,1
DA:623,1
DA:624,1
DA:625,1
DA:626,1
DA:627,1
DA:628,1
DA:629,1
DA:630,1
DA:631,1
DA:632,1
DA:633,1
DA:634,1
DA:635,1
DA:636,1
DA:637,1
DA:640,1
DA:641,1
DA:642,1
DA:643,1
DA:644,1
DA:645,1
DA:646,1
DA:647,1
DA:648,1
DA:649,1
DA:650,1
DA:651,1
DA:652,1
DA:653,1
DA:654,1
DA:655,1
DA:656,1
DA:663,1
DA:664,1
DA:665,1
DA:666,1
DA:667,1
DA:668,1
DA:669,1
DA:670,1
DA:671,1
DA:672,1
DA:673,1
DA:674,1
DA:675,1
DA:676,1
DA:677,1
DA:678,1
DA:679,1
DA:680,1
DA:681,1
DA:682,1
DA:683,1
DA:684,1
DA:685,1
DA:688,1
DA:689,1
DA:690,1
DA:691,1
DA:692,1
DA:693,1
DA:694,1
DA:695,1
DA:696,1
DA:697,1
DA:698,1
DA:699,1
DA:700,1
DA:701,1
DA:702,1
DA:703,1
DA:704,1
DA:705,1
DA:706,1
DA:707,1
DA:708,1
DA:715,1
DA:716,1
DA:717,1
DA:718,1
DA:719,1
DA:720,1
DA:721,1
DA:722,1
DA:723,1
DA:724,1
DA:725,1
DA:726,1
DA:727,1
BRF:0
BRH:0
LF:589
LH:589
end_of_record