SF:/home/weiss/git/World-Office/server/core/crates/wo-x2t/src/converter.rs
FN:64,_RINvMNtCsrXlInjBxf4_6wo_x2t9converterNtB3_17ConverterRegistry8registerNtNtB5_10converters17Fb2ToTxtConverterEB5_
FN:64,_RINvMNtCsrXlInjBxf4_6wo_x2t9converterNtB3_17ConverterRegistry8registerNtNtB5_10converters17HwpToTxtConverterEB5_
FN:64,_RINvMNtCsrXlInjBxf4_6wo_x2t9converterNtB3_17ConverterRegistry8registerNtNtB5_10converters17OdtToTxtConverterEB5_
FN:64,_RINvMNtCsrXlInjBxf4_6wo_x2t9converterNtB3_17ConverterRegistry8registerNtNtB5_10converters17OfdToTxtConverterEB5_
FN:64,_RINvMNtCsrXlInjBxf4_6wo_x2t9converterNtB3_17ConverterRegistry8registerNtNtB5_10converters17RtfToTxtConverterEB5_
FN:64,_RINvMNtCsrXlInjBxf4_6wo_x2t9converterNtB3_17ConverterRegistry8registerNtNtB5_10converters17TxtToFb2ConverterEB5_
FN:64,_RINvMNtCsrXlInjBxf4_6wo_x2t9converterNtB3_17ConverterRegistry8registerNtNtB5_10converters17TxtToOdtConverterEB5_
FN:64,_RINvMNtCsrXlInjBxf4_6wo_x2t9converterNtB3_17ConverterRegistry8registerNtNtB5_10converters17TxtToRtfConverterEB5_
FN:64,_RINvMNtCsrXlInjBxf4_6wo_x2t9converterNtB3_17ConverterRegistry8registerNtNtB5_10converters17XpsToTxtConverterEB5_
FN:64,_RINvMNtCsrXlInjBxf4_6wo_x2t9converterNtB3_17ConverterRegistry8registerNtNtB5_10converters18DjvuToTxtConverterEB5_
FN:64,_RINvMNtCsrXlInjBxf4_6wo_x2t9converterNtB3_17ConverterRegistry8registerNtNtB5_10converters18DocxToOdtConverterEB5_
FN:64,_RINvMNtCsrXlInjBxf4_6wo_x2t9converterNtB3_17ConverterRegistry8registerNtNtB5_10converters18DocxToTxtConverterEB5_
FN:64,_RINvMNtCsrXlInjBxf4_6wo_x2t9converterNtB3_17ConverterRegistry8registerNtNtB5_10converters18DocxToXpsConverterEB5_
FN:64,_RINvMNtCsrXlInjBxf4_6wo_x2t9converterNtB3_17ConverterRegistry8registerNtNtB5_10converters18EpubToTxtConverterEB5_
FN:64,_RINvMNtCsrXlInjBxf4_6wo_x2t9converterNtB3_17ConverterRegistry8registerNtNtB5_10converters18Fb2ToDocxConverterEB5_
FN:64,_RINvMNtCsrXlInjBxf4_6wo_x2t9converterNtB3_17ConverterRegistry8registerNtNtB5_10converters18HtmlToFb2ConverterEB5_
FN:64,_RINvMNtCsrXlInjBxf4_6wo_x2t9converterNtB3_17ConverterRegistry8registerNtNtB5_10converters18HtmlToOdtConverterEB5_
FN:64,_RINvMNtCsrXlInjBxf4_6wo_x2t9converterNtB3_17ConverterRegistry8registerNtNtB5_10converters18HtmlToRtfConverterEB5_
FN:64,_RINvMNtCsrXlInjBxf4_6wo_x2t9converterNtB3_17ConverterRegistry8registerNtNtB5_10converters18HtmlToTxtConverterEB5_
FN:64,_RINvMNtCsrXlInjBxf4_6wo_x2t9converterNtB3_17ConverterRegistry8registerNtNtB5_10converters18HwpToDocxConverterEB5_
FN:64,_RINvMNtCsrXlInjBxf4_6wo_x2t9converterNtB3_17ConverterRegistry8registerNtNtB5_10converters18OdtToDocxConverterEB5_
FN:64,_RINvMNtCsrXlInjBxf4_6wo_x2t9converterNtB3_17ConverterRegistry8registerNtNtB5_10converters18OdtToHtmlConverterEB5_
FN:64,_RINvMNtCsrXlInjBxf4_6wo_x2t9converterNtB3_17ConverterRegistry8registerNtNtB5_10converters18OfdToDocxConverterEB5_
FN:64,_RINvMNtCsrXlInjBxf4_6wo_x2t9converterNtB3_17ConverterRegistry8registerNtNtB5_10converters18OfdToHtmlConverterEB5_
FN:64,_RINvMNtCsrXlInjBxf4_6wo_x2t9converterNtB3_17ConverterRegistry8registerNtNtB5_10converters18RtfToDocxConverterEB5_
FN:64,_RINvMNtCsrXlInjBxf4_6wo_x2t9converterNtB3_17ConverterRegistry8registerNtNtB5_10converters18RtfToHtmlConverterEB5_
FN:64,_RINvMNtCsrXlInjBxf4_6wo_x2t9converterNtB3_17ConverterRegistry8registerNtNtB5_10converters18TxtToDocxConverterEB5_
FN:64,_RINvMNtCsrXlInjBxf4_6wo_x2t9converterNtB3_17ConverterRegistry8registerNtNtB5_10converters18TxtToEpubConverterEB5_
FN:64,_RINvMNtCsrXlInjBxf4_6wo_x2t9converterNtB3_17ConverterRegistry8registerNtNtB5_10converters18TxtToHtmlConverterEB5_
FN:64,_RINvMNtCsrXlInjBxf4_6wo_x2t9converterNtB3_17ConverterRegistry8registerNtNtB5_10converters18XpsToDocxConverterEB5_
FN:64,_RINvMNtCsrXlInjBxf4_6wo_x2t9converterNtB3_17ConverterRegistry8registerNtNtB5_10converters18XpsToHtmlConverterEB5_
FN:64,_RINvMNtCsrXlInjBxf4_6wo_x2t9converterNtB3_17ConverterRegistry8registerNtNtB5_10converters19DjvuToDocxConverterEB5_
FN:64,_RINvMNtCsrXlInjBxf4_6wo_x2t9converterNtB3_17ConverterRegistry8registerNtNtB5_10converters19DocxToEpubConverterEB5_
FN:64,_RINvMNtCsrXlInjBxf4_6wo_x2t9converterNtB3_17ConverterRegistry8registerNtNtB5_10converters19DocxToHtmlConverterEB5_
FN:64,_RINvMNtCsrXlInjBxf4_6wo_x2t9converterNtB3_17ConverterRegistry8registerNtNtB5_10converters19EpubToDocxConverterEB5_
FN:64,_RINvMNtCsrXlInjBxf4_6wo_x2t9converterNtB3_17ConverterRegistry8registerNtNtB5_10converters19EpubToHtmlConverterEB5_
FN:64,_RINvMNtCsrXlInjBxf4_6wo_x2t9converterNtB3_17ConverterRegistry8registerNtNtB5_10converters19HtmlToDocxConverterEB5_
FN:64,_RINvMNtCsrXlInjBxf4_6wo_x2t9converterNtB3_17ConverterRegistry8registerNtNtB5_10converters19HtmlToEpubConverterEB5_
FN:64,_RINvMNtCsrXlInjBxf4_6wo_x2t9converterNtB3_17ConverterRegistry8registerNtNtB5_10converters28OdpToWoPresentationConverterEB5_
FN:64,_RINvMNtCsrXlInjBxf4_6wo_x2t9converterNtB3_17ConverterRegistry8registerNtNtB5_10converters28WoPresentationToOdpConverterEB5_
FN:64,_RINvMNtCsrXlInjBxf4_6wo_x2t9converterNtB3_17ConverterRegistry8registerNtNtB5_10converters29PptxToWoPresentationConverterEB5_
FN:64,_RINvMNtCsrXlInjBxf4_6wo_x2t9converterNtB3_17ConverterRegistry8registerNtNtB5_10converters29WoPresentationToPptxConverterEB5_
FN:104,_RNCNvMNtCsrXlInjBxf4_6wo_x2t9converterNtB4_17ConverterRegistry16registered_pairs0B6_
FN:79,_RNvMNtCsrXlInjBxf4_6wo_x2t9converterNtB2_17ConverterRegistry13has_converter
FN:101,_RNvMNtCsrXlInjBxf4_6wo_x2t9converterNtB2_17ConverterRegistry16registered_pairs
FN:73,_RNvMNtCsrXlInjBxf4_6wo_x2t9converterNtB2_17ConverterRegistry3get
FN:57,_RNvMNtCsrXlInjBxf4_6wo_x2t9converterNtB2_17ConverterRegistry3new
FN:85,_RNvMNtCsrXlInjBxf4_6wo_x2t9converterNtB2_17ConverterRegistry7convert
FN:29,_RNvNtCsrXlInjBxf4_6wo_x2t9converter12error_result
FN:15,_RNvNtCsrXlInjBxf4_6wo_x2t9converter14success_result
FN:38,_RNvNtCsrXlInjBxf4_6wo_x2t9converter18unsupported_result
FN:110,_RNvXs_NtCsrXlInjBxf4_6wo_x2t9converterNtB4_17ConverterRegistryNtNtCsbwefsVELSfr_4core7default7Default7default
FN:64,_RINvMNtCs46mRiS8JyXI_6wo_x2t9converterNtB3_17ConverterRegistry8registerNtNtB3_5tests13StubConverterEB5_
FN:64,_RINvMNtCs46mRiS8JyXI_6wo_x2t9converterNtB3_17ConverterRegistry8registerNtNtB5_10converters17Fb2ToTxtConverterEB5_
FN:64,_RINvMNtCs46mRiS8JyXI_6wo_x2t9converterNtB3_17ConverterRegistry8registerNtNtB5_10converters17HwpToTxtConverterEB5_
FN:64,_RINvMNtCs46mRiS8JyXI_6wo_x2t9converterNtB3_17ConverterRegistry8registerNtNtB5_10converters17OdtToTxtConverterEB5_
FN:64,_RINvMNtCs46mRiS8JyXI_6wo_x2t9converterNtB3_17ConverterRegistry8registerNtNtB5_10converters17OfdToTxtConverterEB5_
FN:64,_RINvMNtCs46mRiS8JyXI_6wo_x2t9converterNtB3_17ConverterRegistry8registerNtNtB5_10converters17RtfToTxtConverterEB5_
FN:64,_RINvMNtCs46mRiS8JyXI_6wo_x2t9converterNtB3_17ConverterRegistry8registerNtNtB5_10converters17TxtToFb2ConverterEB5_
FN:64,_RINvMNtCs46mRiS8JyXI_6wo_x2t9converterNtB3_17ConverterRegistry8registerNtNtB5_10converters17TxtToOdtConverterEB5_
FN:64,_RINvMNtCs46mRiS8JyXI_6wo_x2t9converterNtB3_17ConverterRegistry8registerNtNtB5_10converters17TxtToRtfConverterEB5_
FN:64,_RINvMNtCs46mRiS8JyXI_6wo_x2t9converterNtB3_17ConverterRegistry8registerNtNtB5_10converters17XpsToTxtConverterEB5_
FN:64,_RINvMNtCs46mRiS8JyXI_6wo_x2t9converterNtB3_17ConverterRegistry8registerNtNtB5_10converters18DjvuToTxtConverterEB5_
FN:64,_RINvMNtCs46mRiS8JyXI_6wo_x2t9converterNtB3_17ConverterRegistry8registerNtNtB5_10converters18DocxToOdtConverterEB5_
FN:64,_RINvMNtCs46mRiS8JyXI_6wo_x2t9converterNtB3_17ConverterRegistry8registerNtNtB5_10converters18DocxToTxtConverterEB5_
FN:64,_RINvMNtCs46mRiS8JyXI_6wo_x2t9converterNtB3_17ConverterRegistry8registerNtNtB5_10converters18DocxToXpsConverterEB5_
FN:64,_RINvMNtCs46mRiS8JyXI_6wo_x2t9converterNtB3_17ConverterRegistry8registerNtNtB5_10converters18EpubToTxtConverterEB5_
FN:64,_RINvMNtCs46mRiS8JyXI_6wo_x2t9converterNtB3_17ConverterRegistry8registerNtNtB5_10converters18Fb2ToDocxConverterEB5_
FN:64,_RINvMNtCs46mRiS8JyXI_6wo_x2t9converterNtB3_17ConverterRegistry8registerNtNtB5_10converters18HtmlToFb2ConverterEB5_
FN:64,_RINvMNtCs46mRiS8JyXI_6wo_x2t9converterNtB3_17ConverterRegistry8registerNtNtB5_10converters18HtmlToOdtConverterEB5_
FN:64,_RINvMNtCs46mRiS8JyXI_6wo_x2t9converterNtB3_17ConverterRegistry8registerNtNtB5_10converters18HtmlToRtfConverterEB5_
FN:64,_RINvMNtCs46mRiS8JyXI_6wo_x2t9converterNtB3_17ConverterRegistry8registerNtNtB5_10converters18HtmlToTxtConverterEB5_
FN:64,_RINvMNtCs46mRiS8JyXI_6wo_x2t9converterNtB3_17ConverterRegistry8registerNtNtB5_10converters18HwpToDocxConverterEB5_
FN:64,_RINvMNtCs46mRiS8JyXI_6wo_x2t9converterNtB3_17ConverterRegistry8registerNtNtB5_10converters18OdtToDocxConverterEB5_
FN:64,_RINvMNtCs46mRiS8JyXI_6wo_x2t9converterNtB3_17ConverterRegistry8registerNtNtB5_10converters18OdtToHtmlConverterEB5_
FN:64,_RINvMNtCs46mRiS8JyXI_6wo_x2t9converterNtB3_17ConverterRegistry8registerNtNtB5_10converters18OfdToDocxConverterEB5_
FN:64,_RINvMNtCs46mRiS8JyXI_6wo_x2t9converterNtB3_17ConverterRegistry8registerNtNtB5_10converters18OfdToHtmlConverterEB5_
FN:64,_RINvMNtCs46mRiS8JyXI_6wo_x2t9converterNtB3_17ConverterRegistry8registerNtNtB5_10converters18RtfToDocxConverterEB5_
FN:64,_RINvMNtCs46mRiS8JyXI_6wo_x2t9converterNtB3_17ConverterRegistry8registerNtNtB5_10converters18RtfToHtmlConverterEB5_
FN:64,_RINvMNtCs46mRiS8JyXI_6wo_x2t9converterNtB3_17ConverterRegistry8registerNtNtB5_10converters18TxtToDocxConverterEB5_
FN:64,_RINvMNtCs46mRiS8JyXI_6wo_x2t9converterNtB3_17ConverterRegistry8registerNtNtB5_10converters18TxtToEpubConverterEB5_
FN:64,_RINvMNtCs46mRiS8JyXI_6wo_x2t9converterNtB3_17ConverterRegistry8registerNtNtB5_10converters18TxtToHtmlConverterEB5_
FN:64,_RINvMNtCs46mRiS8JyXI_6wo_x2t9converterNtB3_17ConverterRegistry8registerNtNtB5_10converters18XpsToDocxConverterEB5_
FN:64,_RINvMNtCs46mRiS8JyXI_6wo_x2t9converterNtB3_17ConverterRegistry8registerNtNtB5_10converters18XpsToHtmlConverterEB5_
FN:64,_RINvMNtCs46mRiS8JyXI_6wo_x2t9converterNtB3_17ConverterRegistry8registerNtNtB5_10converters19DjvuToDocxConverterEB5_
FN:64,_RINvMNtCs46mRiS8JyXI_6wo_x2t9converterNtB3_17ConverterRegistry8registerNtNtB5_10converters19DocxToEpubConverterEB5_
FN:64,_RINvMNtCs46mRiS8JyXI_6wo_x2t9converterNtB3_17ConverterRegistry8registerNtNtB5_10converters19DocxToHtmlConverterEB5_
FN:64,_RINvMNtCs46mRiS8JyXI_6wo_x2t9converterNtB3_17ConverterRegistry8registerNtNtB5_10converters19EpubToDocxConverterEB5_
FN:64,_RINvMNtCs46mRiS8JyXI_6wo_x2t9converterNtB3_17ConverterRegistry8registerNtNtB5_10converters19EpubToHtmlConverterEB5_
FN:64,_RINvMNtCs46mRiS8JyXI_6wo_x2t9converterNtB3_17ConverterRegistry8registerNtNtB5_10converters19HtmlToDocxConverterEB5_
FN:64,_RINvMNtCs46mRiS8JyXI_6wo_x2t9converterNtB3_17ConverterRegistry8registerNtNtB5_10converters19HtmlToEpubConverterEB5_
FN:64,_RINvMNtCs46mRiS8JyXI_6wo_x2t9converterNtB3_17ConverterRegistry8registerNtNtB5_10converters28OdpToWoPresentationConverterEB5_
FN:64,_RINvMNtCs46mRiS8JyXI_6wo_x2t9converterNtB3_17ConverterRegistry8registerNtNtB5_10converters28WoPresentationToOdpConverterEB5_
FN:64,_RINvMNtCs46mRiS8JyXI_6wo_x2t9converterNtB3_17ConverterRegistry8registerNtNtB5_10converters29PptxToWoPresentationConverterEB5_
FN:64,_RINvMNtCs46mRiS8JyXI_6wo_x2t9converterNtB3_17ConverterRegistry8registerNtNtB5_10converters29WoPresentationToPptxConverterEB5_
FN:64,_RINvMNtCs46mRiS8JyXI_6wo_x2t9converterNtB3_17ConverterRegistry8registerNtNvNtNtB5_6router5testss_28test_chain_error_propagation16FailingConverterEB5_
FN:64,_RINvMNtCs46mRiS8JyXI_6wo_x2t9converterNtB3_17ConverterRegistry8registerNtNvNtNtB5_6router5testss_28test_chain_error_propagation18FailToTxtConverterEB5_
FN:104,_RNCNvMNtCs46mRiS8JyXI_6wo_x2t9converterNtB4_17ConverterRegistry16registered_pairs0B6_
FN:128,_RNvNtNtCs46mRiS8JyXI_6wo_x2t9converter5testss_17test_error_result
FN:182,_RNvNtNtCs46mRiS8JyXI_6wo_x2t9converter5testss_18test_has_converter
FN:120,_RNvNtNtCs46mRiS8JyXI_6wo_x2t9converter5testss_19test_success_result
FN:192,_RNvNtNtCs46mRiS8JyXI_6wo_x2t9converter5testss_20test_convert_success
FN:162,_RNvNtNtCs46mRiS8JyXI_6wo_x2t9converter5testss_21test_register_and_get
FN:135,_RNvNtNtCs46mRiS8JyXI_6wo_x2t9converter5testss_23test_unsupported_result
FN:204,_RNvNtNtCs46mRiS8JyXI_6wo_x2t9converter5testss_25test_convert_no_converter
FN:176,_RNvNtNtCs46mRiS8JyXI_6wo_x2t9converter5testss_25test_get_nonexistent_pair
FN:149,_RNvXNtNtCs46mRiS8JyXI_6wo_x2t9converter5testsNtB2_13StubConverterNtB4_15FormatConverter13source_format
FN:152,_RNvXNtNtCs46mRiS8JyXI_6wo_x2t9converter5testsNtB2_13StubConverterNtB4_15FormatConverter13target_format
FN:155,_RNvXNtNtCs46mRiS8JyXI_6wo_x2t9converter5testsNtB2_13StubConverterNtB4_15FormatConverter7convert
FN:110,_RNvXs_NtCs46mRiS8JyXI_6wo_x2t9converterNtB4_17ConverterRegistryNtNtCsbwefsVELSfr_4core7default7Default7default
FN:79,_RNvMNtCs46mRiS8JyXI_6wo_x2t9converterNtB2_17ConverterRegistry13has_converter
FN:101,_RNvMNtCs46mRiS8JyXI_6wo_x2t9converterNtB2_17ConverterRegistry16registered_pairs
FN:73,_RNvMNtCs46mRiS8JyXI_6wo_x2t9converterNtB2_17ConverterRegistry3get
FN:57,_RNvMNtCs46mRiS8JyXI_6wo_x2t9converterNtB2_17ConverterRegistry3new
FN:85,_RNvMNtCs46mRiS8JyXI_6wo_x2t9converterNtB2_17ConverterRegistry7convert
FN:29,_RNvNtCs46mRiS8JyXI_6wo_x2t9converter12error_result
FN:15,_RNvNtCs46mRiS8JyXI_6wo_x2t9converter14success_result
FN:38,_RNvNtCs46mRiS8JyXI_6wo_x2t9converter18unsupported_result
FNDA:0,_RINvMNtCsrXlInjBxf4_6wo_x2t9converterNtB3_17ConverterRegistry8registerNtNtB5_10converters17Fb2ToTxtConverterEB5_
FNDA:0,_RINvMNtCsrXlInjBxf4_6wo_x2t9converterNtB3_17ConverterRegistry8registerNtNtB5_10converters17HwpToTxtConverterEB5_
FNDA:0,_RINvMNtCsrXlInjBxf4_6wo_x2t9converterNtB3_17ConverterRegistry8registerNtNtB5_10converters17OdtToTxtConverterEB5_
FNDA:0,_RINvMNtCsrXlInjBxf4_6wo_x2t9converterNtB3_17ConverterRegistry8registerNtNtB5_10converters17OfdToTxtConverterEB5_
FNDA:0,_RINvMNtCsrXlInjBxf4_6wo_x2t9converterNtB3_17ConverterRegistry8registerNtNtB5_10converters17RtfToTxtConverterEB5_
FNDA:0,_RINvMNtCsrXlInjBxf4_6wo_x2t9converterNtB3_17ConverterRegistry8registerNtNtB5_10converters17TxtToFb2ConverterEB5_
FNDA:0,_RINvMNtCsrXlInjBxf4_6wo_x2t9converterNtB3_17ConverterRegistry8registerNtNtB5_10converters17TxtToOdtConverterEB5_
FNDA:0,_RINvMNtCsrXlInjBxf4_6wo_x2t9converterNtB3_17ConverterRegistry8registerNtNtB5_10converters17TxtToRtfConverterEB5_
FNDA:0,_RINvMNtCsrXlInjBxf4_6wo_x2t9converterNtB3_17ConverterRegistry8registerNtNtB5_10converters17XpsToTxtConverterEB5_
FNDA:0,_RINvMNtCsrXlInjBxf4_6wo_x2t9converterNtB3_17ConverterRegistry8registerNtNtB5_10converters18DjvuToTxtConverterEB5_
FNDA:0,_RINvMNtCsrXlInjBxf4_6wo_x2t9converterNtB3_17ConverterRegistry8registerNtNtB5_10converters18DocxToOdtConverterEB5_
FNDA:0,_RINvMNtCsrXlInjBxf4_6wo_x2t9converterNtB3_17ConverterRegistry8registerNtNtB5_10converters18DocxToTxtConverterEB5_
FNDA:0,_RINvMNtCsrXlInjBxf4_6wo_x2t9converterNtB3_17ConverterRegistry8registerNtNtB5_10converters18DocxToXpsConverterEB5_
FNDA:0,_RINvMNtCsrXlInjBxf4_6wo_x2t9converterNtB3_17ConverterRegistry8registerNtNtB5_10converters18EpubToTxtConverterEB5_
FNDA:0,_RINvMNtCsrXlInjBxf4_6wo_x2t9converterNtB3_17ConverterRegistry8registerNtNtB5_10converters18Fb2ToDocxConverterEB5_
FNDA:0,_RINvMNtCsrXlInjBxf4_6wo_x2t9converterNtB3_17ConverterRegistry8registerNtNtB5_10converters18HtmlToFb2ConverterEB5_
FNDA:0,_RINvMNtCsrXlInjBxf4_6wo_x2t9converterNtB3_17ConverterRegistry8registerNtNtB5_10converters18HtmlToOdtConverterEB5_
FNDA:0,_RINvMNtCsrXlInjBxf4_6wo_x2t9converterNtB3_17ConverterRegistry8registerNtNtB5_10converters18HtmlToRtfConverterEB5_
FNDA:0,_RINvMNtCsrXlInjBxf4_6wo_x2t9converterNtB3_17ConverterRegistry8registerNtNtB5_10converters18HtmlToTxtConverterEB5_
FNDA:0,_RINvMNtCsrXlInjBxf4_6wo_x2t9converterNtB3_17ConverterRegistry8registerNtNtB5_10converters18HwpToDocxConverterEB5_
FNDA:0,_RINvMNtCsrXlInjBxf4_6wo_x2t9converterNtB3_17ConverterRegistry8registerNtNtB5_10converters18OdtToDocxConverterEB5_
FNDA:0,_RINvMNtCsrXlInjBxf4_6wo_x2t9converterNtB3_17ConverterRegistry8registerNtNtB5_10converters18OdtToHtmlConverterEB5_
FNDA:0,_RINvMNtCsrXlInjBxf4_6wo_x2t9converterNtB3_17ConverterRegistry8registerNtNtB5_10converters18OfdToDocxConverterEB5_
FNDA:0,_RINvMNtCsrXlInjBxf4_6wo_x2t9converterNtB3_17ConverterRegistry8registerNtNtB5_10converters18OfdToHtmlConverterEB5_
FNDA:0,_RINvMNtCsrXlInjBxf4_6wo_x2t9converterNtB3_17ConverterRegistry8registerNtNtB5_10converters18RtfToDocxConverterEB5_
FNDA:0,_RINvMNtCsrXlInjBxf4_6wo_x2t9converterNtB3_17ConverterRegistry8registerNtNtB5_10converters18RtfToHtmlConverterEB5_
FNDA:0,_RINvMNtCsrXlInjBxf4_6wo_x2t9converterNtB3_17ConverterRegistry8registerNtNtB5_10converters18TxtToDocxConverterEB5_
FNDA:0,_RINvMNtCsrXlInjBxf4_6wo_x2t9converterNtB3_17ConverterRegistry8registerNtNtB5_10converters18TxtToEpubConverterEB5_
FNDA:0,_RINvMNtCsrXlInjBxf4_6wo_x2t9converterNtB3_17ConverterRegistry8registerNtNtB5_10converters18TxtToHtmlConverterEB5_
FNDA:0,_RINvMNtCsrXlInjBxf4_6wo_x2t9converterNtB3_17ConverterRegistry8registerNtNtB5_10converters18XpsToDocxConverterEB5_
FNDA:0,_RINvMNtCsrXlInjBxf4_6wo_x2t9converterNtB3_17ConverterRegistry8registerNtNtB5_10converters18XpsToHtmlConverterEB5_
FNDA:0,_RINvMNtCsrXlInjBxf4_6wo_x2t9converterNtB3_17ConverterRegistry8registerNtNtB5_10converters19DjvuToDocxConverterEB5_
FNDA:0,_RINvMNtCsrXlInjBxf4_6wo_x2t9converterNtB3_17ConverterRegistry8registerNtNtB5_10converters19DocxToEpubConverterEB5_
FNDA:0,_RINvMNtCsrXlInjBxf4_6wo_x2t9converterNtB3_17ConverterRegistry8registerNtNtB5_10converters19DocxToHtmlConverterEB5_
FNDA:0,_RINvMNtCsrXlInjBxf4_6wo_x2t9converterNtB3_17ConverterRegistry8registerNtNtB5_10converters19EpubToDocxConverterEB5_
FNDA:0,_RINvMNtCsrXlInjBxf4_6wo_x2t9converterNtB3_17ConverterRegistry8registerNtNtB5_10converters19EpubToHtmlConverterEB5_
FNDA:0,_RINvMNtCsrXlInjBxf4_6wo_x2t9converterNtB3_17ConverterRegistry8registerNtNtB5_10converters19HtmlToDocxConverterEB5_
FNDA:0,_RINvMNtCsrXlInjBxf4_6wo_x2t9converterNtB3_17ConverterRegistry8registerNtNtB5_10converters19HtmlToEpubConverterEB5_
FNDA:0,_RINvMNtCsrXlInjBxf4_6wo_x2t9converterNtB3_17ConverterRegistry8registerNtNtB5_10converters28OdpToWoPresentationConverterEB5_
FNDA:0,_RINvMNtCsrXlInjBxf4_6wo_x2t9converterNtB3_17ConverterRegistry8registerNtNtB5_10converters28WoPresentationToOdpConverterEB5_
FNDA:0,_RINvMNtCsrXlInjBxf4_6wo_x2t9converterNtB3_17ConverterRegistry8registerNtNtB5_10converters29PptxToWoPresentationConverterEB5_
FNDA:0,_RINvMNtCsrXlInjBxf4_6wo_x2t9converterNtB3_17ConverterRegistry8registerNtNtB5_10converters29WoPresentationToPptxConverterEB5_
FNDA:0,_RNCNvMNtCsrXlInjBxf4_6wo_x2t9converterNtB4_17ConverterRegistry16registered_pairs0B6_
FNDA:0,_RNvMNtCsrXlInjBxf4_6wo_x2t9converterNtB2_17ConverterRegistry13has_converter
FNDA:0,_RNvMNtCsrXlInjBxf4_6wo_x2t9converterNtB2_17ConverterRegistry16registered_pairs
FNDA:0,_RNvMNtCsrXlInjBxf4_6wo_x2t9converterNtB2_17ConverterRegistry3get
FNDA:0,_RNvMNtCsrXlInjBxf4_6wo_x2t9converterNtB2_17ConverterRegistry3new
FNDA:0,_RNvMNtCsrXlInjBxf4_6wo_x2t9converterNtB2_17ConverterRegistry7convert
FNDA:0,_RNvNtCsrXlInjBxf4_6wo_x2t9converter12error_result
FNDA:0,_RNvNtCsrXlInjBxf4_6wo_x2t9converter14success_result
FNDA:0,_RNvNtCsrXlInjBxf4_6wo_x2t9converter18unsupported_result
FNDA:0,_RNvXs_NtCsrXlInjBxf4_6wo_x2t9converterNtB4_17ConverterRegistryNtNtCsbwefsVELSfr_4core7default7Default7default
FNDA:2,_RINvMNtCs46mRiS8JyXI_6wo_x2t9converterNtB3_17ConverterRegistry8registerNtNtB3_5tests13StubConverterEB5_
FNDA:26,_RINvMNtCs46mRiS8JyXI_6wo_x2t9converterNtB3_17ConverterRegistry8registerNtNtB5_10converters17Fb2ToTxtConverterEB5_
FNDA:26,_RINvMNtCs46mRiS8JyXI_6wo_x2t9converterNtB3_17ConverterRegistry8registerNtNtB5_10converters17HwpToTxtConverterEB5_
FNDA:26,_RINvMNtCs46mRiS8JyXI_6wo_x2t9converterNtB3_17ConverterRegistry8registerNtNtB5_10converters17OdtToTxtConverterEB5_
FNDA:26,_RINvMNtCs46mRiS8JyXI_6wo_x2t9converterNtB3_17ConverterRegistry8registerNtNtB5_10converters17OfdToTxtConverterEB5_
FNDA:26,_RINvMNtCs46mRiS8JyXI_6wo_x2t9converterNtB3_17ConverterRegistry8registerNtNtB5_10converters17RtfToTxtConverterEB5_
FNDA:26,_RINvMNtCs46mRiS8JyXI_6wo_x2t9converterNtB3_17ConverterRegistry8registerNtNtB5_10converters17TxtToFb2ConverterEB5_
FNDA:26,_RINvMNtCs46mRiS8JyXI_6wo_x2t9converterNtB3_17ConverterRegistry8registerNtNtB5_10converters17TxtToOdtConverterEB5_
FNDA:26,_RINvMNtCs46mRiS8JyXI_6wo_x2t9converterNtB3_17ConverterRegistry8registerNtNtB5_10converters17TxtToRtfConverterEB5_
FNDA:26,_RINvMNtCs46mRiS8JyXI_6wo_x2t9converterNtB3_17ConverterRegistry8registerNtNtB5_10converters17XpsToTxtConverterEB5_
FNDA:26,_RINvMNtCs46mRiS8JyXI_6wo_x2t9converterNtB3_17ConverterRegistry8registerNtNtB5_10converters18DjvuToTxtConverterEB5_
FNDA:26,_RINvMNtCs46mRiS8JyXI_6wo_x2t9converterNtB3_17ConverterRegistry8registerNtNtB5_10converters18DocxToOdtConverterEB5_
FNDA:26,_RINvMNtCs46mRiS8JyXI_6wo_x2t9converterNtB3_17ConverterRegistry8registerNtNtB5_10converters18DocxToTxtConverterEB5_
FNDA:26,_RINvMNtCs46mRiS8JyXI_6wo_x2t9converterNtB3_17ConverterRegistry8registerNtNtB5_10converters18DocxToXpsConverterEB5_
FNDA:26,_RINvMNtCs46mRiS8JyXI_6wo_x2t9converterNtB3_17ConverterRegistry8registerNtNtB5_10converters18EpubToTxtConverterEB5_
FNDA:26,_RINvMNtCs46mRiS8JyXI_6wo_x2t9converterNtB3_17ConverterRegistry8registerNtNtB5_10converters18Fb2ToDocxConverterEB5_
FNDA:26,_RINvMNtCs46mRiS8JyXI_6wo_x2t9converterNtB3_17ConverterRegistry8registerNtNtB5_10converters18HtmlToFb2ConverterEB5_
FNDA:26,_RINvMNtCs46mRiS8JyXI_6wo_x2t9converterNtB3_17ConverterRegistry8registerNtNtB5_10converters18HtmlToOdtConverterEB5_
FNDA:26,_RINvMNtCs46mRiS8JyXI_6wo_x2t9converterNtB3_17ConverterRegistry8registerNtNtB5_10converters18HtmlToRtfConverterEB5_
FNDA:26,_RINvMNtCs46mRiS8JyXI_6wo_x2t9converterNtB3_17ConverterRegistry8registerNtNtB5_10converters18HtmlToTxtConverterEB5_
FNDA:26,_RINvMNtCs46mRiS8JyXI_6wo_x2t9converterNtB3_17ConverterRegistry8registerNtNtB5_10converters18HwpToDocxConverterEB5_
FNDA:26,_RINvMNtCs46mRiS8JyXI_6wo_x2t9converterNtB3_17ConverterRegistry8registerNtNtB5_10converters18OdtToDocxConverterEB5_
FNDA:26,_RINvMNtCs46mRiS8JyXI_6wo_x2t9converterNtB3_17ConverterRegistry8registerNtNtB5_10converters18OdtToHtmlConverterEB5_
FNDA:26,_RINvMNtCs46mRiS8JyXI_6wo_x2t9converterNtB3_17ConverterRegistry8registerNtNtB5_10converters18OfdToDocxConverterEB5_
FNDA:26,_RINvMNtCs46mRiS8JyXI_6wo_x2t9converterNtB3_17ConverterRegistry8registerNtNtB5_10converters18OfdToHtmlConverterEB5_
FNDA:26,_RINvMNtCs46mRiS8JyXI_6wo_x2t9converterNtB3_17ConverterRegistry8registerNtNtB5_10converters18RtfToDocxConverterEB5_
FNDA:26,_RINvMNtCs46mRiS8JyXI_6wo_x2t9converterNtB3_17ConverterRegistry8registerNtNtB5_10converters18RtfToHtmlConverterEB5_
FNDA:26,_RINvMNtCs46mRiS8JyXI_6wo_x2t9converterNtB3_17ConverterRegistry8registerNtNtB5_10converters18TxtToDocxConverterEB5_
FNDA:26,_RINvMNtCs46mRiS8JyXI_6wo_x2t9converterNtB3_17ConverterRegistry8registerNtNtB5_10converters18TxtToEpubConverterEB5_
FNDA:28,_RINvMNtCs46mRiS8JyXI_6wo_x2t9converterNtB3_17ConverterRegistry8registerNtNtB5_10converters18TxtToHtmlConverterEB5_
FNDA:26,_RINvMNtCs46mRiS8JyXI_6wo_x2t9converterNtB3_17ConverterRegistry8registerNtNtB5_10converters18XpsToDocxConverterEB5_
FNDA:26,_RINvMNtCs46mRiS8JyXI_6wo_x2t9converterNtB3_17ConverterRegistry8registerNtNtB5_10converters18XpsToHtmlConverterEB5_
FNDA:26,_RINvMNtCs46mRiS8JyXI_6wo_x2t9converterNtB3_17ConverterRegistry8registerNtNtB5_10converters19DjvuToDocxConverterEB5_
FNDA:26,_RINvMNtCs46mRiS8JyXI_6wo_x2t9converterNtB3_17ConverterRegistry8registerNtNtB5_10converters19DocxToEpubConverterEB5_
FNDA:26,_RINvMNtCs46mRiS8JyXI_6wo_x2t9converterNtB3_17ConverterRegistry8registerNtNtB5_10converters19DocxToHtmlConverterEB5_
FNDA:26,_RINvMNtCs46mRiS8JyXI_6wo_x2t9converterNtB3_17ConverterRegistry8registerNtNtB5_10converters19EpubToDocxConverterEB5_
FNDA:26,_RINvMNtCs46mRiS8JyXI_6wo_x2t9converterNtB3_17ConverterRegistry8registerNtNtB5_10converters19EpubToHtmlConverterEB5_
FNDA:26,_RINvMNtCs46mRiS8JyXI_6wo_x2t9converterNtB3_17ConverterRegistry8registerNtNtB5_10converters19HtmlToDocxConverterEB5_
FNDA:26,_RINvMNtCs46mRiS8JyXI_6wo_x2t9converterNtB3_17ConverterRegistry8registerNtNtB5_10converters19HtmlToEpubConverterEB5_
FNDA:26,_RINvMNtCs46mRiS8JyXI_6wo_x2t9converterNtB3_17ConverterRegistry8registerNtNtB5_10converters28OdpToWoPresentationConverterEB5_
FNDA:26,_RINvMNtCs46mRiS8JyXI_6wo_x2t9converterNtB3_17ConverterRegistry8registerNtNtB5_10converters28WoPresentationToOdpConverterEB5_
FNDA:26,_RINvMNtCs46mRiS8JyXI_6wo_x2t9converterNtB3_17ConverterRegistry8registerNtNtB5_10converters29PptxToWoPresentationConverterEB5_
FNDA:26,_RINvMNtCs46mRiS8JyXI_6wo_x2t9converterNtB3_17ConverterRegistry8registerNtNtB5_10converters29WoPresentationToPptxConverterEB5_
FNDA:1,_RINvMNtCs46mRiS8JyXI_6wo_x2t9converterNtB3_17ConverterRegistry8registerNtNvNtNtB5_6router5testss_28test_chain_error_propagation16FailingConverterEB5_
FNDA:1,_RINvMNtCs46mRiS8JyXI_6wo_x2t9converterNtB3_17ConverterRegistry8registerNtNvNtNtB5_6router5testss_28test_chain_error_propagation18FailToTxtConverterEB5_
FNDA:1305,_RNCNvMNtCs46mRiS8JyXI_6wo_x2t9converterNtB4_17ConverterRegistry16registered_pairs0B6_
FNDA:1,_RNvNtNtCs46mRiS8JyXI_6wo_x2t9converter5testss_17test_error_result
FNDA:1,_RNvNtNtCs46mRiS8JyXI_6wo_x2t9converter5testss_18test_has_converter
FNDA:1,_RNvNtNtCs46mRiS8JyXI_6wo_x2t9converter5testss_19test_success_result
FNDA:1,_RNvNtNtCs46mRiS8JyXI_6wo_x2t9converter5testss_20test_convert_success
FNDA:1,_RNvNtNtCs46mRiS8JyXI_6wo_x2t9converter5testss_21test_register_and_get
FNDA:1,_RNvNtNtCs46mRiS8JyXI_6wo_x2t9converter5testss_23test_unsupported_result
FNDA:1,_RNvNtNtCs46mRiS8JyXI_6wo_x2t9converter5testss_25test_convert_no_converter
FNDA:1,_RNvNtNtCs46mRiS8JyXI_6wo_x2t9converter5testss_25test_get_nonexistent_pair
FNDA:3,_RNvXNtNtCs46mRiS8JyXI_6wo_x2t9converter5testsNtB2_13StubConverterNtB4_15FormatConverter13source_format
FNDA:3,_RNvXNtNtCs46mRiS8JyXI_6wo_x2t9converter5testsNtB2_13StubConverterNtB4_15FormatConverter13target_format
FNDA:0,_RNvXNtNtCs46mRiS8JyXI_6wo_x2t9converter5testsNtB2_13StubConverterNtB4_15FormatConverter7convert
FNDA:0,_RNvXs_NtCs46mRiS8JyXI_6wo_x2t9converterNtB4_17ConverterRegistryNtNtCsbwefsVELSfr_4core7default7Default7default
FNDA:71,_RNvMNtCs46mRiS8JyXI_6wo_x2t9converterNtB2_17ConverterRegistry13has_converter
FNDA:32,_RNvMNtCs46mRiS8JyXI_6wo_x2t9converterNtB2_17ConverterRegistry16registered_pairs
FNDA:1272,_RNvMNtCs46mRiS8JyXI_6wo_x2t9converterNtB2_17ConverterRegistry3get
FNDA:32,_RNvMNtCs46mRiS8JyXI_6wo_x2t9converterNtB2_17ConverterRegistry3new
FNDA:7,_RNvMNtCs46mRiS8JyXI_6wo_x2t9converterNtB2_17ConverterRegistry7convert
FNDA:3,_RNvNtCs46mRiS8JyXI_6wo_x2t9converter12error_result
FNDA:6,_RNvNtCs46mRiS8JyXI_6wo_x2t9converter14success_result
FNDA:7,_RNvNtCs46mRiS8JyXI_6wo_x2t9converter18unsupported_result
FNF:22
FNH:20
DA:15,6
DA:16,6
DA:17,6
DA:18,6
DA:19,6
DA:20,6
DA:21,6
DA:22,6
DA:23,6
DA:24,6
DA:25,6
DA:26,6
DA:27,6
DA:29,3
DA:30,3
DA:31,3
DA:32,3
DA:33,3
DA:34,3
DA:35,3
DA:36,3
DA:38,7
DA:39,7
DA:40,7
DA:41,7
DA:42,7
DA:43,7
DA:44,7
DA:45,7
DA:46,7
DA:47,7
DA:48,7
DA:57,32
DA:58,32
DA:59,32
DA:60,32
DA:61,32
DA:64,1098
DA:65,1098
DA:66,1098
DA:67,1098
DA:68,1098
DA:69,1098
DA:70,1098
DA:73,1272
DA:74,1272
DA:75,1272
DA:76,1272
DA:79,71
DA:80,71
DA:81,71
DA:82,71
DA:85,7
DA:86,7
DA:87,7
DA:88,7
DA:89,7
DA:90,7
DA:91,7
DA:92,6
DA:93,1
DA:94,1
DA:95,1
DA:96,1
DA:98,7
DA:101,32
DA:102,32
DA:103,32
DA:104,1305
DA:105,32
DA:106,32
DA:110,0
DA:111,0
DA:112,0
DA:120,1
DA:121,1
DA:122,1
DA:123,1
DA:124,1
DA:125,1
DA:128,1
DA:129,1
DA:130,1
DA:131,1
DA:132,1
DA:135,1
DA:136,1
DA:137,1
DA:138,1
DA:139,1
DA:149,3
DA:150,3
DA:151,3
DA:152,3
DA:153,3
DA:154,3
DA:155,0
DA:157,0
DA:158,0
DA:162,1
DA:163,1
DA:164,1
DA:165,1
DA:166,1
DA:167,1
DA:169,1
DA:170,1
DA:171,1
DA:172,1
DA:173,1
DA:176,1
DA:177,1
DA:178,1
DA:179,1
DA:182,1
DA:183,1
DA:184,1
DA:186,1
DA:187,1
DA:188,1
DA:189,1
DA:192,1
DA:195,1
DA:196,1
DA:198,1
DA:199,1
DA:200,1
DA:201,1
DA:204,1
DA:205,1
DA:206,1
DA:208,1
DA:209,1
DA:210,1
DA:211,1
BRF:0
BRH:0
LF:136
LH:130
end_of_record
SF:/home/weiss/git/World-Office/server/core/crates/wo-x2t/src/converters.rs
FN:6180,_RNvNtCsrXlInjBxf4_6wo_x2t10converters10px_to_cm_h
FN:6177,_RNvNtCsrXlInjBxf4_6wo_x2t10converters10px_to_cm_w
FN:6167,_RNvNtCsrXlInjBxf4_6wo_x2t10converters10px_to_cm_x
FN:6170,_RNvNtCsrXlInjBxf4_6wo_x2t10converters10px_to_cm_y
FN:2565,_RNvNtCsrXlInjBxf4_6wo_x2t10converters10txt_to_odf
FN:3047,_RNvNtCsrXlInjBxf4_6wo_x2t10converters11docx_to_odf
FN:5154,_RNvNtCsrXlInjBxf4_6wo_x2t10converters11docx_to_xps
FN:2594,_RNvNtCsrXlInjBxf4_6wo_x2t10converters11html_to_odf
FN:4585,_RNvNtCsrXlInjBxf4_6wo_x2t10converters12docx_to_epub
FN:4207,_RNvNtCsrXlInjBxf4_6wo_x2t10converters12fb2_to_ooxml
FN:4939,_RNvNtCsrXlInjBxf4_6wo_x2t10converters12hwp_to_ooxml
FN:3159,_RNvNtCsrXlInjBxf4_6wo_x2t10converters12odf_to_ooxml
FN:4860,_RNvNtCsrXlInjBxf4_6wo_x2t10converters12ofd_to_ooxml
FN:3358,_RNvNtCsrXlInjBxf4_6wo_x2t10converters12rtf_to_ooxml
FN:2052,_RNvNtCsrXlInjBxf4_6wo_x2t10converters12txt_to_ooxml
FN:4781,_RNvNtCsrXlInjBxf4_6wo_x2t10converters12xps_to_ooxml
FN:5259,_RNvNtCsrXlInjBxf4_6wo_x2t10converters13canvas_height
FN:5053,_RNvNtCsrXlInjBxf4_6wo_x2t10converters13djvu_to_ooxml
FN:4078,_RNvNtCsrXlInjBxf4_6wo_x2t10converters13epub_to_ooxml
FN:2095,_RNvNtCsrXlInjBxf4_6wo_x2t10converters13html_to_ooxml
FN:6202,_RNvNtCsrXlInjBxf4_6wo_x2t10converters14cm_str_to_px_h
FN:6199,_RNvNtCsrXlInjBxf4_6wo_x2t10converters14cm_str_to_px_w
FN:6188,_RNvNtCsrXlInjBxf4_6wo_x2t10converters14cm_str_to_px_x
FN:6191,_RNvNtCsrXlInjBxf4_6wo_x2t10converters14cm_str_to_px_y
FN:5280,_RNvNtCsrXlInjBxf4_6wo_x2t10converters14parse_data_url
FN:5309,_RNvNtCsrXlInjBxf4_6wo_x2t10converters15encode_data_url
FN:3928,_RNvNtCsrXlInjBxf4_6wo_x2t10converters15strip_html_tags
FN:1606,_RNvNtCsrXlInjBxf4_6wo_x2t10converters16extract_rtf_text
FN:6232,_RNvNtCsrXlInjBxf4_6wo_x2t10converters17bytes_to_data_url
FN:6208,_RNvNtCsrXlInjBxf4_6wo_x2t10converters17data_url_to_bytes
FN:3730,_RNvNtCsrXlInjBxf4_6wo_x2t10converters17escape_xhtml_text
FN:1963,_RNvNtCsrXlInjBxf4_6wo_x2t10converters17extract_html_text
FN:5608,_RNvNtCsrXlInjBxf4_6wo_x2t10converters17extract_text_info
FN:3953,_RNvNtCsrXlInjBxf4_6wo_x2t10converters17fb2_body_to_lines
FN:3746,_RNvNtCsrXlInjBxf4_6wo_x2t10converters19build_xhtml_content
FN:1575,_RNvNtCsrXlInjBxf4_6wo_x2t10converters19extract_inline_text
FN:1658,_RNvNtCsrXlInjBxf4_6wo_x2t10converters19rtf_to_html_inlines
FN:3960,_RNvNtCsrXlInjBxf4_6wo_x2t10converters20fb2_section_to_lines
FN:1990,_RNvNtCsrXlInjBxf4_6wo_x2t10converters20html_blocks_to_lines
FN:1379,_RNvNtCsrXlInjBxf4_6wo_x2t10converters20html_elements_to_fb2
FN:3762,_RNvNtCsrXlInjBxf4_6wo_x2t10converters20txt_to_epub_chapters
FN:2880,_RNvNtCsrXlInjBxf4_6wo_x2t10converters21extract_docx_run_text
FN:3802,_RNvNtCsrXlInjBxf4_6wo_x2t10converters21html_to_epub_chapters
FN:6066,_RNvNtCsrXlInjBxf4_6wo_x2t10converters21odf_slide_to_wo_slide
FN:6100,_RNvNtCsrXlInjBxf4_6wo_x2t10converters21odp_shape_to_wo_shape
FN:6012,_RNvNtCsrXlInjBxf4_6wo_x2t10converters21wo_shape_to_odp_shape
FN:5977,_RNvNtCsrXlInjBxf4_6wo_x2t10converters21wo_slide_to_odp_slide
FN:3864,_RNvNtCsrXlInjBxf4_6wo_x2t10converters22block_element_to_xhtml
FN:3141,_RNvNtCsrXlInjBxf4_6wo_x2t10converters22docx_runs_to_odf_spans
FN:5654,_RNvNtCsrXlInjBxf4_6wo_x2t10converters22ooxml_transition_to_wo
FN:5637,_RNvNtCsrXlInjBxf4_6wo_x2t10converters22wo_transition_to_ooxml
FN:2896,_RNvNtCsrXlInjBxf4_6wo_x2t10converters23docx_body_to_text_lines
FN:5420,_RNvNtCsrXlInjBxf4_6wo_x2t10converters23slide_shape_to_wo_shape
FN:5322,_RNvNtCsrXlInjBxf4_6wo_x2t10converters23wo_shape_to_slide_shape
FN:2973,_RNvNtCsrXlInjBxf4_6wo_x2t10converters24docx_body_to_html_blocks
FN:3702,_RNvNtCsrXlInjBxf4_6wo_x2t10converters24odf_paragraph_to_inlines
FN:1631,_RNvNtCsrXlInjBxf4_6wo_x2t10converters24rtf_blocks_to_text_lines
FN:3474,_RNvNtCsrXlInjBxf4_6wo_x2t10converters24rtf_inlines_to_docx_runs
FN:2933,_RNvNtCsrXlInjBxf4_6wo_x2t10converters25docx_runs_to_html_inlines
FN:1833,_RNvNtCsrXlInjBxf4_6wo_x2t10converters25html_blocks_to_rtf_blocks
FN:2341,_RNvNtCsrXlInjBxf4_6wo_x2t10converters25html_inlines_to_docx_runs
FN:2744,_RNvNtCsrXlInjBxf4_6wo_x2t10converters25html_inlines_to_odf_spans
FN:3557,_RNvNtCsrXlInjBxf4_6wo_x2t10converters25odf_content_to_text_lines
FN:1722,_RNvNtCsrXlInjBxf4_6wo_x2t10converters25rtf_blocks_to_html_blocks
FN:4698,_RNvNtCsrXlInjBxf4_6wo_x2t10converters26docx_body_to_epub_chapters
FN:2613,_RNvNtCsrXlInjBxf4_6wo_x2t10converters26html_blocks_to_odf_content
FN:3607,_RNvNtCsrXlInjBxf4_6wo_x2t10converters26odf_content_to_html_blocks
FN:4285,_RNvNtCsrXlInjBxf4_6wo_x2t10converters27fb2_body_to_docx_paragraphs
FN:4518,_RNvNtCsrXlInjBxf4_6wo_x2t10converters27fb2_formatting_to_docx_runs
FN:1760,_RNvNtCsrXlInjBxf4_6wo_x2t10converters27html_inlines_to_rtf_inlines
FN:1464,_RNvNtCsrXlInjBxf4_6wo_x2t10converters29inline_elements_to_formatting
FN:4292,_RNvNtCsrXlInjBxf4_6wo_x2t10converters30fb2_section_to_docx_paragraphs
FN:6184,_RNvNtCsrXlInjBxf4_6wo_x2t10converters8parse_cm
FN:5272,_RNvNtCsrXlInjBxf4_6wo_x2t10converters9emu_to_px
FN:5267,_RNvNtCsrXlInjBxf4_6wo_x2t10converters9px_to_emu
FN:68,_RNvXNtCsrXlInjBxf4_6wo_x2t10convertersNtB2_17RtfToTxtConverterNtNtB4_9converter15FormatConverter13source_format
FN:72,_RNvXNtCsrXlInjBxf4_6wo_x2t10convertersNtB2_17RtfToTxtConverterNtNtB4_9converter15FormatConverter13target_format
FN:76,_RNvXNtCsrXlInjBxf4_6wo_x2t10convertersNtB2_17RtfToTxtConverterNtNtB4_9converter15FormatConverter7convert
FN:135,_RNvXs0_NtCsrXlInjBxf4_6wo_x2t10convertersNtB5_18HtmlToTxtConverterNtNtB7_9converter15FormatConverter13source_format
FN:139,_RNvXs0_NtCsrXlInjBxf4_6wo_x2t10convertersNtB5_18HtmlToTxtConverterNtNtB7_9converter15FormatConverter13target_format
FN:143,_RNvXs0_NtCsrXlInjBxf4_6wo_x2t10convertersNtB5_18HtmlToTxtConverterNtNtB7_9converter15FormatConverter7convert
FN:166,_RNvXs1_NtCsrXlInjBxf4_6wo_x2t10convertersNtB5_18TxtToHtmlConverterNtNtB7_9converter15FormatConverter13source_format
FN:170,_RNvXs1_NtCsrXlInjBxf4_6wo_x2t10convertersNtB5_18TxtToHtmlConverterNtNtB7_9converter15FormatConverter13target_format
FN:174,_RNvXs1_NtCsrXlInjBxf4_6wo_x2t10convertersNtB5_18TxtToHtmlConverterNtNtB7_9converter15FormatConverter7convert
FN:204,_RNvXs2_NtCsrXlInjBxf4_6wo_x2t10convertersNtB5_18DocxToTxtConverterNtNtB7_9converter15FormatConverter13source_format
FN:208,_RNvXs2_NtCsrXlInjBxf4_6wo_x2t10convertersNtB5_18DocxToTxtConverterNtNtB7_9converter15FormatConverter13target_format
FN:212,_RNvXs2_NtCsrXlInjBxf4_6wo_x2t10convertersNtB5_18DocxToTxtConverterNtNtB7_9converter15FormatConverter7convert
FN:235,_RNvXs3_NtCsrXlInjBxf4_6wo_x2t10convertersNtB5_19DocxToHtmlConverterNtNtB7_9converter15FormatConverter13source_format
FN:239,_RNvXs3_NtCsrXlInjBxf4_6wo_x2t10convertersNtB5_19DocxToHtmlConverterNtNtB7_9converter15FormatConverter13target_format
FN:243,_RNvXs3_NtCsrXlInjBxf4_6wo_x2t10convertersNtB5_19DocxToHtmlConverterNtNtB7_9converter15FormatConverter7convert
FN:271,_RNvXs4_NtCsrXlInjBxf4_6wo_x2t10convertersNtB5_17OdtToTxtConverterNtNtB7_9converter15FormatConverter13source_format
FN:275,_RNvXs4_NtCsrXlInjBxf4_6wo_x2t10convertersNtB5_17OdtToTxtConverterNtNtB7_9converter15FormatConverter13target_format
FN:279,_RNvXs4_NtCsrXlInjBxf4_6wo_x2t10convertersNtB5_17OdtToTxtConverterNtNtB7_9converter15FormatConverter7convert
FN:302,_RNvXs5_NtCsrXlInjBxf4_6wo_x2t10convertersNtB5_18OdtToHtmlConverterNtNtB7_9converter15FormatConverter13source_format
FN:306,_RNvXs5_NtCsrXlInjBxf4_6wo_x2t10convertersNtB5_18OdtToHtmlConverterNtNtB7_9converter15FormatConverter13target_format
FN:310,_RNvXs5_NtCsrXlInjBxf4_6wo_x2t10convertersNtB5_18OdtToHtmlConverterNtNtB7_9converter15FormatConverter7convert
FN:338,_RNvXs6_NtCsrXlInjBxf4_6wo_x2t10convertersNtB5_17TxtToRtfConverterNtNtB7_9converter15FormatConverter13source_format
FN:342,_RNvXs6_NtCsrXlInjBxf4_6wo_x2t10convertersNtB5_17TxtToRtfConverterNtNtB7_9converter15FormatConverter13target_format
FN:346,_RNvXs6_NtCsrXlInjBxf4_6wo_x2t10convertersNtB5_17TxtToRtfConverterNtNtB7_9converter15FormatConverter7convert
FN:385,_RNvXs7_NtCsrXlInjBxf4_6wo_x2t10convertersNtB5_18HtmlToRtfConverterNtNtB7_9converter15FormatConverter13source_format
FN:389,_RNvXs7_NtCsrXlInjBxf4_6wo_x2t10convertersNtB5_18HtmlToRtfConverterNtNtB7_9converter15FormatConverter13target_format
FN:393,_RNvXs7_NtCsrXlInjBxf4_6wo_x2t10convertersNtB5_18HtmlToRtfConverterNtNtB7_9converter15FormatConverter7convert
FN:426,_RNvXs8_NtCsrXlInjBxf4_6wo_x2t10convertersNtB5_18EpubToTxtConverterNtNtB7_9converter15FormatConverter13source_format
FN:430,_RNvXs8_NtCsrXlInjBxf4_6wo_x2t10convertersNtB5_18EpubToTxtConverterNtNtB7_9converter15FormatConverter13target_format
FN:434,_RNvXs8_NtCsrXlInjBxf4_6wo_x2t10convertersNtB5_18EpubToTxtConverterNtNtB7_9converter15FormatConverter7convert
FN:468,_RNvXs9_NtCsrXlInjBxf4_6wo_x2t10convertersNtB5_19EpubToHtmlConverterNtNtB7_9converter15FormatConverter13source_format
FN:472,_RNvXs9_NtCsrXlInjBxf4_6wo_x2t10convertersNtB5_19EpubToHtmlConverterNtNtB7_9converter15FormatConverter13target_format
FN:476,_RNvXs9_NtCsrXlInjBxf4_6wo_x2t10convertersNtB5_19EpubToHtmlConverterNtNtB7_9converter15FormatConverter7convert
FN:5675,_RNvXsA_NtCsrXlInjBxf4_6wo_x2t10convertersNtB5_29WoPresentationToPptxConverterNtNtB7_9converter15FormatConverter13source_format
FN:5678,_RNvXsA_NtCsrXlInjBxf4_6wo_x2t10convertersNtB5_29WoPresentationToPptxConverterNtNtB7_9converter15FormatConverter13target_format
FN:5681,_RNvXsA_NtCsrXlInjBxf4_6wo_x2t10convertersNtB5_29WoPresentationToPptxConverterNtNtB7_9converter15FormatConverter7convert
FN:5767,_RNvXsB_NtCsrXlInjBxf4_6wo_x2t10convertersNtB5_29PptxToWoPresentationConverterNtNtB7_9converter15FormatConverter13source_format
FN:5770,_RNvXsB_NtCsrXlInjBxf4_6wo_x2t10convertersNtB5_29PptxToWoPresentationConverterNtNtB7_9converter15FormatConverter13target_format
FN:5773,_RNvXsB_NtCsrXlInjBxf4_6wo_x2t10convertersNtB5_29PptxToWoPresentationConverterNtNtB7_9converter15FormatConverter7convert
FN:5877,_RNvXsC_NtCsrXlInjBxf4_6wo_x2t10convertersNtB5_28WoPresentationToOdpConverterNtNtB7_9converter15FormatConverter13source_format
FN:5880,_RNvXsC_NtCsrXlInjBxf4_6wo_x2t10convertersNtB5_28WoPresentationToOdpConverterNtNtB7_9converter15FormatConverter13target_format
FN:5883,_RNvXsC_NtCsrXlInjBxf4_6wo_x2t10convertersNtB5_28WoPresentationToOdpConverterNtNtB7_9converter15FormatConverter7convert
FN:5926,_RNvXsD_NtCsrXlInjBxf4_6wo_x2t10convertersNtB5_28OdpToWoPresentationConverterNtNtB7_9converter15FormatConverter13source_format
FN:5929,_RNvXsD_NtCsrXlInjBxf4_6wo_x2t10convertersNtB5_28OdpToWoPresentationConverterNtNtB7_9converter15FormatConverter13target_format
FN:5932,_RNvXsD_NtCsrXlInjBxf4_6wo_x2t10convertersNtB5_28OdpToWoPresentationConverterNtNtB7_9converter15FormatConverter7convert
FN:99,_RNvXs_NtCsrXlInjBxf4_6wo_x2t10convertersNtB4_18RtfToHtmlConverterNtNtB6_9converter15FormatConverter13source_format
FN:103,_RNvXs_NtCsrXlInjBxf4_6wo_x2t10convertersNtB4_18RtfToHtmlConverterNtNtB6_9converter15FormatConverter13target_format
FN:107,_RNvXs_NtCsrXlInjBxf4_6wo_x2t10convertersNtB4_18RtfToHtmlConverterNtNtB6_9converter15FormatConverter7convert
FN:538,_RNvXsa_NtCsrXlInjBxf4_6wo_x2t10convertersNtB5_17Fb2ToTxtConverterNtNtB7_9converter15FormatConverter13source_format
FN:542,_RNvXsa_NtCsrXlInjBxf4_6wo_x2t10convertersNtB5_17Fb2ToTxtConverterNtNtB7_9converter15FormatConverter13target_format
FN:546,_RNvXsa_NtCsrXlInjBxf4_6wo_x2t10convertersNtB5_17Fb2ToTxtConverterNtNtB7_9converter15FormatConverter7convert
FN:581,_RNvXsb_NtCsrXlInjBxf4_6wo_x2t10convertersNtB5_17HwpToTxtConverterNtNtB7_9converter15FormatConverter13source_format
FN:585,_RNvXsb_NtCsrXlInjBxf4_6wo_x2t10convertersNtB5_17HwpToTxtConverterNtNtB7_9converter15FormatConverter13target_format
FN:589,_RNvXsb_NtCsrXlInjBxf4_6wo_x2t10convertersNtB5_17HwpToTxtConverterNtNtB7_9converter15FormatConverter7convert
FN:626,_RNvXsc_NtCsrXlInjBxf4_6wo_x2t10convertersNtB5_18TxtToDocxConverterNtNtB7_9converter15FormatConverter13source_format
FN:630,_RNvXsc_NtCsrXlInjBxf4_6wo_x2t10convertersNtB5_18TxtToDocxConverterNtNtB7_9converter15FormatConverter13target_format
FN:634,_RNvXsc_NtCsrXlInjBxf4_6wo_x2t10convertersNtB5_18TxtToDocxConverterNtNtB7_9converter15FormatConverter7convert
FN:651,_RNvXsd_NtCsrXlInjBxf4_6wo_x2t10convertersNtB5_19HtmlToDocxConverterNtNtB7_9converter15FormatConverter13source_format
FN:655,_RNvXsd_NtCsrXlInjBxf4_6wo_x2t10convertersNtB5_19HtmlToDocxConverterNtNtB7_9converter15FormatConverter13target_format
FN:659,_RNvXsd_NtCsrXlInjBxf4_6wo_x2t10convertersNtB5_19HtmlToDocxConverterNtNtB7_9converter15FormatConverter7convert
FN:676,_RNvXse_NtCsrXlInjBxf4_6wo_x2t10convertersNtB5_17TxtToOdtConverterNtNtB7_9converter15FormatConverter13source_format
FN:680,_RNvXse_NtCsrXlInjBxf4_6wo_x2t10convertersNtB5_17TxtToOdtConverterNtNtB7_9converter15FormatConverter13target_format
FN:684,_RNvXse_NtCsrXlInjBxf4_6wo_x2t10convertersNtB5_17TxtToOdtConverterNtNtB7_9converter15FormatConverter7convert
FN:701,_RNvXsf_NtCsrXlInjBxf4_6wo_x2t10convertersNtB5_18HtmlToOdtConverterNtNtB7_9converter15FormatConverter13source_format
FN:705,_RNvXsf_NtCsrXlInjBxf4_6wo_x2t10convertersNtB5_18HtmlToOdtConverterNtNtB7_9converter15FormatConverter13target_format
FN:709,_RNvXsf_NtCsrXlInjBxf4_6wo_x2t10convertersNtB5_18HtmlToOdtConverterNtNtB7_9converter15FormatConverter7convert
FN:726,_RNvXsg_NtCsrXlInjBxf4_6wo_x2t10convertersNtB5_17XpsToTxtConverterNtNtB7_9converter15FormatConverter13source_format
FN:730,_RNvXsg_NtCsrXlInjBxf4_6wo_x2t10convertersNtB5_17XpsToTxtConverterNtNtB7_9converter15FormatConverter13target_format
FN:734,_RNvXsg_NtCsrXlInjBxf4_6wo_x2t10convertersNtB5_17XpsToTxtConverterNtNtB7_9converter15FormatConverter7convert
FN:767,_RNvXsh_NtCsrXlInjBxf4_6wo_x2t10convertersNtB5_18XpsToHtmlConverterNtNtB7_9converter15FormatConverter13source_format
FN:771,_RNvXsh_NtCsrXlInjBxf4_6wo_x2t10convertersNtB5_18XpsToHtmlConverterNtNtB7_9converter15FormatConverter13target_format
FN:775,_RNvXsh_NtCsrXlInjBxf4_6wo_x2t10convertersNtB5_18XpsToHtmlConverterNtNtB7_9converter15FormatConverter7convert
FN:824,_RNvXsi_NtCsrXlInjBxf4_6wo_x2t10convertersNtB5_17OfdToTxtConverterNtNtB7_9converter15FormatConverter13source_format
FN:828,_RNvXsi_NtCsrXlInjBxf4_6wo_x2t10convertersNtB5_17OfdToTxtConverterNtNtB7_9converter15FormatConverter13target_format
FN:832,_RNvXsi_NtCsrXlInjBxf4_6wo_x2t10convertersNtB5_17OfdToTxtConverterNtNtB7_9converter15FormatConverter7convert
FN:865,_RNvXsj_NtCsrXlInjBxf4_6wo_x2t10convertersNtB5_18OfdToHtmlConverterNtNtB7_9converter15FormatConverter13source_format
FN:869,_RNvXsj_NtCsrXlInjBxf4_6wo_x2t10convertersNtB5_18OfdToHtmlConverterNtNtB7_9converter15FormatConverter13target_format
FN:873,_RNvXsj_NtCsrXlInjBxf4_6wo_x2t10convertersNtB5_18OfdToHtmlConverterNtNtB7_9converter15FormatConverter7convert
FN:946,_RNvXsk_NtCsrXlInjBxf4_6wo_x2t10convertersNtB5_18DjvuToTxtConverterNtNtB7_9converter15FormatConverter13source_format
FN:950,_RNvXsk_NtCsrXlInjBxf4_6wo_x2t10convertersNtB5_18DjvuToTxtConverterNtNtB7_9converter15FormatConverter13target_format
FN:954,_RNvXsk_NtCsrXlInjBxf4_6wo_x2t10convertersNtB5_18DjvuToTxtConverterNtNtB7_9converter15FormatConverter7convert
FN:985,_RNvXsl_NtCsrXlInjBxf4_6wo_x2t10convertersNtB5_18TxtToEpubConverterNtNtB7_9converter15FormatConverter13source_format
FN:989,_RNvXsl_NtCsrXlInjBxf4_6wo_x2t10convertersNtB5_18TxtToEpubConverterNtNtB7_9converter15FormatConverter13target_format
FN:993,_RNvXsl_NtCsrXlInjBxf4_6wo_x2t10convertersNtB5_18TxtToEpubConverterNtNtB7_9converter15FormatConverter7convert
FN:1067,_RNvXsm_NtCsrXlInjBxf4_6wo_x2t10convertersNtB5_19HtmlToEpubConverterNtNtB7_9converter15FormatConverter13source_format
FN:1071,_RNvXsm_NtCsrXlInjBxf4_6wo_x2t10convertersNtB5_19HtmlToEpubConverterNtNtB7_9converter15FormatConverter13target_format
FN:1075,_RNvXsm_NtCsrXlInjBxf4_6wo_x2t10convertersNtB5_19HtmlToEpubConverterNtNtB7_9converter15FormatConverter7convert
FN:1148,_RNvXsn_NtCsrXlInjBxf4_6wo_x2t10convertersNtB5_17TxtToFb2ConverterNtNtB7_9converter15FormatConverter13source_format
FN:1152,_RNvXsn_NtCsrXlInjBxf4_6wo_x2t10convertersNtB5_17TxtToFb2ConverterNtNtB7_9converter15FormatConverter13target_format
FN:1156,_RNvXsn_NtCsrXlInjBxf4_6wo_x2t10convertersNtB5_17TxtToFb2ConverterNtNtB7_9converter15FormatConverter7convert
FN:1232,_RNvXso_NtCsrXlInjBxf4_6wo_x2t10convertersNtB5_18HtmlToFb2ConverterNtNtB7_9converter15FormatConverter13source_format
FN:1236,_RNvXso_NtCsrXlInjBxf4_6wo_x2t10convertersNtB5_18HtmlToFb2ConverterNtNtB7_9converter15FormatConverter13target_format
FN:1240,_RNvXso_NtCsrXlInjBxf4_6wo_x2t10convertersNtB5_18HtmlToFb2ConverterNtNtB7_9converter15FormatConverter7convert
FN:1301,_RNvXsp_NtCsrXlInjBxf4_6wo_x2t10convertersNtB5_18DocxToOdtConverterNtNtB7_9converter15FormatConverter13source_format
FN:1305,_RNvXsp_NtCsrXlInjBxf4_6wo_x2t10convertersNtB5_18DocxToOdtConverterNtNtB7_9converter15FormatConverter13target_format
FN:1309,_RNvXsp_NtCsrXlInjBxf4_6wo_x2t10convertersNtB5_18DocxToOdtConverterNtNtB7_9converter15FormatConverter7convert
FN:1328,_RNvXsq_NtCsrXlInjBxf4_6wo_x2t10convertersNtB5_18OdtToDocxConverterNtNtB7_9converter15FormatConverter13source_format
FN:1332,_RNvXsq_NtCsrXlInjBxf4_6wo_x2t10convertersNtB5_18OdtToDocxConverterNtNtB7_9converter15FormatConverter13target_format
FN:1336,_RNvXsq_NtCsrXlInjBxf4_6wo_x2t10convertersNtB5_18OdtToDocxConverterNtNtB7_9converter15FormatConverter7convert
FN:1355,_RNvXsr_NtCsrXlInjBxf4_6wo_x2t10convertersNtB5_18RtfToDocxConverterNtNtB7_9converter15FormatConverter13source_format
FN:1359,_RNvXsr_NtCsrXlInjBxf4_6wo_x2t10convertersNtB5_18RtfToDocxConverterNtNtB7_9converter15FormatConverter13target_format
FN:1363,_RNvXsr_NtCsrXlInjBxf4_6wo_x2t10convertersNtB5_18RtfToDocxConverterNtNtB7_9converter15FormatConverter7convert
FN:4056,_RNvXss_NtCsrXlInjBxf4_6wo_x2t10convertersNtB5_19EpubToDocxConverterNtNtB7_9converter15FormatConverter13source_format
FN:4060,_RNvXss_NtCsrXlInjBxf4_6wo_x2t10convertersNtB5_19EpubToDocxConverterNtNtB7_9converter15FormatConverter13target_format
FN:4064,_RNvXss_NtCsrXlInjBxf4_6wo_x2t10convertersNtB5_19EpubToDocxConverterNtNtB7_9converter15FormatConverter7convert
FN:4185,_RNvXst_NtCsrXlInjBxf4_6wo_x2t10convertersNtB5_18Fb2ToDocxConverterNtNtB7_9converter15FormatConverter13source_format
FN:4189,_RNvXst_NtCsrXlInjBxf4_6wo_x2t10convertersNtB5_18Fb2ToDocxConverterNtNtB7_9converter15FormatConverter13target_format
FN:4193,_RNvXst_NtCsrXlInjBxf4_6wo_x2t10convertersNtB5_18Fb2ToDocxConverterNtNtB7_9converter15FormatConverter7convert
FN:4563,_RNvXsu_NtCsrXlInjBxf4_6wo_x2t10convertersNtB5_19DocxToEpubConverterNtNtB7_9converter15FormatConverter13source_format
FN:4567,_RNvXsu_NtCsrXlInjBxf4_6wo_x2t10convertersNtB5_19DocxToEpubConverterNtNtB7_9converter15FormatConverter13target_format
FN:4571,_RNvXsu_NtCsrXlInjBxf4_6wo_x2t10convertersNtB5_19DocxToEpubConverterNtNtB7_9converter15FormatConverter7convert
FN:4759,_RNvXsv_NtCsrXlInjBxf4_6wo_x2t10convertersNtB5_18XpsToDocxConverterNtNtB7_9converter15FormatConverter13source_format
FN:4763,_RNvXsv_NtCsrXlInjBxf4_6wo_x2t10convertersNtB5_18XpsToDocxConverterNtNtB7_9converter15FormatConverter13target_format
FN:4767,_RNvXsv_NtCsrXlInjBxf4_6wo_x2t10convertersNtB5_18XpsToDocxConverterNtNtB7_9converter15FormatConverter7convert
FN:4838,_RNvXsw_NtCsrXlInjBxf4_6wo_x2t10convertersNtB5_18OfdToDocxConverterNtNtB7_9converter15FormatConverter13source_format
FN:4842,_RNvXsw_NtCsrXlInjBxf4_6wo_x2t10convertersNtB5_18OfdToDocxConverterNtNtB7_9converter15FormatConverter13target_format
FN:4846,_RNvXsw_NtCsrXlInjBxf4_6wo_x2t10convertersNtB5_18OfdToDocxConverterNtNtB7_9converter15FormatConverter7convert
FN:4917,_RNvXsx_NtCsrXlInjBxf4_6wo_x2t10convertersNtB5_18HwpToDocxConverterNtNtB7_9converter15FormatConverter13source_format
FN:4921,_RNvXsx_NtCsrXlInjBxf4_6wo_x2t10convertersNtB5_18HwpToDocxConverterNtNtB7_9converter15FormatConverter13target_format
FN:4925,_RNvXsx_NtCsrXlInjBxf4_6wo_x2t10convertersNtB5_18HwpToDocxConverterNtNtB7_9converter15FormatConverter7convert
FN:5031,_RNvXsy_NtCsrXlInjBxf4_6wo_x2t10convertersNtB5_19DjvuToDocxConverterNtNtB7_9converter15FormatConverter13source_format
FN:5035,_RNvXsy_NtCsrXlInjBxf4_6wo_x2t10convertersNtB5_19DjvuToDocxConverterNtNtB7_9converter15FormatConverter13target_format
FN:5039,_RNvXsy_NtCsrXlInjBxf4_6wo_x2t10convertersNtB5_19DjvuToDocxConverterNtNtB7_9converter15FormatConverter7convert
FN:5132,_RNvXsz_NtCsrXlInjBxf4_6wo_x2t10convertersNtB5_18DocxToXpsConverterNtNtB7_9converter15FormatConverter13source_format
FN:5136,_RNvXsz_NtCsrXlInjBxf4_6wo_x2t10convertersNtB5_18DocxToXpsConverterNtNtB7_9converter15FormatConverter13target_format
FN:5140,_RNvXsz_NtCsrXlInjBxf4_6wo_x2t10convertersNtB5_18DocxToXpsConverterNtNtB7_9converter15FormatConverter7convert
FN:3435,_RNCNCNCNCNvNtCsrXlInjBxf4_6wo_x2t10converters12rtf_to_ooxmls_0000Bb_
FN:3094,_RNCNCNCNvNtCsrXlInjBxf4_6wo_x2t10converters11docx_to_odfs1_000B9_
FN:3394,_RNCNCNCNvNtCsrXlInjBxf4_6wo_x2t10converters12rtf_to_ooxml000B9_
FN:3425,_RNCNCNCNvNtCsrXlInjBxf4_6wo_x2t10converters12rtf_to_ooxmls_000B9_
FN:6080,_RNCNCNCNvNtCsrXlInjBxf4_6wo_x2t10converters21odf_slide_to_wo_slides_000B9_
FN:3023,_RNCNCNCNvNtCsrXlInjBxf4_6wo_x2t10converters24docx_body_to_html_blockss1_000B9_
FN:3090,_RNCNCNvNtCsrXlInjBxf4_6wo_x2t10converters11docx_to_odfs1_00B7_
FN:4634,_RNCNCNvNtCsrXlInjBxf4_6wo_x2t10converters12docx_to_epubs_00B7_
FN:4249,_RNCNCNvNtCsrXlInjBxf4_6wo_x2t10converters12fb2_to_ooxmls_00B7_
FN:3294,_RNCNCNvNtCsrXlInjBxf4_6wo_x2t10converters12odf_to_ooxmls_00B7_
FN:3380,_RNCNCNvNtCsrXlInjBxf4_6wo_x2t10converters12rtf_to_ooxml00B7_
FN:3422,_RNCNCNvNtCsrXlInjBxf4_6wo_x2t10converters12rtf_to_ooxmls_00B7_
FN:2200,_RNCNCNvNtCsrXlInjBxf4_6wo_x2t10converters13html_to_ooxml00B7_
FN:3968,_RNCNCNvNtCsrXlInjBxf4_6wo_x2t10converters20fb2_section_to_lines00B7_
FN:6076,_RNCNCNvNtCsrXlInjBxf4_6wo_x2t10converters21odf_slide_to_wo_slides_00B7_
FN:6123,_RNCNCNvNtCsrXlInjBxf4_6wo_x2t10converters21odp_shape_to_wo_shapes_00B7_
FN:5993,_RNCNCNvNtCsrXlInjBxf4_6wo_x2t10converters21wo_slide_to_odp_slides_00B7_
FN:3913,_RNCNCNvNtCsrXlInjBxf4_6wo_x2t10converters22block_element_to_xhtmls0_00B7_
FN:2920,_RNCNCNvNtCsrXlInjBxf4_6wo_x2t10converters23docx_body_to_text_lines00B7_
FN:3019,_RNCNCNvNtCsrXlInjBxf4_6wo_x2t10converters24docx_body_to_html_blockss1_00B7_
FN:1741,_RNCNCNvNtCsrXlInjBxf4_6wo_x2t10converters25rtf_blocks_to_html_blocks00B7_
FN:4702,_RNCNCNvNtCsrXlInjBxf4_6wo_x2t10converters26docx_body_to_epub_chapters00B7_
FN:2641,_RNCNCNvNtCsrXlInjBxf4_6wo_x2t10converters26html_blocks_to_odf_content00B7_
FN:2694,_RNCNCNvNtCsrXlInjBxf4_6wo_x2t10converters26html_blocks_to_odf_contents0_00B7_
FN:2667,_RNCNCNvNtCsrXlInjBxf4_6wo_x2t10converters26html_blocks_to_odf_contents_00B7_
FN:3641,_RNCNCNvNtCsrXlInjBxf4_6wo_x2t10converters26odf_content_to_html_blocks00B7_
FN:3677,_RNCNCNvNtCsrXlInjBxf4_6wo_x2t10converters26odf_content_to_html_blockss_00B7_
FN:4300,_RNCNCNvNtCsrXlInjBxf4_6wo_x2t10converters30fb2_section_to_docx_paragraphs00B7_
FN:5703,_RNCNCNvXsA_NtCsrXlInjBxf4_6wo_x2t10convertersNtB9_29WoPresentationToPptxConverterNtNtBb_9converter15FormatConverter7converts_00Bb_
FN:5720,_RNCNCNvXsA_NtCsrXlInjBxf4_6wo_x2t10convertersNtB9_29WoPresentationToPptxConverterNtNtBb_9converter15FormatConverter7converts_0s0_0Bb_
FN:5707,_RNCNCNvXsA_NtCsrXlInjBxf4_6wo_x2t10convertersNtB9_29WoPresentationToPptxConverterNtNtBb_9converter15FormatConverter7converts_0s_0Bb_
FN:5800,_RNCNCNvXsB_NtCsrXlInjBxf4_6wo_x2t10convertersNtB9_29PptxToWoPresentationConverterNtNtBb_9converter15FormatConverter7converts1_00Bb_
FN:5827,_RNCNCNvXsB_NtCsrXlInjBxf4_6wo_x2t10convertersNtB9_29PptxToWoPresentationConverterNtNtBb_9converter15FormatConverter7converts1_0s0_0Bb_
FN:5806,_RNCNCNvXsB_NtCsrXlInjBxf4_6wo_x2t10convertersNtB9_29PptxToWoPresentationConverterNtNtBb_9converter15FormatConverter7converts1_0s_0Bb_
FN:5948,_RNCNCNvXsD_NtCsrXlInjBxf4_6wo_x2t10convertersNtB9_28OdpToWoPresentationConverterNtNtBb_9converter15FormatConverter7converts_00Bb_
FN:1012,_RNCNCNvXsl_NtCsrXlInjBxf4_6wo_x2t10convertersNtB9_18TxtToEpubConverterNtNtBb_9converter15FormatConverter7converts0_00Bb_
FN:2569,_RNCNvNtCsrXlInjBxf4_6wo_x2t10converters10txt_to_odf0B5_
FN:3055,_RNCNvNtCsrXlInjBxf4_6wo_x2t10converters11docx_to_odf0B5_
FN:3061,_RNCNvNtCsrXlInjBxf4_6wo_x2t10converters11docx_to_odfs0_0B5_
FN:3087,_RNCNvNtCsrXlInjBxf4_6wo_x2t10converters11docx_to_odfs1_0B5_
FN:3108,_RNCNvNtCsrXlInjBxf4_6wo_x2t10converters11docx_to_odfs2_0B5_
FN:3060,_RNCNvNtCsrXlInjBxf4_6wo_x2t10converters11docx_to_odfs_0B5_
FN:4590,_RNCNvNtCsrXlInjBxf4_6wo_x2t10converters12docx_to_epub0B5_
FN:4647,_RNCNvNtCsrXlInjBxf4_6wo_x2t10converters12docx_to_epubs0_0B5_
FN:4654,_RNCNvNtCsrXlInjBxf4_6wo_x2t10converters12docx_to_epubs1_0B5_
FN:4684,_RNCNvNtCsrXlInjBxf4_6wo_x2t10converters12docx_to_epubs2_0B5_
FN:4630,_RNCNvNtCsrXlInjBxf4_6wo_x2t10converters12docx_to_epubs_0B5_
FN:4245,_RNCNvNtCsrXlInjBxf4_6wo_x2t10converters12fb2_to_ooxml0B5_
FN:4258,_RNCNvNtCsrXlInjBxf4_6wo_x2t10converters12fb2_to_ooxmls0_0B5_
FN:4271,_RNCNvNtCsrXlInjBxf4_6wo_x2t10converters12fb2_to_ooxmls1_0B5_
FN:4246,_RNCNvNtCsrXlInjBxf4_6wo_x2t10converters12fb2_to_ooxmls_0B5_
FN:5008,_RNCNvNtCsrXlInjBxf4_6wo_x2t10converters12hwp_to_ooxml0B5_
FN:4986,_RNCNvNtCsrXlInjBxf4_6wo_x2t10converters12hwp_to_ooxmls0_0B5_
FN:5013,_RNCNvNtCsrXlInjBxf4_6wo_x2t10converters12hwp_to_ooxmls_0B5_
FN:3219,_RNCNvNtCsrXlInjBxf4_6wo_x2t10converters12odf_to_ooxml0B5_
FN:3290,_RNCNvNtCsrXlInjBxf4_6wo_x2t10converters12odf_to_ooxmls_0B5_
FN:4899,_RNCNvNtCsrXlInjBxf4_6wo_x2t10converters12ofd_to_ooxml0B5_
FN:4879,_RNCNvNtCsrXlInjBxf4_6wo_x2t10converters12ofd_to_ooxmls0_0B5_
FN:4900,_RNCNvNtCsrXlInjBxf4_6wo_x2t10converters12ofd_to_ooxmls_0B5_
FN:3377,_RNCNvNtCsrXlInjBxf4_6wo_x2t10converters12rtf_to_ooxml0B5_
FN:3455,_RNCNvNtCsrXlInjBxf4_6wo_x2t10converters12rtf_to_ooxmls0_0B5_
FN:3465,_RNCNvNtCsrXlInjBxf4_6wo_x2t10converters12rtf_to_ooxmls1_0B5_
FN:3417,_RNCNvNtCsrXlInjBxf4_6wo_x2t10converters12rtf_to_ooxmls_0B5_
FN:2057,_RNCNvNtCsrXlInjBxf4_6wo_x2t10converters12txt_to_ooxml0B5_
FN:2197,_RNCNvNtCsrXlInjBxf4_6wo_x2t10converters13html_to_ooxml0B5_
FN:3942,_RNCNvNtCsrXlInjBxf4_6wo_x2t10converters15strip_html_tags0B5_
FN:5619,_RNCNvNtCsrXlInjBxf4_6wo_x2t10converters17extract_text_info0B5_
FN:5622,_RNCNvNtCsrXlInjBxf4_6wo_x2t10converters17extract_text_infos_0B5_
FN:3966,_RNCNvNtCsrXlInjBxf4_6wo_x2t10converters20fb2_section_to_lines0B5_
FN:3991,_RNCNvNtCsrXlInjBxf4_6wo_x2t10converters20fb2_section_to_liness0_0B5_
FN:4002,_RNCNvNtCsrXlInjBxf4_6wo_x2t10converters20fb2_section_to_liness1_0B5_
FN:4011,_RNCNvNtCsrXlInjBxf4_6wo_x2t10converters20fb2_section_to_liness2_0B5_
FN:4028,_RNCNvNtCsrXlInjBxf4_6wo_x2t10converters20fb2_section_to_liness3_0B5_
FN:4035,_RNCNvNtCsrXlInjBxf4_6wo_x2t10converters20fb2_section_to_liness4_0B5_
FN:3984,_RNCNvNtCsrXlInjBxf4_6wo_x2t10converters20fb2_section_to_liness_0B5_
FN:2026,_RNCNvNtCsrXlInjBxf4_6wo_x2t10converters20html_blocks_to_lines0B5_
FN:3763,_RNCNvNtCsrXlInjBxf4_6wo_x2t10converters20txt_to_epub_chapters0B5_
FN:3783,_RNCNvNtCsrXlInjBxf4_6wo_x2t10converters20txt_to_epub_chapterss0_0B5_
FN:3790,_RNCNvNtCsrXlInjBxf4_6wo_x2t10converters20txt_to_epub_chapterss1_0B5_
FN:3791,_RNCNvNtCsrXlInjBxf4_6wo_x2t10converters20txt_to_epub_chapterss2_0B5_
FN:3774,_RNCNvNtCsrXlInjBxf4_6wo_x2t10converters20txt_to_epub_chapterss_0B5_
FN:3805,_RNCNvNtCsrXlInjBxf4_6wo_x2t10converters21html_to_epub_chapters0B5_
FN:3857,_RNCNvNtCsrXlInjBxf4_6wo_x2t10converters21html_to_epub_chapterss0_0B5_
FN:3838,_RNCNvNtCsrXlInjBxf4_6wo_x2t10converters21html_to_epub_chapterss_0B5_
FN:6070,_RNCNvNtCsrXlInjBxf4_6wo_x2t10converters21odf_slide_to_wo_slide0B5_
FN:6074,_RNCNvNtCsrXlInjBxf4_6wo_x2t10converters21odf_slide_to_wo_slides_0B5_
FN:6111,_RNCNvNtCsrXlInjBxf4_6wo_x2t10converters21odp_shape_to_wo_shape0B5_
FN:6146,_RNCNvNtCsrXlInjBxf4_6wo_x2t10converters21odp_shape_to_wo_shapes0_0B5_
FN:6122,_RNCNvNtCsrXlInjBxf4_6wo_x2t10converters21odp_shape_to_wo_shapes_0B5_
FN:6028,_RNCNvNtCsrXlInjBxf4_6wo_x2t10converters21wo_shape_to_odp_shape0B5_
FN:6059,_RNCNvNtCsrXlInjBxf4_6wo_x2t10converters21wo_shape_to_odp_shapes_0B5_
FN:5986,_RNCNvNtCsrXlInjBxf4_6wo_x2t10converters21wo_slide_to_odp_slide0B5_
FN:5990,_RNCNvNtCsrXlInjBxf4_6wo_x2t10converters21wo_slide_to_odp_slides_0B5_
FN:3877,_RNCNvNtCsrXlInjBxf4_6wo_x2t10converters22block_element_to_xhtml0B5_
FN:3909,_RNCNvNtCsrXlInjBxf4_6wo_x2t10converters22block_element_to_xhtmls0_0B5_
FN:3887,_RNCNvNtCsrXlInjBxf4_6wo_x2t10converters22block_element_to_xhtmls_0B5_
FN:2917,_RNCNvNtCsrXlInjBxf4_6wo_x2t10converters23docx_body_to_text_lines0B5_
FN:5447,_RNCNvNtCsrXlInjBxf4_6wo_x2t10converters23slide_shape_to_wo_shape0B5_
FN:5512,_RNCNvNtCsrXlInjBxf4_6wo_x2t10converters23slide_shape_to_wo_shapes0_0B5_
FN:5517,_RNCNvNtCsrXlInjBxf4_6wo_x2t10converters23slide_shape_to_wo_shapes1_0B5_
FN:5493,_RNCNvNtCsrXlInjBxf4_6wo_x2t10converters23slide_shape_to_wo_shapes_0B5_
FN:5343,_RNCNvNtCsrXlInjBxf4_6wo_x2t10converters23wo_shape_to_slide_shape0B5_
FN:5352,_RNCNvNtCsrXlInjBxf4_6wo_x2t10converters23wo_shape_to_slide_shapes0_0B5_
FN:5353,_RNCNvNtCsrXlInjBxf4_6wo_x2t10converters23wo_shape_to_slide_shapes1_0B5_
FN:5365,_RNCNvNtCsrXlInjBxf4_6wo_x2t10converters23wo_shape_to_slide_shapes2_0B5_
FN:5371,_RNCNvNtCsrXlInjBxf4_6wo_x2t10converters23wo_shape_to_slide_shapes3_0B5_
FN:5406,_RNCNvNtCsrXlInjBxf4_6wo_x2t10converters23wo_shape_to_slide_shapes4_0B5_
FN:5384,_RNCNvNtCsrXlInjBxf4_6wo_x2t10converters23wo_shape_to_slide_shapes5_0B5_
FN:5388,_RNCNvNtCsrXlInjBxf4_6wo_x2t10converters23wo_shape_to_slide_shapes6_0B5_
FN:5344,_RNCNvNtCsrXlInjBxf4_6wo_x2t10converters23wo_shape_to_slide_shapes_0B5_
FN:2986,_RNCNvNtCsrXlInjBxf4_6wo_x2t10converters24docx_body_to_html_blocks0B5_
FN:2992,_RNCNvNtCsrXlInjBxf4_6wo_x2t10converters24docx_body_to_html_blockss0_0B5_
FN:3016,_RNCNvNtCsrXlInjBxf4_6wo_x2t10converters24docx_body_to_html_blockss1_0B5_
FN:2991,_RNCNvNtCsrXlInjBxf4_6wo_x2t10converters24docx_body_to_html_blockss_0B5_
FN:1647,_RNCNvNtCsrXlInjBxf4_6wo_x2t10converters24rtf_blocks_to_text_lines0B5_
FN:1912,_RNCNvNtCsrXlInjBxf4_6wo_x2t10converters25html_blocks_to_rtf_blocks0B5_
FN:3593,_RNCNvNtCsrXlInjBxf4_6wo_x2t10converters25odf_content_to_text_lines0B5_
FN:1737,_RNCNvNtCsrXlInjBxf4_6wo_x2t10converters25rtf_blocks_to_html_blocks0B5_
FN:4699,_RNCNvNtCsrXlInjBxf4_6wo_x2t10converters26docx_body_to_epub_chapters0B5_
FN:4718,_RNCNvNtCsrXlInjBxf4_6wo_x2t10converters26docx_body_to_epub_chapterss0_0B5_
FN:4731,_RNCNvNtCsrXlInjBxf4_6wo_x2t10converters26docx_body_to_epub_chapterss1_0B5_
FN:4738,_RNCNvNtCsrXlInjBxf4_6wo_x2t10converters26docx_body_to_epub_chapterss2_0B5_
FN:4739,_RNCNvNtCsrXlInjBxf4_6wo_x2t10converters26docx_body_to_epub_chapterss3_0B5_
FN:4740,_RNCNvNtCsrXlInjBxf4_6wo_x2t10converters26docx_body_to_epub_chapterss4_0B5_
FN:4745,_RNCNvNtCsrXlInjBxf4_6wo_x2t10converters26docx_body_to_epub_chapterss5_0B5_
FN:4746,_RNCNvNtCsrXlInjBxf4_6wo_x2t10converters26docx_body_to_epub_chapterss6_0B5_
FN:4714,_RNCNvNtCsrXlInjBxf4_6wo_x2t10converters26docx_body_to_epub_chapterss_0B5_
FN:2638,_RNCNvNtCsrXlInjBxf4_6wo_x2t10converters26html_blocks_to_odf_content0B5_
FN:2690,_RNCNvNtCsrXlInjBxf4_6wo_x2t10converters26html_blocks_to_odf_contents0_0B5_
FN:2703,_RNCNvNtCsrXlInjBxf4_6wo_x2t10converters26html_blocks_to_odf_contents1_0B5_
FN:2664,_RNCNvNtCsrXlInjBxf4_6wo_x2t10converters26html_blocks_to_odf_contents_0B5_
FN:3637,_RNCNvNtCsrXlInjBxf4_6wo_x2t10converters26odf_content_to_html_blocks0B5_
FN:3673,_RNCNvNtCsrXlInjBxf4_6wo_x2t10converters26odf_content_to_html_blockss_0B5_
FN:4298,_RNCNvNtCsrXlInjBxf4_6wo_x2t10converters30fb2_section_to_docx_paragraphs0B5_
FN:4475,_RNCNvNtCsrXlInjBxf4_6wo_x2t10converters30fb2_section_to_docx_paragraphss0_0B5_
FN:4446,_RNCNvNtCsrXlInjBxf4_6wo_x2t10converters30fb2_section_to_docx_paragraphss_0B5_
FN:79,_RNCNvXNtCsrXlInjBxf4_6wo_x2t10convertersNtB4_17RtfToTxtConverterNtNtB6_9converter15FormatConverter7convert0B6_
FN:91,_RNCNvXNtCsrXlInjBxf4_6wo_x2t10convertersNtB4_17RtfToTxtConverterNtNtB6_9converter15FormatConverter7converts_0B6_
FN:146,_RNCNvXs0_NtCsrXlInjBxf4_6wo_x2t10convertersNtB7_18HtmlToTxtConverterNtNtB9_9converter15FormatConverter7convert0B9_
FN:158,_RNCNvXs0_NtCsrXlInjBxf4_6wo_x2t10convertersNtB7_18HtmlToTxtConverterNtNtB9_9converter15FormatConverter7converts_0B9_
FN:177,_RNCNvXs1_NtCsrXlInjBxf4_6wo_x2t10convertersNtB7_18TxtToHtmlConverterNtNtB9_9converter15FormatConverter7convert0B9_
FN:183,_RNCNvXs1_NtCsrXlInjBxf4_6wo_x2t10convertersNtB7_18TxtToHtmlConverterNtNtB9_9converter15FormatConverter7converts_0B9_
FN:215,_RNCNvXs2_NtCsrXlInjBxf4_6wo_x2t10convertersNtB7_18DocxToTxtConverterNtNtB9_9converter15FormatConverter7convert0B9_
FN:227,_RNCNvXs2_NtCsrXlInjBxf4_6wo_x2t10convertersNtB7_18DocxToTxtConverterNtNtB9_9converter15FormatConverter7converts_0B9_
FN:246,_RNCNvXs3_NtCsrXlInjBxf4_6wo_x2t10convertersNtB7_19DocxToHtmlConverterNtNtB9_9converter15FormatConverter7convert0B9_
FN:282,_RNCNvXs4_NtCsrXlInjBxf4_6wo_x2t10convertersNtB7_17OdtToTxtConverterNtNtB9_9converter15FormatConverter7convert0B9_
FN:294,_RNCNvXs4_NtCsrXlInjBxf4_6wo_x2t10convertersNtB7_17OdtToTxtConverterNtNtB9_9converter15FormatConverter7converts_0B9_
FN:313,_RNCNvXs5_NtCsrXlInjBxf4_6wo_x2t10convertersNtB7_18OdtToHtmlConverterNtNtB9_9converter15FormatConverter7convert0B9_
FN:349,_RNCNvXs6_NtCsrXlInjBxf4_6wo_x2t10convertersNtB7_17TxtToRtfConverterNtNtB9_9converter15FormatConverter7convert0B9_
FN:355,_RNCNvXs6_NtCsrXlInjBxf4_6wo_x2t10convertersNtB7_17TxtToRtfConverterNtNtB9_9converter15FormatConverter7converts_0B9_
FN:396,_RNCNvXs7_NtCsrXlInjBxf4_6wo_x2t10convertersNtB7_18HtmlToRtfConverterNtNtB9_9converter15FormatConverter7convert0B9_
FN:412,_RNCNvXs7_NtCsrXlInjBxf4_6wo_x2t10convertersNtB7_18HtmlToRtfConverterNtNtB9_9converter15FormatConverter7converts_0B9_
FN:437,_RNCNvXs8_NtCsrXlInjBxf4_6wo_x2t10convertersNtB7_18EpubToTxtConverterNtNtB9_9converter15FormatConverter7convert0B9_
FN:460,_RNCNvXs8_NtCsrXlInjBxf4_6wo_x2t10convertersNtB7_18EpubToTxtConverterNtNtB9_9converter15FormatConverter7converts_0B9_
FN:479,_RNCNvXs9_NtCsrXlInjBxf4_6wo_x2t10convertersNtB7_19EpubToHtmlConverterNtNtB9_9converter15FormatConverter7convert0B9_
FN:5683,_RNCNvXsA_NtCsrXlInjBxf4_6wo_x2t10convertersNtB7_29WoPresentationToPptxConverterNtNtB9_9converter15FormatConverter7convert0B9_
FN:5759,_RNCNvXsA_NtCsrXlInjBxf4_6wo_x2t10convertersNtB7_29WoPresentationToPptxConverterNtNtB9_9converter15FormatConverter7converts0_0B9_
FN:5698,_RNCNvXsA_NtCsrXlInjBxf4_6wo_x2t10convertersNtB7_29WoPresentationToPptxConverterNtNtB9_9converter15FormatConverter7converts_0B9_
FN:5779,_RNCNvXsB_NtCsrXlInjBxf4_6wo_x2t10convertersNtB7_29PptxToWoPresentationConverterNtNtB9_9converter15FormatConverter7convert0B9_
FN:5785,_RNCNvXsB_NtCsrXlInjBxf4_6wo_x2t10convertersNtB7_29PptxToWoPresentationConverterNtNtB9_9converter15FormatConverter7converts0_0B9_
FN:5796,_RNCNvXsB_NtCsrXlInjBxf4_6wo_x2t10convertersNtB7_29PptxToWoPresentationConverterNtNtB9_9converter15FormatConverter7converts1_0B9_
FN:5861,_RNCNvXsB_NtCsrXlInjBxf4_6wo_x2t10convertersNtB7_29PptxToWoPresentationConverterNtNtB9_9converter15FormatConverter7converts2_0B9_
FN:5784,_RNCNvXsB_NtCsrXlInjBxf4_6wo_x2t10convertersNtB7_29PptxToWoPresentationConverterNtNtB9_9converter15FormatConverter7converts_0B9_
FN:5885,_RNCNvXsC_NtCsrXlInjBxf4_6wo_x2t10convertersNtB7_28WoPresentationToOdpConverterNtNtB9_9converter15FormatConverter7convert0B9_
FN:5918,_RNCNvXsC_NtCsrXlInjBxf4_6wo_x2t10convertersNtB7_28WoPresentationToOdpConverterNtNtB9_9converter15FormatConverter7converts0_0B9_
FN:5892,_RNCNvXsC_NtCsrXlInjBxf4_6wo_x2t10convertersNtB7_28WoPresentationToOdpConverterNtNtB9_9converter15FormatConverter7converts_0B9_
FN:5935,_RNCNvXsD_NtCsrXlInjBxf4_6wo_x2t10convertersNtB7_28OdpToWoPresentationConverterNtNtB9_9converter15FormatConverter7convert0B9_
FN:5956,_RNCNvXsD_NtCsrXlInjBxf4_6wo_x2t10convertersNtB7_28OdpToWoPresentationConverterNtNtB9_9converter15FormatConverter7converts0_0B9_
FN:5971,_RNCNvXsD_NtCsrXlInjBxf4_6wo_x2t10convertersNtB7_28OdpToWoPresentationConverterNtNtB9_9converter15FormatConverter7converts1_0B9_
FN:5946,_RNCNvXsD_NtCsrXlInjBxf4_6wo_x2t10convertersNtB7_28OdpToWoPresentationConverterNtNtB9_9converter15FormatConverter7converts_0B9_
FN:110,_RNCNvXs_NtCsrXlInjBxf4_6wo_x2t10convertersNtB6_18RtfToHtmlConverterNtNtB8_9converter15FormatConverter7convert0B8_
FN:116,_RNCNvXs_NtCsrXlInjBxf4_6wo_x2t10convertersNtB6_18RtfToHtmlConverterNtNtB8_9converter15FormatConverter7converts_0B8_
FN:549,_RNCNvXsa_NtCsrXlInjBxf4_6wo_x2t10convertersNtB7_17Fb2ToTxtConverterNtNtB9_9converter15FormatConverter7convert0B9_
FN:573,_RNCNvXsa_NtCsrXlInjBxf4_6wo_x2t10convertersNtB7_17Fb2ToTxtConverterNtNtB9_9converter15FormatConverter7converts_0B9_
FN:592,_RNCNvXsb_NtCsrXlInjBxf4_6wo_x2t10convertersNtB7_17HwpToTxtConverterNtNtB9_9converter15FormatConverter7convert0B9_
FN:618,_RNCNvXsb_NtCsrXlInjBxf4_6wo_x2t10convertersNtB7_17HwpToTxtConverterNtNtB9_9converter15FormatConverter7converts_0B9_
FN:637,_RNCNvXsc_NtCsrXlInjBxf4_6wo_x2t10convertersNtB7_18TxtToDocxConverterNtNtB9_9converter15FormatConverter7convert0B9_
FN:643,_RNCNvXsc_NtCsrXlInjBxf4_6wo_x2t10convertersNtB7_18TxtToDocxConverterNtNtB9_9converter15FormatConverter7converts_0B9_
FN:662,_RNCNvXsd_NtCsrXlInjBxf4_6wo_x2t10convertersNtB7_19HtmlToDocxConverterNtNtB9_9converter15FormatConverter7convert0B9_
FN:668,_RNCNvXsd_NtCsrXlInjBxf4_6wo_x2t10convertersNtB7_19HtmlToDocxConverterNtNtB9_9converter15FormatConverter7converts_0B9_
FN:687,_RNCNvXse_NtCsrXlInjBxf4_6wo_x2t10convertersNtB7_17TxtToOdtConverterNtNtB9_9converter15FormatConverter7convert0B9_
FN:693,_RNCNvXse_NtCsrXlInjBxf4_6wo_x2t10convertersNtB7_17TxtToOdtConverterNtNtB9_9converter15FormatConverter7converts_0B9_
FN:712,_RNCNvXsf_NtCsrXlInjBxf4_6wo_x2t10convertersNtB7_18HtmlToOdtConverterNtNtB9_9converter15FormatConverter7convert0B9_
FN:718,_RNCNvXsf_NtCsrXlInjBxf4_6wo_x2t10convertersNtB7_18HtmlToOdtConverterNtNtB9_9converter15FormatConverter7converts_0B9_
FN:737,_RNCNvXsg_NtCsrXlInjBxf4_6wo_x2t10convertersNtB7_17XpsToTxtConverterNtNtB9_9converter15FormatConverter7convert0B9_
FN:759,_RNCNvXsg_NtCsrXlInjBxf4_6wo_x2t10convertersNtB7_17XpsToTxtConverterNtNtB9_9converter15FormatConverter7converts_0B9_
FN:778,_RNCNvXsh_NtCsrXlInjBxf4_6wo_x2t10convertersNtB7_18XpsToHtmlConverterNtNtB9_9converter15FormatConverter7convert0B9_
FN:835,_RNCNvXsi_NtCsrXlInjBxf4_6wo_x2t10convertersNtB7_17OfdToTxtConverterNtNtB9_9converter15FormatConverter7convert0B9_
FN:857,_RNCNvXsi_NtCsrXlInjBxf4_6wo_x2t10convertersNtB7_17OfdToTxtConverterNtNtB9_9converter15FormatConverter7converts_0B9_
FN:876,_RNCNvXsj_NtCsrXlInjBxf4_6wo_x2t10convertersNtB7_18OfdToHtmlConverterNtNtB9_9converter15FormatConverter7convert0B9_
FN:929,_RNCNvXsj_NtCsrXlInjBxf4_6wo_x2t10convertersNtB7_18OfdToHtmlConverterNtNtB9_9converter15FormatConverter7converts_0B9_
FN:957,_RNCNvXsk_NtCsrXlInjBxf4_6wo_x2t10convertersNtB7_18DjvuToTxtConverterNtNtB9_9converter15FormatConverter7convert0B9_
FN:977,_RNCNvXsk_NtCsrXlInjBxf4_6wo_x2t10convertersNtB7_18DjvuToTxtConverterNtNtB9_9converter15FormatConverter7converts_0B9_
FN:996,_RNCNvXsl_NtCsrXlInjBxf4_6wo_x2t10convertersNtB7_18TxtToEpubConverterNtNtB9_9converter15FormatConverter7convert0B9_
FN:1008,_RNCNvXsl_NtCsrXlInjBxf4_6wo_x2t10convertersNtB7_18TxtToEpubConverterNtNtB9_9converter15FormatConverter7converts0_0B9_
FN:1025,_RNCNvXsl_NtCsrXlInjBxf4_6wo_x2t10convertersNtB7_18TxtToEpubConverterNtNtB9_9converter15FormatConverter7converts1_0B9_
FN:1032,_RNCNvXsl_NtCsrXlInjBxf4_6wo_x2t10convertersNtB7_18TxtToEpubConverterNtNtB9_9converter15FormatConverter7converts2_0B9_
FN:1059,_RNCNvXsl_NtCsrXlInjBxf4_6wo_x2t10convertersNtB7_18TxtToEpubConverterNtNtB9_9converter15FormatConverter7converts3_0B9_
FN:1002,_RNCNvXsl_NtCsrXlInjBxf4_6wo_x2t10convertersNtB7_18TxtToEpubConverterNtNtB9_9converter15FormatConverter7converts_0B9_
FN:1078,_RNCNvXsm_NtCsrXlInjBxf4_6wo_x2t10convertersNtB7_19HtmlToEpubConverterNtNtB9_9converter15FormatConverter7convert0B9_
FN:1104,_RNCNvXsm_NtCsrXlInjBxf4_6wo_x2t10convertersNtB7_19HtmlToEpubConverterNtNtB9_9converter15FormatConverter7converts0_0B9_
FN:1111,_RNCNvXsm_NtCsrXlInjBxf4_6wo_x2t10convertersNtB7_19HtmlToEpubConverterNtNtB9_9converter15FormatConverter7converts1_0B9_
FN:1138,_RNCNvXsm_NtCsrXlInjBxf4_6wo_x2t10convertersNtB7_19HtmlToEpubConverterNtNtB9_9converter15FormatConverter7converts2_0B9_
FN:1087,_RNCNvXsm_NtCsrXlInjBxf4_6wo_x2t10convertersNtB7_19HtmlToEpubConverterNtNtB9_9converter15FormatConverter7converts_0B9_
FN:1159,_RNCNvXsn_NtCsrXlInjBxf4_6wo_x2t10convertersNtB7_17TxtToFb2ConverterNtNtB9_9converter15FormatConverter7convert0B9_
FN:1166,_RNCNvXsn_NtCsrXlInjBxf4_6wo_x2t10convertersNtB7_17TxtToFb2ConverterNtNtB9_9converter15FormatConverter7converts0_0B9_
FN:1171,_RNCNvXsn_NtCsrXlInjBxf4_6wo_x2t10convertersNtB7_17TxtToFb2ConverterNtNtB9_9converter15FormatConverter7converts1_0B9_
FN:1173,_RNCNvXsn_NtCsrXlInjBxf4_6wo_x2t10convertersNtB7_17TxtToFb2ConverterNtNtB9_9converter15FormatConverter7converts2_0B9_
FN:1221,_RNCNvXsn_NtCsrXlInjBxf4_6wo_x2t10convertersNtB7_17TxtToFb2ConverterNtNtB9_9converter15FormatConverter7converts3_0B9_
FN:1164,_RNCNvXsn_NtCsrXlInjBxf4_6wo_x2t10convertersNtB7_17TxtToFb2ConverterNtNtB9_9converter15FormatConverter7converts_0B9_
FN:1243,_RNCNvXso_NtCsrXlInjBxf4_6wo_x2t10convertersNtB7_18HtmlToFb2ConverterNtNtB9_9converter15FormatConverter7convert0B9_
FN:1290,_RNCNvXso_NtCsrXlInjBxf4_6wo_x2t10convertersNtB7_18HtmlToFb2ConverterNtNtB9_9converter15FormatConverter7converts0_0B9_
FN:1249,_RNCNvXso_NtCsrXlInjBxf4_6wo_x2t10convertersNtB7_18HtmlToFb2ConverterNtNtB9_9converter15FormatConverter7converts_0B9_
FN:1312,_RNCNvXsp_NtCsrXlInjBxf4_6wo_x2t10convertersNtB7_18DocxToOdtConverterNtNtB9_9converter15FormatConverter7convert0B9_
FN:1318,_RNCNvXsp_NtCsrXlInjBxf4_6wo_x2t10convertersNtB7_18DocxToOdtConverterNtNtB9_9converter15FormatConverter7converts_0B9_
FN:1339,_RNCNvXsq_NtCsrXlInjBxf4_6wo_x2t10convertersNtB7_18OdtToDocxConverterNtNtB9_9converter15FormatConverter7convert0B9_
FN:1345,_RNCNvXsq_NtCsrXlInjBxf4_6wo_x2t10convertersNtB7_18OdtToDocxConverterNtNtB9_9converter15FormatConverter7converts_0B9_
FN:1366,_RNCNvXsr_NtCsrXlInjBxf4_6wo_x2t10convertersNtB7_18RtfToDocxConverterNtNtB9_9converter15FormatConverter7convert0B9_
FN:1372,_RNCNvXsr_NtCsrXlInjBxf4_6wo_x2t10convertersNtB7_18RtfToDocxConverterNtNtB9_9converter15FormatConverter7converts_0B9_
FN:4067,_RNCNvXss_NtCsrXlInjBxf4_6wo_x2t10convertersNtB7_19EpubToDocxConverterNtNtB9_9converter15FormatConverter7convert0B9_
FN:4073,_RNCNvXss_NtCsrXlInjBxf4_6wo_x2t10convertersNtB7_19EpubToDocxConverterNtNtB9_9converter15FormatConverter7converts_0B9_
FN:4196,_RNCNvXst_NtCsrXlInjBxf4_6wo_x2t10convertersNtB7_18Fb2ToDocxConverterNtNtB9_9converter15FormatConverter7convert0B9_
FN:4202,_RNCNvXst_NtCsrXlInjBxf4_6wo_x2t10convertersNtB7_18Fb2ToDocxConverterNtNtB9_9converter15FormatConverter7converts_0B9_
FN:4574,_RNCNvXsu_NtCsrXlInjBxf4_6wo_x2t10convertersNtB7_19DocxToEpubConverterNtNtB9_9converter15FormatConverter7convert0B9_
FN:4580,_RNCNvXsu_NtCsrXlInjBxf4_6wo_x2t10convertersNtB7_19DocxToEpubConverterNtNtB9_9converter15FormatConverter7converts_0B9_
FN:4770,_RNCNvXsv_NtCsrXlInjBxf4_6wo_x2t10convertersNtB7_18XpsToDocxConverterNtNtB9_9converter15FormatConverter7convert0B9_
FN:4776,_RNCNvXsv_NtCsrXlInjBxf4_6wo_x2t10convertersNtB7_18XpsToDocxConverterNtNtB9_9converter15FormatConverter7converts_0B9_
FN:4849,_RNCNvXsw_NtCsrXlInjBxf4_6wo_x2t10convertersNtB7_18OfdToDocxConverterNtNtB9_9converter15FormatConverter7convert0B9_
FN:4855,_RNCNvXsw_NtCsrXlInjBxf4_6wo_x2t10convertersNtB7_18OfdToDocxConverterNtNtB9_9converter15FormatConverter7converts_0B9_
FN:4928,_RNCNvXsx_NtCsrXlInjBxf4_6wo_x2t10convertersNtB7_18HwpToDocxConverterNtNtB9_9converter15FormatConverter7convert0B9_
FN:4934,_RNCNvXsx_NtCsrXlInjBxf4_6wo_x2t10convertersNtB7_18HwpToDocxConverterNtNtB9_9converter15FormatConverter7converts_0B9_
FN:5042,_RNCNvXsy_NtCsrXlInjBxf4_6wo_x2t10convertersNtB7_19DjvuToDocxConverterNtNtB9_9converter15FormatConverter7convert0B9_
FN:5048,_RNCNvXsy_NtCsrXlInjBxf4_6wo_x2t10convertersNtB7_19DjvuToDocxConverterNtNtB9_9converter15FormatConverter7converts_0B9_
FN:5143,_RNCNvXsz_NtCsrXlInjBxf4_6wo_x2t10convertersNtB7_18DocxToXpsConverterNtNtB9_9converter15FormatConverter7convert0B9_
FN:5149,_RNCNvXsz_NtCsrXlInjBxf4_6wo_x2t10convertersNtB7_18DocxToXpsConverterNtNtB9_9converter15FormatConverter7converts_0B9_
FN:6679,_RNvNtNtCs46mRiS8JyXI_6wo_x2t10converters5tests16make_minimal_odt
FN:6595,_RNvNtNtCs46mRiS8JyXI_6wo_x2t10converters5tests17make_minimal_docx
FN:6650,_RNvNtNtCs46mRiS8JyXI_6wo_x2t10converters5tests19make_docx_with_body
FN:6732,_RNvNtNtCs46mRiS8JyXI_6wo_x2t10converters5tests21make_odt_with_content
FN:8735,_RNvNtNtCs46mRiS8JyXI_6wo_x2t10converters5testss_18test_odp_roundtrip
FN:6410,_RNvNtNtCs46mRiS8JyXI_6wo_x2t10converters5testss_21test_html_to_txt_list
FN:7721,_RNvNtNtCs46mRiS8JyXI_6wo_x2t10converters5testss_21test_txt_to_fb2_basic
FN:7338,_RNvNtNtCs46mRiS8JyXI_6wo_x2t10converters5testss_21test_txt_to_odt_basic
FN:7085,_RNvNtNtCs46mRiS8JyXI_6wo_x2t10converters5testss_21test_txt_to_rtf_basic
FN:7109,_RNvNtNtCs46mRiS8JyXI_6wo_x2t10converters5testss_21test_txt_to_rtf_empty
FN:7833,_RNvNtNtCs46mRiS8JyXI_6wo_x2t10converters5testss_22test_docx_to_odt_basic
FN:8202,_RNvNtNtCs46mRiS8JyXI_6wo_x2t10converters5testss_22test_fb2_to_docx_basic
FN:7319,_RNvNtNtCs46mRiS8JyXI_6wo_x2t10converters5testss_22test_html_to_docx_bold
FN:7764,_RNvNtNtCs46mRiS8JyXI_6wo_x2t10converters5testss_22test_html_to_fb2_basic
FN:7366,_RNvNtNtCs46mRiS8JyXI_6wo_x2t10converters5testss_22test_html_to_odt_basic
FN:7124,_RNvNtNtCs46mRiS8JyXI_6wo_x2t10converters5testss_22test_html_to_rtf_basic
FN:7935,_RNvNtNtCs46mRiS8JyXI_6wo_x2t10converters5testss_22test_odt_to_docx_basic
FN:6937,_RNvNtNtCs46mRiS8JyXI_6wo_x2t10converters5testss_22test_odt_to_txt_simple
FN:8018,_RNvNtNtCs46mRiS8JyXI_6wo_x2t10converters5testss_22test_rtf_to_docx_basic
FN:6248,_RNvNtNtCs46mRiS8JyXI_6wo_x2t10converters5testss_22test_rtf_to_txt_simple
FN:7257,_RNvNtNtCs46mRiS8JyXI_6wo_x2t10converters5testss_22test_txt_to_docx_basic
FN:7554,_RNvNtNtCs46mRiS8JyXI_6wo_x2t10converters5testss_22test_txt_to_epub_basic
FN:8270,_RNvNtNtCs46mRiS8JyXI_6wo_x2t10converters5testss_23test_docx_to_epub_basic
FN:6862,_RNvNtNtCs46mRiS8JyXI_6wo_x2t10converters5testss_23test_docx_to_html_title
FN:6773,_RNvNtNtCs46mRiS8JyXI_6wo_x2t10converters5testss_23test_docx_to_txt_simple
FN:8151,_RNvNtNtCs46mRiS8JyXI_6wo_x2t10converters5testss_23test_epub_to_docx_basic
FN:7287,_RNvNtNtCs46mRiS8JyXI_6wo_x2t10converters5testss_23test_html_to_docx_basic
FN:7636,_RNvNtNtCs46mRiS8JyXI_6wo_x2t10converters5testss_23test_html_to_epub_basic
FN:6367,_RNvNtNtCs46mRiS8JyXI_6wo_x2t10converters5testss_23test_html_to_txt_simple
FN:6994,_RNvNtNtCs46mRiS8JyXI_6wo_x2t10converters5testss_23test_odt_to_html_simple
FN:6950,_RNvNtNtCs46mRiS8JyXI_6wo_x2t10converters5testss_23test_odt_to_txt_heading
FN:6309,_RNvNtNtCs46mRiS8JyXI_6wo_x2t10converters5testss_23test_rtf_to_html_simple
FN:6447,_RNvNtNtCs46mRiS8JyXI_6wo_x2t10converters5testss_23test_txt_to_html_simple
FN:6850,_RNvNtNtCs46mRiS8JyXI_6wo_x2t10converters5testss_24test_docx_to_html_simple
FN:7380,_RNvNtNtCs46mRiS8JyXI_6wo_x2t10converters5testss_24test_html_to_odt_heading
FN:7139,_RNvNtNtCs46mRiS8JyXI_6wo_x2t10converters5testss_24test_html_to_rtf_heading
FN:6398,_RNvNtNtCs46mRiS8JyXI_6wo_x2t10converters5testss_24test_html_to_txt_heading
FN:7006,_RNvNtNtCs46mRiS8JyXI_6wo_x2t10converters5testss_24test_odt_to_html_heading
FN:6913,_RNvNtNtCs46mRiS8JyXI_6wo_x2t10converters5testss_25test_docx_to_html_heading
FN:7301,_RNvNtNtCs46mRiS8JyXI_6wo_x2t10converters5testss_25test_html_to_docx_heading
FN:7439,_RNvNtNtCs46mRiS8JyXI_6wo_x2t10converters5testss_25test_odt_output_valid_zip
FN:7732,_RNvNtNtCs46mRiS8JyXI_6wo_x2t10converters5testss_25test_txt_to_fb2_roundtrip
FN:7424,_RNvNtNtCs46mRiS8JyXI_6wo_x2t10converters5testss_26test_docx_output_valid_zip
FN:7916,_RNvNtNtCs46mRiS8JyXI_6wo_x2t10converters5testss_26test_docx_to_odt_roundtrip
FN:8639,_RNvNtNtCs46mRiS8JyXI_6wo_x2t10converters5testss_26test_docx_to_xps_roundtrip
FN:7777,_RNvNtNtCs46mRiS8JyXI_6wo_x2t10converters5testss_26test_html_to_fb2_roundtrip
FN:8508,_RNvNtNtCs46mRiS8JyXI_6wo_x2t10converters5testss_26test_hwp_to_docx_roundtrip
FN:7999,_RNvNtNtCs46mRiS8JyXI_6wo_x2t10converters5testss_26test_odt_to_docx_roundtrip
FN:8435,_RNvNtNtCs46mRiS8JyXI_6wo_x2t10converters5testss_26test_ofd_to_docx_roundtrip
FN:8095,_RNvNtNtCs46mRiS8JyXI_6wo_x2t10converters5testss_26test_rtf_to_docx_roundtrip
FN:6284,_RNvNtNtCs46mRiS8JyXI_6wo_x2t10converters5testss_26test_rtf_to_txt_line_break
FN:7578,_RNvNtNtCs46mRiS8JyXI_6wo_x2t10converters5testss_26test_txt_to_epub_roundtrip
FN:6483,_RNvNtNtCs46mRiS8JyXI_6wo_x2t10converters5testss_26test_txt_to_html_roundtrip
FN:8364,_RNvNtNtCs46mRiS8JyXI_6wo_x2t10converters5testss_26test_xps_to_docx_roundtrip
FN:8583,_RNvNtNtCs46mRiS8JyXI_6wo_x2t10converters5testss_27test_djvu_to_docx_roundtrip
FN:7206,_RNvNtNtCs46mRiS8JyXI_6wo_x2t10converters5testss_27test_fb2_to_txt_parse_error
FN:7658,_RNvNtNtCs46mRiS8JyXI_6wo_x2t10converters5testss_27test_html_to_epub_roundtrip
FN:7221,_RNvNtNtCs46mRiS8JyXI_6wo_x2t10converters5testss_27test_hwp_to_txt_parse_error
FN:7032,_RNvNtNtCs46mRiS8JyXI_6wo_x2t10converters5testss_27test_odt_to_html_with_table
FN:6979,_RNvNtNtCs46mRiS8JyXI_6wo_x2t10converters5testss_27test_odt_to_txt_parse_error
FN:7484,_RNvNtNtCs46mRiS8JyXI_6wo_x2t10converters5testss_27test_ofd_to_txt_parse_error
FN:6294,_RNvNtNtCs46mRiS8JyXI_6wo_x2t10converters5testss_27test_rtf_to_txt_parse_error
FN:7754,_RNvNtNtCs46mRiS8JyXI_6wo_x2t10converters5testss_27test_txt_to_fb2_empty_input
FN:7454,_RNvNtNtCs46mRiS8JyXI_6wo_x2t10converters5testss_27test_xps_to_txt_parse_error
FN:7514,_RNvNtNtCs46mRiS8JyXI_6wo_x2t10converters5testss_28test_djvu_to_txt_parse_error
FN:7903,_RNvNtNtCs46mRiS8JyXI_6wo_x2t10converters5testss_28test_docx_to_odt_parse_error
FN:6835,_RNvNtNtCs46mRiS8JyXI_6wo_x2t10converters5testss_28test_docx_to_txt_parse_error
FN:8626,_RNvNtNtCs46mRiS8JyXI_6wo_x2t10converters5testss_28test_docx_to_xps_parse_error
FN:7176,_RNvNtNtCs46mRiS8JyXI_6wo_x2t10converters5testss_28test_epub_to_txt_parse_error
FN:8182,_RNvNtNtCs46mRiS8JyXI_6wo_x2t10converters5testss_28test_fb2_to_docx_parse_error
FN:7803,_RNvNtNtCs46mRiS8JyXI_6wo_x2t10converters5testss_28test_html_to_fb2_with_styles
FN:6423,_RNvNtNtCs46mRiS8JyXI_6wo_x2t10converters5testss_28test_html_to_txt_parse_error
FN:8495,_RNvNtNtCs46mRiS8JyXI_6wo_x2t10converters5testss_28test_hwp_to_docx_parse_error
FN:7986,_RNvNtNtCs46mRiS8JyXI_6wo_x2t10converters5testss_28test_odt_to_docx_parse_error
FN:8422,_RNvNtNtCs46mRiS8JyXI_6wo_x2t10converters5testss_28test_ofd_to_docx_parse_error
FN:7499,_RNvNtNtCs46mRiS8JyXI_6wo_x2t10converters5testss_28test_ofd_to_html_parse_error
FN:8082,_RNvNtNtCs46mRiS8JyXI_6wo_x2t10converters5testss_28test_rtf_to_docx_parse_error
FN:7621,_RNvNtNtCs46mRiS8JyXI_6wo_x2t10converters5testss_28test_txt_to_epub_empty_input
FN:6473,_RNvNtNtCs46mRiS8JyXI_6wo_x2t10converters5testss_28test_txt_to_html_empty_input
FN:8351,_RNvNtNtCs46mRiS8JyXI_6wo_x2t10converters5testss_28test_xps_to_docx_parse_error
FN:7469,_RNvNtNtCs46mRiS8JyXI_6wo_x2t10converters5testss_28test_xps_to_html_parse_error
FN:6551,_RNvNtNtCs46mRiS8JyXI_6wo_x2t10converters5testss_29test_converter_format_strings
FN:8570,_RNvNtNtCs46mRiS8JyXI_6wo_x2t10converters5testss_29test_djvu_to_docx_parse_error
FN:8250,_RNvNtNtCs46mRiS8JyXI_6wo_x2t10converters5testss_29test_docx_to_epub_parse_error
FN:8131,_RNvNtNtCs46mRiS8JyXI_6wo_x2t10converters5testss_29test_epub_to_docx_parse_error
FN:7191,_RNvNtNtCs46mRiS8JyXI_6wo_x2t10converters5testss_29test_epub_to_html_parse_error
FN:7606,_RNvNtNtCs46mRiS8JyXI_6wo_x2t10converters5testss_30test_txt_to_epub_with_headings
FN:7349,_RNvNtNtCs46mRiS8JyXI_6wo_x2t10converters5testss_30test_txt_to_odt_multiple_lines
FN:7099,_RNvNtNtCs46mRiS8JyXI_6wo_x2t10converters5testss_30test_txt_to_rtf_multiple_lines
FN:8301,_RNvNtNtCs46mRiS8JyXI_6wo_x2t10converters5testss_31test_docx_to_epub_with_headings
FN:8619,_RNvNtNtCs46mRiS8JyXI_6wo_x2t10converters5testss_31test_docx_to_xps_format_strings
FN:8667,_RNvNtNtCs46mRiS8JyXI_6wo_x2t10converters5testss_31test_docx_to_xps_multiple_pages
FN:8195,_RNvNtNtCs46mRiS8JyXI_6wo_x2t10converters5testss_31test_fb2_to_docx_format_strings
[...]
DA:8534,1
DA:8536,1
DA:8537,1
DA:8540,1
DA:8541,1
DA:8542,1
DA:8545,1
DA:8546,1
DA:8547,1
DA:8548,1
DA:8549,1
DA:8550,1
DA:8551,1
DA:8552,0
DA:8554,1
DA:8555,1
DA:8556,0
DA:8558,1
DA:8563,1
DA:8564,1
DA:8565,1
DA:8566,1
DA:8567,1
DA:8570,1
DA:8571,1
DA:8572,1
DA:8573,1
DA:8574,1
DA:8575,1
DA:8576,1
DA:8577,0
DA:8580,1
DA:8583,1
DA:8585,1
DA:8586,1
DA:8587,1
DA:8588,1
DA:8589,1
DA:8590,1
DA:8591,1
DA:8592,1
DA:8593,1
DA:8594,1
DA:8596,1
DA:8597,1
DA:8600,1
DA:8601,1
DA:8602,1
DA:8605,1
DA:8606,1
DA:8607,1
DA:8608,1
DA:8609,1
DA:8610,1
DA:8611,1
DA:8612,0
DA:8614,1
DA:8619,1
DA:8620,1
DA:8621,1
DA:8622,1
DA:8623,1
DA:8626,1
DA:8627,1
DA:8628,1
DA:8629,1
DA:8630,1
DA:8631,1
DA:8632,1
DA:8633,0
DA:8636,1
DA:8639,1
DA:8641,1
DA:8642,1
DA:8643,1
DA:8646,1
DA:8647,1
DA:8648,0
DA:8652,1
DA:8653,1
DA:8654,1
DA:8655,2
DA:8656,1
DA:8657,1
DA:8658,1
DA:8659,1
DA:8660,0
DA:8663,1
DA:8664,1
DA:8667,1
DA:8669,1
DA:8670,1
DA:8671,1
DA:8672,1
DA:8673,1
DA:8674,1
DA:8675,1
DA:8676,1
DA:8677,1
DA:8679,1
DA:8680,1
DA:8682,1
DA:8683,1
DA:8686,1
DA:8687,2
DA:8688,4
DA:8689,3
DA:8690,3
DA:8691,3
DA:8693,1
DA:8694,1
DA:8695,1
DA:8696,1
DA:8701,1
DA:8702,1
DA:8703,1
DA:8704,1
DA:8706,1
DA:8707,1
DA:8708,1
DA:8710,1
DA:8711,1
DA:8712,1
DA:8714,1
DA:8715,1
DA:8716,1
DA:8718,1
DA:8719,1
DA:8720,1
DA:8721,1
DA:8724,1
DA:8725,1
DA:8726,1
DA:8727,1
DA:8729,1
DA:8730,1
DA:8731,1
DA:8732,1
DA:8735,1
DA:8736,1
DA:8737,1
DA:8738,1
DA:8739,1
DA:8740,1
DA:8741,1
DA:8742,1
DA:8743,1
DA:8744,1
DA:8745,1
DA:8746,1
DA:8747,1
DA:8748,1
DA:8749,1
DA:8750,1
DA:8751,1
DA:8752,1
DA:8754,1
DA:8755,1
DA:8756,1
DA:8757,1
DA:8760,1
DA:8761,1
DA:8762,1
DA:8763,1
DA:8764,1
DA:8766,1
DA:8767,1
DA:8768,1
DA:8769,1
DA:8771,1
DA:8772,1
DA:8773,1
DA:8774,1
DA:8775,1
DA:8776,1
BRF:0
BRH:0
LF:6965
LH:4394
end_of_record
SF:/home/weiss/git/World-Office/server/core/crates/wo-x2t/src/roundtrip.rs
FN:106,_RNCNvXs_NtCsrXlInjBxf4_6wo_x2t9roundtripNtB6_12X2tRoundtripNtNtCs5lji8KZmICr_9wo_common12test_harness15FormatRoundtrip5parse0B8_
FN:128,_RNCNvXs_NtCsrXlInjBxf4_6wo_x2t9roundtripNtB6_12X2tRoundtripNtNtCs5lji8KZmICr_9wo_common12test_harness15FormatRoundtrip9serialize0B8_
FN:141,_RNvXs0_NtCs46mRiS8JyXI_6wo_x2t9roundtripNtB5_12X2tRoundtripNtNtCsbwefsVELSfr_4core5clone5Clone5clone
FN:151,_RNvXs1_NtCs46mRiS8JyXI_6wo_x2t9roundtripNtB5_12X2tRoundtripNtNtCsbwefsVELSfr_4core7default7Default7default
FN:209,_RNvNtNtCs46mRiS8JyXI_6wo_x2t9roundtrip5testss_21test_new_with_default
FN:225,_RNvNtNtCs46mRiS8JyXI_6wo_x2t9roundtrip5testss_26test_set_source_and_target
FN:198,_RNvNtNtCs46mRiS8JyXI_6wo_x2t9roundtrip5testss_29test_roundtrip_preserves_data
FN:174,_RNvNtNtCs46mRiS8JyXI_6wo_x2t9roundtrip5testss_31test_roundtrip_requires_formats
FN:217,_RNvNtNtCs46mRiS8JyXI_6wo_x2t9roundtrip5testss_33test_with_formats_creates_context
FN:185,_RNvNtNtCs46mRiS8JyXI_6wo_x2t9roundtrip5testss_37test_roundtrip_unsupported_conversion
FN:161,_RNvNtNtCs46mRiS8JyXI_6wo_x2t9roundtrip5testss_39test_roundtrip_with_identity_conversion
FN:106,_RNCNvXs_NtCs46mRiS8JyXI_6wo_x2t9roundtripNtB6_12X2tRoundtripNtNtCs71SqrcSEOJz_9wo_common12test_harness15FormatRoundtrip5parse0B8_
FN:128,_RNCNvXs_NtCs46mRiS8JyXI_6wo_x2t9roundtripNtB6_12X2tRoundtripNtNtCs71SqrcSEOJz_9wo_common12test_harness15FormatRoundtrip9serialize0B8_
FN:42,_RNvMNtCs46mRiS8JyXI_6wo_x2t9roundtripNtB2_12X2tRoundtrip12with_formats
FN:53,_RNvMNtCs46mRiS8JyXI_6wo_x2t9roundtripNtB2_12X2tRoundtrip17set_source_format
FN:68,_RNvMNtCs46mRiS8JyXI_6wo_x2t9roundtripNtB2_12X2tRoundtrip17set_target_format
FN:29,_RNvMNtCs46mRiS8JyXI_6wo_x2t9roundtripNtB2_12X2tRoundtrip3new
FN:88,_RNvMNtCs46mRiS8JyXI_6wo_x2t9roundtripNtB2_12X2tRoundtrip5input
FN:93,_RNvMNtCs46mRiS8JyXI_6wo_x2t9roundtripNtB2_12X2tRoundtrip6result
FN:83,_RNvMNtCs46mRiS8JyXI_6wo_x2t9roundtripNtB2_12X2tRoundtrip6router
FN:104,_RNvXs_NtCs46mRiS8JyXI_6wo_x2t9roundtripNtB4_12X2tRoundtripNtNtCs71SqrcSEOJz_9wo_common12test_harness15FormatRoundtrip5parse
FN:124,_RNvXs_NtCs46mRiS8JyXI_6wo_x2t9roundtripNtB4_12X2tRoundtripNtNtCs71SqrcSEOJz_9wo_common12test_harness15FormatRoundtrip9serialize
FNDA:0,_RNCNvXs_NtCsrXlInjBxf4_6wo_x2t9roundtripNtB6_12X2tRoundtripNtNtCs5lji8KZmICr_9wo_common12test_harness15FormatRoundtrip5parse0B8_
FNDA:0,_RNCNvXs_NtCsrXlInjBxf4_6wo_x2t9roundtripNtB6_12X2tRoundtripNtNtCs5lji8KZmICr_9wo_common12test_harness15FormatRoundtrip9serialize0B8_
FNDA:0,_RNvXs0_NtCs46mRiS8JyXI_6wo_x2t9roundtripNtB5_12X2tRoundtripNtNtCsbwefsVELSfr_4core5clone5Clone5clone
FNDA:0,_RNvXs1_NtCs46mRiS8JyXI_6wo_x2t9roundtripNtB5_12X2tRoundtripNtNtCsbwefsVELSfr_4core7default7Default7default
FNDA:1,_RNvNtNtCs46mRiS8JyXI_6wo_x2t9roundtrip5testss_21test_new_with_default
FNDA:1,_RNvNtNtCs46mRiS8JyXI_6wo_x2t9roundtrip5testss_26test_set_source_and_target
FNDA:1,_RNvNtNtCs46mRiS8JyXI_6wo_x2t9roundtrip5testss_29test_roundtrip_preserves_data
FNDA:1,_RNvNtNtCs46mRiS8JyXI_6wo_x2t9roundtrip5testss_31test_roundtrip_requires_formats
FNDA:1,_RNvNtNtCs46mRiS8JyXI_6wo_x2t9roundtrip5testss_33test_with_formats_creates_context
FNDA:1,_RNvNtNtCs46mRiS8JyXI_6wo_x2t9roundtrip5testss_37test_roundtrip_unsupported_conversion
FNDA:1,_RNvNtNtCs46mRiS8JyXI_6wo_x2t9roundtrip5testss_39test_roundtrip_with_identity_conversion
FNDA:1,_RNCNvXs_NtCs46mRiS8JyXI_6wo_x2t9roundtripNtB6_12X2tRoundtripNtNtCs71SqrcSEOJz_9wo_common12test_harness15FormatRoundtrip5parse0B8_
FNDA:0,_RNCNvXs_NtCs46mRiS8JyXI_6wo_x2t9roundtripNtB6_12X2tRoundtripNtNtCs71SqrcSEOJz_9wo_common12test_harness15FormatRoundtrip9serialize0B8_
FNDA:4,_RNvMNtCs46mRiS8JyXI_6wo_x2t9roundtripNtB2_12X2tRoundtrip12with_formats
FNDA:5,_RNvMNtCs46mRiS8JyXI_6wo_x2t9roundtripNtB2_12X2tRoundtrip17set_source_format
FNDA:5,_RNvMNtCs46mRiS8JyXI_6wo_x2t9roundtripNtB2_12X2tRoundtrip17set_target_format
FNDA:3,_RNvMNtCs46mRiS8JyXI_6wo_x2t9roundtripNtB2_12X2tRoundtrip3new
FNDA:3,_RNvMNtCs46mRiS8JyXI_6wo_x2t9roundtripNtB2_12X2tRoundtrip5input
FNDA:1,_RNvMNtCs46mRiS8JyXI_6wo_x2t9roundtripNtB2_12X2tRoundtrip6result
FNDA:1,_RNvMNtCs46mRiS8JyXI_6wo_x2t9roundtripNtB2_12X2tRoundtrip6router
FNDA:4,_RNvXs_NtCs46mRiS8JyXI_6wo_x2t9roundtripNtB4_12X2tRoundtripNtNtCs71SqrcSEOJz_9wo_common12test_harness15FormatRoundtrip5parse
FNDA:3,_RNvXs_NtCs46mRiS8JyXI_6wo_x2t9roundtripNtB4_12X2tRoundtripNtNtCs71SqrcSEOJz_9wo_common12test_harness15FormatRoundtrip9serialize
FNF:20
FNH:17
DA:29,3
DA:30,3
DA:31,3
DA:32,3
DA:33,3
DA:34,3
DA:35,3
DA:42,4
DA:43,4
DA:44,4
DA:45,4
DA:46,4
DA:47,4
DA:48,4
DA:49,4
DA:50,4
DA:53,5
DA:54,5
DA:55,0
DA:56,5
DA:57,5
DA:58,5
DA:59,5
DA:60,5
DA:61,5
DA:62,5
DA:63,5
DA:64,5
DA:65,5
DA:68,5
DA:69,5
DA:70,5
DA:71,5
DA:72,0
DA:73,0
DA:74,0
DA:75,0
DA:76,0
DA:77,0
DA:78,0
DA:79,5
DA:80,5
DA:83,1
DA:84,1
DA:85,1
DA:88,3
DA:89,3
DA:90,3
DA:93,1
DA:94,1
DA:95,1
DA:104,4
DA:106,4
DA:107,1
DA:108,1
DA:110,3
DA:111,3
DA:112,3
DA:115,3
DA:117,3
DA:118,4
DA:124,3
DA:125,3
DA:126,3
DA:127,3
DA:128,3
DA:130,3
DA:131,1
DA:132,2
DA:133,2
DA:134,2
DA:135,2
DA:137,3
DA:141,0
DA:142,0
DA:143,0
DA:144,0
DA:145,0
DA:146,0
DA:147,0
DA:151,0
DA:152,0
DA:153,0
DA:161,1
DA:162,1
DA:163,1
DA:166,1
DA:169,1
DA:170,1
DA:171,1
DA:174,1
DA:175,1
DA:176,1
DA:179,1
DA:180,1
DA:181,1
DA:182,1
DA:185,1
DA:186,1
DA:187,1
DA:190,1
DA:193,1
DA:194,1
DA:195,1
DA:198,1
DA:200,1
DA:201,1
DA:203,1
DA:204,1
DA:205,1
DA:206,1
DA:209,1
DA:210,1
DA:211,1
DA:212,1
DA:213,1
DA:214,1
DA:217,1
DA:218,1
DA:219,1
DA:220,1
DA:221,1
DA:222,1
DA:225,1
DA:226,1
DA:227,1
DA:228,1
DA:230,1
DA:231,1
DA:232,1
DA:233,1
BRF:0
BRH:0
LF:134
LH:115
end_of_record
SF:/home/weiss/git/World-Office/server/core/crates/wo-x2t/src/router.rs
FN:102,_RNvMNtCsrXlInjBxf4_6wo_x2t6routerNtB2_16ConversionRouter10find_chain
FN:176,_RNvMNtCsrXlInjBxf4_6wo_x2t6routerNtB2_16ConversionRouter12is_supported
FN:239,_RNvMNtCsrXlInjBxf4_6wo_x2t6routerNtB2_16ConversionRouter13execute_chain
FN:189,_RNvMNtCsrXlInjBxf4_6wo_x2t6routerNtB2_16ConversionRouter15conversion_path
FN:287,_RNvMNtCsrXlInjBxf4_6wo_x2t6routerNtB2_16ConversionRouter18unsupported_result
FN:52,_RNvMNtCsrXlInjBxf4_6wo_x2t6routerNtB2_16ConversionRouter3new
FN:209,_RNvMNtCsrXlInjBxf4_6wo_x2t6routerNtB2_16ConversionRouter7convert
FN:292,_RNvMNtCsrXlInjBxf4_6wo_x2t6routerNtB2_16ConversionRouter8registry
FN:298,_RNvXs_NtCsrXlInjBxf4_6wo_x2t6routerNtB4_16ConversionRouterNtNtCsbwefsVELSfr_4core7default7Default7default
FN:298,_RNvXs_NtCs46mRiS8JyXI_6wo_x2t6routerNtB4_16ConversionRouterNtNtCsbwefsVELSfr_4core7default7Default7default
FN:359,_RNvNtNtCs46mRiS8JyXI_6wo_x2t6router5testss_16test_same_format
FN:365,_RNvNtNtCs46mRiS8JyXI_6wo_x2t6router5testss_16test_unsupported
FN:573,_RNvNtNtCs46mRiS8JyXI_6wo_x2t6router5testss_20test_chain_max_depth
FN:563,_RNvNtNtCs46mRiS8JyXI_6wo_x2t6router5testss_21test_chain_rtf_to_odt
FN:514,_RNvNtNtCs46mRiS8JyXI_6wo_x2t6router5testss_22test_chain_fb2_to_html
FN:531,_RNvNtNtCs46mRiS8JyXI_6wo_x2t6router5testss_22test_chain_hwp_to_html
FN:498,_RNvNtNtCs46mRiS8JyXI_6wo_x2t6router5testss_22test_chain_rtf_to_docx
FN:423,_RNvNtNtCs46mRiS8JyXI_6wo_x2t6router5testss_23test_convert_rtf_to_txt
FN:589,_RNvNtNtCs46mRiS8JyXI_6wo_x2t6router5testss_23test_is_supported_chain
FN:399,_RNvNtNtCs46mRiS8JyXI_6wo_x2t6router5testss_23test_unsupported_result
FN:385,_RNvNtNtCs46mRiS8JyXI_6wo_x2t6router5testss_24test_conversion_path_odt
FN:406,_RNvNtNtCs46mRiS8JyXI_6wo_x2t6router5testss_24test_convert_same_format
FN:414,_RNvNtNtCs46mRiS8JyXI_6wo_x2t6router5testss_24test_convert_txt_to_html
FN:378,_RNvNtNtCs46mRiS8JyXI_6wo_x2t6router5testss_25test_conversion_path_docx
FN:433,_RNvNtNtCs46mRiS8JyXI_6wo_x2t6router5testss_25test_convert_no_converter
FN:309,_RNvNtNtCs46mRiS8JyXI_6wo_x2t6router5testss_25test_supported_real_pairs
FN:371,_RNvNtNtCs46mRiS8JyXI_6wo_x2t6router5testss_27test_conversion_path_direct
FN:609,_RNvNtNtCs46mRiS8JyXI_6wo_x2t6router5testss_28test_chain_error_propagation
FN:666,_RNvNtNtCs46mRiS8JyXI_6wo_x2t6router5testss_28test_conversion_path_chained
FN:392,_RNvNtNtCs46mRiS8JyXI_6wo_x2t6router5testss_29test_conversion_path_indirect
FN:441,_RNvNtNtCs46mRiS8JyXI_6wo_x2t6router5testss_32test_registry_has_all_converters
FN:618,_RNvXNvNtNtCs46mRiS8JyXI_6wo_x2t6router5testss_28test_chain_error_propagationNtB2_16FailingConverterNtNtB8_9converter15FormatConverter13source_format
FN:621,_RNvXNvNtNtCs46mRiS8JyXI_6wo_x2t6router5testss_28test_chain_error_propagationNtB2_16FailingConverterNtNtB8_9converter15FormatConverter13target_format
FN:624,_RNvXNvNtNtCs46mRiS8JyXI_6wo_x2t6router5testss_28test_chain_error_propagationNtB2_16FailingConverterNtNtB8_9converter15FormatConverter7convert
FN:631,_RNvXs_NvNtNtCs46mRiS8JyXI_6wo_x2t6router5testss_28test_chain_error_propagationNtB4_18FailToTxtConverterNtNtBa_9converter15FormatConverter13source_format
FN:634,_RNvXs_NvNtNtCs46mRiS8JyXI_6wo_x2t6router5testss_28test_chain_error_propagationNtB4_18FailToTxtConverterNtNtBa_9converter15FormatConverter13target_format
FN:637,_RNvXs_NvNtNtCs46mRiS8JyXI_6wo_x2t6router5testss_28test_chain_error_propagationNtB4_18FailToTxtConverterNtNtBa_9converter15FormatConverter7convert
FN:102,_RNvMNtCs46mRiS8JyXI_6wo_x2t6routerNtB2_16ConversionRouter10find_chain
FN:176,_RNvMNtCs46mRiS8JyXI_6wo_x2t6routerNtB2_16ConversionRouter12is_supported
FN:239,_RNvMNtCs46mRiS8JyXI_6wo_x2t6routerNtB2_16ConversionRouter13execute_chain
FN:189,_RNvMNtCs46mRiS8JyXI_6wo_x2t6routerNtB2_16ConversionRouter15conversion_path
FN:287,_RNvMNtCs46mRiS8JyXI_6wo_x2t6routerNtB2_16ConversionRouter18unsupported_result
FN:52,_RNvMNtCs46mRiS8JyXI_6wo_x2t6routerNtB2_16ConversionRouter3new
FN:209,_RNvMNtCs46mRiS8JyXI_6wo_x2t6routerNtB2_16ConversionRouter7convert
FN:292,_RNvMNtCs46mRiS8JyXI_6wo_x2t6routerNtB2_16ConversionRouter8registry
FNDA:0,_RNvMNtCsrXlInjBxf4_6wo_x2t6routerNtB2_16ConversionRouter10find_chain
FNDA:0,_RNvMNtCsrXlInjBxf4_6wo_x2t6routerNtB2_16ConversionRouter12is_supported
FNDA:0,_RNvMNtCsrXlInjBxf4_6wo_x2t6routerNtB2_16ConversionRouter13execute_chain
FNDA:0,_RNvMNtCsrXlInjBxf4_6wo_x2t6routerNtB2_16ConversionRouter15conversion_path
FNDA:0,_RNvMNtCsrXlInjBxf4_6wo_x2t6routerNtB2_16ConversionRouter18unsupported_result
FNDA:0,_RNvMNtCsrXlInjBxf4_6wo_x2t6routerNtB2_16ConversionRouter3new
FNDA:0,_RNvMNtCsrXlInjBxf4_6wo_x2t6routerNtB2_16ConversionRouter7convert
FNDA:0,_RNvMNtCsrXlInjBxf4_6wo_x2t6routerNtB2_16ConversionRouter8registry
FNDA:0,_RNvXs_NtCsrXlInjBxf4_6wo_x2t6routerNtB4_16ConversionRouterNtNtCsbwefsVELSfr_4core7default7Default7default
FNDA:0,_RNvXs_NtCs46mRiS8JyXI_6wo_x2t6routerNtB4_16ConversionRouterNtNtCsbwefsVELSfr_4core7default7Default7default
FNDA:1,_RNvNtNtCs46mRiS8JyXI_6wo_x2t6router5testss_16test_same_format
FNDA:1,_RNvNtNtCs46mRiS8JyXI_6wo_x2t6router5testss_16test_unsupported
FNDA:1,_RNvNtNtCs46mRiS8JyXI_6wo_x2t6router5testss_20test_chain_max_depth
FNDA:1,_RNvNtNtCs46mRiS8JyXI_6wo_x2t6router5testss_21test_chain_rtf_to_odt
FNDA:1,_RNvNtNtCs46mRiS8JyXI_6wo_x2t6router5testss_22test_chain_fb2_to_html
FNDA:1,_RNvNtNtCs46mRiS8JyXI_6wo_x2t6router5testss_22test_chain_hwp_to_html
FNDA:1,_RNvNtNtCs46mRiS8JyXI_6wo_x2t6router5testss_22test_chain_rtf_to_docx
FNDA:1,_RNvNtNtCs46mRiS8JyXI_6wo_x2t6router5testss_23test_convert_rtf_to_txt
FNDA:1,_RNvNtNtCs46mRiS8JyXI_6wo_x2t6router5testss_23test_is_supported_chain
FNDA:1,_RNvNtNtCs46mRiS8JyXI_6wo_x2t6router5testss_23test_unsupported_result
FNDA:1,_RNvNtNtCs46mRiS8JyXI_6wo_x2t6router5testss_24test_conversion_path_odt
FNDA:1,_RNvNtNtCs46mRiS8JyXI_6wo_x2t6router5testss_24test_convert_same_format
FNDA:1,_RNvNtNtCs46mRiS8JyXI_6wo_x2t6router5testss_24test_convert_txt_to_html
FNDA:1,_RNvNtNtCs46mRiS8JyXI_6wo_x2t6router5testss_25test_conversion_path_docx
FNDA:1,_RNvNtNtCs46mRiS8JyXI_6wo_x2t6router5testss_25test_convert_no_converter
FNDA:1,_RNvNtNtCs46mRiS8JyXI_6wo_x2t6router5testss_25test_supported_real_pairs
FNDA:1,_RNvNtNtCs46mRiS8JyXI_6wo_x2t6router5testss_27test_conversion_path_direct
FNDA:1,_RNvNtNtCs46mRiS8JyXI_6wo_x2t6router5testss_28test_chain_error_propagation
FNDA:1,_RNvNtNtCs46mRiS8JyXI_6wo_x2t6router5testss_28test_conversion_path_chained
FNDA:1,_RNvNtNtCs46mRiS8JyXI_6wo_x2t6router5testss_29test_conversion_path_indirect
FNDA:1,_RNvNtNtCs46mRiS8JyXI_6wo_x2t6router5testss_32test_registry_has_all_converters
FNDA:1,_RNvXNvNtNtCs46mRiS8JyXI_6wo_x2t6router5testss_28test_chain_error_propagationNtB2_16FailingConverterNtNtB8_9converter15FormatConverter13source_format
FNDA:1,_RNvXNvNtNtCs46mRiS8JyXI_6wo_x2t6router5testss_28test_chain_error_propagationNtB2_16FailingConverterNtNtB8_9converter15FormatConverter13target_format
FNDA:2,_RNvXNvNtNtCs46mRiS8JyXI_6wo_x2t6router5testss_28test_chain_error_propagationNtB2_16FailingConverterNtNtB8_9converter15FormatConverter7convert
FNDA:1,_RNvXs_NvNtNtCs46mRiS8JyXI_6wo_x2t6router5testss_28test_chain_error_propagationNtB4_18FailToTxtConverterNtNtBa_9converter15FormatConverter13source_format
FNDA:1,_RNvXs_NvNtNtCs46mRiS8JyXI_6wo_x2t6router5testss_28test_chain_error_propagationNtB4_18FailToTxtConverterNtNtBa_9converter15FormatConverter13target_format
FNDA:0,_RNvXs_NvNtNtCs46mRiS8JyXI_6wo_x2t6router5testss_28test_chain_error_propagationNtB4_18FailToTxtConverterNtNtBa_9converter15FormatConverter7convert
FNDA:31,_RNvMNtCs46mRiS8JyXI_6wo_x2t6routerNtB2_16ConversionRouter10find_chain
FNDA:56,_RNvMNtCs46mRiS8JyXI_6wo_x2t6routerNtB2_16ConversionRouter12is_supported
FNDA:3,_RNvMNtCs46mRiS8JyXI_6wo_x2t6routerNtB2_16ConversionRouter13execute_chain
FNDA:12,_RNvMNtCs46mRiS8JyXI_6wo_x2t6routerNtB2_16ConversionRouter15conversion_path
FNDA:1,_RNvMNtCs46mRiS8JyXI_6wo_x2t6routerNtB2_16ConversionRouter18unsupported_result
FNDA:26,_RNvMNtCs46mRiS8JyXI_6wo_x2t6routerNtB2_16ConversionRouter3new
FNDA:15,_RNvMNtCs46mRiS8JyXI_6wo_x2t6routerNtB2_16ConversionRouter7convert
FNDA:1,_RNvMNtCs46mRiS8JyXI_6wo_x2t6routerNtB2_16ConversionRouter8registry
FNF:36
FNH:34
DA:52,26
DA:53,26
DA:54,26
DA:55,26
DA:56,26
DA:57,26
DA:58,26
DA:59,26
DA:60,26
DA:61,26
DA:62,26
DA:63,26
DA:64,26
DA:65,26
DA:66,26
DA:67,26
DA:68,26
DA:69,26
DA:70,26
DA:71,26
DA:72,26
DA:73,26
DA:74,26
DA:75,26
DA:76,26
DA:77,26
DA:78,26
DA:79,26
DA:80,26
DA:81,26
DA:82,26
DA:83,26
DA:84,26
DA:85,26
DA:86,26
DA:87,26
DA:88,26
DA:89,26
DA:90,26
DA:91,26
DA:92,26
DA:93,26
DA:94,26
DA:95,26
DA:96,26
DA:97,26
DA:102,31
DA:104,31
DA:105,31
DA:106,1294
DA:107,1263
DA:108,1263
DA:109,1263
DA:110,1263
DA:111,1263
DA:112,1263
DA:115,31
DA:116,31
DA:119,31
DA:120,77
DA:121,59
DA:122,7
DA:123,7
DA:124,7
DA:125,7
DA:126,7
DA:127,52
DA:128,52
DA:129,52
DA:130,52
DA:131,52
DA:132,52
DA:133,52
DA:134,52
DA:135,52
DA:136,52
DA:137,52
DA:138,52
DA:140,6
DA:143,64
DA:144,53
DA:145,0
DA:146,53
DA:147,53
DA:148,226
DA:149,186
DA:150,13
DA:151,13
DA:152,13
DA:153,13
DA:154,13
DA:155,13
DA:156,13
DA:157,173
DA:158,173
DA:159,35
DA:160,35
DA:161,35
DA:162,35
DA:163,35
DA:164,35
DA:165,35
DA:166,35
DA:167,138
DA:169,0
DA:172,11
DA:173,31
DA:176,56
DA:177,56
DA:178,1
DA:179,55
DA:180,55
DA:181,44
DA:182,11
DA:183,11
DA:184,56
DA:189,12
DA:190,12
DA:191,0
DA:192,12
DA:194,12
DA:195,11
DA:196,26
DA:197,15
DA:198,15
DA:199,11
DA:201,1
DA:203,12
DA:209,15
DA:211,15
DA:212,2
DA:213,13
DA:216,13
DA:217,5
DA:218,5
DA:219,3
DA:220,3
DA:221,3
DA:223,2
DA:224,2
DA:225,2
DA:228,8
DA:231,8
DA:232,8
DA:233,3
DA:234,5
DA:236,15
DA:239,3
DA:240,3
DA:241,3
DA:242,3
DA:243,3
DA:244,3
DA:245,3
DA:246,3
DA:248,5
DA:249,5
DA:250,4
DA:251,4
DA:252,4
DA:253,1
DA:254,1
DA:255,1
DA:256,1
DA:257,1
DA:258,1
DA:262,1
DA:263,1
DA:264,1
DA:265,1
DA:266,1
DA:267,1
DA:272,2
DA:273,2
DA:274,2
DA:275,2
DA:276,2
DA:277,2
DA:278,2
DA:279,2
DA:280,2
DA:281,2
DA:282,2
DA:283,2
DA:284,3
DA:287,1
DA:288,1
DA:289,1
DA:292,1
DA:293,1
DA:294,1
DA:298,0
DA:299,0
DA:300,0
DA:309,1
DA:310,1
DA:312,1
DA:313,1
DA:314,1
DA:315,1
DA:316,1
DA:317,1
DA:318,1
DA:319,1
DA:320,1
DA:321,1
DA:322,1
DA:323,1
DA:324,1
DA:325,1
DA:326,1
DA:327,1
DA:328,1
DA:329,1
DA:330,1
DA:331,1
DA:332,1
DA:333,1
DA:334,1
DA:335,1
DA:336,1
DA:337,1
DA:338,1
DA:340,1
DA:341,1
DA:342,1
DA:344,1
DA:345,1
DA:346,1
DA:348,1
DA:349,1
DA:350,1
DA:351,1
DA:352,1
DA:354,1
DA:355,1
DA:356,1
DA:359,1
DA:360,1
DA:361,1
DA:362,1
DA:365,1
DA:366,1
DA:367,1
DA:368,1
DA:371,1
DA:372,1
DA:373,1
DA:374,1
DA:375,1
DA:378,1
DA:379,1
DA:380,1
DA:381,1
DA:382,1
DA:385,1
DA:386,1
DA:387,1
DA:388,1
DA:389,1
DA:392,1
DA:393,1
DA:395,1
DA:396,1
DA:399,1
DA:400,1
DA:401,1
DA:402,1
DA:403,1
DA:406,1
DA:407,1
DA:408,1
DA:409,1
DA:410,1
DA:411,1
DA:414,1
DA:415,1
DA:416,1
DA:417,1
DA:418,1
DA:419,1
DA:420,1
DA:423,1
DA:424,1
DA:425,1
DA:426,1
DA:427,1
DA:428,1
DA:429,1
DA:430,1
DA:433,1
DA:434,1
DA:435,1
DA:436,1
DA:437,1
DA:438,1
DA:441,1
DA:442,1
DA:443,1
DA:444,1
DA:445,1
DA:446,1
DA:447,1
DA:448,1
DA:449,1
DA:450,1
DA:451,1
DA:452,1
DA:453,1
DA:454,1
DA:455,1
DA:456,1
DA:457,1
DA:458,1
DA:459,1
DA:460,1
DA:461,1
DA:462,1
DA:463,1
DA:464,1
DA:465,1
DA:466,1
DA:467,1
DA:468,1
DA:469,1
DA:470,1
DA:471,1
DA:472,1
DA:473,1
DA:474,1
DA:475,1
DA:476,1
DA:477,1
DA:478,1
DA:479,1
DA:480,1
DA:481,1
DA:483,1
DA:484,1
DA:485,1
DA:486,1
DA:487,1
DA:488,1
DA:490,0
DA:491,0
DA:493,1
DA:498,1
DA:499,1
DA:500,1
DA:501,1
DA:502,1
DA:503,1
DA:504,1
DA:506,1
DA:507,1
DA:508,1
DA:509,1
DA:510,1
DA:511,1
DA:514,1
DA:515,1
DA:517,1
DA:518,1
DA:519,1
DA:520,1
DA:521,1
DA:522,1
DA:524,1
DA:525,1
DA:526,1
DA:527,1
DA:528,1
DA:531,1
DA:532,1
DA:541,1
DA:543,1
DA:544,1
DA:545,1
DA:546,1
DA:547,1
DA:548,0
DA:554,1
DA:557,1
DA:558,1
DA:560,1
DA:563,1
DA:564,1
DA:565,1
DA:566,1
DA:567,1
DA:568,1
DA:569,1
DA:570,1
DA:573,1
DA:579,1
DA:581,1
DA:582,1
DA:584,1
DA:585,1
DA:586,1
DA:589,1
DA:590,1
DA:592,1
DA:593,1
DA:594,1
DA:596,1
DA:597,1
DA:598,1
DA:599,1
DA:600,1
DA:601,1
DA:602,1
DA:604,1
DA:605,1
DA:606,1
DA:609,1
DA:613,1
DA:614,1
DA:618,1
DA:619,1
DA:620,1
DA:621,1
DA:622,1
DA:623,1
DA:624,2
DA:625,2
DA:626,2
DA:631,1
DA:632,1
DA:633,1
DA:634,1
DA:635,1
DA:636,1
DA:637,0
DA:638,0
DA:639,0
DA:641,1
DA:642,1
DA:645,1
DA:648,1
DA:649,1
DA:650,1
DA:653,1
DA:659,1
DA:660,1
DA:661,1
DA:662,1
DA:663,1
DA:666,1
DA:667,1
DA:669,1
DA:670,1
DA:671,1
DA:672,1
DA:675,1
DA:676,1
DA:677,1
DA:678,1
DA:681,1
DA:682,1
DA:683,1
DA:684,1
DA:687,1
DA:688,1
DA:689,1
DA:690,1
DA:693,1
DA:694,1
DA:695,1
DA:696,1
DA:697,1
BRF:0
BRH:0
LF:471
LH:459
end_of_record