SF:/home/weiss/git/World-Office/server/core/crates/wo-txt/src/lib.rs
FN:23,_RNvCs5fJiNs3qkz5_6wo_txt11is_txt_file
FN:59,_RNvNtCs5fJiNs3qkz5_6wo_txt5testss_17test_is_txt_empty
FN:39,_RNvNtCs5fJiNs3qkz5_6wo_txt5testss_18test_is_txt_simple
FN:44,_RNvNtCs5fJiNs3qkz5_6wo_txt5testss_19test_is_txt_not_pdf
FN:49,_RNvNtCs5fJiNs3qkz5_6wo_txt5testss_19test_is_txt_not_rtf
FN:54,_RNvNtCs5fJiNs3qkz5_6wo_txt5testss_20test_is_txt_not_null
FN:64,_RNvNtCs5fJiNs3qkz5_6wo_txt5testss_26test_is_txt_null_in_middle
FN:69,_RNvNtCs5fJiNs3qkz5_6wo_txt5testss_27test_is_txt_long_plain_text
FNDA:14,_RNvCs5fJiNs3qkz5_6wo_txt11is_txt_file
FNDA:2,_RNvNtCs5fJiNs3qkz5_6wo_txt5testss_17test_is_txt_empty
FNDA:2,_RNvNtCs5fJiNs3qkz5_6wo_txt5testss_18test_is_txt_simple
FNDA:2,_RNvNtCs5fJiNs3qkz5_6wo_txt5testss_19test_is_txt_not_pdf
FNDA:2,_RNvNtCs5fJiNs3qkz5_6wo_txt5testss_19test_is_txt_not_rtf
FNDA:2,_RNvNtCs5fJiNs3qkz5_6wo_txt5testss_20test_is_txt_not_null
FNDA:2,_RNvNtCs5fJiNs3qkz5_6wo_txt5testss_26test_is_txt_null_in_middle
FNDA:2,_RNvNtCs5fJiNs3qkz5_6wo_txt5testss_27test_is_txt_long_plain_text
FNF:8
FNH:8
DA:23,14
DA:25,14
DA:26,4
DA:27,10
DA:30,10
DA:31,10
DA:32,14
DA:39,2
DA:40,2
DA:41,2
DA:44,2
DA:45,2
DA:46,2
DA:49,2
DA:50,2
DA:51,2
DA:54,2
DA:55,2
DA:56,2
DA:59,2
DA:60,2
DA:61,2
DA:64,2
DA:65,2
DA:66,2
DA:69,2
DA:70,2
DA:71,2
DA:72,2
BRF:0
BRH:0
LF:29
LH:29
end_of_record
SF:/home/weiss/git/World-Office/server/core/crates/wo-txt/src/parser.rs
FN:136,_RNCNvMs_NtCsdSaSFa03ms5_6wo_txt6parserNtB6_9TxtParser17parse_to_document0B8_
FN:78,_RNCNvMs_NtCsdSaSFa03ms5_6wo_txt6parserNtB6_9TxtParser5parse0B8_
FN:88,_RNCNvMs_NtCsdSaSFa03ms5_6wo_txt6parserNtB6_9TxtParser5parses0_0B8_
FN:95,_RNCNvMs_NtCsdSaSFa03ms5_6wo_txt6parserNtB6_9TxtParser5parses1_0B8_
FN:98,_RNCNvMs_NtCsdSaSFa03ms5_6wo_txt6parserNtB6_9TxtParser5parses2_0B8_
FN:108,_RNCNvMs_NtCsdSaSFa03ms5_6wo_txt6parserNtB6_9TxtParser5parses3_0B8_
FN:120,_RNCNvMs_NtCsdSaSFa03ms5_6wo_txt6parserNtB6_9TxtParser5parses4_0B8_
FN:85,_RNCNvMs_NtCsdSaSFa03ms5_6wo_txt6parserNtB6_9TxtParser5parses_0B8_
FN:44,_RNvMs_NtCsdSaSFa03ms5_6wo_txt6parserNtB4_9TxtParser13with_encoding
FN:131,_RNvMs_NtCsdSaSFa03ms5_6wo_txt6parserNtB4_9TxtParser17parse_to_document
FN:39,_RNvMs_NtCsdSaSFa03ms5_6wo_txt6parserNtB4_9TxtParser3new
FN:52,_RNvMs_NtCsdSaSFa03ms5_6wo_txt6parserNtB4_9TxtParser5parse
FN:29,_RNvXNtCsdSaSFa03ms5_6wo_txt6parserNtB2_9TxtParserNtNtCsbwefsVELSfr_4core7default7Default7default
FN:44,_RNvMs_NtCsuS9CVIKDxb_6wo_txt6parserNtB4_9TxtParser13with_encoding
FN:131,_RNvMs_NtCsuS9CVIKDxb_6wo_txt6parserNtB4_9TxtParser17parse_to_document
FN:39,_RNvMs_NtCsuS9CVIKDxb_6wo_txt6parserNtB4_9TxtParser3new
FN:52,_RNvMs_NtCsuS9CVIKDxb_6wo_txt6parserNtB4_9TxtParser5parse
FN:29,_RNvXNtCsuS9CVIKDxb_6wo_txt6parserNtB2_9TxtParserNtNtCsbwefsVELSfr_4core7default7Default7default
FN:136,_RNCNvMs_NtCsuS9CVIKDxb_6wo_txt6parserNtB6_9TxtParser17parse_to_document0B8_
FN:78,_RNCNvMs_NtCsuS9CVIKDxb_6wo_txt6parserNtB6_9TxtParser5parse0B8_
FN:88,_RNCNvMs_NtCsuS9CVIKDxb_6wo_txt6parserNtB6_9TxtParser5parses0_0B8_
FN:95,_RNCNvMs_NtCsuS9CVIKDxb_6wo_txt6parserNtB6_9TxtParser5parses1_0B8_
FN:98,_RNCNvMs_NtCsuS9CVIKDxb_6wo_txt6parserNtB6_9TxtParser5parses2_0B8_
FN:108,_RNCNvMs_NtCsuS9CVIKDxb_6wo_txt6parserNtB6_9TxtParser5parses3_0B8_
FN:120,_RNCNvMs_NtCsuS9CVIKDxb_6wo_txt6parserNtB6_9TxtParser5parses4_0B8_
FN:85,_RNCNvMs_NtCsuS9CVIKDxb_6wo_txt6parserNtB6_9TxtParser5parses_0B8_
FN:44,_RNvMs_NtCs5fJiNs3qkz5_6wo_txt6parserNtB4_9TxtParser13with_encoding
FN:131,_RNvMs_NtCs5fJiNs3qkz5_6wo_txt6parserNtB4_9TxtParser17parse_to_document
FN:39,_RNvMs_NtCs5fJiNs3qkz5_6wo_txt6parserNtB4_9TxtParser3new
FN:52,_RNvMs_NtCs5fJiNs3qkz5_6wo_txt6parserNtB4_9TxtParser5parse
FN:29,_RNvXNtCs5fJiNs3qkz5_6wo_txt6parserNtB2_9TxtParserNtNtCsbwefsVELSfr_4core7default7Default7default
FN:136,_RNCNvMs_NtCs5fJiNs3qkz5_6wo_txt6parserNtB6_9TxtParser17parse_to_document0B8_
FN:78,_RNCNvMs_NtCs5fJiNs3qkz5_6wo_txt6parserNtB6_9TxtParser5parse0B8_
FN:88,_RNCNvMs_NtCs5fJiNs3qkz5_6wo_txt6parserNtB6_9TxtParser5parses0_0B8_
FN:95,_RNCNvMs_NtCs5fJiNs3qkz5_6wo_txt6parserNtB6_9TxtParser5parses1_0B8_
FN:98,_RNCNvMs_NtCs5fJiNs3qkz5_6wo_txt6parserNtB6_9TxtParser5parses2_0B8_
FN:108,_RNCNvMs_NtCs5fJiNs3qkz5_6wo_txt6parserNtB6_9TxtParser5parses3_0B8_
FN:120,_RNCNvMs_NtCs5fJiNs3qkz5_6wo_txt6parserNtB6_9TxtParser5parses4_0B8_
FN:85,_RNCNvMs_NtCs5fJiNs3qkz5_6wo_txt6parserNtB6_9TxtParser5parses_0B8_
FN:195,_RNvNtNtCs5fJiNs3qkz5_6wo_txt6parser5testss_15test_parse_crlf
FN:157,_RNvNtNtCs5fJiNs3qkz5_6wo_txt6parser5testss_15test_parse_utf8
FN:209,_RNvNtNtCs5fJiNs3qkz5_6wo_txt6parser5testss_16test_parse_empty
FN:234,_RNvNtNtCs5fJiNs3qkz5_6wo_txt6parser5testss_17test_parse_latin1
FN:202,_RNvNtNtCs5fJiNs3qkz5_6wo_txt6parser5testss_18test_parse_cr_only
FN:166,_RNvNtNtCs5fJiNs3qkz5_6wo_txt6parser5testss_19test_parse_utf8_bom
FN:223,_RNvNtNtCs5fJiNs3qkz5_6wo_txt6parser5testss_22test_parse_to_document
FN:185,_RNvNtNtCs5fJiNs3qkz5_6wo_txt6parser5testss_22test_parse_utf16be_bom
FN:175,_RNvNtNtCs5fJiNs3qkz5_6wo_txt6parser5testss_22test_parse_utf16le_bom
FN:271,_RNvNtNtCs5fJiNs3qkz5_6wo_txt6parser5testss_27test_parse_bom_not_stripped
FN:255,_RNvNtNtCs5fJiNs3qkz5_6wo_txt6parser5testss_27test_parse_whitespace_lines
FN:288,_RNvNtNtCs5fJiNs3qkz5_6wo_txt6parser5testss_28test_parse_to_document_empty
FN:216,_RNvNtNtCs5fJiNs3qkz5_6wo_txt6parser5testss_33test_parse_single_line_no_newline
FN:281,_RNvNtNtCs5fJiNs3qkz5_6wo_txt6parser5testss_33test_parse_to_document_word_count
FN:244,_RNvNtNtCs5fJiNs3qkz5_6wo_txt6parser5testss_36test_parse_utf8_multibyte_characters
FN:264,_RNvNtNtCs5fJiNs3qkz5_6wo_txt6parser5testss_40test_parse_with_encoding_forces_encoding
FNDA:0,_RNCNvMs_NtCsdSaSFa03ms5_6wo_txt6parserNtB6_9TxtParser17parse_to_document0B8_
FNDA:0,_RNCNvMs_NtCsdSaSFa03ms5_6wo_txt6parserNtB6_9TxtParser5parse0B8_
FNDA:0,_RNCNvMs_NtCsdSaSFa03ms5_6wo_txt6parserNtB6_9TxtParser5parses0_0B8_
FNDA:0,_RNCNvMs_NtCsdSaSFa03ms5_6wo_txt6parserNtB6_9TxtParser5parses1_0B8_
FNDA:0,_RNCNvMs_NtCsdSaSFa03ms5_6wo_txt6parserNtB6_9TxtParser5parses2_0B8_
FNDA:0,_RNCNvMs_NtCsdSaSFa03ms5_6wo_txt6parserNtB6_9TxtParser5parses3_0B8_
FNDA:0,_RNCNvMs_NtCsdSaSFa03ms5_6wo_txt6parserNtB6_9TxtParser5parses4_0B8_
FNDA:0,_RNCNvMs_NtCsdSaSFa03ms5_6wo_txt6parserNtB6_9TxtParser5parses_0B8_
FNDA:0,_RNvMs_NtCsdSaSFa03ms5_6wo_txt6parserNtB4_9TxtParser13with_encoding
FNDA:0,_RNvMs_NtCsdSaSFa03ms5_6wo_txt6parserNtB4_9TxtParser17parse_to_document
FNDA:0,_RNvMs_NtCsdSaSFa03ms5_6wo_txt6parserNtB4_9TxtParser3new
FNDA:0,_RNvMs_NtCsdSaSFa03ms5_6wo_txt6parserNtB4_9TxtParser5parse
FNDA:0,_RNvXNtCsdSaSFa03ms5_6wo_txt6parserNtB2_9TxtParserNtNtCsbwefsVELSfr_4core7default7Default7default
FNDA:0,_RNvMs_NtCsuS9CVIKDxb_6wo_txt6parserNtB4_9TxtParser13with_encoding
FNDA:0,_RNvMs_NtCsuS9CVIKDxb_6wo_txt6parserNtB4_9TxtParser17parse_to_document
FNDA:1560,_RNvMs_NtCsuS9CVIKDxb_6wo_txt6parserNtB4_9TxtParser3new
FNDA:2074,_RNvMs_NtCsuS9CVIKDxb_6wo_txt6parserNtB4_9TxtParser5parse
FNDA:1560,_RNvXNtCsuS9CVIKDxb_6wo_txt6parserNtB2_9TxtParserNtNtCsbwefsVELSfr_4core7default7Default7default
FNDA:0,_RNCNvMs_NtCsuS9CVIKDxb_6wo_txt6parserNtB6_9TxtParser17parse_to_document0B8_
FNDA:0,_RNCNvMs_NtCsuS9CVIKDxb_6wo_txt6parserNtB6_9TxtParser5parse0B8_
FNDA:0,_RNCNvMs_NtCsuS9CVIKDxb_6wo_txt6parserNtB6_9TxtParser5parses0_0B8_
FNDA:0,_RNCNvMs_NtCsuS9CVIKDxb_6wo_txt6parserNtB6_9TxtParser5parses1_0B8_
FNDA:0,_RNCNvMs_NtCsuS9CVIKDxb_6wo_txt6parserNtB6_9TxtParser5parses2_0B8_
FNDA:0,_RNCNvMs_NtCsuS9CVIKDxb_6wo_txt6parserNtB6_9TxtParser5parses3_0B8_
FNDA:7943,_RNCNvMs_NtCsuS9CVIKDxb_6wo_txt6parserNtB6_9TxtParser5parses4_0B8_
FNDA:0,_RNCNvMs_NtCsuS9CVIKDxb_6wo_txt6parserNtB6_9TxtParser5parses_0B8_
FNDA:4,_RNvMs_NtCs5fJiNs3qkz5_6wo_txt6parserNtB4_9TxtParser13with_encoding
FNDA:6,_RNvMs_NtCs5fJiNs3qkz5_6wo_txt6parserNtB4_9TxtParser17parse_to_document
FNDA:48,_RNvMs_NtCs5fJiNs3qkz5_6wo_txt6parserNtB4_9TxtParser3new
FNDA:58,_RNvMs_NtCs5fJiNs3qkz5_6wo_txt6parserNtB4_9TxtParser5parse
FNDA:48,_RNvXNtCs5fJiNs3qkz5_6wo_txt6parserNtB2_9TxtParserNtNtCsbwefsVELSfr_4core7default7Default7default
FNDA:8,_RNCNvMs_NtCs5fJiNs3qkz5_6wo_txt6parserNtB6_9TxtParser17parse_to_document0B8_
FNDA:0,_RNCNvMs_NtCs5fJiNs3qkz5_6wo_txt6parserNtB6_9TxtParser5parse0B8_
FNDA:0,_RNCNvMs_NtCs5fJiNs3qkz5_6wo_txt6parserNtB6_9TxtParser5parses0_0B8_
FNDA:32,_RNCNvMs_NtCs5fJiNs3qkz5_6wo_txt6parserNtB6_9TxtParser5parses1_0B8_
FNDA:0,_RNCNvMs_NtCs5fJiNs3qkz5_6wo_txt6parserNtB6_9TxtParser5parses2_0B8_
FNDA:8,_RNCNvMs_NtCs5fJiNs3qkz5_6wo_txt6parserNtB6_9TxtParser5parses3_0B8_
FNDA:116,_RNCNvMs_NtCs5fJiNs3qkz5_6wo_txt6parserNtB6_9TxtParser5parses4_0B8_
FNDA:32,_RNCNvMs_NtCs5fJiNs3qkz5_6wo_txt6parserNtB6_9TxtParser5parses_0B8_
FNDA:2,_RNvNtNtCs5fJiNs3qkz5_6wo_txt6parser5testss_15test_parse_crlf
FNDA:2,_RNvNtNtCs5fJiNs3qkz5_6wo_txt6parser5testss_15test_parse_utf8
FNDA:2,_RNvNtNtCs5fJiNs3qkz5_6wo_txt6parser5testss_16test_parse_empty
FNDA:2,_RNvNtNtCs5fJiNs3qkz5_6wo_txt6parser5testss_17test_parse_latin1
FNDA:2,_RNvNtNtCs5fJiNs3qkz5_6wo_txt6parser5testss_18test_parse_cr_only
FNDA:2,_RNvNtNtCs5fJiNs3qkz5_6wo_txt6parser5testss_19test_parse_utf8_bom
FNDA:2,_RNvNtNtCs5fJiNs3qkz5_6wo_txt6parser5testss_22test_parse_to_document
FNDA:2,_RNvNtNtCs5fJiNs3qkz5_6wo_txt6parser5testss_22test_parse_utf16be_bom
FNDA:2,_RNvNtNtCs5fJiNs3qkz5_6wo_txt6parser5testss_22test_parse_utf16le_bom
FNDA:2,_RNvNtNtCs5fJiNs3qkz5_6wo_txt6parser5testss_27test_parse_bom_not_stripped
FNDA:2,_RNvNtNtCs5fJiNs3qkz5_6wo_txt6parser5testss_27test_parse_whitespace_lines
FNDA:2,_RNvNtNtCs5fJiNs3qkz5_6wo_txt6parser5testss_28test_parse_to_document_empty
FNDA:2,_RNvNtNtCs5fJiNs3qkz5_6wo_txt6parser5testss_33test_parse_single_line_no_newline
FNDA:2,_RNvNtNtCs5fJiNs3qkz5_6wo_txt6parser5testss_33test_parse_to_document_word_count
FNDA:2,_RNvNtNtCs5fJiNs3qkz5_6wo_txt6parser5testss_36test_parse_utf8_multibyte_characters
FNDA:2,_RNvNtNtCs5fJiNs3qkz5_6wo_txt6parser5testss_40test_parse_with_encoding_forces_encoding
FNF:29
FNH:26
DA:29,1608
DA:30,1608
DA:31,1608
DA:32,1608
DA:33,1608
DA:34,1608
DA:39,1608
DA:40,1608
DA:41,1608
DA:44,4
DA:45,4
DA:46,4
DA:47,4
DA:48,4
DA:49,4
DA:52,2132
DA:53,2132
DA:54,245
DA:55,245
DA:56,245
DA:57,245
DA:58,245
DA:59,1887
DA:61,1887
DA:62,1887
DA:63,1887
DA:64,24
DA:65,4
DA:66,4
DA:67,1855
DA:70,1887
DA:71,1887
DA:74,1887
DA:77,1877
DA:78,0
DA:79,0
DA:80,0
DA:83,4
DA:84,4
DA:85,32
DA:86,4
DA:87,4
DA:88,0
DA:89,0
DA:90,0
DA:93,4
DA:94,4
DA:95,32
DA:96,4
DA:97,4
DA:98,0
DA:99,0
DA:100,0
DA:104,2
DA:105,0
DA:106,2
DA:107,2
DA:108,8
DA:110,8
DA:111,8
DA:112,2
DA:118,1887
DA:119,1887
DA:120,8059
DA:121,1887
DA:123,1887
DA:124,1887
DA:125,1887
DA:126,1887
DA:127,1887
DA:128,2132
DA:131,6
DA:132,6
DA:133,6
DA:134,6
DA:135,6
DA:136,8
DA:137,6
DA:139,6
DA:140,6
DA:141,6
DA:142,6
DA:143,6
DA:144,6
DA:145,6
DA:146,6
DA:147,6
DA:148,6
DA:149,6
DA:157,2
DA:158,2
DA:159,2
DA:160,2
DA:161,2
DA:162,2
DA:163,2
DA:166,2
DA:167,2
DA:168,2
DA:169,2
DA:170,2
DA:171,2
DA:172,2
DA:175,2
DA:176,2
DA:178,2
DA:179,2
DA:180,2
DA:181,2
DA:182,2
DA:185,2
DA:186,2
DA:188,2
DA:189,2
DA:190,2
DA:191,2
DA:192,2
DA:195,2
DA:196,2
DA:197,2
DA:198,2
DA:199,2
DA:202,2
DA:203,2
DA:204,2
DA:205,2
DA:206,2
DA:209,2
DA:210,2
DA:211,2
DA:212,2
DA:213,2
DA:216,2
DA:217,2
DA:218,2
DA:219,2
DA:220,2
DA:223,2
DA:224,2
DA:225,2
DA:226,2
DA:227,2
DA:228,2
DA:229,2
DA:230,2
DA:231,2
DA:234,2
DA:235,2
DA:237,2
DA:238,2
DA:239,2
DA:240,2
DA:241,2
DA:244,2
DA:245,2
DA:246,2
DA:247,2
DA:248,2
DA:249,2
DA:250,2
DA:251,2
DA:252,2
DA:255,2
DA:256,2
DA:257,2
DA:258,2
DA:259,2
DA:260,2
DA:261,2
DA:264,2
DA:265,2
DA:266,2
DA:267,2
DA:268,2
DA:271,2
DA:272,2
DA:273,2
DA:274,2
DA:275,2
DA:277,2
DA:278,2
DA:281,2
DA:282,2
DA:283,2
DA:284,2
DA:285,2
DA:288,2
DA:289,2
DA:290,2
DA:291,2
DA:292,2
DA:293,2
BRF:0
BRH:0
LF:200
LH:187
end_of_record
SF:/home/weiss/git/World-Office/server/core/crates/wo-txt/src/roundtrip.rs
FN:39,_RNCNvXs0_NtCsdSaSFa03ms5_6wo_txt9roundtripNtB7_12TxtRoundtripNtNtCs5lji8KZmICr_9wo_common12test_harness15FormatRoundtrip5parse0B9_
FN:49,_RNCNvXs0_NtCsdSaSFa03ms5_6wo_txt9roundtripNtB7_12TxtRoundtripNtNtCs5lji8KZmICr_9wo_common12test_harness15FormatRoundtrip9serialize0B9_
FN:39,_RNCNvXs0_NtCsuS9CVIKDxb_6wo_txt9roundtripNtB7_12TxtRoundtripNtNtCsiDKnaJ7pGfC_9wo_common12test_harness15FormatRoundtrip5parse0B9_
FN:49,_RNCNvXs0_NtCsuS9CVIKDxb_6wo_txt9roundtripNtB7_12TxtRoundtripNtNtCsiDKnaJ7pGfC_9wo_common12test_harness15FormatRoundtrip9serialize0B9_
FN:23,_RNvMNtCsuS9CVIKDxb_6wo_txt9roundtripNtB2_12TxtRoundtrip3new
FN:37,_RNvXs0_NtCsuS9CVIKDxb_6wo_txt9roundtripNtB5_12TxtRoundtripNtNtCsiDKnaJ7pGfC_9wo_common12test_harness15FormatRoundtrip5parse
FN:44,_RNvXs0_NtCsuS9CVIKDxb_6wo_txt9roundtripNtB5_12TxtRoundtripNtNtCsiDKnaJ7pGfC_9wo_common12test_harness15FormatRoundtrip9serialize
FN:31,_RNvXs_NtCsuS9CVIKDxb_6wo_txt9roundtripNtB4_12TxtRoundtripNtNtCsbwefsVELSfr_4core7default7Default7default
FN:39,_RNCNvXs0_NtCs5fJiNs3qkz5_6wo_txt9roundtripNtB7_12TxtRoundtripNtNtCsiDKnaJ7pGfC_9wo_common12test_harness15FormatRoundtrip5parse0B9_
FN:49,_RNCNvXs0_NtCs5fJiNs3qkz5_6wo_txt9roundtripNtB7_12TxtRoundtripNtNtCsiDKnaJ7pGfC_9wo_common12test_harness15FormatRoundtrip9serialize0B9_
FN:79,_RNvNtNtCs5fJiNs3qkz5_6wo_txt9roundtrip5testss_19test_roundtrip_crlf
FN:58,_RNvNtNtCs5fJiNs3qkz5_6wo_txt9roundtrip5testss_20test_roundtrip_ascii
FN:67,_RNvNtNtCs5fJiNs3qkz5_6wo_txt9roundtrip5testss_23test_roundtrip_utf8_bom
FN:23,_RNvMNtCs5fJiNs3qkz5_6wo_txt9roundtripNtB2_12TxtRoundtrip3new
FN:37,_RNvXs0_NtCs5fJiNs3qkz5_6wo_txt9roundtripNtB5_12TxtRoundtripNtNtCsiDKnaJ7pGfC_9wo_common12test_harness15FormatRoundtrip5parse
FN:44,_RNvXs0_NtCs5fJiNs3qkz5_6wo_txt9roundtripNtB5_12TxtRoundtripNtNtCsiDKnaJ7pGfC_9wo_common12test_harness15FormatRoundtrip9serialize
FN:31,_RNvXs_NtCs5fJiNs3qkz5_6wo_txt9roundtripNtB4_12TxtRoundtripNtNtCsbwefsVELSfr_4core7default7Default7default
FNDA:0,_RNCNvXs0_NtCsdSaSFa03ms5_6wo_txt9roundtripNtB7_12TxtRoundtripNtNtCs5lji8KZmICr_9wo_common12test_harness15FormatRoundtrip5parse0B9_
FNDA:0,_RNCNvXs0_NtCsdSaSFa03ms5_6wo_txt9roundtripNtB7_12TxtRoundtripNtNtCs5lji8KZmICr_9wo_common12test_harness15FormatRoundtrip9serialize0B9_
FNDA:0,_RNCNvXs0_NtCsuS9CVIKDxb_6wo_txt9roundtripNtB7_12TxtRoundtripNtNtCsiDKnaJ7pGfC_9wo_common12test_harness15FormatRoundtrip5parse0B9_
FNDA:0,_RNCNvXs0_NtCsuS9CVIKDxb_6wo_txt9roundtripNtB7_12TxtRoundtripNtNtCsiDKnaJ7pGfC_9wo_common12test_harness15FormatRoundtrip9serialize0B9_
FNDA:18,_RNvMNtCsuS9CVIKDxb_6wo_txt9roundtripNtB2_12TxtRoundtrip3new
FNDA:18,_RNvXs0_NtCsuS9CVIKDxb_6wo_txt9roundtripNtB5_12TxtRoundtripNtNtCsiDKnaJ7pGfC_9wo_common12test_harness15FormatRoundtrip5parse
FNDA:18,_RNvXs0_NtCsuS9CVIKDxb_6wo_txt9roundtripNtB5_12TxtRoundtripNtNtCsiDKnaJ7pGfC_9wo_common12test_harness15FormatRoundtrip9serialize
FNDA:0,_RNvXs_NtCsuS9CVIKDxb_6wo_txt9roundtripNtB4_12TxtRoundtripNtNtCsbwefsVELSfr_4core7default7Default7default
FNDA:0,_RNCNvXs0_NtCs5fJiNs3qkz5_6wo_txt9roundtripNtB7_12TxtRoundtripNtNtCsiDKnaJ7pGfC_9wo_common12test_harness15FormatRoundtrip5parse0B9_
FNDA:0,_RNCNvXs0_NtCs5fJiNs3qkz5_6wo_txt9roundtripNtB7_12TxtRoundtripNtNtCsiDKnaJ7pGfC_9wo_common12test_harness15FormatRoundtrip9serialize0B9_
FNDA:2,_RNvNtNtCs5fJiNs3qkz5_6wo_txt9roundtrip5testss_19test_roundtrip_crlf
FNDA:2,_RNvNtNtCs5fJiNs3qkz5_6wo_txt9roundtrip5testss_20test_roundtrip_ascii
FNDA:2,_RNvNtNtCs5fJiNs3qkz5_6wo_txt9roundtrip5testss_23test_roundtrip_utf8_bom
FNDA:6,_RNvMNtCs5fJiNs3qkz5_6wo_txt9roundtripNtB2_12TxtRoundtrip3new
FNDA:6,_RNvXs0_NtCs5fJiNs3qkz5_6wo_txt9roundtripNtB5_12TxtRoundtripNtNtCsiDKnaJ7pGfC_9wo_common12test_harness15FormatRoundtrip5parse
FNDA:6,_RNvXs0_NtCs5fJiNs3qkz5_6wo_txt9roundtripNtB5_12TxtRoundtripNtNtCsiDKnaJ7pGfC_9wo_common12test_harness15FormatRoundtrip9serialize
FNDA:0,_RNvXs_NtCs5fJiNs3qkz5_6wo_txt9roundtripNtB4_12TxtRoundtripNtNtCsbwefsVELSfr_4core7default7Default7default
FNF:9
FNH:6
DA:23,24
DA:24,24
DA:25,24
DA:26,24
DA:27,24
DA:31,0
DA:32,0
DA:33,0
DA:37,24
DA:38,24
DA:39,24
DA:40,24
DA:41,24
DA:42,24
DA:44,24
DA:45,24
DA:46,24
DA:48,24
DA:49,24
DA:50,24
DA:58,2
DA:59,2
DA:60,2
DA:61,2
DA:62,2
DA:63,2
DA:64,2
DA:67,2
DA:68,2
DA:69,2
DA:70,2
DA:71,2
DA:73,2
DA:75,2
DA:76,2
DA:79,2
DA:80,2
DA:81,2
DA:82,2
DA:83,2
DA:85,2
DA:86,2
DA:87,2
BRF:0
BRH:0
LF:45
LH:40
end_of_record
SF:/home/weiss/git/World-Office/server/core/crates/wo-txt/src/serializer.rs
FN:112,_RNvMs1_NtCsdSaSFa03ms5_6wo_txt10serializerNtB5_13TxtSerializer12with_options
FN:129,_RNvMs1_NtCsdSaSFa03ms5_6wo_txt10serializerNtB5_13TxtSerializer14serialize_utf8
FN:182,_RNvMs1_NtCsdSaSFa03ms5_6wo_txt10serializerNtB5_13TxtSerializer17serialize_utf16be
FN:150,_RNvMs1_NtCsdSaSFa03ms5_6wo_txt10serializerNtB5_13TxtSerializer17serialize_utf16le
FN:105,_RNvMs1_NtCsdSaSFa03ms5_6wo_txt10serializerNtB5_13TxtSerializer3new
FN:117,_RNvMs1_NtCsdSaSFa03ms5_6wo_txt10serializerNtB5_13TxtSerializer9serialize
FN:49,_RNvMs_NtCsdSaSFa03ms5_6wo_txt10serializerNtB4_16SerializeOptions11utf8_no_bom
FN:83,_RNvMs_NtCsdSaSFa03ms5_6wo_txt10serializerNtB4_16SerializeOptions17line_ending_bytes
FN:75,_RNvMs_NtCsdSaSFa03ms5_6wo_txt10serializerNtB4_16SerializeOptions4unix
FN:44,_RNvMs_NtCsdSaSFa03ms5_6wo_txt10serializerNtB4_16SerializeOptions4utf8
FN:66,_RNvMs_NtCsdSaSFa03ms5_6wo_txt10serializerNtB4_16SerializeOptions7utf16be
FN:57,_RNvMs_NtCsdSaSFa03ms5_6wo_txt10serializerNtB4_16SerializeOptions7utf16le
FN:33,_RNvXNtCsdSaSFa03ms5_6wo_txt10serializerNtB2_16SerializeOptionsNtNtCsbwefsVELSfr_4core7default7Default7default
FN:98,_RNvXs0_NtCsdSaSFa03ms5_6wo_txt10serializerNtB5_13TxtSerializerNtNtCsbwefsVELSfr_4core7default7Default7default
FN:112,_RNvMs1_NtCsuS9CVIKDxb_6wo_txt10serializerNtB5_13TxtSerializer12with_options
FN:129,_RNvMs1_NtCsuS9CVIKDxb_6wo_txt10serializerNtB5_13TxtSerializer14serialize_utf8
FN:182,_RNvMs1_NtCsuS9CVIKDxb_6wo_txt10serializerNtB5_13TxtSerializer17serialize_utf16be
FN:150,_RNvMs1_NtCsuS9CVIKDxb_6wo_txt10serializerNtB5_13TxtSerializer17serialize_utf16le
FN:105,_RNvMs1_NtCsuS9CVIKDxb_6wo_txt10serializerNtB5_13TxtSerializer3new
FN:117,_RNvMs1_NtCsuS9CVIKDxb_6wo_txt10serializerNtB5_13TxtSerializer9serialize
FN:49,_RNvMs_NtCsuS9CVIKDxb_6wo_txt10serializerNtB4_16SerializeOptions11utf8_no_bom
FN:83,_RNvMs_NtCsuS9CVIKDxb_6wo_txt10serializerNtB4_16SerializeOptions17line_ending_bytes
FN:75,_RNvMs_NtCsuS9CVIKDxb_6wo_txt10serializerNtB4_16SerializeOptions4unix
FN:44,_RNvMs_NtCsuS9CVIKDxb_6wo_txt10serializerNtB4_16SerializeOptions4utf8
FN:66,_RNvMs_NtCsuS9CVIKDxb_6wo_txt10serializerNtB4_16SerializeOptions7utf16be
FN:57,_RNvMs_NtCsuS9CVIKDxb_6wo_txt10serializerNtB4_16SerializeOptions7utf16le
FN:33,_RNvXNtCsuS9CVIKDxb_6wo_txt10serializerNtB2_16SerializeOptionsNtNtCsbwefsVELSfr_4core7default7Default7default
FN:98,_RNvXs0_NtCsuS9CVIKDxb_6wo_txt10serializerNtB5_13TxtSerializerNtNtCsbwefsVELSfr_4core7default7Default7default
FN:279,_RNCNvNtNtCs5fJiNs3qkz5_6wo_txt10serializer5testss_19test_serialize_crlf0B7_
FN:530,_RNCNvNtNtCs5fJiNs3qkz5_6wo_txt10serializer5testss_22test_utf16le_lf_ending0B7_
FN:513,_RNCNvNtNtCs5fJiNs3qkz5_6wo_txt10serializer5testss_24test_utf16le_crlf_ending0B7_
FN:416,_RNCNvNtNtCs5fJiNs3qkz5_6wo_txt10serializer5testss_32test_serialize_utf16be_cr_ending0B7_
FN:434,_RNCNvNtNtCs5fJiNs3qkz5_6wo_txt10serializer5testss_32test_serialize_utf16be_lf_ending0B7_
FN:396,_RNCNvNtNtCs5fJiNs3qkz5_6wo_txt10serializer5testss_32test_serialize_utf16le_cr_ending0B7_
FN:397,_RNCNvNtNtCs5fJiNs3qkz5_6wo_txt10serializer5testss_32test_serialize_utf16le_cr_endings_0B7_
FN:452,_RNCNvNtNtCs5fJiNs3qkz5_6wo_txt10serializer5testss_34test_serialize_utf16be_crlf_ending0B7_
FN:283,_RNvNtNtCs5fJiNs3qkz5_6wo_txt10serializer5testss_17test_serialize_lf
FN:221,_RNvNtNtCs5fJiNs3qkz5_6wo_txt10serializer5testss_19test_roundtrip_utf8
FN:267,_RNvNtNtCs5fJiNs3qkz5_6wo_txt10serializer5testss_19test_serialize_crlf
FN:299,_RNvNtNtCs5fJiNs3qkz5_6wo_txt10serializer5testss_20test_serialize_empty
FN:249,_RNvNtNtCs5fJiNs3qkz5_6wo_txt10serializer5testss_22test_roundtrip_utf16le
FN:328,_RNvNtNtCs5fJiNs3qkz5_6wo_txt10serializer5testss_22test_serialize_utf16be
FN:517,_RNvNtNtCs5fJiNs3qkz5_6wo_txt10serializer5testss_22test_utf16le_lf_ending
FN:233,_RNvNtNtCs5fJiNs3qkz5_6wo_txt10serializer5testss_23test_roundtrip_utf8_bom
FN:486,_RNvNtNtCs5fJiNs3qkz5_6wo_txt10serializer5testss_23test_serializer_default
FN:364,_RNvNtNtCs5fJiNs3qkz5_6wo_txt10serializer5testss_24test_serialize_cr_ending
FN:500,_RNvNtNtCs5fJiNs3qkz5_6wo_txt10serializer5testss_24test_utf16le_crlf_ending
FN:456,_RNvNtNtCs5fJiNs3qkz5_6wo_txt10serializer5testss_26test_serialize_utf8_no_bom
FN:346,_RNvNtNtCs5fJiNs3qkz5_6wo_txt10serializer5testss_29test_serialize_utf16le_no_bom
FN:469,_RNvNtNtCs5fJiNs3qkz5_6wo_txt10serializer5testss_32test_serialize_fallback_encoding
FN:401,_RNvNtNtCs5fJiNs3qkz5_6wo_txt10serializer5testss_32test_serialize_utf16be_cr_ending
FN:420,_RNvNtNtCs5fJiNs3qkz5_6wo_txt10serializer5testss_32test_serialize_utf16be_lf_ending
FN:381,_RNvNtNtCs5fJiNs3qkz5_6wo_txt10serializer5testss_32test_serialize_utf16le_cr_ending
FN:438,_RNvNtNtCs5fJiNs3qkz5_6wo_txt10serializer5testss_34test_serialize_utf16be_crlf_ending
FN:313,_RNvNtNtCs5fJiNs3qkz5_6wo_txt10serializer5testss_46test_serialize_single_line_no_trailing_newline
FN:112,_RNvMs1_NtCs5fJiNs3qkz5_6wo_txt10serializerNtB5_13TxtSerializer12with_options
FN:129,_RNvMs1_NtCs5fJiNs3qkz5_6wo_txt10serializerNtB5_13TxtSerializer14serialize_utf8
FN:182,_RNvMs1_NtCs5fJiNs3qkz5_6wo_txt10serializerNtB5_13TxtSerializer17serialize_utf16be
FN:150,_RNvMs1_NtCs5fJiNs3qkz5_6wo_txt10serializerNtB5_13TxtSerializer17serialize_utf16le
FN:105,_RNvMs1_NtCs5fJiNs3qkz5_6wo_txt10serializerNtB5_13TxtSerializer3new
FN:117,_RNvMs1_NtCs5fJiNs3qkz5_6wo_txt10serializerNtB5_13TxtSerializer9serialize
FN:49,_RNvMs_NtCs5fJiNs3qkz5_6wo_txt10serializerNtB4_16SerializeOptions11utf8_no_bom
FN:83,_RNvMs_NtCs5fJiNs3qkz5_6wo_txt10serializerNtB4_16SerializeOptions17line_ending_bytes
FN:75,_RNvMs_NtCs5fJiNs3qkz5_6wo_txt10serializerNtB4_16SerializeOptions4unix
FN:44,_RNvMs_NtCs5fJiNs3qkz5_6wo_txt10serializerNtB4_16SerializeOptions4utf8
FN:66,_RNvMs_NtCs5fJiNs3qkz5_6wo_txt10serializerNtB4_16SerializeOptions7utf16be
FN:57,_RNvMs_NtCs5fJiNs3qkz5_6wo_txt10serializerNtB4_16SerializeOptions7utf16le
FN:33,_RNvXNtCs5fJiNs3qkz5_6wo_txt10serializerNtB2_16SerializeOptionsNtNtCsbwefsVELSfr_4core7default7Default7default
FN:98,_RNvXs0_NtCs5fJiNs3qkz5_6wo_txt10serializerNtB5_13TxtSerializerNtNtCsbwefsVELSfr_4core7default7Default7default
FNDA:0,_RNvMs1_NtCsdSaSFa03ms5_6wo_txt10serializerNtB5_13TxtSerializer12with_options
FNDA:0,_RNvMs1_NtCsdSaSFa03ms5_6wo_txt10serializerNtB5_13TxtSerializer14serialize_utf8
FNDA:0,_RNvMs1_NtCsdSaSFa03ms5_6wo_txt10serializerNtB5_13TxtSerializer17serialize_utf16be
FNDA:0,_RNvMs1_NtCsdSaSFa03ms5_6wo_txt10serializerNtB5_13TxtSerializer17serialize_utf16le
FNDA:0,_RNvMs1_NtCsdSaSFa03ms5_6wo_txt10serializerNtB5_13TxtSerializer3new
FNDA:0,_RNvMs1_NtCsdSaSFa03ms5_6wo_txt10serializerNtB5_13TxtSerializer9serialize
FNDA:0,_RNvMs_NtCsdSaSFa03ms5_6wo_txt10serializerNtB4_16SerializeOptions11utf8_no_bom
FNDA:0,_RNvMs_NtCsdSaSFa03ms5_6wo_txt10serializerNtB4_16SerializeOptions17line_ending_bytes
FNDA:0,_RNvMs_NtCsdSaSFa03ms5_6wo_txt10serializerNtB4_16SerializeOptions4unix
FNDA:0,_RNvMs_NtCsdSaSFa03ms5_6wo_txt10serializerNtB4_16SerializeOptions4utf8
FNDA:0,_RNvMs_NtCsdSaSFa03ms5_6wo_txt10serializerNtB4_16SerializeOptions7utf16be
FNDA:0,_RNvMs_NtCsdSaSFa03ms5_6wo_txt10serializerNtB4_16SerializeOptions7utf16le
FNDA:0,_RNvXNtCsdSaSFa03ms5_6wo_txt10serializerNtB2_16SerializeOptionsNtNtCsbwefsVELSfr_4core7default7Default7default
FNDA:0,_RNvXs0_NtCsdSaSFa03ms5_6wo_txt10serializerNtB5_13TxtSerializerNtNtCsbwefsVELSfr_4core7default7Default7default
FNDA:1560,_RNvMs1_NtCsuS9CVIKDxb_6wo_txt10serializerNtB5_13TxtSerializer12with_options
FNDA:1560,_RNvMs1_NtCsuS9CVIKDxb_6wo_txt10serializerNtB5_13TxtSerializer14serialize_utf8
FNDA:0,_RNvMs1_NtCsuS9CVIKDxb_6wo_txt10serializerNtB5_13TxtSerializer17serialize_utf16be
FNDA:0,_RNvMs1_NtCsuS9CVIKDxb_6wo_txt10serializerNtB5_13TxtSerializer17serialize_utf16le
FNDA:0,_RNvMs1_NtCsuS9CVIKDxb_6wo_txt10serializerNtB5_13TxtSerializer3new
FNDA:1560,_RNvMs1_NtCsuS9CVIKDxb_6wo_txt10serializerNtB5_13TxtSerializer9serialize
FNDA:0,_RNvMs_NtCsuS9CVIKDxb_6wo_txt10serializerNtB4_16SerializeOptions11utf8_no_bom
FNDA:1560,_RNvMs_NtCsuS9CVIKDxb_6wo_txt10serializerNtB4_16SerializeOptions17line_ending_bytes
FNDA:1560,_RNvMs_NtCsuS9CVIKDxb_6wo_txt10serializerNtB4_16SerializeOptions4unix
FNDA:0,_RNvMs_NtCsuS9CVIKDxb_6wo_txt10serializerNtB4_16SerializeOptions4utf8
FNDA:0,_RNvMs_NtCsuS9CVIKDxb_6wo_txt10serializerNtB4_16SerializeOptions7utf16be
FNDA:0,_RNvMs_NtCsuS9CVIKDxb_6wo_txt10serializerNtB4_16SerializeOptions7utf16le
FNDA:1560,_RNvXNtCsuS9CVIKDxb_6wo_txt10serializerNtB2_16SerializeOptionsNtNtCsbwefsVELSfr_4core7default7Default7default
FNDA:0,_RNvXs0_NtCsuS9CVIKDxb_6wo_txt10serializerNtB5_13TxtSerializerNtNtCsbwefsVELSfr_4core7default7Default7default
FNDA:4,_RNCNvNtNtCs5fJiNs3qkz5_6wo_txt10serializer5testss_19test_serialize_crlf0B7_
FNDA:6,_RNCNvNtNtCs5fJiNs3qkz5_6wo_txt10serializer5testss_22test_utf16le_lf_ending0B7_
FNDA:6,_RNCNvNtNtCs5fJiNs3qkz5_6wo_txt10serializer5testss_24test_utf16le_crlf_ending0B7_
FNDA:6,_RNCNvNtNtCs5fJiNs3qkz5_6wo_txt10serializer5testss_32test_serialize_utf16be_cr_ending0B7_
FNDA:6,_RNCNvNtNtCs5fJiNs3qkz5_6wo_txt10serializer5testss_32test_serialize_utf16be_lf_ending0B7_
FNDA:6,_RNCNvNtNtCs5fJiNs3qkz5_6wo_txt10serializer5testss_32test_serialize_utf16le_cr_ending0B7_
FNDA:10,_RNCNvNtNtCs5fJiNs3qkz5_6wo_txt10serializer5testss_32test_serialize_utf16le_cr_endings_0B7_
FNDA:6,_RNCNvNtNtCs5fJiNs3qkz5_6wo_txt10serializer5testss_34test_serialize_utf16be_crlf_ending0B7_
FNDA:2,_RNvNtNtCs5fJiNs3qkz5_6wo_txt10serializer5testss_17test_serialize_lf
FNDA:2,_RNvNtNtCs5fJiNs3qkz5_6wo_txt10serializer5testss_19test_roundtrip_utf8
FNDA:2,_RNvNtNtCs5fJiNs3qkz5_6wo_txt10serializer5testss_19test_serialize_crlf
FNDA:2,_RNvNtNtCs5fJiNs3qkz5_6wo_txt10serializer5testss_20test_serialize_empty
FNDA:2,_RNvNtNtCs5fJiNs3qkz5_6wo_txt10serializer5testss_22test_roundtrip_utf16le
FNDA:2,_RNvNtNtCs5fJiNs3qkz5_6wo_txt10serializer5testss_22test_serialize_utf16be
FNDA:2,_RNvNtNtCs5fJiNs3qkz5_6wo_txt10serializer5testss_22test_utf16le_lf_ending
FNDA:2,_RNvNtNtCs5fJiNs3qkz5_6wo_txt10serializer5testss_23test_roundtrip_utf8_bom
FNDA:2,_RNvNtNtCs5fJiNs3qkz5_6wo_txt10serializer5testss_23test_serializer_default
FNDA:2,_RNvNtNtCs5fJiNs3qkz5_6wo_txt10serializer5testss_24test_serialize_cr_ending
FNDA:2,_RNvNtNtCs5fJiNs3qkz5_6wo_txt10serializer5testss_24test_utf16le_crlf_ending
FNDA:2,_RNvNtNtCs5fJiNs3qkz5_6wo_txt10serializer5testss_26test_serialize_utf8_no_bom
FNDA:2,_RNvNtNtCs5fJiNs3qkz5_6wo_txt10serializer5testss_29test_serialize_utf16le_no_bom
FNDA:2,_RNvNtNtCs5fJiNs3qkz5_6wo_txt10serializer5testss_32test_serialize_fallback_encoding
FNDA:2,_RNvNtNtCs5fJiNs3qkz5_6wo_txt10serializer5testss_32test_serialize_utf16be_cr_ending
FNDA:2,_RNvNtNtCs5fJiNs3qkz5_6wo_txt10serializer5testss_32test_serialize_utf16be_lf_ending
FNDA:2,_RNvNtNtCs5fJiNs3qkz5_6wo_txt10serializer5testss_32test_serialize_utf16le_cr_ending
FNDA:2,_RNvNtNtCs5fJiNs3qkz5_6wo_txt10serializer5testss_34test_serialize_utf16be_crlf_ending
FNDA:2,_RNvNtNtCs5fJiNs3qkz5_6wo_txt10serializer5testss_46test_serialize_single_line_no_trailing_newline
FNDA:40,_RNvMs1_NtCs5fJiNs3qkz5_6wo_txt10serializerNtB5_13TxtSerializer12with_options
FNDA:28,_RNvMs1_NtCs5fJiNs3qkz5_6wo_txt10serializerNtB5_13TxtSerializer14serialize_utf8
FNDA:8,_RNvMs1_NtCs5fJiNs3qkz5_6wo_txt10serializerNtB5_13TxtSerializer17serialize_utf16be
FNDA:10,_RNvMs1_NtCs5fJiNs3qkz5_6wo_txt10serializerNtB5_13TxtSerializer17serialize_utf16le
FNDA:6,_RNvMs1_NtCs5fJiNs3qkz5_6wo_txt10serializerNtB5_13TxtSerializer3new
FNDA:46,_RNvMs1_NtCs5fJiNs3qkz5_6wo_txt10serializerNtB5_13TxtSerializer9serialize
FNDA:2,_RNvMs_NtCs5fJiNs3qkz5_6wo_txt10serializerNtB4_16SerializeOptions11utf8_no_bom
FNDA:28,_RNvMs_NtCs5fJiNs3qkz5_6wo_txt10serializerNtB4_16SerializeOptions17line_ending_bytes
FNDA:8,_RNvMs_NtCs5fJiNs3qkz5_6wo_txt10serializerNtB4_16SerializeOptions4unix
FNDA:2,_RNvMs_NtCs5fJiNs3qkz5_6wo_txt10serializerNtB4_16SerializeOptions4utf8
FNDA:2,_RNvMs_NtCs5fJiNs3qkz5_6wo_txt10serializerNtB4_16SerializeOptions7utf16be
FNDA:2,_RNvMs_NtCs5fJiNs3qkz5_6wo_txt10serializerNtB4_16SerializeOptions7utf16le
FNDA:46,_RNvXNtCs5fJiNs3qkz5_6wo_txt10serializerNtB2_16SerializeOptionsNtNtCsbwefsVELSfr_4core7default7Default7default
FNDA:2,_RNvXs0_NtCs5fJiNs3qkz5_6wo_txt10serializerNtB5_13TxtSerializerNtNtCsbwefsVELSfr_4core7default7Default7default
FNF:41
FNH:41
DA:33,1606
DA:34,1606
DA:35,1606
DA:36,1606
DA:37,1606
DA:38,1606
DA:39,1606
DA:44,2
DA:45,2
DA:46,2
DA:49,2
DA:50,2
DA:51,2
DA:52,2
DA:53,2
DA:54,2
DA:57,2
DA:58,2
DA:59,2
DA:60,2
DA:61,2
DA:62,2
DA:63,2
DA:66,2
DA:67,2
DA:68,2
DA:69,2
DA:70,2
DA:71,2
DA:72,2
DA:75,1568
DA:76,1568
DA:77,1568
DA:78,1568
DA:79,1568
DA:80,1568
DA:81,1568
DA:83,1588
DA:84,1588
DA:85,1570
DA:86,16
DA:87,2
DA:89,1588
DA:98,2
DA:99,2
DA:100,2
DA:105,6
DA:106,6
DA:107,6
DA:108,6
DA:109,6
DA:112,1600
DA:113,1600
DA:114,1600
DA:117,1606
DA:118,1606
DA:119,1586
DA:120,10
DA:121,8
DA:124,2
DA:127,1606
DA:129,1588
DA:130,1588
DA:133,1588
DA:134,8
DA:135,1580
DA:137,1588
DA:139,4796
DA:140,4796
DA:142,4796
DA:143,3391
DA:144,3391
DA:147,1588
DA:148,1588
DA:150,10
DA:151,10
DA:154,10
DA:155,2
DA:156,8
DA:158,10
DA:159,2
DA:160,6
DA:161,2
DA:164,18
DA:165,42
DA:166,42
DA:167,42
DA:168,42
DA:169,42
DA:170,42
DA:172,18
DA:173,12
DA:174,12
DA:175,12
DA:176,10
DA:179,10
DA:180,10
DA:182,8
DA:183,8
DA:186,8
DA:187,2
DA:188,6
DA:190,8
DA:191,2
DA:192,4
DA:193,2
DA:196,16
DA:197,32
DA:198,32
DA:199,32
DA:200,32
DA:201,32
DA:202,32
DA:204,16
DA:205,12
DA:206,12
DA:207,12
DA:208,8
DA:211,8
DA:212,8
DA:221,2
DA:222,2
DA:223,2
DA:225,2
DA:226,2
DA:227,2
DA:229,2
DA:230,2
DA:233,2
DA:234,2
DA:235,2
DA:237,2
DA:238,2
DA:239,2
DA:242,2
DA:244,2
DA:245,2
DA:246,2
DA:249,2
DA:250,2
DA:251,2
DA:253,2
DA:254,2
DA:255,2
DA:258,2
DA:261,2
DA:262,2
DA:263,2
DA:264,2
DA:267,2
DA:268,2
DA:269,2
DA:270,2
DA:271,2
DA:272,2
DA:273,2
DA:275,2
DA:276,2
DA:279,4
DA:280,2
DA:283,2
DA:284,2
DA:285,2
DA:286,2
DA:287,2
DA:288,2
DA:289,2
DA:291,2
DA:292,2
DA:295,2
DA:296,2
DA:299,2
DA:300,2
DA:301,2
DA:302,2
DA:303,2
DA:304,2
DA:305,2
DA:306,2
DA:309,2
DA:310,2
DA:313,2
DA:314,2
DA:315,2
DA:316,2
DA:317,2
DA:318,2
DA:319,2
DA:320,2
DA:321,2
DA:322,2
DA:323,2
DA:324,2
DA:325,2
DA:328,2
DA:329,2
DA:330,2
DA:332,2
DA:333,2
DA:334,2
DA:337,2
DA:340,2
DA:341,2
DA:342,2
DA:343,2
DA:346,2
DA:347,2
DA:348,2
DA:349,2
DA:350,2
DA:351,2
DA:352,2
DA:354,2
DA:355,2
DA:358,2
DA:360,2
DA:361,2
DA:364,2
DA:365,2
DA:366,2
DA:367,2
DA:368,2
DA:369,2
DA:371,2
DA:372,2
DA:373,2
DA:374,2
DA:375,2
DA:376,2
DA:377,2
DA:378,2
DA:381,2
DA:382,2
DA:383,2
DA:384,2
DA:385,2
DA:386,2
DA:387,2
DA:389,2
DA:390,2
DA:391,2
DA:392,2
DA:393,2
DA:394,2
DA:396,6
DA:397,10
DA:398,2
DA:401,2
DA:402,2
DA:403,2
DA:404,2
DA:405,2
DA:406,2
DA:407,2
DA:409,2
DA:410,2
DA:411,2
DA:412,2
DA:413,2
DA:414,2
DA:416,6
DA:417,2
DA:420,2
DA:421,2
DA:422,2
DA:423,2
DA:424,2
DA:425,2
DA:426,2
DA:428,2
DA:429,2
DA:430,2
DA:431,2
DA:432,2
DA:433,2
DA:434,6
DA:435,2
DA:438,2
DA:439,2
DA:440,2
DA:441,2
DA:442,2
DA:443,2
DA:444,2
DA:446,2
DA:447,2
DA:448,2
DA:449,2
DA:450,2
DA:451,2
DA:452,6
DA:453,2
DA:456,2
DA:457,2
DA:458,2
DA:459,2
DA:460,2
DA:461,2
DA:462,2
DA:463,2
DA:464,2
DA:465,2
DA:466,2
DA:469,2
DA:471,2
DA:472,2
DA:473,2
DA:474,2
DA:475,2
DA:476,2
DA:477,2
DA:478,2
DA:479,2
DA:480,2
DA:481,2
DA:482,2
DA:483,2
DA:486,2
DA:487,2
DA:488,2
DA:489,2
DA:490,2
DA:491,2
DA:492,2
DA:493,2
DA:494,2
DA:495,2
DA:496,2
DA:497,2
DA:500,2
DA:501,2
DA:502,2
DA:503,2
DA:504,2
DA:505,2
DA:506,2
DA:507,2
DA:508,2
DA:509,2
DA:510,2
DA:511,2
DA:512,2
DA:513,6
DA:514,2
DA:517,2
DA:518,2
DA:519,2
DA:520,2
DA:521,2
DA:522,2
DA:523,2
DA:524,2
DA:525,2
DA:526,2
DA:527,2
DA:528,2
DA:529,2
DA:530,6
DA:531,2
BRF:0
BRH:0
LF:367
LH:367
end_of_record